############################################## User Management System log ##############################################
2020/09/29 11:29:28.695 [INFO] [Microsoft.Hosting.Lifetime]   | Now listening on: https://localhost:44346
2020/09/29 11:29:29.022 [INFO] [Microsoft.Hosting.Lifetime]   | Application started. Press Ctrl+C to shut down.
2020/09/29 11:29:29.022 [INFO] [Microsoft.Hosting.Lifetime]   | Hosting environment: Development
2020/09/29 11:29:29.038 [INFO] [Microsoft.Hosting.Lifetime]   | Content root path: C:\Users\Namchok\Desktop\สหกิจ\ums\UMS
2020/09/29 11:29:29.671 [DEBUG] [UMS.Models.EditAccountContext]  EditAccountContext.cs:24 | Start Edit Account Context.
2020/09/29 11:29:29.676 [DEBUG] [UMS.Models.AccountContext]  AccountContext.cs:24 | Start Account Context.
2020/09/29 11:29:29.676 [DEBUG] [UMS.Areas.Identity.Pages.Account.LoginModel]  Login.cshtml.cs:51 | Start Login model.
2020/09/29 11:29:29.709 [DEBUG] [UMS.Areas.Identity.Pages.Account.LoginModel]  Login.cshtml.cs:117 | Getting external authentication scheme.
2020/09/29 11:34:16.239 [DEBUG] [UMS.Areas.Identity.Pages.Account.ForgotPasswordModel]  ForgotPassword.cshtml.cs:44 | Start Forgot Password model.
2020/09/29 11:34:18.862 [DEBUG] [UMS.Models.AccountContext]  CheckUserExist:AccountContext.cs:24 | Start Account Context.
2020/09/29 11:34:18.862 [DEBUG] [UMS.Models.EditAccountContext]  CheckUserExist:EditAccountContext.cs:24 | Start Edit Account Context.
2020/09/29 11:34:19.502 [DEBUG] [UMS.Controllers.ManageUserController]  CheckUserExist:ManageUserController.cs:266 | Check user is exist.
2020/09/29 11:34:19.518 [DEBUG] [UMS.Controllers.ManageUserController]  CheckUserExist:ManageUserController.cs:273 | Save changes: Check user is exist.
2020/09/29 11:34:21.386 [DEBUG] [UMS.Models.AccountContext]  CheckUserExist:AccountContext.cs:24 | Start Account Context.
2020/09/29 11:34:21.386 [DEBUG] [UMS.Models.EditAccountContext]  CheckUserExist:EditAccountContext.cs:24 | Start Edit Account Context.
2020/09/29 11:34:21.411 [DEBUG] [UMS.Controllers.ManageUserController]  CheckUserExist:ManageUserController.cs:266 | Check user is exist.
2020/09/29 11:34:21.411 [DEBUG] [UMS.Controllers.ManageUserController]  CheckUserExist:ManageUserController.cs:273 | Save changes: Check user is exist.
2020/09/29 11:34:21.456 [DEBUG] [UMS.Areas.Identity.Pages.Account.ForgotPasswordModel]  ForgotPassword.cshtml.cs:44 | Start Forgot Password model.
2020/09/29 11:34:21.964 [DEBUG] [UMS.Areas.Identity.Pages.Account.ForgotPasswordModel]  ForgotPassword.cshtml.cs:75 | Finding user.
2020/09/29 11:34:22.024 [DEBUG] [UMS.Areas.Identity.Pages.Account.ForgotPasswordModel]  ForgotPassword.cshtml.cs:92 | Generating code.
2020/09/29 11:34:22.244 [DEBUG] [EmailService.EmailSender]  EmailSender.cs:84 | Creating message.
2020/09/29 11:34:26.356 [INFO] [EmailService.EmailSender]  EmailSender.cs:177 | Sending email.
2020/09/29 11:34:26.698 [DEBUG] [UMS.Areas.Identity.Pages.Account.ForgotPasswordConfirmation]  ForgotPasswordConfirmation.cshtml.cs:25 | Start Forgot Password Confirmation.
2020/09/29 11:34:39.977 [DEBUG] [UMS.Areas.Identity.Pages.Account.ForgotPasswordConfirmation]  ForgotPasswordConfirmation.cshtml.cs:25 | Start Forgot Password Confirmation.
2020/09/29 11:34:40.004 [DEBUG] [UMS.Models.EditAccountContext]  EditAccountContext.cs:24 | Start Edit Account Context.
2020/09/29 11:34:40.004 [DEBUG] [UMS.Models.AccountContext]  AccountContext.cs:24 | Start Account Context.
2020/09/29 11:34:40.021 [DEBUG] [UMS.Areas.Identity.Pages.Account.LoginModel]  Login.cshtml.cs:51 | Start Login model.
2020/09/29 11:34:40.036 [DEBUG] [UMS.Areas.Identity.Pages.Account.LoginModel]  Login.cshtml.cs:117 | Getting external authentication scheme.
2020/09/29 11:37:15.537 [DEBUG] [UMS.Areas.Identity.Pages.Account.ResetPasswordModel]  ResetPassword.cshtml.cs:30 | Start Reset password model.
2020/09/29 11:37:15.551 [DEBUG] [UMS.Areas.Identity.Pages.Account.ResetPasswordModel]  ResetPassword.cshtml.cs:81 | Encoding to input model.
2020/09/29 11:37:34.186 [DEBUG] [UMS.Areas.Identity.Pages.Account.ResetPasswordModel]  ResetPassword.cshtml.cs:30 | Start Reset password model.
2020/09/29 11:37:34.195 [DEBUG] [UMS.Areas.Identity.Pages.Account.ResetPasswordModel]  ResetPassword.cshtml.cs:81 | Encoding to input model.
2020/09/29 11:47:58.585 [DEBUG] [UMS.Models.AccountContext]  AccountContext.cs:24 | Start Account Context.
2020/09/29 11:47:58.585 [DEBUG] [UMS.Areas.Identity.Pages.Account.RegisterModel]  Register.cshtml.cs:62 | Start Register model.
2020/09/29 11:49:48.980 [DEBUG] [UMS.Models.EditAccountContext]  EditAccountContext.cs:24 | Start Edit Account Context.
2020/09/29 11:49:48.980 [DEBUG] [UMS.Models.AccountContext]  AccountContext.cs:24 | Start Account Context.
2020/09/29 11:49:48.990 [DEBUG] [UMS.Areas.Identity.Pages.Account.LoginModel]  Login.cshtml.cs:51 | Start Login model.
2020/09/29 11:49:49.004 [DEBUG] [UMS.Areas.Identity.Pages.Account.LoginModel]  Login.cshtml.cs:117 | Getting external authentication scheme.
2020/09/29 11:49:54.654 [DEBUG] [UMS.Models.EditAccountContext]  EditAccountContext.cs:24 | Start Edit Account Context.
2020/09/29 11:49:54.664 [DEBUG] [UMS.Models.AccountContext]  AccountContext.cs:24 | Start Account Context.
2020/09/29 11:49:54.664 [DEBUG] [UMS.Areas.Identity.Pages.Account.LoginModel]  Login.cshtml.cs:51 | Start Login model.
2020/09/29 11:49:54.875 [INFO] [UMS.Areas.Identity.Pages.Account.LoginModel]  Login.cshtml.cs:149 | User logged in.
2020/09/29 11:49:54.911 [INFO] [UMS.Controllers.HomeController] [usermanagement2020@gmail.com] Index:HomeController.cs:58 | Welcome usermanagement2020@gmail.com to UMS.
2020/09/29 11:50:38.487 [DEBUG] [UMS.Controllers.EditProfileController] [usermanagement2020@gmail.com] Index:EditProfileController.cs:67 | Get user by ID.
2020/09/29 11:55:18.546 [DEBUG] [UMS.Models.AccountContext] [usermanagement2020@gmail.com] Index:AccountContext.cs:24 | Start Account Context.
2020/09/29 11:55:18.553 [DEBUG] [UMS.Models.EditAccountContext] [usermanagement2020@gmail.com] Index:EditAccountContext.cs:24 | Start Edit Account Context.
2020/09/29 11:55:18.590 [DEBUG] [UMS.Controllers.ManageUserController] [usermanagement2020@gmail.com] Index:ManageUserController.cs:78 | Get all active user.
2020/09/29 12:00:23.505 [DEBUG] [UMS.Models.AccountContext] [usermanagement2020@gmail.com] getUser:AccountContext.cs:24 | Start Account Context.
2020/09/29 12:00:23.505 [DEBUG] [UMS.Models.EditAccountContext] [usermanagement2020@gmail.com] getUser:EditAccountContext.cs:24 | Start Edit Account Context.
2020/09/29 12:00:23.551 [DEBUG] [UMS.Controllers.ManageUserController] [usermanagement2020@gmail.com] getUser:ManageUserController.cs:113 | Get user by ID
2020/09/29 12:02:41.200 [DEBUG] [UMS.Controllers.LogsController] [usermanagement2020@gmail.com] Index:LogsController.cs:63 | Getting top 100 from all logs.
2020/09/29 12:05:17.863 [DEBUG] [UMS.Areas.Identity.Pages.Account.LogoutModel] [usermanagement2020@gmail.com] Logout.cshtml.cs:30 | Starting Logout model.
2020/09/29 12:05:17.880 [INFO] [UMS.Areas.Identity.Pages.Account.LogoutModel] [usermanagement2020@gmail.com] Logout.cshtml.cs:64 | User logged out.
2020/09/29 12:05:17.915 [DEBUG] [UMS.Areas.Identity.Pages.Account.LogoutModel]  Logout.cshtml.cs:30 | Starting Logout model.
2020/09/29 12:05:17.933 [INFO] [UMS.Areas.Identity.Pages.Account.LogoutModel]  Logout.cshtml.cs:42 | User logged out.
2020/09/29 12:05:19.270 [DEBUG] [UMS.Models.EditAccountContext]  EditAccountContext.cs:24 | Start Edit Account Context.
2020/09/29 12:05:19.270 [DEBUG] [UMS.Models.AccountContext]  AccountContext.cs:24 | Start Account Context.
2020/09/29 12:05:19.285 [DEBUG] [UMS.Areas.Identity.Pages.Account.LoginModel]  Login.cshtml.cs:51 | Start Login model.
2020/09/29 12:05:19.304 [DEBUG] [UMS.Areas.Identity.Pages.Account.LoginModel]  Login.cshtml.cs:117 | Getting external authentication scheme.
2020/09/29 17:45:25.778 [INFO] [Microsoft.Hosting.Lifetime]   | Now listening on: https://localhost:44346
2020/09/29 17:45:26.083 [INFO] [Microsoft.Hosting.Lifetime]   | Application started. Press Ctrl+C to shut down.
2020/09/29 17:45:26.083 [INFO] [Microsoft.Hosting.Lifetime]   | Hosting environment: Development
2020/09/29 17:45:26.083 [INFO] [Microsoft.Hosting.Lifetime]   | Content root path: C:\Users\Namchok\Desktop\สหกิจ\ums\UMS
2020/09/29 17:45:26.705 [DEBUG] [UMS.Models.EditAccountContext]  EditAccountContext.cs:24 | Start Edit Account Context.
2020/09/29 17:45:26.710 [DEBUG] [UMS.Models.AccountContext]  AccountContext.cs:24 | Start Account Context.
2020/09/29 17:45:26.710 [DEBUG] [UMS.Areas.Identity.Pages.Account.LoginModel]  Login.cshtml.cs:51 | Start Login model.
2020/09/29 17:45:26.739 [DEBUG] [UMS.Areas.Identity.Pages.Account.LoginModel]  Login.cshtml.cs:117 | Getting external authentication scheme.
2020/09/29 17:45:39.448 [DEBUG] [UMS.Models.EditAccountContext]  EditAccountContext.cs:24 | Start Edit Account Context.
2020/09/29 17:45:39.448 [DEBUG] [UMS.Models.AccountContext]  AccountContext.cs:24 | Start Account Context.
2020/09/29 17:45:39.459 [DEBUG] [UMS.Areas.Identity.Pages.Account.LoginModel]  Login.cshtml.cs:51 | Start Login model.
2020/09/29 17:45:39.459 [DEBUG] [UMS.Areas.Identity.Pages.Account.LoginModel]  Login.cshtml.cs:117 | Getting external authentication scheme.
2020/09/29 17:47:00.037 [DEBUG] [UMS.Models.EditAccountContext]  EditAccountContext.cs:24 | Start Edit Account Context.
2020/09/29 17:47:00.037 [DEBUG] [UMS.Models.AccountContext]  AccountContext.cs:24 | Start Account Context.
2020/09/29 17:47:00.037 [DEBUG] [UMS.Areas.Identity.Pages.Account.LoginModel]  Login.cshtml.cs:51 | Start Login model.
2020/09/29 17:47:01.307 [INFO] [UMS.Areas.Identity.Pages.Account.LoginModel]  Login.cshtml.cs:149 | User logged in.
2020/09/29 17:47:01.362 [INFO] [UMS.Controllers.HomeController] [usermanagement2020@gmail.com] Index:HomeController.cs:58 | Welcome usermanagement2020@gmail.com to UMS.
2020/09/29 17:47:03.758 [DEBUG] [UMS.Areas.Identity.Pages.Account.LogoutModel] [usermanagement2020@gmail.com] Logout.cshtml.cs:30 | Starting Logout model.
2020/09/29 17:47:03.773 [INFO] [UMS.Areas.Identity.Pages.Account.LogoutModel] [usermanagement2020@gmail.com] Logout.cshtml.cs:64 | User logged out.
2020/09/29 17:47:03.784 [DEBUG] [UMS.Areas.Identity.Pages.Account.LogoutModel]  Logout.cshtml.cs:30 | Starting Logout model.
2020/09/29 17:47:03.805 [INFO] [UMS.Areas.Identity.Pages.Account.LogoutModel]  Logout.cshtml.cs:42 | User logged out.
2020/09/29 17:47:15.586 [DEBUG] [UMS.Models.EditAccountContext]  EditAccountContext.cs:24 | Start Edit Account Context.
2020/09/29 17:47:15.586 [DEBUG] [UMS.Models.AccountContext]  AccountContext.cs:24 | Start Account Context.
2020/09/29 17:47:15.600 [DEBUG] [UMS.Areas.Identity.Pages.Account.LoginModel]  Login.cshtml.cs:51 | Start Login model.
2020/09/29 17:47:15.616 [DEBUG] [UMS.Areas.Identity.Pages.Account.LoginModel]  Login.cshtml.cs:117 | Getting external authentication scheme.
2020/09/29 17:47:31.990 [DEBUG] [UMS.Models.EditAccountContext]  EditAccountContext.cs:24 | Start Edit Account Context.
2020/09/29 17:47:31.990 [DEBUG] [UMS.Models.AccountContext]  AccountContext.cs:24 | Start Account Context.
2020/09/29 17:47:31.990 [DEBUG] [UMS.Areas.Identity.Pages.Account.LoginModel]  Login.cshtml.cs:51 | Start Login model.
2020/09/29 17:47:32.060 [INFO] [UMS.Areas.Identity.Pages.Account.LoginModel]  Login.cshtml.cs:149 | User logged in.
2020/09/29 17:47:32.083 [INFO] [UMS.Controllers.HomeController] [pech4751@gmail.com] Index:HomeController.cs:58 | Welcome pech4751@gmail.com to UMS.
2020/09/29 17:47:33.319 [DEBUG] [UMS.Areas.Identity.Pages.Account.LogoutModel] [pech4751@gmail.com] Logout.cshtml.cs:30 | Starting Logout model.
2020/09/29 17:47:33.319 [INFO] [UMS.Areas.Identity.Pages.Account.LogoutModel] [pech4751@gmail.com] Logout.cshtml.cs:64 | User logged out.
2020/09/29 17:47:33.348 [DEBUG] [UMS.Areas.Identity.Pages.Account.LogoutModel]  Logout.cshtml.cs:30 | Starting Logout model.
2020/09/29 17:47:33.348 [INFO] [UMS.Areas.Identity.Pages.Account.LogoutModel]  Logout.cshtml.cs:42 | User logged out.
2020/09/29 17:47:34.347 [DEBUG] [UMS.Models.EditAccountContext]  EditAccountContext.cs:24 | Start Edit Account Context.
2020/09/29 17:47:34.347 [DEBUG] [UMS.Models.AccountContext]  AccountContext.cs:24 | Start Account Context.
2020/09/29 17:47:34.347 [DEBUG] [UMS.Areas.Identity.Pages.Account.LoginModel]  Login.cshtml.cs:51 | Start Login model.
2020/09/29 17:47:34.363 [DEBUG] [UMS.Areas.Identity.Pages.Account.LoginModel]  Login.cshtml.cs:117 | Getting external authentication scheme.
