############################################## User Management System log ##############################################
2020/11/05 09:28:25.667 [INFO] [Microsoft.Hosting.Lifetime]   | Now listening on: https://localhost:44346
2020/11/05 09:28:26.014 [INFO] [Microsoft.Hosting.Lifetime]   | Application started. Press Ctrl+C to shut down.
2020/11/05 09:28:26.021 [INFO] [Microsoft.Hosting.Lifetime]   | Hosting environment: Development
2020/11/05 09:28:26.021 [INFO] [Microsoft.Hosting.Lifetime]   | Content root path: C:\Users\Namchok\Desktop\สหกิจ\ums\UMS
2020/11/05 09:28:27.786 [INFO] [UMS.Controllers.HomeController] [usermanagement2020@gmail.com] Index:HomeController.cs:29 | Start home controller.
2020/11/05 09:28:27.799 [INFO] [UMS.Controllers.HomeController] [usermanagement2020@gmail.com] Index:HomeController.cs:42 | Welcome, usermanagement2020@gmail.com.
2020/11/05 09:28:30.628 [INFO] [UMS.Controllers.ProjectController] [usermanagement2020@gmail.com] Index:ProjectController.cs:32 | Start project controller.
2020/11/05 09:29:19.749 [INFO] [UMS.Controllers.LogsController] [usermanagement2020@gmail.com] Index:LogsController.cs:31 | Start logs controller.
2020/11/05 09:29:19.760 [DEBUG] [UMS.Controllers.LogsController] [usermanagement2020@gmail.com] Index:LogsController.cs:46 | Getting top 100 from all logs.
2020/11/05 09:29:21.471 [INFO] [UMS.Controllers.ProjectController] [usermanagement2020@gmail.com] Index:ProjectController.cs:32 | Start project controller.
2020/11/05 09:29:22.740 [INFO] [UMS.Controllers.ExamplePage] [usermanagement2020@gmail.com] Member:ExamplePage.cs:27 | Start example page controller.
2020/11/05 09:29:24.378 [INFO] [UMS.Controllers.ProjectController] [usermanagement2020@gmail.com] Index:ProjectController.cs:32 | Start project controller.
2020/11/05 09:47:26.550 [INFO] [Microsoft.Hosting.Lifetime]   | Now listening on: https://localhost:44346
2020/11/05 09:47:26.813 [INFO] [Microsoft.Hosting.Lifetime]   | Application started. Press Ctrl+C to shut down.
2020/11/05 09:47:26.818 [INFO] [Microsoft.Hosting.Lifetime]   | Hosting environment: Development
2020/11/05 09:47:26.818 [INFO] [Microsoft.Hosting.Lifetime]   | Content root path: C:\Users\Namchok\Desktop\สหกิจ\ums\UMS
2020/11/05 09:47:27.282 [INFO] [UMS.Controllers.HomeController] [usermanagement2020@gmail.com] Index:HomeController.cs:29 | Start home controller.
2020/11/05 09:47:27.290 [INFO] [UMS.Controllers.HomeController] [usermanagement2020@gmail.com] Index:HomeController.cs:42 | Welcome, usermanagement2020@gmail.com.
2020/11/05 09:57:12.576 [INFO] [UMS.Controllers.ManageUserController] [usermanagement2020@gmail.com] EditProfile:ManageUserController.cs:42 | Start manage user controller.
2020/11/05 09:57:12.583 [DEBUG] [UMS.Controllers.ManageUserController] [usermanagement2020@gmail.com] EditProfile:ManageUserController.cs:275 | Getting a user by ID.
2020/11/05 09:59:21.313 [INFO] [UMS.Controllers.ManageUserController] [usermanagement2020@gmail.com] EditProfile:ManageUserController.cs:42 | Start manage user controller.
2020/11/05 09:59:21.320 [DEBUG] [UMS.Controllers.ManageUserController] [usermanagement2020@gmail.com] EditProfile:ManageUserController.cs:275 | Getting a user by ID.
2020/11/05 10:00:24.754 [INFO] [UMS.Controllers.ManageUserController] [usermanagement2020@gmail.com] EditProfile:ManageUserController.cs:42 | Start manage user controller.
2020/11/05 10:00:24.770 [DEBUG] [UMS.Controllers.ManageUserController] [usermanagement2020@gmail.com] EditProfile:ManageUserController.cs:275 | Getting a user by ID.
2020/11/05 10:02:06.598 [INFO] [UMS.Controllers.ManageUserController] [usermanagement2020@gmail.com] EditProfile:ManageUserController.cs:42 | Start manage user controller.
2020/11/05 10:02:06.611 [DEBUG] [UMS.Controllers.ManageUserController] [usermanagement2020@gmail.com] EditProfile:ManageUserController.cs:275 | Getting a user by ID.
2020/11/05 10:03:24.473 [INFO] [UMS.Controllers.ManageUserController] [usermanagement2020@gmail.com] EditProfile:ManageUserController.cs:42 | Start manage user controller.
2020/11/05 10:03:24.487 [DEBUG] [UMS.Controllers.ManageUserController] [usermanagement2020@gmail.com] EditProfile:ManageUserController.cs:275 | Getting a user by ID.
2020/11/05 10:03:50.128 [INFO] [UMS.Controllers.ManageUserController] [usermanagement2020@gmail.com] EditProfile:ManageUserController.cs:42 | Start manage user controller.
2020/11/05 10:03:50.128 [DEBUG] [UMS.Controllers.ManageUserController] [usermanagement2020@gmail.com] EditProfile:ManageUserController.cs:275 | Getting a user by ID.
2020/11/05 12:06:13.291 [INFO] [Microsoft.Hosting.Lifetime]   | Now listening on: https://localhost:44346
2020/11/05 12:06:13.492 [INFO] [Microsoft.Hosting.Lifetime]   | Application started. Press Ctrl+C to shut down.
2020/11/05 12:06:13.492 [INFO] [Microsoft.Hosting.Lifetime]   | Hosting environment: Development
2020/11/05 12:06:13.492 [INFO] [Microsoft.Hosting.Lifetime]   | Content root path: C:\Users\Namchok\Desktop\สหกิจ\ums\UMS
2020/11/05 12:06:14.238 [ERROR] [Microsoft.AspNetCore.Diagnostics.DeveloperExceptionPageMiddleware]  Index: | An unhandled exception has occurred while executing the request.System.Reflection.TargetInvocationException: Exception has been thrown by the target of an invocation.
 ---> System.TypeLoadException: Could not load type 'Microsoft.AspNetCore.Authentication.Internal.RequestPathBaseCookieBuilder' from assembly 'Microsoft.AspNetCore.Authentication, Version=3.1.9.0, Culture=neutral, PublicKeyToken=adb9793829ddae60'.
   at Microsoft.AspNetCore.Authentication.OpenIdConnect.OpenIdConnectOptions..ctor()
   --- End of inner exception stack trace ---
   at System.RuntimeTypeHandle.CreateInstance(RuntimeType type, Boolean publicOnly, Boolean wrapExceptions, Boolean& canBeCached, RuntimeMethodHandleInternal& ctor, Boolean& hasNoDefaultCtor)
   at System.RuntimeType.CreateInstanceDefaultCtorSlow(Boolean publicOnly, Boolean wrapExceptions, Boolean fillCache)
   at System.RuntimeType.CreateInstanceDefaultCtor(Boolean publicOnly, Boolean skipCheckThis, Boolean fillCache, Boolean wrapExceptions)
   at System.Activator.CreateInstance[T]()
   at Microsoft.Extensions.Options.OptionsFactory`1.Create(String name)
   at Microsoft.Extensions.Options.OptionsMonitor`1.<>c__DisplayClass11_0.<Get>b__0()
   at System.Lazy`1.ViaFactory(LazyThreadSafetyMode mode)
   at System.Lazy`1.ExecutionAndPublication(LazyHelper executionAndPublication, Boolean useDefaultConstructor)
   at System.Lazy`1.CreateValue()
   at System.Lazy`1.get_Value()
   at Microsoft.Extensions.Options.OptionsCache`1.GetOrAdd(String name, Func`1 createOptions)
   at Microsoft.Extensions.Options.OptionsMonitor`1.Get(String name)
   at Microsoft.AspNetCore.Authentication.AuthenticationHandler`1.InitializeAsync(AuthenticationScheme scheme, HttpContext context)
   at Microsoft.AspNetCore.Authentication.AuthenticationHandlerProvider.GetHandlerAsync(HttpContext context, String authenticationScheme)
   at Microsoft.AspNetCore.Authentication.AuthenticationMiddleware.Invoke(HttpContext context)
   at Microsoft.AspNetCore.Diagnostics.DeveloperExceptionPageMiddleware.Invoke(HttpContext context)
2020/11/05 12:07:53.127 [INFO] [Microsoft.Hosting.Lifetime]   | Now listening on: https://localhost:44346
2020/11/05 12:07:53.305 [INFO] [Microsoft.Hosting.Lifetime]   | Application started. Press Ctrl+C to shut down.
2020/11/05 12:07:53.305 [INFO] [Microsoft.Hosting.Lifetime]   | Hosting environment: Development
2020/11/05 12:07:53.305 [INFO] [Microsoft.Hosting.Lifetime]   | Content root path: C:\Users\Namchok\Desktop\สหกิจ\ums\UMS
2020/11/05 12:07:53.907 [ERROR] [Microsoft.AspNetCore.Diagnostics.DeveloperExceptionPageMiddleware]  Index: | An unhandled exception has occurred while executing the request.System.Reflection.TargetInvocationException: Exception has been thrown by the target of an invocation.
 ---> System.TypeLoadException: Could not load type 'Microsoft.AspNetCore.Authentication.Internal.RequestPathBaseCookieBuilder' from assembly 'Microsoft.AspNetCore.Authentication, Version=3.1.9.0, Culture=neutral, PublicKeyToken=adb9793829ddae60'.
   at Microsoft.AspNetCore.Authentication.OpenIdConnect.OpenIdConnectOptions..ctor()
   --- End of inner exception stack trace ---
   at System.RuntimeTypeHandle.CreateInstance(RuntimeType type, Boolean publicOnly, Boolean wrapExceptions, Boolean& canBeCached, RuntimeMethodHandleInternal& ctor, Boolean& hasNoDefaultCtor)
   at System.RuntimeType.CreateInstanceDefaultCtorSlow(Boolean publicOnly, Boolean wrapExceptions, Boolean fillCache)
   at System.RuntimeType.CreateInstanceDefaultCtor(Boolean publicOnly, Boolean skipCheckThis, Boolean fillCache, Boolean wrapExceptions)
   at System.Activator.CreateInstance[T]()
   at Microsoft.Extensions.Options.OptionsFactory`1.Create(String name)
   at Microsoft.Extensions.Options.OptionsMonitor`1.<>c__DisplayClass11_0.<Get>b__0()
   at System.Lazy`1.ViaFactory(LazyThreadSafetyMode mode)
   at System.Lazy`1.ExecutionAndPublication(LazyHelper executionAndPublication, Boolean useDefaultConstructor)
   at System.Lazy`1.CreateValue()
   at System.Lazy`1.get_Value()
   at Microsoft.Extensions.Options.OptionsCache`1.GetOrAdd(String name, Func`1 createOptions)
   at Microsoft.Extensions.Options.OptionsMonitor`1.Get(String name)
   at Microsoft.AspNetCore.Authentication.AuthenticationHandler`1.InitializeAsync(AuthenticationScheme scheme, HttpContext context)
   at Microsoft.AspNetCore.Authentication.AuthenticationHandlerProvider.GetHandlerAsync(HttpContext context, String authenticationScheme)
   at Microsoft.AspNetCore.Authentication.AuthenticationMiddleware.Invoke(HttpContext context)
   at Microsoft.AspNetCore.Diagnostics.DeveloperExceptionPageMiddleware.Invoke(HttpContext context)
2020/11/05 12:08:14.838 [INFO] [Microsoft.Hosting.Lifetime]   | Now listening on: https://localhost:44346
2020/11/05 12:08:15.016 [INFO] [Microsoft.Hosting.Lifetime]   | Application started. Press Ctrl+C to shut down.
2020/11/05 12:08:15.025 [INFO] [Microsoft.Hosting.Lifetime]   | Hosting environment: Development
2020/11/05 12:08:15.033 [INFO] [Microsoft.Hosting.Lifetime]   | Content root path: C:\Users\Namchok\Desktop\สหกิจ\ums\UMS
2020/11/05 12:08:16.953 [INFO] [UMS.Controllers.HomeController] [usermanagement2020@gmail.com] Index:HomeController.cs:29 | Start home controller.
2020/11/05 12:08:16.964 [INFO] [UMS.Controllers.HomeController] [usermanagement2020@gmail.com] Index:HomeController.cs:42 | Welcome, usermanagement2020@gmail.com.
2020/11/05 12:23:17.869 [INFO] [Microsoft.Hosting.Lifetime]   | Now listening on: https://localhost:44346
2020/11/05 12:23:18.104 [INFO] [Microsoft.Hosting.Lifetime]   | Application started. Press Ctrl+C to shut down.
2020/11/05 12:23:18.104 [INFO] [Microsoft.Hosting.Lifetime]   | Hosting environment: Development
2020/11/05 12:23:18.113 [INFO] [Microsoft.Hosting.Lifetime]   | Content root path: C:\Users\Namchok\Desktop\สหกิจ\ums\UMS
2020/11/05 12:23:18.498 [ERROR] [Microsoft.AspNetCore.Diagnostics.DeveloperExceptionPageMiddleware]  Index: | An unhandled exception has occurred while executing the request.System.Reflection.TargetInvocationException: Exception has been thrown by the target of an invocation.
 ---> System.TypeLoadException: Could not load type 'Microsoft.AspNetCore.Authentication.Internal.RequestPathBaseCookieBuilder' from assembly 'Microsoft.AspNetCore.Authentication, Version=3.1.9.0, Culture=neutral, PublicKeyToken=adb9793829ddae60'.
   at Microsoft.AspNetCore.Authentication.OpenIdConnect.OpenIdConnectOptions..ctor()
   --- End of inner exception stack trace ---
   at System.RuntimeTypeHandle.CreateInstance(RuntimeType type, Boolean publicOnly, Boolean wrapExceptions, Boolean& canBeCached, RuntimeMethodHandleInternal& ctor, Boolean& hasNoDefaultCtor)
   at System.RuntimeType.CreateInstanceDefaultCtorSlow(Boolean publicOnly, Boolean wrapExceptions, Boolean fillCache)
   at System.RuntimeType.CreateInstanceDefaultCtor(Boolean publicOnly, Boolean skipCheckThis, Boolean fillCache, Boolean wrapExceptions)
   at System.Activator.CreateInstance[T]()
   at Microsoft.Extensions.Options.OptionsFactory`1.Create(String name)
   at Microsoft.Extensions.Options.OptionsMonitor`1.<>c__DisplayClass11_0.<Get>b__0()
   at System.Lazy`1.ViaFactory(LazyThreadSafetyMode mode)
   at System.Lazy`1.ExecutionAndPublication(LazyHelper executionAndPublication, Boolean useDefaultConstructor)
   at System.Lazy`1.CreateValue()
   at System.Lazy`1.get_Value()
   at Microsoft.Extensions.Options.OptionsCache`1.GetOrAdd(String name, Func`1 createOptions)
   at Microsoft.Extensions.Options.OptionsMonitor`1.Get(String name)
   at Microsoft.AspNetCore.Authentication.AuthenticationHandler`1.InitializeAsync(AuthenticationScheme scheme, HttpContext context)
   at Microsoft.AspNetCore.Authentication.AuthenticationHandlerProvider.GetHandlerAsync(HttpContext context, String authenticationScheme)
   at Microsoft.AspNetCore.Authentication.AuthenticationMiddleware.Invoke(HttpContext context)
   at Microsoft.AspNetCore.Diagnostics.DeveloperExceptionPageMiddleware.Invoke(HttpContext context)
2020/11/05 12:24:05.599 [INFO] [Microsoft.Hosting.Lifetime]   | Now listening on: https://localhost:44346
2020/11/05 12:24:05.781 [INFO] [Microsoft.Hosting.Lifetime]   | Application started. Press Ctrl+C to shut down.
2020/11/05 12:24:05.786 [INFO] [Microsoft.Hosting.Lifetime]   | Hosting environment: Development
2020/11/05 12:24:05.786 [INFO] [Microsoft.Hosting.Lifetime]   | Content root path: C:\Users\Namchok\Desktop\สหกิจ\ums\UMS
2020/11/05 12:24:06.417 [ERROR] [Microsoft.AspNetCore.Diagnostics.DeveloperExceptionPageMiddleware]  Index: | An unhandled exception has occurred while executing the request.System.Reflection.TargetInvocationException: Exception has been thrown by the target of an invocation.
 ---> System.TypeLoadException: Could not load type 'Microsoft.AspNetCore.Authentication.Internal.RequestPathBaseCookieBuilder' from assembly 'Microsoft.AspNetCore.Authentication, Version=3.1.9.0, Culture=neutral, PublicKeyToken=adb9793829ddae60'.
   at Microsoft.AspNetCore.Authentication.OpenIdConnect.OpenIdConnectOptions..ctor()
   --- End of inner exception stack trace ---
   at System.RuntimeTypeHandle.CreateInstance(RuntimeType type, Boolean publicOnly, Boolean wrapExceptions, Boolean& canBeCached, RuntimeMethodHandleInternal& ctor, Boolean& hasNoDefaultCtor)
   at System.RuntimeType.CreateInstanceDefaultCtorSlow(Boolean publicOnly, Boolean wrapExceptions, Boolean fillCache)
   at System.RuntimeType.CreateInstanceDefaultCtor(Boolean publicOnly, Boolean skipCheckThis, Boolean fillCache, Boolean wrapExceptions)
   at System.Activator.CreateInstance[T]()
   at Microsoft.Extensions.Options.OptionsFactory`1.Create(String name)
   at Microsoft.Extensions.Options.OptionsMonitor`1.<>c__DisplayClass11_0.<Get>b__0()
   at System.Lazy`1.ViaFactory(LazyThreadSafetyMode mode)
   at System.Lazy`1.ExecutionAndPublication(LazyHelper executionAndPublication, Boolean useDefaultConstructor)
   at System.Lazy`1.CreateValue()
   at System.Lazy`1.get_Value()
   at Microsoft.Extensions.Options.OptionsCache`1.GetOrAdd(String name, Func`1 createOptions)
   at Microsoft.Extensions.Options.OptionsMonitor`1.Get(String name)
   at Microsoft.AspNetCore.Authentication.AuthenticationHandler`1.InitializeAsync(AuthenticationScheme scheme, HttpContext context)
   at Microsoft.AspNetCore.Authentication.AuthenticationHandlerProvider.GetHandlerAsync(HttpContext context, String authenticationScheme)
   at Microsoft.AspNetCore.Authentication.AuthenticationMiddleware.Invoke(HttpContext context)
   at Microsoft.AspNetCore.Diagnostics.DeveloperExceptionPageMiddleware.Invoke(HttpContext context)
2020/11/05 12:26:07.072 [INFO] [Microsoft.Hosting.Lifetime]   | Now listening on: https://localhost:44346
2020/11/05 12:26:07.283 [INFO] [Microsoft.Hosting.Lifetime]   | Application started. Press Ctrl+C to shut down.
2020/11/05 12:26:07.283 [INFO] [Microsoft.Hosting.Lifetime]   | Hosting environment: Development
2020/11/05 12:26:07.283 [INFO] [Microsoft.Hosting.Lifetime]   | Content root path: C:\Users\Namchok\Desktop\สหกิจ\ums\UMS
2020/11/05 12:26:07.719 [ERROR] [Microsoft.AspNetCore.Diagnostics.DeveloperExceptionPageMiddleware]  Index: | An unhandled exception has occurred while executing the request.System.Reflection.TargetInvocationException: Exception has been thrown by the target of an invocation.
 ---> System.TypeLoadException: Could not load type 'Microsoft.AspNetCore.Authentication.Internal.RequestPathBaseCookieBuilder' from assembly 'Microsoft.AspNetCore.Authentication, Version=3.1.9.0, Culture=neutral, PublicKeyToken=adb9793829ddae60'.
   at Microsoft.AspNetCore.Authentication.OpenIdConnect.OpenIdConnectOptions..ctor()
   --- End of inner exception stack trace ---
   at System.RuntimeTypeHandle.CreateInstance(RuntimeType type, Boolean publicOnly, Boolean wrapExceptions, Boolean& canBeCached, RuntimeMethodHandleInternal& ctor, Boolean& hasNoDefaultCtor)
   at System.RuntimeType.CreateInstanceDefaultCtorSlow(Boolean publicOnly, Boolean wrapExceptions, Boolean fillCache)
   at System.RuntimeType.CreateInstanceDefaultCtor(Boolean publicOnly, Boolean skipCheckThis, Boolean fillCache, Boolean wrapExceptions)
   at System.Activator.CreateInstance[T]()
   at Microsoft.Extensions.Options.OptionsFactory`1.Create(String name)
   at Microsoft.Extensions.Options.OptionsMonitor`1.<>c__DisplayClass11_0.<Get>b__0()
   at System.Lazy`1.ViaFactory(LazyThreadSafetyMode mode)
   at System.Lazy`1.ExecutionAndPublication(LazyHelper executionAndPublication, Boolean useDefaultConstructor)
   at System.Lazy`1.CreateValue()
   at System.Lazy`1.get_Value()
   at Microsoft.Extensions.Options.OptionsCache`1.GetOrAdd(String name, Func`1 createOptions)
   at Microsoft.Extensions.Options.OptionsMonitor`1.Get(String name)
   at Microsoft.AspNetCore.Authentication.AuthenticationHandler`1.InitializeAsync(AuthenticationScheme scheme, HttpContext context)
   at Microsoft.AspNetCore.Authentication.AuthenticationHandlerProvider.GetHandlerAsync(HttpContext context, String authenticationScheme)
   at Microsoft.AspNetCore.Authentication.AuthenticationMiddleware.Invoke(HttpContext context)
   at Microsoft.AspNetCore.Diagnostics.DeveloperExceptionPageMiddleware.Invoke(HttpContext context)
2020/11/05 12:27:28.715 [INFO] [Microsoft.Hosting.Lifetime]   | Now listening on: https://localhost:44346
2020/11/05 12:27:28.907 [INFO] [Microsoft.Hosting.Lifetime]   | Application started. Press Ctrl+C to shut down.
2020/11/05 12:27:28.907 [INFO] [Microsoft.Hosting.Lifetime]   | Hosting environment: Development
2020/11/05 12:27:28.907 [INFO] [Microsoft.Hosting.Lifetime]   | Content root path: C:\Users\Namchok\Desktop\สหกิจ\ums\UMS
2020/11/05 12:27:29.429 [ERROR] [Microsoft.AspNetCore.Diagnostics.DeveloperExceptionPageMiddleware]  Index: | An unhandled exception has occurred while executing the request.System.Reflection.TargetInvocationException: Exception has been thrown by the target of an invocation.
 ---> System.TypeLoadException: Could not load type 'Microsoft.AspNetCore.Authentication.Internal.RequestPathBaseCookieBuilder' from assembly 'Microsoft.AspNetCore.Authentication, Version=3.1.9.0, Culture=neutral, PublicKeyToken=adb9793829ddae60'.
   at Microsoft.AspNetCore.Authentication.OpenIdConnect.OpenIdConnectOptions..ctor()
   --- End of inner exception stack trace ---
   at System.RuntimeTypeHandle.CreateInstance(RuntimeType type, Boolean publicOnly, Boolean wrapExceptions, Boolean& canBeCached, RuntimeMethodHandleInternal& ctor, Boolean& hasNoDefaultCtor)
   at System.RuntimeType.CreateInstanceDefaultCtorSlow(Boolean publicOnly, Boolean wrapExceptions, Boolean fillCache)
   at System.RuntimeType.CreateInstanceDefaultCtor(Boolean publicOnly, Boolean skipCheckThis, Boolean fillCache, Boolean wrapExceptions)
   at System.Activator.CreateInstance[T]()
   at Microsoft.Extensions.Options.OptionsFactory`1.Create(String name)
   at Microsoft.Extensions.Options.OptionsMonitor`1.<>c__DisplayClass11_0.<Get>b__0()
   at System.Lazy`1.ViaFactory(LazyThreadSafetyMode mode)
   at System.Lazy`1.ExecutionAndPublication(LazyHelper executionAndPublication, Boolean useDefaultConstructor)
   at System.Lazy`1.CreateValue()
   at System.Lazy`1.get_Value()
   at Microsoft.Extensions.Options.OptionsCache`1.GetOrAdd(String name, Func`1 createOptions)
   at Microsoft.Extensions.Options.OptionsMonitor`1.Get(String name)
   at Microsoft.AspNetCore.Authentication.AuthenticationHandler`1.InitializeAsync(AuthenticationScheme scheme, HttpContext context)
   at Microsoft.AspNetCore.Authentication.AuthenticationHandlerProvider.GetHandlerAsync(HttpContext context, String authenticationScheme)
   at Microsoft.AspNetCore.Authentication.AuthenticationMiddleware.Invoke(HttpContext context)
   at Microsoft.AspNetCore.Diagnostics.DeveloperExceptionPageMiddleware.Invoke(HttpContext context)
2020/11/05 12:27:50.447 [INFO] [Microsoft.Hosting.Lifetime]   | Application is shutting down...
2020/11/05 12:28:56.009 [INFO] [Microsoft.Hosting.Lifetime]   | Now listening on: https://localhost:44346
2020/11/05 12:28:56.215 [INFO] [Microsoft.Hosting.Lifetime]   | Application started. Press Ctrl+C to shut down.
2020/11/05 12:28:56.220 [INFO] [Microsoft.Hosting.Lifetime]   | Hosting environment: Development
2020/11/05 12:28:56.220 [INFO] [Microsoft.Hosting.Lifetime]   | Content root path: C:\Users\Namchok\Desktop\สหกิจ\ums\UMS
2020/11/05 12:28:56.610 [ERROR] [Microsoft.AspNetCore.Diagnostics.DeveloperExceptionPageMiddleware]  Index: | An unhandled exception has occurred while executing the request.System.Reflection.TargetInvocationException: Exception has been thrown by the target of an invocation.
 ---> System.TypeLoadException: Could not load type 'Microsoft.AspNetCore.Authentication.Internal.RequestPathBaseCookieBuilder' from assembly 'Microsoft.AspNetCore.Authentication, Version=3.1.9.0, Culture=neutral, PublicKeyToken=adb9793829ddae60'.
   at Microsoft.AspNetCore.Authentication.OpenIdConnect.OpenIdConnectOptions..ctor()
   --- End of inner exception stack trace ---
   at System.RuntimeTypeHandle.CreateInstance(RuntimeType type, Boolean publicOnly, Boolean wrapExceptions, Boolean& canBeCached, RuntimeMethodHandleInternal& ctor, Boolean& hasNoDefaultCtor)
   at System.RuntimeType.CreateInstanceDefaultCtorSlow(Boolean publicOnly, Boolean wrapExceptions, Boolean fillCache)
   at System.RuntimeType.CreateInstanceDefaultCtor(Boolean publicOnly, Boolean skipCheckThis, Boolean fillCache, Boolean wrapExceptions)
   at System.Activator.CreateInstance[T]()
   at Microsoft.Extensions.Options.OptionsFactory`1.Create(String name)
   at Microsoft.Extensions.Options.OptionsMonitor`1.<>c__DisplayClass11_0.<Get>b__0()
   at System.Lazy`1.ViaFactory(LazyThreadSafetyMode mode)
   at System.Lazy`1.ExecutionAndPublication(LazyHelper executionAndPublication, Boolean useDefaultConstructor)
   at System.Lazy`1.CreateValue()
   at System.Lazy`1.get_Value()
   at Microsoft.Extensions.Options.OptionsCache`1.GetOrAdd(String name, Func`1 createOptions)
   at Microsoft.Extensions.Options.OptionsMonitor`1.Get(String name)
   at Microsoft.AspNetCore.Authentication.AuthenticationHandler`1.InitializeAsync(AuthenticationScheme scheme, HttpContext context)
   at Microsoft.AspNetCore.Authentication.AuthenticationHandlerProvider.GetHandlerAsync(HttpContext context, String authenticationScheme)
   at Microsoft.AspNetCore.Authentication.AuthenticationMiddleware.Invoke(HttpContext context)
   at Microsoft.AspNetCore.Diagnostics.DeveloperExceptionPageMiddleware.Invoke(HttpContext context)
2020/11/05 12:32:09.861 [INFO] [Microsoft.Hosting.Lifetime]   | Now listening on: https://localhost:44346
2020/11/05 12:32:10.061 [INFO] [Microsoft.Hosting.Lifetime]   | Application started. Press Ctrl+C to shut down.
2020/11/05 12:32:10.066 [INFO] [Microsoft.Hosting.Lifetime]   | Hosting environment: Development
2020/11/05 12:32:10.066 [INFO] [Microsoft.Hosting.Lifetime]   | Content root path: C:\Users\Namchok\Desktop\สหกิจ\ums\UMS
2020/11/05 12:32:10.547 [ERROR] [Microsoft.AspNetCore.Diagnostics.DeveloperExceptionPageMiddleware]  Index: | An unhandled exception has occurred while executing the request.System.Reflection.TargetInvocationException: Exception has been thrown by the target of an invocation.
 ---> System.TypeLoadException: Could not load type 'Microsoft.AspNetCore.Authentication.Internal.RequestPathBaseCookieBuilder' from assembly 'Microsoft.AspNetCore.Authentication, Version=3.1.9.0, Culture=neutral, PublicKeyToken=adb9793829ddae60'.
   at Microsoft.AspNetCore.Authentication.OpenIdConnect.OpenIdConnectOptions..ctor()
   --- End of inner exception stack trace ---
   at System.RuntimeTypeHandle.CreateInstance(RuntimeType type, Boolean publicOnly, Boolean wrapExceptions, Boolean& canBeCached, RuntimeMethodHandleInternal& ctor, Boolean& hasNoDefaultCtor)
   at System.RuntimeType.CreateInstanceDefaultCtorSlow(Boolean publicOnly, Boolean wrapExceptions, Boolean fillCache)
   at System.RuntimeType.CreateInstanceDefaultCtor(Boolean publicOnly, Boolean skipCheckThis, Boolean fillCache, Boolean wrapExceptions)
   at System.Activator.CreateInstance[T]()
   at Microsoft.Extensions.Options.OptionsFactory`1.Create(String name)
   at Microsoft.Extensions.Options.OptionsMonitor`1.<>c__DisplayClass11_0.<Get>b__0()
   at System.Lazy`1.ViaFactory(LazyThreadSafetyMode mode)
   at System.Lazy`1.ExecutionAndPublication(LazyHelper executionAndPublication, Boolean useDefaultConstructor)
   at System.Lazy`1.CreateValue()
   at System.Lazy`1.get_Value()
   at Microsoft.Extensions.Options.OptionsCache`1.GetOrAdd(String name, Func`1 createOptions)
   at Microsoft.Extensions.Options.OptionsMonitor`1.Get(String name)
   at Microsoft.AspNetCore.Authentication.AuthenticationHandler`1.InitializeAsync(AuthenticationScheme scheme, HttpContext context)
   at Microsoft.AspNetCore.Authentication.AuthenticationHandlerProvider.GetHandlerAsync(HttpContext context, String authenticationScheme)
   at Microsoft.AspNetCore.Authentication.AuthenticationMiddleware.Invoke(HttpContext context)
   at Microsoft.AspNetCore.Diagnostics.DeveloperExceptionPageMiddleware.Invoke(HttpContext context)
2020/11/05 12:32:18.292 [INFO] [Microsoft.Hosting.Lifetime]   | Application is shutting down...
2020/11/05 12:34:55.076 [INFO] [Microsoft.Hosting.Lifetime]   | Now listening on: https://localhost:44346
2020/11/05 12:34:55.259 [INFO] [Microsoft.Hosting.Lifetime]   | Application started. Press Ctrl+C to shut down.
2020/11/05 12:34:55.259 [INFO] [Microsoft.Hosting.Lifetime]   | Hosting environment: Development
2020/11/05 12:34:55.269 [INFO] [Microsoft.Hosting.Lifetime]   | Content root path: C:\Users\Namchok\Desktop\สหกิจ\ums\UMS
2020/11/05 12:50:13.660 [INFO] [Microsoft.Hosting.Lifetime]   | Now listening on: https://localhost:44346
2020/11/05 12:50:13.935 [INFO] [Microsoft.Hosting.Lifetime]   | Application started. Press Ctrl+C to shut down.
2020/11/05 12:50:13.935 [INFO] [Microsoft.Hosting.Lifetime]   | Hosting environment: Development
2020/11/05 12:50:13.943 [INFO] [Microsoft.Hosting.Lifetime]   | Content root path: C:\Users\Namchok\Desktop\สหกิจ\ums\UMS
2020/11/05 12:50:14.443 [INFO] [UMS.Controllers.ManageUserController]  ManageUserController.cs:42 | Start manage user controller.
2020/11/05 12:50:14.443 [INFO] [UMS.Areas.Identity.Pages.Account.LoginModel]  Login.cshtml.cs:49 | Start login model.
2020/11/05 12:50:14.472 [DEBUG] [UMS.Areas.Identity.Pages.Account.LoginModel]  Login.cshtml.cs:106 | Getting external authentication scheme.
2020/11/05 12:50:36.146 [INFO] [UMS.Controllers.ManageUserController]  ManageUserController.cs:42 | Start manage user controller.
2020/11/05 12:50:36.146 [INFO] [UMS.Areas.Identity.Pages.Account.LoginModel]  Login.cshtml.cs:49 | Start login model.
2020/11/05 12:50:37.413 [INFO] [UMS.Areas.Identity.Pages.Account.LoginModel]  Login.cshtml.cs:143 | User logged in successfully.
2020/11/05 12:50:37.413 [INFO] [UMS.Areas.Identity.Pages.Account.LoginModel]  Login.cshtml.cs:158 | Adding cookie into the browser.
2020/11/05 12:50:37.456 [INFO] [UMS.Controllers.HomeController] [usermanagement2020@gmail.com] Index:HomeController.cs:29 | Start home controller.
2020/11/05 12:50:37.456 [INFO] [UMS.Controllers.HomeController] [usermanagement2020@gmail.com] Index:HomeController.cs:42 | Welcome, usermanagement2020@gmail.com.
2020/11/05 12:50:39.082 [INFO] [UMS.Areas.Identity.Pages.Account.LogoutModel] [usermanagement2020@gmail.com] Logout.cshtml.cs:31 | Start logout.
2020/11/05 12:50:39.097 [INFO] [UMS.Areas.Identity.Pages.Account.LogoutModel] [usermanagement2020@gmail.com] Logout.cshtml.cs:70 | User logged out.
2020/11/05 12:50:39.117 [INFO] [UMS.Areas.Identity.Pages.Account.LogoutModel]  Logout.cshtml.cs:31 | Start logout.
2020/11/05 12:50:39.131 [INFO] [UMS.Areas.Identity.Pages.Account.LogoutModel]  Logout.cshtml.cs:46 | User logged out.
2020/11/05 12:50:39.942 [INFO] [UMS.Controllers.ManageUserController]  ManageUserController.cs:42 | Start manage user controller.
2020/11/05 12:50:39.942 [INFO] [UMS.Areas.Identity.Pages.Account.LoginModel]  Login.cshtml.cs:49 | Start login model.
2020/11/05 12:50:39.958 [DEBUG] [UMS.Areas.Identity.Pages.Account.LoginModel]  Login.cshtml.cs:106 | Getting external authentication scheme.
2020/11/05 12:52:21.226 [INFO] [Microsoft.Hosting.Lifetime]   | Now listening on: https://localhost:44346
2020/11/05 12:52:21.468 [INFO] [Microsoft.Hosting.Lifetime]   | Application started. Press Ctrl+C to shut down.
2020/11/05 12:52:21.473 [INFO] [Microsoft.Hosting.Lifetime]   | Hosting environment: Development
2020/11/05 12:52:21.473 [INFO] [Microsoft.Hosting.Lifetime]   | Content root path: C:\Users\Namchok\Desktop\สหกิจ\ums\UMS
2020/11/05 12:52:22.192 [INFO] [UMS.Controllers.ManageUserController]  ManageUserController.cs:42 | Start manage user controller.
2020/11/05 12:52:22.192 [INFO] [UMS.Areas.Identity.Pages.Account.LoginModel]  Login.cshtml.cs:49 | Start login model.
2020/11/05 12:52:22.226 [DEBUG] [UMS.Areas.Identity.Pages.Account.LoginModel]  Login.cshtml.cs:106 | Getting external authentication scheme.
2020/11/05 12:52:33.437 [INFO] [Microsoft.Hosting.Lifetime]   | Application is shutting down...
2020/11/05 12:54:01.257 [INFO] [Microsoft.Hosting.Lifetime]   | Now listening on: https://localhost:44346
2020/11/05 12:54:01.492 [INFO] [Microsoft.Hosting.Lifetime]   | Application started. Press Ctrl+C to shut down.
2020/11/05 12:54:01.492 [INFO] [Microsoft.Hosting.Lifetime]   | Hosting environment: Development
2020/11/05 12:54:01.492 [INFO] [Microsoft.Hosting.Lifetime]   | Content root path: C:\Users\Namchok\Desktop\สหกิจ\ums\UMS
2020/11/05 12:54:02.213 [INFO] [UMS.Controllers.ManageUserController]  ManageUserController.cs:42 | Start manage user controller.
2020/11/05 12:54:02.213 [INFO] [UMS.Areas.Identity.Pages.Account.LoginModel]  Login.cshtml.cs:49 | Start login model.
2020/11/05 12:54:02.240 [DEBUG] [UMS.Areas.Identity.Pages.Account.LoginModel]  Login.cshtml.cs:106 | Getting external authentication scheme.
2020/11/05 12:54:04.337 [INFO] [UMS.Controllers.ManageUserController]  ManageUserController.cs:42 | Start manage user controller.
2020/11/05 12:54:04.337 [INFO] [UMS.Areas.Identity.Pages.Account.LoginModel]  Login.cshtml.cs:49 | Start login model.
2020/11/05 12:54:04.349 [DEBUG] [UMS.Areas.Identity.Pages.Account.LoginModel]  Login.cshtml.cs:106 | Getting external authentication scheme.
2020/11/05 12:54:07.864 [INFO] [UMS.Controllers.ManageUserController]  ManageUserController.cs:42 | Start manage user controller.
2020/11/05 12:54:07.864 [INFO] [UMS.Areas.Identity.Pages.Account.LoginModel]  Login.cshtml.cs:49 | Start login model.
2020/11/05 12:54:07.864 [DEBUG] [UMS.Areas.Identity.Pages.Account.LoginModel]  Login.cshtml.cs:106 | Getting external authentication scheme.
2020/11/05 12:54:08.796 [INFO] [UMS.Controllers.ManageUserController]  ManageUserController.cs:42 | Start manage user controller.
2020/11/05 12:54:08.804 [INFO] [UMS.Areas.Identity.Pages.Account.LoginModel]  Login.cshtml.cs:49 | Start login model.
2020/11/05 12:54:08.804 [DEBUG] [UMS.Areas.Identity.Pages.Account.LoginModel]  Login.cshtml.cs:106 | Getting external authentication scheme.
2020/11/05 12:54:09.449 [INFO] [UMS.Controllers.ManageUserController]  ManageUserController.cs:42 | Start manage user controller.
2020/11/05 12:54:09.457 [INFO] [UMS.Areas.Identity.Pages.Account.LoginModel]  Login.cshtml.cs:49 | Start login model.
2020/11/05 12:54:09.457 [DEBUG] [UMS.Areas.Identity.Pages.Account.LoginModel]  Login.cshtml.cs:106 | Getting external authentication scheme.
2020/11/05 12:54:09.994 [INFO] [UMS.Controllers.ManageUserController]  ManageUserController.cs:42 | Start manage user controller.
2020/11/05 12:54:09.994 [INFO] [UMS.Areas.Identity.Pages.Account.LoginModel]  Login.cshtml.cs:49 | Start login model.
2020/11/05 12:54:10.004 [DEBUG] [UMS.Areas.Identity.Pages.Account.LoginModel]  Login.cshtml.cs:106 | Getting external authentication scheme.
2020/11/05 12:54:10.545 [INFO] [UMS.Controllers.ManageUserController]  ManageUserController.cs:42 | Start manage user controller.
2020/11/05 12:54:10.553 [INFO] [UMS.Areas.Identity.Pages.Account.LoginModel]  Login.cshtml.cs:49 | Start login model.
2020/11/05 12:54:10.553 [DEBUG] [UMS.Areas.Identity.Pages.Account.LoginModel]  Login.cshtml.cs:106 | Getting external authentication scheme.
2020/11/05 12:54:11.039 [INFO] [UMS.Controllers.ManageUserController]  ManageUserController.cs:42 | Start manage user controller.
2020/11/05 12:54:11.039 [INFO] [UMS.Areas.Identity.Pages.Account.LoginModel]  Login.cshtml.cs:49 | Start login model.
2020/11/05 12:54:11.054 [DEBUG] [UMS.Areas.Identity.Pages.Account.LoginModel]  Login.cshtml.cs:106 | Getting external authentication scheme.
2020/11/05 12:54:11.618 [INFO] [UMS.Controllers.ManageUserController]  ManageUserController.cs:42 | Start manage user controller.
2020/11/05 12:54:11.631 [INFO] [UMS.Areas.Identity.Pages.Account.LoginModel]  Login.cshtml.cs:49 | Start login model.
2020/11/05 12:54:11.646 [DEBUG] [UMS.Areas.Identity.Pages.Account.LoginModel]  Login.cshtml.cs:106 | Getting external authentication scheme.
2020/11/05 12:54:12.148 [INFO] [UMS.Controllers.ManageUserController]  ManageUserController.cs:42 | Start manage user controller.
2020/11/05 12:54:12.161 [INFO] [UMS.Areas.Identity.Pages.Account.LoginModel]  Login.cshtml.cs:49 | Start login model.
2020/11/05 12:54:12.175 [DEBUG] [UMS.Areas.Identity.Pages.Account.LoginModel]  Login.cshtml.cs:106 | Getting external authentication scheme.
2020/11/05 12:54:31.761 [INFO] [Microsoft.Hosting.Lifetime]   | Application is shutting down...
2020/11/05 12:55:15.157 [INFO] [Microsoft.Hosting.Lifetime]   | Now listening on: https://localhost:44346
2020/11/05 12:55:15.411 [INFO] [Microsoft.Hosting.Lifetime]   | Application started. Press Ctrl+C to shut down.
2020/11/05 12:55:15.411 [INFO] [Microsoft.Hosting.Lifetime]   | Hosting environment: Development
2020/11/05 12:55:15.411 [INFO] [Microsoft.Hosting.Lifetime]   | Content root path: C:\Users\Namchok\Desktop\สหกิจ\ums\UMS
2020/11/05 12:55:15.972 [INFO] [UMS.Controllers.ManageUserController]  ManageUserController.cs:42 | Start manage user controller.
2020/11/05 12:55:15.990 [INFO] [UMS.Areas.Identity.Pages.Account.LoginModel]  Login.cshtml.cs:49 | Start login model.
2020/11/05 12:55:16.020 [DEBUG] [UMS.Areas.Identity.Pages.Account.LoginModel]  Login.cshtml.cs:106 | Getting external authentication scheme.
2020/11/05 12:55:17.598 [INFO] [UMS.Controllers.ManageUserController]  LineLogin:ManageUserController.cs:42 | Start manage user controller.
2020/11/05 12:55:17.598 [INFO] [UMS.Controllers.AccountController]  LineLogin:AccountController.cs:46 | Start account controller.
2020/11/05 12:55:26.287 [INFO] [UMS.Controllers.ManageUserController]  ManageUserController.cs:42 | Start manage user controller.
2020/11/05 12:55:26.287 [INFO] [UMS.Areas.Identity.Pages.Account.LoginModel]  Login.cshtml.cs:49 | Start login model.
2020/11/05 12:55:26.301 [DEBUG] [UMS.Areas.Identity.Pages.Account.LoginModel]  Login.cshtml.cs:106 | Getting external authentication scheme.
2020/11/05 12:55:29.300 [INFO] [Microsoft.Hosting.Lifetime]   | Application is shutting down...
2020/11/05 13:00:00.455 [INFO] [Microsoft.Hosting.Lifetime]   | Now listening on: https://localhost:44346
2020/11/05 13:00:00.694 [INFO] [Microsoft.Hosting.Lifetime]   | Application started. Press Ctrl+C to shut down.
2020/11/05 13:00:00.694 [INFO] [Microsoft.Hosting.Lifetime]   | Hosting environment: Development
2020/11/05 13:00:00.694 [INFO] [Microsoft.Hosting.Lifetime]   | Content root path: C:\Users\Namchok\Desktop\สหกิจ\ums\UMS
2020/11/05 13:00:01.367 [INFO] [UMS.Controllers.ManageUserController]  ManageUserController.cs:42 | Start manage user controller.
2020/11/05 13:00:01.367 [INFO] [UMS.Areas.Identity.Pages.Account.LoginModel]  Login.cshtml.cs:49 | Start login model.
2020/11/05 13:00:01.396 [DEBUG] [UMS.Areas.Identity.Pages.Account.LoginModel]  Login.cshtml.cs:106 | Getting external authentication scheme.
2020/11/05 13:00:05.256 [INFO] [UMS.Controllers.ManageUserController]  LineLogin:ManageUserController.cs:42 | Start manage user controller.
2020/11/05 13:00:05.256 [INFO] [UMS.Controllers.AccountController]  LineLogin:AccountController.cs:46 | Start account controller.
2020/11/05 13:00:09.060 [INFO] [UMS.Controllers.ManageUserController]  ManageUserController.cs:42 | Start manage user controller.
2020/11/05 13:00:09.060 [INFO] [UMS.Areas.Identity.Pages.Account.LoginModel]  Login.cshtml.cs:49 | Start login model.
2020/11/05 13:00:09.068 [DEBUG] [UMS.Areas.Identity.Pages.Account.LoginModel]  Login.cshtml.cs:106 | Getting external authentication scheme.
2020/11/05 13:00:10.364 [INFO] [UMS.Controllers.ManageUserController]  LineLogin:ManageUserController.cs:42 | Start manage user controller.
2020/11/05 13:00:10.364 [INFO] [UMS.Controllers.AccountController]  LineLogin:AccountController.cs:46 | Start account controller.
2020/11/05 13:13:59.711 [INFO] [Microsoft.Hosting.Lifetime]   | Now listening on: https://localhost:44346
2020/11/05 13:13:59.931 [INFO] [Microsoft.Hosting.Lifetime]   | Application started. Press Ctrl+C to shut down.
2020/11/05 13:13:59.931 [INFO] [Microsoft.Hosting.Lifetime]   | Hosting environment: Development
2020/11/05 13:13:59.931 [INFO] [Microsoft.Hosting.Lifetime]   | Content root path: C:\Users\Namchok\Desktop\สหกิจ\ums\UMS
2020/11/05 13:14:00.666 [INFO] [UMS.Controllers.ManageUserController]  ManageUserController.cs:42 | Start manage user controller.
2020/11/05 13:14:00.666 [INFO] [UMS.Areas.Identity.Pages.Account.LoginModel]  Login.cshtml.cs:49 | Start login model.
2020/11/05 13:14:00.691 [DEBUG] [UMS.Areas.Identity.Pages.Account.LoginModel]  Login.cshtml.cs:106 | Getting external authentication scheme.
2020/11/05 13:14:02.336 [INFO] [UMS.Controllers.ManageUserController]  ManageUserController.cs:42 | Start manage user controller.
2020/11/05 13:14:02.336 [INFO] [UMS.Areas.Identity.Pages.Account.LoginModel]  Login.cshtml.cs:49 | Start login model.
2020/11/05 13:14:03.527 [INFO] [UMS.Areas.Identity.Pages.Account.LoginModel]  Login.cshtml.cs:143 | User logged in successfully.
2020/11/05 13:14:03.535 [INFO] [UMS.Areas.Identity.Pages.Account.LoginModel]  Login.cshtml.cs:158 | Adding cookie into the browser.
2020/11/05 13:14:03.570 [INFO] [UMS.Controllers.HomeController] [usermanagement2020@gmail.com] Index:HomeController.cs:29 | Start home controller.
2020/11/05 13:14:03.570 [INFO] [UMS.Controllers.HomeController] [usermanagement2020@gmail.com] Index:HomeController.cs:42 | Welcome, usermanagement2020@gmail.com.
2020/11/05 13:14:25.128 [INFO] [Microsoft.Hosting.Lifetime]   | Now listening on: https://localhost:44346
2020/11/05 13:14:25.388 [INFO] [Microsoft.Hosting.Lifetime]   | Application started. Press Ctrl+C to shut down.
2020/11/05 13:14:25.388 [INFO] [Microsoft.Hosting.Lifetime]   | Hosting environment: Development
2020/11/05 13:14:25.397 [INFO] [Microsoft.Hosting.Lifetime]   | Content root path: C:\Users\Namchok\Desktop\สหกิจ\ums\UMS
2020/11/05 13:14:25.874 [INFO] [UMS.Controllers.HomeController] [usermanagement2020@gmail.com] Index:HomeController.cs:29 | Start home controller.
2020/11/05 13:14:25.881 [INFO] [UMS.Controllers.HomeController] [usermanagement2020@gmail.com] Index:HomeController.cs:42 | Welcome, usermanagement2020@gmail.com.
2020/11/05 13:14:27.674 [INFO] [UMS.Areas.Identity.Pages.Account.LogoutModel] [usermanagement2020@gmail.com] Logout.cshtml.cs:31 | Start logout.
2020/11/05 13:14:27.691 [INFO] [UMS.Areas.Identity.Pages.Account.LogoutModel] [usermanagement2020@gmail.com] Logout.cshtml.cs:70 | User logged out.
2020/11/05 13:14:27.713 [INFO] [UMS.Areas.Identity.Pages.Account.LogoutModel]  Logout.cshtml.cs:31 | Start logout.
2020/11/05 13:14:27.723 [INFO] [UMS.Areas.Identity.Pages.Account.LogoutModel]  Logout.cshtml.cs:46 | User logged out.
2020/11/05 13:14:28.811 [INFO] [UMS.Controllers.ManageUserController]  ManageUserController.cs:42 | Start manage user controller.
2020/11/05 13:14:28.816 [INFO] [UMS.Areas.Identity.Pages.Account.LoginModel]  Login.cshtml.cs:49 | Start login model.
2020/11/05 13:14:28.831 [DEBUG] [UMS.Areas.Identity.Pages.Account.LoginModel]  Login.cshtml.cs:106 | Getting external authentication scheme.
2020/11/05 13:14:30.117 [INFO] [UMS.Controllers.ManageUserController]  LineLogin:ManageUserController.cs:42 | Start manage user controller.
2020/11/05 13:14:30.129 [INFO] [UMS.Controllers.AccountController]  LineLogin:AccountController.cs:46 | Start account controller.
2020/11/05 13:14:34.263 [INFO] [UMS.Controllers.ManageUserController]  ManageUserController.cs:42 | Start manage user controller.
2020/11/05 13:14:34.270 [INFO] [UMS.Areas.Identity.Pages.Account.LoginModel]  Login.cshtml.cs:49 | Start login model.
2020/11/05 13:14:34.270 [DEBUG] [UMS.Areas.Identity.Pages.Account.LoginModel]  Login.cshtml.cs:106 | Getting external authentication scheme.
2020/11/05 13:20:11.615 [INFO] [Microsoft.Hosting.Lifetime]   | Now listening on: https://localhost:44346
2020/11/05 13:20:11.866 [INFO] [Microsoft.Hosting.Lifetime]   | Application started. Press Ctrl+C to shut down.
2020/11/05 13:20:11.866 [INFO] [Microsoft.Hosting.Lifetime]   | Hosting environment: Development
2020/11/05 13:20:11.866 [INFO] [Microsoft.Hosting.Lifetime]   | Content root path: C:\Users\Namchok\Desktop\สหกิจ\ums\UMS
2020/11/05 13:20:12.424 [INFO] [UMS.Controllers.ManageUserController]  ManageUserController.cs:42 | Start manage user controller.
2020/11/05 13:20:12.442 [INFO] [UMS.Areas.Identity.Pages.Account.LoginModel]  Login.cshtml.cs:49 | Start login model.
2020/11/05 13:20:12.462 [DEBUG] [UMS.Areas.Identity.Pages.Account.LoginModel]  Login.cshtml.cs:106 | Getting external authentication scheme.
2020/11/05 13:20:18.432 [INFO] [UMS.Controllers.ManageUserController]  LineLogin:ManageUserController.cs:42 | Start manage user controller.
2020/11/05 13:20:18.442 [INFO] [UMS.Controllers.AccountController]  LineLogin:AccountController.cs:46 | Start account controller.
2020/11/05 13:20:22.552 [INFO] [UMS.Controllers.ManageUserController]  ManageUserController.cs:42 | Start manage user controller.
2020/11/05 13:20:22.552 [INFO] [UMS.Areas.Identity.Pages.Account.LoginModel]  Login.cshtml.cs:49 | Start login model.
2020/11/05 13:20:22.566 [DEBUG] [UMS.Areas.Identity.Pages.Account.LoginModel]  Login.cshtml.cs:106 | Getting external authentication scheme.
2020/11/05 13:23:40.792 [INFO] [Microsoft.Hosting.Lifetime]   | Application is shutting down...
2020/11/05 13:24:20.268 [INFO] [Microsoft.Hosting.Lifetime]   | Now listening on: https://localhost:44346
2020/11/05 13:24:20.519 [INFO] [Microsoft.Hosting.Lifetime]   | Application started. Press Ctrl+C to shut down.
2020/11/05 13:24:20.519 [INFO] [Microsoft.Hosting.Lifetime]   | Hosting environment: Development
2020/11/05 13:24:20.519 [INFO] [Microsoft.Hosting.Lifetime]   | Content root path: C:\Users\Namchok\Desktop\สหกิจ\ums\UMS
2020/11/05 13:24:21.038 [INFO] [UMS.Controllers.ManageUserController]  ManageUserController.cs:42 | Start manage user controller.
2020/11/05 13:24:21.038 [INFO] [UMS.Areas.Identity.Pages.Account.LoginModel]  Login.cshtml.cs:49 | Start login model.
2020/11/05 13:24:21.068 [DEBUG] [UMS.Areas.Identity.Pages.Account.LoginModel]  Login.cshtml.cs:106 | Getting external authentication scheme.
2020/11/05 13:24:23.163 [INFO] [UMS.Controllers.ManageUserController]  LineLogin:ManageUserController.cs:42 | Start manage user controller.
2020/11/05 13:24:23.163 [INFO] [UMS.Controllers.AccountController]  LineLogin:AccountController.cs:46 | Start account controller.
2020/11/05 13:26:33.853 [INFO] [Microsoft.Hosting.Lifetime]   | Now listening on: https://localhost:44346
2020/11/05 13:26:34.086 [INFO] [Microsoft.Hosting.Lifetime]   | Application started. Press Ctrl+C to shut down.
2020/11/05 13:26:34.086 [INFO] [Microsoft.Hosting.Lifetime]   | Hosting environment: Development
2020/11/05 13:26:34.086 [INFO] [Microsoft.Hosting.Lifetime]   | Content root path: C:\Users\Namchok\Desktop\สหกิจ\ums\UMS
2020/11/05 13:26:34.758 [INFO] [UMS.Controllers.ManageUserController]  ManageUserController.cs:42 | Start manage user controller.
2020/11/05 13:26:34.758 [INFO] [UMS.Areas.Identity.Pages.Account.LoginModel]  Login.cshtml.cs:49 | Start login model.
2020/11/05 13:26:34.788 [DEBUG] [UMS.Areas.Identity.Pages.Account.LoginModel]  Login.cshtml.cs:106 | Getting external authentication scheme.
2020/11/05 13:26:36.521 [INFO] [UMS.Controllers.ManageUserController]  LineLogin:ManageUserController.cs:42 | Start manage user controller.
2020/11/05 13:26:36.521 [INFO] [UMS.Controllers.AccountController]  LineLogin:AccountController.cs:46 | Start account controller.
2020/11/05 13:30:01.254 [INFO] [Microsoft.Hosting.Lifetime]   | Now listening on: https://localhost:44346
2020/11/05 13:30:01.506 [INFO] [Microsoft.Hosting.Lifetime]   | Application started. Press Ctrl+C to shut down.
2020/11/05 13:30:01.506 [INFO] [Microsoft.Hosting.Lifetime]   | Hosting environment: Development
2020/11/05 13:30:01.506 [INFO] [Microsoft.Hosting.Lifetime]   | Content root path: C:\Users\Namchok\Desktop\สหกิจ\ums\UMS
2020/11/05 13:30:02.035 [INFO] [UMS.Controllers.ManageUserController]  ManageUserController.cs:42 | Start manage user controller.
2020/11/05 13:30:02.035 [INFO] [UMS.Areas.Identity.Pages.Account.LoginModel]  Login.cshtml.cs:49 | Start login model.
2020/11/05 13:30:02.072 [DEBUG] [UMS.Areas.Identity.Pages.Account.LoginModel]  Login.cshtml.cs:106 | Getting external authentication scheme.
2020/11/05 13:30:03.545 [INFO] [UMS.Controllers.ManageUserController]  LineLogin:ManageUserController.cs:42 | Start manage user controller.
2020/11/05 13:30:03.554 [INFO] [UMS.Controllers.AccountController]  LineLogin:AccountController.cs:46 | Start account controller.
2020/11/05 13:30:38.337 [INFO] [Microsoft.Hosting.Lifetime]   | Now listening on: https://localhost:44346
2020/11/05 13:30:38.604 [INFO] [Microsoft.Hosting.Lifetime]   | Application started. Press Ctrl+C to shut down.
2020/11/05 13:30:38.604 [INFO] [Microsoft.Hosting.Lifetime]   | Hosting environment: Development
2020/11/05 13:30:38.613 [INFO] [Microsoft.Hosting.Lifetime]   | Content root path: C:\Users\Namchok\Desktop\สหกิจ\ums\UMS
2020/11/05 13:30:39.139 [INFO] [UMS.Controllers.ManageUserController]  ManageUserController.cs:42 | Start manage user controller.
2020/11/05 13:30:39.144 [INFO] [UMS.Areas.Identity.Pages.Account.LoginModel]  Login.cshtml.cs:49 | Start login model.
2020/11/05 13:30:39.177 [DEBUG] [UMS.Areas.Identity.Pages.Account.LoginModel]  Login.cshtml.cs:106 | Getting external authentication scheme.
2020/11/05 13:30:41.350 [INFO] [UMS.Controllers.ManageUserController]  LineLogin:ManageUserController.cs:42 | Start manage user controller.
2020/11/05 13:30:41.350 [INFO] [UMS.Controllers.AccountController]  LineLogin:AccountController.cs:46 | Start account controller.
2020/11/05 13:38:02.985 [INFO] [Microsoft.Hosting.Lifetime]   | Now listening on: https://localhost:44346
2020/11/05 13:38:03.210 [INFO] [Microsoft.Hosting.Lifetime]   | Application started. Press Ctrl+C to shut down.
2020/11/05 13:38:03.210 [INFO] [Microsoft.Hosting.Lifetime]   | Hosting environment: Development
2020/11/05 13:38:03.223 [INFO] [Microsoft.Hosting.Lifetime]   | Content root path: C:\Users\Namchok\Desktop\สหกิจ\ums\UMS
2020/11/05 13:38:03.816 [INFO] [UMS.Controllers.ManageUserController]  ManageUserController.cs:42 | Start manage user controller.
2020/11/05 13:38:03.816 [INFO] [UMS.Areas.Identity.Pages.Account.LoginModel]  Login.cshtml.cs:49 | Start login model.
2020/11/05 13:38:03.851 [DEBUG] [UMS.Areas.Identity.Pages.Account.LoginModel]  Login.cshtml.cs:106 | Getting external authentication scheme.
2020/11/05 13:38:05.290 [INFO] [UMS.Controllers.ManageUserController]  LineLogin:ManageUserController.cs:42 | Start manage user controller.
2020/11/05 13:38:05.290 [INFO] [UMS.Controllers.AccountController]  LineLogin:AccountController.cs:46 | Start account controller.
2020/11/05 13:38:24.978 [INFO] [Microsoft.Hosting.Lifetime]   | Now listening on: https://localhost:44346
2020/11/05 13:38:25.203 [INFO] [Microsoft.Hosting.Lifetime]   | Application started. Press Ctrl+C to shut down.
2020/11/05 13:38:25.207 [INFO] [Microsoft.Hosting.Lifetime]   | Hosting environment: Development
2020/11/05 13:38:25.207 [INFO] [Microsoft.Hosting.Lifetime]   | Content root path: C:\Users\Namchok\Desktop\สหกิจ\ums\UMS
2020/11/05 13:38:25.833 [INFO] [UMS.Controllers.ManageUserController]  ManageUserController.cs:42 | Start manage user controller.
2020/11/05 13:38:25.851 [INFO] [UMS.Areas.Identity.Pages.Account.LoginModel]  Login.cshtml.cs:49 | Start login model.
2020/11/05 13:38:25.883 [DEBUG] [UMS.Areas.Identity.Pages.Account.LoginModel]  Login.cshtml.cs:106 | Getting external authentication scheme.
2020/11/05 13:38:27.411 [INFO] [UMS.Controllers.ManageUserController]  LineLogin:ManageUserController.cs:42 | Start manage user controller.
2020/11/05 13:38:27.411 [INFO] [UMS.Controllers.AccountController]  LineLogin:AccountController.cs:46 | Start account controller.
2020/11/05 13:39:10.592 [INFO] [Microsoft.Hosting.Lifetime]   | Now listening on: https://localhost:44346
2020/11/05 13:39:10.829 [INFO] [Microsoft.Hosting.Lifetime]   | Application started. Press Ctrl+C to shut down.
2020/11/05 13:39:10.835 [INFO] [Microsoft.Hosting.Lifetime]   | Hosting environment: Development
2020/11/05 13:39:10.835 [INFO] [Microsoft.Hosting.Lifetime]   | Content root path: C:\Users\Namchok\Desktop\สหกิจ\ums\UMS
2020/11/05 13:39:11.484 [INFO] [UMS.Controllers.ManageUserController]  ManageUserController.cs:42 | Start manage user controller.
2020/11/05 13:39:11.489 [INFO] [UMS.Areas.Identity.Pages.Account.LoginModel]  Login.cshtml.cs:49 | Start login model.
2020/11/05 13:39:11.521 [DEBUG] [UMS.Areas.Identity.Pages.Account.LoginModel]  Login.cshtml.cs:106 | Getting external authentication scheme.
2020/11/05 13:39:13.072 [INFO] [UMS.Controllers.ManageUserController]  LineLogin:ManageUserController.cs:42 | Start manage user controller.
2020/11/05 13:39:13.081 [INFO] [UMS.Controllers.AccountController]  LineLogin:AccountController.cs:46 | Start account controller.
2020/11/05 13:42:57.613 [INFO] [Microsoft.Hosting.Lifetime]   | Now listening on: https://localhost:44346
2020/11/05 13:42:57.862 [INFO] [Microsoft.Hosting.Lifetime]   | Application started. Press Ctrl+C to shut down.
2020/11/05 13:42:57.868 [INFO] [Microsoft.Hosting.Lifetime]   | Hosting environment: Development
2020/11/05 13:42:57.868 [INFO] [Microsoft.Hosting.Lifetime]   | Content root path: C:\Users\Namchok\Desktop\สหกิจ\ums\UMS
2020/11/05 13:42:58.494 [INFO] [UMS.Controllers.ManageUserController]  ManageUserController.cs:42 | Start manage user controller.
2020/11/05 13:42:58.494 [INFO] [UMS.Areas.Identity.Pages.Account.LoginModel]  Login.cshtml.cs:49 | Start login model.
2020/11/05 13:42:58.519 [DEBUG] [UMS.Areas.Identity.Pages.Account.LoginModel]  Login.cshtml.cs:106 | Getting external authentication scheme.
2020/11/05 13:43:00.398 [INFO] [UMS.Controllers.ManageUserController]  LineLogin:ManageUserController.cs:42 | Start manage user controller.
2020/11/05 13:43:00.410 [INFO] [UMS.Controllers.AccountController]  LineLogin:AccountController.cs:46 | Start account controller.
2020/11/05 13:47:29.152 [INFO] [Microsoft.Hosting.Lifetime]   | Now listening on: https://localhost:44346
2020/11/05 13:47:29.409 [INFO] [Microsoft.Hosting.Lifetime]   | Application started. Press Ctrl+C to shut down.
2020/11/05 13:47:29.409 [INFO] [Microsoft.Hosting.Lifetime]   | Hosting environment: Development
2020/11/05 13:47:29.409 [INFO] [Microsoft.Hosting.Lifetime]   | Content root path: C:\Users\Namchok\Desktop\สหกิจ\ums\UMS
2020/11/05 13:47:29.976 [INFO] [UMS.Controllers.ManageUserController]  ManageUserController.cs:42 | Start manage user controller.
2020/11/05 13:47:29.976 [INFO] [UMS.Areas.Identity.Pages.Account.LoginModel]  Login.cshtml.cs:49 | Start login model.
2020/11/05 13:47:30.004 [DEBUG] [UMS.Areas.Identity.Pages.Account.LoginModel]  Login.cshtml.cs:106 | Getting external authentication scheme.
2020/11/05 13:47:32.728 [INFO] [UMS.Controllers.ManageUserController]  LineLogin:ManageUserController.cs:42 | Start manage user controller.
2020/11/05 13:47:32.737 [INFO] [UMS.Controllers.AccountController]  LineLogin:AccountController.cs:46 | Start account controller.
2020/11/05 13:48:00.066 [INFO] [Microsoft.Hosting.Lifetime]   | Now listening on: https://localhost:44346
2020/11/05 13:48:00.321 [INFO] [Microsoft.Hosting.Lifetime]   | Application started. Press Ctrl+C to shut down.
2020/11/05 13:48:00.321 [INFO] [Microsoft.Hosting.Lifetime]   | Hosting environment: Development
2020/11/05 13:48:00.321 [INFO] [Microsoft.Hosting.Lifetime]   | Content root path: C:\Users\Namchok\Desktop\สหกิจ\ums\UMS
2020/11/05 13:48:00.905 [INFO] [UMS.Controllers.ManageUserController]  ManageUserController.cs:42 | Start manage user controller.
2020/11/05 13:48:00.910 [INFO] [UMS.Areas.Identity.Pages.Account.LoginModel]  Login.cshtml.cs:49 | Start login model.
2020/11/05 13:48:00.941 [DEBUG] [UMS.Areas.Identity.Pages.Account.LoginModel]  Login.cshtml.cs:106 | Getting external authentication scheme.
2020/11/05 13:48:02.553 [INFO] [UMS.Controllers.ManageUserController]  LineLogin:ManageUserController.cs:42 | Start manage user controller.
2020/11/05 13:48:02.553 [INFO] [UMS.Controllers.AccountController]  LineLogin:AccountController.cs:46 | Start account controller.
2020/11/05 14:07:33.186 [INFO] [Microsoft.Hosting.Lifetime]   | Now listening on: https://localhost:44346
2020/11/05 14:07:33.450 [INFO] [Microsoft.Hosting.Lifetime]   | Application started. Press Ctrl+C to shut down.
2020/11/05 14:07:33.450 [INFO] [Microsoft.Hosting.Lifetime]   | Hosting environment: Development
2020/11/05 14:07:33.459 [INFO] [Microsoft.Hosting.Lifetime]   | Content root path: C:\Users\Namchok\Desktop\สหกิจ\ums\UMS
2020/11/05 14:07:33.963 [INFO] [UMS.Controllers.ManageUserController]  ManageUserController.cs:42 | Start manage user controller.
2020/11/05 14:07:33.963 [INFO] [UMS.Areas.Identity.Pages.Account.LoginModel]  Login.cshtml.cs:49 | Start login model.
2020/11/05 14:07:33.988 [DEBUG] [UMS.Areas.Identity.Pages.Account.LoginModel]  Login.cshtml.cs:106 | Getting external authentication scheme.
2020/11/05 14:07:35.708 [INFO] [UMS.Controllers.ManageUserController]  LineLogin:ManageUserController.cs:42 | Start manage user controller.
2020/11/05 14:07:35.708 [INFO] [UMS.Controllers.AccountController]  LineLogin:AccountController.cs:46 | Start account controller.
2020/11/05 14:10:44.258 [INFO] [Microsoft.Hosting.Lifetime]   | Now listening on: https://localhost:44346
2020/11/05 14:10:44.507 [INFO] [Microsoft.Hosting.Lifetime]   | Application started. Press Ctrl+C to shut down.
2020/11/05 14:10:44.507 [INFO] [Microsoft.Hosting.Lifetime]   | Hosting environment: Development
2020/11/05 14:10:44.507 [INFO] [Microsoft.Hosting.Lifetime]   | Content root path: C:\Users\Namchok\Desktop\สหกิจ\ums\UMS
2020/11/05 14:11:27.721 [INFO] [Microsoft.Hosting.Lifetime]   | Application is shutting down...
2020/11/05 14:11:55.869 [INFO] [Microsoft.Hosting.Lifetime]   | Now listening on: https://localhost:44346
2020/11/05 14:11:56.094 [INFO] [Microsoft.Hosting.Lifetime]   | Application started. Press Ctrl+C to shut down.
2020/11/05 14:11:56.098 [INFO] [Microsoft.Hosting.Lifetime]   | Hosting environment: Development
2020/11/05 14:11:56.098 [INFO] [Microsoft.Hosting.Lifetime]   | Content root path: C:\Users\Namchok\Desktop\สหกิจ\ums\UMS
2020/11/05 14:12:27.328 [INFO] [Microsoft.Hosting.Lifetime]   | Application is shutting down...
2020/11/05 14:20:01.573 [INFO] [Microsoft.Hosting.Lifetime]   | Now listening on: https://localhost:44346
2020/11/05 14:20:01.805 [INFO] [Microsoft.Hosting.Lifetime]   | Application started. Press Ctrl+C to shut down.
2020/11/05 14:20:01.805 [INFO] [Microsoft.Hosting.Lifetime]   | Hosting environment: Development
2020/11/05 14:20:01.805 [INFO] [Microsoft.Hosting.Lifetime]   | Content root path: C:\Users\Namchok\Desktop\สหกิจ\ums\UMS
2020/11/05 14:20:02.636 [INFO] [UMS.Controllers.ManageUserController]  ManageUserController.cs:42 | Start manage user controller.
2020/11/05 14:20:02.636 [INFO] [UMS.Areas.Identity.Pages.Account.LoginModel]  Login.cshtml.cs:49 | Start login model.
2020/11/05 14:20:02.677 [DEBUG] [UMS.Areas.Identity.Pages.Account.LoginModel]  Login.cshtml.cs:106 | Getting external authentication scheme.
2020/11/05 14:21:21.371 [INFO] [Microsoft.Hosting.Lifetime]   | Now listening on: https://localhost:44346
2020/11/05 14:21:21.607 [INFO] [Microsoft.Hosting.Lifetime]   | Application started. Press Ctrl+C to shut down.
2020/11/05 14:21:21.612 [INFO] [Microsoft.Hosting.Lifetime]   | Hosting environment: Development
2020/11/05 14:21:21.612 [INFO] [Microsoft.Hosting.Lifetime]   | Content root path: C:\Users\Namchok\Desktop\สหกิจ\ums\UMS
2020/11/05 14:21:22.305 [INFO] [UMS.Controllers.ManageUserController]  ManageUserController.cs:42 | Start manage user controller.
2020/11/05 14:21:22.305 [INFO] [UMS.Areas.Identity.Pages.Account.LoginModel]  Login.cshtml.cs:49 | Start login model.
2020/11/05 14:21:22.333 [DEBUG] [UMS.Areas.Identity.Pages.Account.LoginModel]  Login.cshtml.cs:106 | Getting external authentication scheme.
2020/11/05 14:21:23.863 [INFO] [UMS.Controllers.ManageUserController]  LineLogin:ManageUserController.cs:42 | Start manage user controller.
2020/11/05 14:21:23.863 [INFO] [UMS.Controllers.AccountController]  LineLogin:AccountController.cs:46 | Start account controller.
2020/11/05 14:23:23.062 [INFO] [Microsoft.Hosting.Lifetime]   | Now listening on: https://localhost:44346
2020/11/05 14:23:23.295 [INFO] [Microsoft.Hosting.Lifetime]   | Application started. Press Ctrl+C to shut down.
2020/11/05 14:23:23.300 [INFO] [Microsoft.Hosting.Lifetime]   | Hosting environment: Development
2020/11/05 14:23:23.300 [INFO] [Microsoft.Hosting.Lifetime]   | Content root path: C:\Users\Namchok\Desktop\สหกิจ\ums\UMS
2020/11/05 14:23:24.081 [INFO] [UMS.Controllers.ManageUserController]  ManageUserController.cs:42 | Start manage user controller.
2020/11/05 14:23:24.100 [INFO] [UMS.Areas.Identity.Pages.Account.LoginModel]  Login.cshtml.cs:49 | Start login model.
2020/11/05 14:23:24.132 [DEBUG] [UMS.Areas.Identity.Pages.Account.LoginModel]  Login.cshtml.cs:106 | Getting external authentication scheme.
2020/11/05 14:23:25.331 [INFO] [UMS.Controllers.ManageUserController]  LineLogin:ManageUserController.cs:42 | Start manage user controller.
2020/11/05 14:23:25.331 [INFO] [UMS.Controllers.AccountController]  LineLogin:AccountController.cs:46 | Start account controller.
2020/11/05 14:23:27.353 [INFO] [UMS.Controllers.ManageUserController]  ManageUserController.cs:42 | Start manage user controller.
2020/11/05 14:23:27.353 [INFO] [UMS.Areas.Identity.Pages.Account.LoginModel]  Login.cshtml.cs:49 | Start login model.
2020/11/05 14:23:27.364 [DEBUG] [UMS.Areas.Identity.Pages.Account.LoginModel]  Login.cshtml.cs:106 | Getting external authentication scheme.
2020/11/05 14:24:28.614 [INFO] [Microsoft.Hosting.Lifetime]   | Now listening on: https://localhost:44346
2020/11/05 14:24:28.853 [INFO] [Microsoft.Hosting.Lifetime]   | Application started. Press Ctrl+C to shut down.
2020/11/05 14:24:28.853 [INFO] [Microsoft.Hosting.Lifetime]   | Hosting environment: Development
2020/11/05 14:24:28.863 [INFO] [Microsoft.Hosting.Lifetime]   | Content root path: C:\Users\Namchok\Desktop\สหกิจ\ums\UMS
2020/11/05 14:24:29.436 [INFO] [UMS.Controllers.ManageUserController]  ManageUserController.cs:42 | Start manage user controller.
2020/11/05 14:24:29.441 [INFO] [UMS.Areas.Identity.Pages.Account.LoginModel]  Login.cshtml.cs:49 | Start login model.
2020/11/05 14:24:29.461 [DEBUG] [UMS.Areas.Identity.Pages.Account.LoginModel]  Login.cshtml.cs:106 | Getting external authentication scheme.
2020/11/05 14:38:46.267 [INFO] [Microsoft.Hosting.Lifetime]   | Now listening on: https://localhost:44346
2020/11/05 14:38:46.532 [INFO] [Microsoft.Hosting.Lifetime]   | Application started. Press Ctrl+C to shut down.
2020/11/05 14:38:46.537 [INFO] [Microsoft.Hosting.Lifetime]   | Hosting environment: Development
2020/11/05 14:38:46.537 [INFO] [Microsoft.Hosting.Lifetime]   | Content root path: C:\Users\Namchok\Desktop\สหกิจ\ums\UMS
2020/11/05 14:38:47.180 [INFO] [UMS.Controllers.ManageUserController]  ManageUserController.cs:42 | Start manage user controller.
2020/11/05 14:38:47.180 [INFO] [UMS.Areas.Identity.Pages.Account.LoginModel]  Login.cshtml.cs:49 | Start login model.
2020/11/05 14:38:47.208 [DEBUG] [UMS.Areas.Identity.Pages.Account.LoginModel]  Login.cshtml.cs:106 | Getting external authentication scheme.
2020/11/05 14:38:48.747 [INFO] [UMS.Controllers.ManageUserController]  LineLogin:ManageUserController.cs:42 | Start manage user controller.
2020/11/05 14:38:48.756 [INFO] [UMS.Controllers.AccountController]  LineLogin:AccountController.cs:46 | Start account controller.
2020/11/05 14:41:03.338 [INFO] [Microsoft.Hosting.Lifetime]   | Now listening on: https://localhost:44346
2020/11/05 14:41:03.576 [INFO] [Microsoft.Hosting.Lifetime]   | Application started. Press Ctrl+C to shut down.
2020/11/05 14:41:03.576 [INFO] [Microsoft.Hosting.Lifetime]   | Hosting environment: Development
2020/11/05 14:41:03.585 [INFO] [Microsoft.Hosting.Lifetime]   | Content root path: C:\Users\Namchok\Desktop\สหกิจ\ums\UMS
2020/11/05 14:41:04.136 [ERROR] [Microsoft.AspNetCore.Diagnostics.DeveloperExceptionPageMiddleware]  Index: | An unhandled exception has occurred while executing the request.System.InvalidOperationException: Provide Authority, MetadataAddress, Configuration, or ConfigurationManager to OpenIdConnectOptions
   at Microsoft.AspNetCore.Authentication.OpenIdConnect.OpenIdConnectOptions.Validate()
   at Microsoft.AspNetCore.Authentication.RemoteAuthenticationOptions.Validate(String scheme)
   at Microsoft.AspNetCore.Authentication.AuthenticationBuilder.<>c__DisplayClass4_0`2.<AddSchemeHelper>b__1(TOptions o)
   at Microsoft.Extensions.Options.ValidateOptions`1.Validate(String name, TOptions options)
   at Microsoft.Extensions.Options.OptionsFactory`1.Create(String name)
   at Microsoft.Extensions.Options.OptionsMonitor`1.<>c__DisplayClass11_0.<Get>b__0()
   at System.Lazy`1.ViaFactory(LazyThreadSafetyMode mode)
   at System.Lazy`1.ExecutionAndPublication(LazyHelper executionAndPublication, Boolean useDefaultConstructor)
   at System.Lazy`1.CreateValue()
   at System.Lazy`1.get_Value()
   at Microsoft.Extensions.Options.OptionsCache`1.GetOrAdd(String name, Func`1 createOptions)
   at Microsoft.Extensions.Options.OptionsMonitor`1.Get(String name)
   at Microsoft.AspNetCore.Authentication.AuthenticationHandler`1.InitializeAsync(AuthenticationScheme scheme, HttpContext context)
   at Microsoft.AspNetCore.Authentication.AuthenticationHandlerProvider.GetHandlerAsync(HttpContext context, String authenticationScheme)
   at Microsoft.AspNetCore.Authentication.AuthenticationMiddleware.Invoke(HttpContext context)
   at Microsoft.AspNetCore.Diagnostics.DeveloperExceptionPageMiddleware.Invoke(HttpContext context)
2020/11/05 14:41:37.815 [INFO] [Microsoft.Hosting.Lifetime]   | Now listening on: https://localhost:44346
2020/11/05 14:41:38.102 [INFO] [Microsoft.Hosting.Lifetime]   | Application started. Press Ctrl+C to shut down.
2020/11/05 14:41:38.102 [INFO] [Microsoft.Hosting.Lifetime]   | Hosting environment: Development
2020/11/05 14:41:38.102 [INFO] [Microsoft.Hosting.Lifetime]   | Content root path: C:\Users\Namchok\Desktop\สหกิจ\ums\UMS
2020/11/05 14:41:38.490 [ERROR] [Microsoft.AspNetCore.Diagnostics.DeveloperExceptionPageMiddleware]  Index: | An unhandled exception has occurred while executing the request.System.InvalidOperationException: Provide Authority, MetadataAddress, Configuration, or ConfigurationManager to OpenIdConnectOptions
   at Microsoft.AspNetCore.Authentication.OpenIdConnect.OpenIdConnectOptions.Validate()
   at Microsoft.AspNetCore.Authentication.RemoteAuthenticationOptions.Validate(String scheme)
   at Microsoft.AspNetCore.Authentication.AuthenticationBuilder.<>c__DisplayClass4_0`2.<AddSchemeHelper>b__1(TOptions o)
   at Microsoft.Extensions.Options.ValidateOptions`1.Validate(String name, TOptions options)
   at Microsoft.Extensions.Options.OptionsFactory`1.Create(String name)
   at Microsoft.Extensions.Options.OptionsMonitor`1.<>c__DisplayClass11_0.<Get>b__0()
   at System.Lazy`1.ViaFactory(LazyThreadSafetyMode mode)
   at System.Lazy`1.ExecutionAndPublication(LazyHelper executionAndPublication, Boolean useDefaultConstructor)
   at System.Lazy`1.CreateValue()
   at System.Lazy`1.get_Value()
   at Microsoft.Extensions.Options.OptionsCache`1.GetOrAdd(String name, Func`1 createOptions)
   at Microsoft.Extensions.Options.OptionsMonitor`1.Get(String name)
   at Microsoft.AspNetCore.Authentication.AuthenticationHandler`1.InitializeAsync(AuthenticationScheme scheme, HttpContext context)
   at Microsoft.AspNetCore.Authentication.AuthenticationHandlerProvider.GetHandlerAsync(HttpContext context, String authenticationScheme)
   at Microsoft.AspNetCore.Authentication.AuthenticationMiddleware.Invoke(HttpContext context)
   at Microsoft.AspNetCore.Diagnostics.DeveloperExceptionPageMiddleware.Invoke(HttpContext context)
2020/11/05 14:41:53.320 [INFO] [Microsoft.Hosting.Lifetime]   | Now listening on: https://localhost:44346
2020/11/05 14:41:53.588 [INFO] [Microsoft.Hosting.Lifetime]   | Application started. Press Ctrl+C to shut down.
2020/11/05 14:41:53.588 [INFO] [Microsoft.Hosting.Lifetime]   | Hosting environment: Development
2020/11/05 14:41:53.597 [INFO] [Microsoft.Hosting.Lifetime]   | Content root path: C:\Users\Namchok\Desktop\สหกิจ\ums\UMS
2020/11/05 14:41:54.012 [ERROR] [Microsoft.AspNetCore.Diagnostics.DeveloperExceptionPageMiddleware]  Index: | An unhandled exception has occurred while executing the request.System.InvalidOperationException: Provide Authority, MetadataAddress, Configuration, or ConfigurationManager to OpenIdConnectOptions
   at Microsoft.AspNetCore.Authentication.OpenIdConnect.OpenIdConnectOptions.Validate()
   at Microsoft.AspNetCore.Authentication.RemoteAuthenticationOptions.Validate(String scheme)
   at Microsoft.AspNetCore.Authentication.AuthenticationBuilder.<>c__DisplayClass4_0`2.<AddSchemeHelper>b__1(TOptions o)
   at Microsoft.Extensions.Options.ValidateOptions`1.Validate(String name, TOptions options)
   at Microsoft.Extensions.Options.OptionsFactory`1.Create(String name)
   at Microsoft.Extensions.Options.OptionsMonitor`1.<>c__DisplayClass11_0.<Get>b__0()
   at System.Lazy`1.ViaFactory(LazyThreadSafetyMode mode)
   at System.Lazy`1.ExecutionAndPublication(LazyHelper executionAndPublication, Boolean useDefaultConstructor)
   at System.Lazy`1.CreateValue()
   at System.Lazy`1.get_Value()
   at Microsoft.Extensions.Options.OptionsCache`1.GetOrAdd(String name, Func`1 createOptions)
   at Microsoft.Extensions.Options.OptionsMonitor`1.Get(String name)
   at Microsoft.AspNetCore.Authentication.AuthenticationHandler`1.InitializeAsync(AuthenticationScheme scheme, HttpContext context)
   at Microsoft.AspNetCore.Authentication.AuthenticationHandlerProvider.GetHandlerAsync(HttpContext context, String authenticationScheme)
   at Microsoft.AspNetCore.Authentication.AuthenticationMiddleware.Invoke(HttpContext context)
   at Microsoft.AspNetCore.Diagnostics.DeveloperExceptionPageMiddleware.Invoke(HttpContext context)
2020/11/05 14:42:41.764 [INFO] [Microsoft.Hosting.Lifetime]   | Now listening on: https://localhost:44346
2020/11/05 14:42:41.998 [INFO] [Microsoft.Hosting.Lifetime]   | Application started. Press Ctrl+C to shut down.
2020/11/05 14:42:42.007 [INFO] [Microsoft.Hosting.Lifetime]   | Hosting environment: Development
2020/11/05 14:42:42.007 [INFO] [Microsoft.Hosting.Lifetime]   | Content root path: C:\Users\Namchok\Desktop\สหกิจ\ums\UMS
2020/11/05 14:42:53.255 [INFO] [Microsoft.Hosting.Lifetime]   | Application is shutting down...
2020/11/05 14:43:04.162 [INFO] [Microsoft.Hosting.Lifetime]   | Now listening on: https://localhost:44346
2020/11/05 14:43:04.398 [INFO] [Microsoft.Hosting.Lifetime]   | Application started. Press Ctrl+C to shut down.
2020/11/05 14:43:04.398 [INFO] [Microsoft.Hosting.Lifetime]   | Hosting environment: Development
2020/11/05 14:43:04.411 [INFO] [Microsoft.Hosting.Lifetime]   | Content root path: C:\Users\Namchok\Desktop\สหกิจ\ums\UMS
2020/11/05 14:43:22.399 [INFO] [Microsoft.Hosting.Lifetime]   | Now listening on: https://localhost:44346
2020/11/05 14:43:22.624 [INFO] [Microsoft.Hosting.Lifetime]   | Application started. Press Ctrl+C to shut down.
2020/11/05 14:43:22.629 [INFO] [Microsoft.Hosting.Lifetime]   | Hosting environment: Development
2020/11/05 14:43:22.629 [INFO] [Microsoft.Hosting.Lifetime]   | Content root path: C:\Users\Namchok\Desktop\สหกิจ\ums\UMS
2020/11/05 14:43:40.805 [INFO] [Microsoft.Hosting.Lifetime]   | Now listening on: https://localhost:44346
2020/11/05 14:43:41.085 [INFO] [Microsoft.Hosting.Lifetime]   | Application started. Press Ctrl+C to shut down.
2020/11/05 14:43:41.085 [INFO] [Microsoft.Hosting.Lifetime]   | Hosting environment: Development
2020/11/05 14:43:41.100 [INFO] [Microsoft.Hosting.Lifetime]   | Content root path: C:\Users\Namchok\Desktop\สหกิจ\ums\UMS
2020/11/05 14:44:13.707 [INFO] [Microsoft.Hosting.Lifetime]   | Now listening on: https://localhost:44346
2020/11/05 14:44:13.929 [INFO] [Microsoft.Hosting.Lifetime]   | Application started. Press Ctrl+C to shut down.
2020/11/05 14:44:13.929 [INFO] [Microsoft.Hosting.Lifetime]   | Hosting environment: Development
2020/11/05 14:44:13.942 [INFO] [Microsoft.Hosting.Lifetime]   | Content root path: C:\Users\Namchok\Desktop\สหกิจ\ums\UMS
2020/11/05 14:44:39.137 [INFO] [Microsoft.Hosting.Lifetime]   | Now listening on: https://localhost:44346
2020/11/05 14:44:39.380 [INFO] [Microsoft.Hosting.Lifetime]   | Application started. Press Ctrl+C to shut down.
2020/11/05 14:44:39.380 [INFO] [Microsoft.Hosting.Lifetime]   | Hosting environment: Development
2020/11/05 14:44:39.380 [INFO] [Microsoft.Hosting.Lifetime]   | Content root path: C:\Users\Namchok\Desktop\สหกิจ\ums\UMS
2020/11/05 14:44:46.260 [INFO] [Microsoft.Hosting.Lifetime]   | Application is shutting down...
2020/11/05 14:44:56.180 [INFO] [Microsoft.Hosting.Lifetime]   | Now listening on: https://localhost:44346
2020/11/05 14:44:56.409 [INFO] [Microsoft.Hosting.Lifetime]   | Application started. Press Ctrl+C to shut down.
2020/11/05 14:44:56.413 [INFO] [Microsoft.Hosting.Lifetime]   | Hosting environment: Development
2020/11/05 14:44:56.413 [INFO] [Microsoft.Hosting.Lifetime]   | Content root path: C:\Users\Namchok\Desktop\สหกิจ\ums\UMS
2020/11/05 14:44:57.093 [INFO] [UMS.Controllers.ManageUserController]  ManageUserController.cs:42 | Start manage user controller.
2020/11/05 14:44:57.099 [INFO] [UMS.Areas.Identity.Pages.Account.LoginModel]  Login.cshtml.cs:49 | Start login model.
2020/11/05 14:44:57.131 [DEBUG] [UMS.Areas.Identity.Pages.Account.LoginModel]  Login.cshtml.cs:106 | Getting external authentication scheme.
2020/11/05 14:44:59.138 [INFO] [UMS.Controllers.ManageUserController]  LineLogin:ManageUserController.cs:42 | Start manage user controller.
2020/11/05 14:44:59.149 [INFO] [UMS.Controllers.AccountController]  LineLogin:AccountController.cs:46 | Start account controller.
2020/11/05 14:57:34.444 [INFO] [Microsoft.Hosting.Lifetime]   | Now listening on: https://localhost:44346
2020/11/05 14:57:34.700 [INFO] [Microsoft.Hosting.Lifetime]   | Application started. Press Ctrl+C to shut down.
2020/11/05 14:57:34.700 [INFO] [Microsoft.Hosting.Lifetime]   | Hosting environment: Development
2020/11/05 14:57:34.714 [INFO] [Microsoft.Hosting.Lifetime]   | Content root path: C:\Users\Namchok\Desktop\สหกิจ\ums\UMS
2020/11/05 14:57:35.378 [INFO] [UMS.Controllers.ManageUserController]  ManageUserController.cs:42 | Start manage user controller.
2020/11/05 14:57:35.399 [INFO] [UMS.Areas.Identity.Pages.Account.LoginModel]  Login.cshtml.cs:49 | Start login model.
2020/11/05 14:57:35.429 [DEBUG] [UMS.Areas.Identity.Pages.Account.LoginModel]  Login.cshtml.cs:106 | Getting external authentication scheme.
2020/11/05 14:58:48.311 [INFO] [Microsoft.Hosting.Lifetime]   | Now listening on: https://localhost:44346
2020/11/05 14:58:48.580 [INFO] [Microsoft.Hosting.Lifetime]   | Application started. Press Ctrl+C to shut down.
2020/11/05 14:58:48.585 [INFO] [Microsoft.Hosting.Lifetime]   | Hosting environment: Development
2020/11/05 14:58:48.585 [INFO] [Microsoft.Hosting.Lifetime]   | Content root path: C:\Users\Namchok\Desktop\สหกิจ\ums\UMS
2020/11/05 14:58:49.176 [INFO] [UMS.Controllers.ManageUserController]  ManageUserController.cs:42 | Start manage user controller.
2020/11/05 14:58:49.195 [INFO] [UMS.Areas.Identity.Pages.Account.LoginModel]  Login.cshtml.cs:49 | Start login model.
2020/11/05 14:58:49.223 [DEBUG] [UMS.Areas.Identity.Pages.Account.LoginModel]  Login.cshtml.cs:106 | Getting external authentication scheme.
2020/11/05 14:58:50.974 [INFO] [UMS.Controllers.ManageUserController]  LineLogin:ManageUserController.cs:42 | Start manage user controller.
2020/11/05 14:58:50.974 [INFO] [UMS.Controllers.AccountController]  LineLogin:AccountController.cs:46 | Start account controller.
2020/11/05 14:59:30.512 [INFO] [Microsoft.Hosting.Lifetime]   | Now listening on: https://localhost:44346
2020/11/05 14:59:30.766 [INFO] [Microsoft.Hosting.Lifetime]   | Application started. Press Ctrl+C to shut down.
2020/11/05 14:59:30.771 [INFO] [Microsoft.Hosting.Lifetime]   | Hosting environment: Development
2020/11/05 14:59:30.771 [INFO] [Microsoft.Hosting.Lifetime]   | Content root path: C:\Users\Namchok\Desktop\สหกิจ\ums\UMS
2020/11/05 14:59:31.544 [INFO] [UMS.Controllers.ManageUserController]  ManageUserController.cs:42 | Start manage user controller.
2020/11/05 14:59:31.544 [INFO] [UMS.Areas.Identity.Pages.Account.LoginModel]  Login.cshtml.cs:49 | Start login model.
2020/11/05 14:59:31.569 [DEBUG] [UMS.Areas.Identity.Pages.Account.LoginModel]  Login.cshtml.cs:106 | Getting external authentication scheme.
2020/11/05 14:59:33.008 [INFO] [UMS.Controllers.ManageUserController]  LineLogin:ManageUserController.cs:42 | Start manage user controller.
2020/11/05 14:59:33.008 [INFO] [UMS.Controllers.AccountController]  LineLogin:AccountController.cs:46 | Start account controller.
2020/11/05 14:59:51.865 [INFO] [Microsoft.Hosting.Lifetime]   | Now listening on: https://localhost:44346
2020/11/05 14:59:52.090 [INFO] [Microsoft.Hosting.Lifetime]   | Application started. Press Ctrl+C to shut down.
2020/11/05 14:59:52.090 [INFO] [Microsoft.Hosting.Lifetime]   | Hosting environment: Development
2020/11/05 14:59:52.099 [INFO] [Microsoft.Hosting.Lifetime]   | Content root path: C:\Users\Namchok\Desktop\สหกิจ\ums\UMS
2020/11/05 14:59:52.916 [INFO] [UMS.Controllers.ManageUserController]  ManageUserController.cs:42 | Start manage user controller.
2020/11/05 14:59:52.916 [INFO] [UMS.Areas.Identity.Pages.Account.LoginModel]  Login.cshtml.cs:49 | Start login model.
2020/11/05 14:59:52.943 [DEBUG] [UMS.Areas.Identity.Pages.Account.LoginModel]  Login.cshtml.cs:106 | Getting external authentication scheme.
2020/11/05 14:59:55.807 [INFO] [UMS.Controllers.ManageUserController]  LineLogin:ManageUserController.cs:42 | Start manage user controller.
2020/11/05 14:59:55.816 [INFO] [UMS.Controllers.AccountController]  LineLogin:AccountController.cs:46 | Start account controller.
2020/11/05 15:12:59.877 [INFO] [Microsoft.Hosting.Lifetime]   | Now listening on: https://localhost:44346
2020/11/05 15:13:00.128 [INFO] [Microsoft.Hosting.Lifetime]   | Application started. Press Ctrl+C to shut down.
2020/11/05 15:13:00.128 [INFO] [Microsoft.Hosting.Lifetime]   | Hosting environment: Development
2020/11/05 15:13:00.128 [INFO] [Microsoft.Hosting.Lifetime]   | Content root path: C:\Users\Namchok\Desktop\สหกิจ\ums\UMS
2020/11/05 15:13:00.828 [INFO] [UMS.Controllers.ManageUserController]  ManageUserController.cs:42 | Start manage user controller.
2020/11/05 15:13:00.833 [INFO] [UMS.Areas.Identity.Pages.Account.LoginModel]  Login.cshtml.cs:49 | Start login model.
2020/11/05 15:13:00.853 [DEBUG] [UMS.Areas.Identity.Pages.Account.LoginModel]  Login.cshtml.cs:106 | Getting external authentication scheme.
2020/11/05 15:13:02.490 [INFO] [UMS.Controllers.ManageUserController]  LineLogin:ManageUserController.cs:42 | Start manage user controller.
2020/11/05 15:13:02.490 [INFO] [UMS.Controllers.AccountController]  LineLogin:AccountController.cs:46 | Start account controller.
2020/11/05 15:13:06.397 [INFO] [UMS.Controllers.ManageUserController]  ManageUserController.cs:42 | Start manage user controller.
2020/11/05 15:13:06.412 [INFO] [UMS.Areas.Identity.Pages.Account.LoginModel]  Login.cshtml.cs:49 | Start login model.
2020/11/05 15:13:06.412 [DEBUG] [UMS.Areas.Identity.Pages.Account.LoginModel]  Login.cshtml.cs:106 | Getting external authentication scheme.
2020/11/05 15:13:54.833 [INFO] [Microsoft.Hosting.Lifetime]   | Now listening on: https://localhost:44346
2020/11/05 15:13:55.075 [INFO] [Microsoft.Hosting.Lifetime]   | Application started. Press Ctrl+C to shut down.
2020/11/05 15:13:55.075 [INFO] [Microsoft.Hosting.Lifetime]   | Hosting environment: Development
2020/11/05 15:13:55.084 [INFO] [Microsoft.Hosting.Lifetime]   | Content root path: C:\Users\Namchok\Desktop\สหกิจ\ums\UMS
2020/11/05 15:13:55.663 [INFO] [UMS.Controllers.ManageUserController]  ManageUserController.cs:42 | Start manage user controller.
2020/11/05 15:13:55.663 [INFO] [UMS.Areas.Identity.Pages.Account.LoginModel]  Login.cshtml.cs:49 | Start login model.
2020/11/05 15:13:55.692 [DEBUG] [UMS.Areas.Identity.Pages.Account.LoginModel]  Login.cshtml.cs:106 | Getting external authentication scheme.
2020/11/05 15:13:57.412 [INFO] [UMS.Controllers.ManageUserController]  LineLogin:ManageUserController.cs:42 | Start manage user controller.
2020/11/05 15:13:57.412 [INFO] [UMS.Controllers.AccountController]  LineLogin:AccountController.cs:46 | Start account controller.
2020/11/05 15:18:24.544 [INFO] [Microsoft.Hosting.Lifetime]   | Now listening on: https://localhost:44346
2020/11/05 15:18:24.774 [INFO] [Microsoft.Hosting.Lifetime]   | Application started. Press Ctrl+C to shut down.
2020/11/05 15:18:24.774 [INFO] [Microsoft.Hosting.Lifetime]   | Hosting environment: Development
2020/11/05 15:18:24.774 [INFO] [Microsoft.Hosting.Lifetime]   | Content root path: C:\Users\Namchok\Desktop\สหกิจ\ums\UMS
2020/11/05 15:18:25.472 [INFO] [UMS.Controllers.ManageUserController]  ManageUserController.cs:42 | Start manage user controller.
2020/11/05 15:18:25.490 [INFO] [UMS.Areas.Identity.Pages.Account.LoginModel]  Login.cshtml.cs:49 | Start login model.
2020/11/05 15:18:25.522 [DEBUG] [UMS.Areas.Identity.Pages.Account.LoginModel]  Login.cshtml.cs:106 | Getting external authentication scheme.
2020/11/05 15:18:26.895 [INFO] [UMS.Controllers.ManageUserController]  LineLogin:ManageUserController.cs:42 | Start manage user controller.
2020/11/05 15:18:26.895 [INFO] [UMS.Controllers.AccountController]  LineLogin:AccountController.cs:46 | Start account controller.
2020/11/05 15:19:00.568 [INFO] [UMS.Controllers.ManageUserController]  ManageUserController.cs:42 | Start manage user controller.
2020/11/05 15:19:00.568 [INFO] [UMS.Areas.Identity.Pages.Account.LoginModel]  Login.cshtml.cs:49 | Start login model.
2020/11/05 15:19:00.581 [DEBUG] [UMS.Areas.Identity.Pages.Account.LoginModel]  Login.cshtml.cs:106 | Getting external authentication scheme.
2020/11/05 15:19:05.192 [INFO] [UMS.Controllers.ManageUserController]  LineLogin:ManageUserController.cs:42 | Start manage user controller.
2020/11/05 15:19:05.192 [INFO] [UMS.Controllers.AccountController]  LineLogin:AccountController.cs:46 | Start account controller.
2020/11/05 15:21:23.622 [INFO] [Microsoft.Hosting.Lifetime]   | Now listening on: https://localhost:44346
2020/11/05 15:21:23.858 [INFO] [Microsoft.Hosting.Lifetime]   | Application started. Press Ctrl+C to shut down.
2020/11/05 15:21:23.863 [INFO] [Microsoft.Hosting.Lifetime]   | Hosting environment: Development
2020/11/05 15:21:23.863 [INFO] [Microsoft.Hosting.Lifetime]   | Content root path: C:\Users\Namchok\Desktop\สหกิจ\ums\UMS
2020/11/05 15:21:41.410 [INFO] [Microsoft.Hosting.Lifetime]   | Now listening on: https://localhost:44346
2020/11/05 15:21:41.630 [INFO] [Microsoft.Hosting.Lifetime]   | Application started. Press Ctrl+C to shut down.
2020/11/05 15:21:41.630 [INFO] [Microsoft.Hosting.Lifetime]   | Hosting environment: Development
2020/11/05 15:21:41.630 [INFO] [Microsoft.Hosting.Lifetime]   | Content root path: C:\Users\Namchok\Desktop\สหกิจ\ums\UMS
2020/11/05 15:21:42.312 [INFO] [UMS.Controllers.ManageUserController]  ManageUserController.cs:42 | Start manage user controller.
2020/11/05 15:21:42.318 [INFO] [UMS.Areas.Identity.Pages.Account.LoginModel]  Login.cshtml.cs:49 | Start login model.
2020/11/05 15:21:42.348 [DEBUG] [UMS.Areas.Identity.Pages.Account.LoginModel]  Login.cshtml.cs:106 | Getting external authentication scheme.
2020/11/05 15:21:43.802 [INFO] [UMS.Controllers.ManageUserController]  LineLogin:ManageUserController.cs:42 | Start manage user controller.
2020/11/05 15:21:43.802 [INFO] [UMS.Controllers.AccountController]  LineLogin:AccountController.cs:46 | Start account controller.
2020/11/05 15:21:57.011 [INFO] [UMS.Controllers.ManageUserController]  ManageUserController.cs:42 | Start manage user controller.
2020/11/05 15:21:57.011 [INFO] [UMS.Areas.Identity.Pages.Account.LoginModel]  Login.cshtml.cs:49 | Start login model.
2020/11/05 15:21:57.019 [DEBUG] [UMS.Areas.Identity.Pages.Account.LoginModel]  Login.cshtml.cs:106 | Getting external authentication scheme.
2020/11/05 15:22:18.402 [INFO] [UMS.Controllers.ManageUserController]  LineLogin:ManageUserController.cs:42 | Start manage user controller.
2020/11/05 15:22:18.402 [INFO] [UMS.Controllers.AccountController]  LineLogin:AccountController.cs:46 | Start account controller.
2020/11/05 15:24:44.652 [INFO] [UMS.Controllers.ManageUserController]  ManageUserController.cs:42 | Start manage user controller.
2020/11/05 15:24:44.663 [INFO] [UMS.Areas.Identity.Pages.Account.LoginModel]  Login.cshtml.cs:49 | Start login model.
2020/11/05 15:24:44.663 [DEBUG] [UMS.Areas.Identity.Pages.Account.LoginModel]  Login.cshtml.cs:106 | Getting external authentication scheme.
2020/11/05 15:28:14.034 [INFO] [Microsoft.Hosting.Lifetime]   | Now listening on: https://localhost:44346
2020/11/05 15:28:14.284 [INFO] [Microsoft.Hosting.Lifetime]   | Application started. Press Ctrl+C to shut down.
2020/11/05 15:28:14.288 [INFO] [Microsoft.Hosting.Lifetime]   | Hosting environment: Development
2020/11/05 15:28:14.288 [INFO] [Microsoft.Hosting.Lifetime]   | Content root path: C:\Users\Namchok\Desktop\สหกิจ\ums\UMS
2020/11/05 15:28:15.105 [INFO] [UMS.Controllers.ManageUserController]  ManageUserController.cs:42 | Start manage user controller.
2020/11/05 15:28:15.105 [INFO] [UMS.Areas.Identity.Pages.Account.LoginModel]  Login.cshtml.cs:49 | Start login model.
2020/11/05 15:28:15.133 [DEBUG] [UMS.Areas.Identity.Pages.Account.LoginModel]  Login.cshtml.cs:106 | Getting external authentication scheme.
2020/11/05 15:28:16.924 [INFO] [UMS.Controllers.ManageUserController]  LineLogin:ManageUserController.cs:42 | Start manage user controller.
2020/11/05 15:28:16.924 [INFO] [UMS.Controllers.AccountController]  LineLogin:AccountController.cs:46 | Start account controller.
2020/11/05 15:28:50.562 [INFO] [Microsoft.Hosting.Lifetime]   | Now listening on: https://localhost:44346
2020/11/05 15:28:50.801 [INFO] [Microsoft.Hosting.Lifetime]   | Application started. Press Ctrl+C to shut down.
2020/11/05 15:28:50.801 [INFO] [Microsoft.Hosting.Lifetime]   | Hosting environment: Development
2020/11/05 15:28:50.801 [INFO] [Microsoft.Hosting.Lifetime]   | Content root path: C:\Users\Namchok\Desktop\สหกิจ\ums\UMS
2020/11/05 15:28:51.402 [INFO] [UMS.Controllers.ManageUserController]  ManageUserController.cs:42 | Start manage user controller.
2020/11/05 15:28:51.402 [INFO] [UMS.Areas.Identity.Pages.Account.LoginModel]  Login.cshtml.cs:49 | Start login model.
2020/11/05 15:28:51.427 [DEBUG] [UMS.Areas.Identity.Pages.Account.LoginModel]  Login.cshtml.cs:106 | Getting external authentication scheme.
2020/11/05 15:28:53.129 [INFO] [UMS.Controllers.ManageUserController]  LineLogin:ManageUserController.cs:42 | Start manage user controller.
2020/11/05 15:28:53.129 [INFO] [UMS.Controllers.AccountController]  LineLogin:AccountController.cs:46 | Start account controller.
2020/11/05 15:30:58.570 [INFO] [Microsoft.Hosting.Lifetime]   | Now listening on: https://localhost:44346
2020/11/05 15:30:58.833 [INFO] [Microsoft.Hosting.Lifetime]   | Application started. Press Ctrl+C to shut down.
2020/11/05 15:30:58.833 [INFO] [Microsoft.Hosting.Lifetime]   | Hosting environment: Development
2020/11/05 15:30:58.833 [INFO] [Microsoft.Hosting.Lifetime]   | Content root path: C:\Users\Namchok\Desktop\สหกิจ\ums\UMS
2020/11/05 15:30:59.506 [INFO] [UMS.Controllers.ManageUserController]  ManageUserController.cs:42 | Start manage user controller.
2020/11/05 15:30:59.506 [INFO] [UMS.Areas.Identity.Pages.Account.LoginModel]  Login.cshtml.cs:49 | Start login model.
2020/11/05 15:30:59.535 [DEBUG] [UMS.Areas.Identity.Pages.Account.LoginModel]  Login.cshtml.cs:106 | Getting external authentication scheme.
2020/11/05 15:31:29.010 [INFO] [UMS.Controllers.ManageUserController]  ManageUserController.cs:42 | Start manage user controller.
2020/11/05 15:31:29.010 [INFO] [UMS.Areas.Identity.Pages.Account.LoginModel]  Login.cshtml.cs:49 | Start login model.
2020/11/05 15:31:29.021 [DEBUG] [UMS.Areas.Identity.Pages.Account.LoginModel]  Login.cshtml.cs:106 | Getting external authentication scheme.
2020/11/05 15:31:32.090 [INFO] [UMS.Controllers.ManageUserController]  LineLogin:ManageUserController.cs:42 | Start manage user controller.
2020/11/05 15:31:32.090 [INFO] [UMS.Controllers.AccountController]  LineLogin:AccountController.cs:46 | Start account controller.
2020/11/05 15:32:02.426 [INFO] [Microsoft.Hosting.Lifetime]   | Now listening on: https://localhost:44346
2020/11/05 15:32:02.696 [INFO] [Microsoft.Hosting.Lifetime]   | Application started. Press Ctrl+C to shut down.
2020/11/05 15:32:02.696 [INFO] [Microsoft.Hosting.Lifetime]   | Hosting environment: Development
2020/11/05 15:32:02.706 [INFO] [Microsoft.Hosting.Lifetime]   | Content root path: C:\Users\Namchok\Desktop\สหกิจ\ums\UMS
2020/11/05 15:32:03.191 [ERROR] [Microsoft.AspNetCore.Diagnostics.DeveloperExceptionPageMiddleware]  Index: | An unhandled exception has occurred while executing the request.System.Exception: An error was encountered while handling the remote login.
 ---> System.Exception: OpenIdConnectAuthenticationHandler: message.State is null or empty.
   --- End of inner exception stack trace ---
   at Microsoft.AspNetCore.Authentication.RemoteAuthenticationHandler`1.HandleRequestAsync()
   at Microsoft.AspNetCore.Authentication.AuthenticationMiddleware.Invoke(HttpContext context)
   at Microsoft.AspNetCore.Diagnostics.DeveloperExceptionPageMiddleware.Invoke(HttpContext context)
2020/11/05 15:32:20.436 [INFO] [Microsoft.Hosting.Lifetime]   | Now listening on: https://localhost:44346
2020/11/05 15:32:20.687 [INFO] [Microsoft.Hosting.Lifetime]   | Application started. Press Ctrl+C to shut down.
2020/11/05 15:32:20.692 [INFO] [Microsoft.Hosting.Lifetime]   | Hosting environment: Development
2020/11/05 15:32:20.692 [INFO] [Microsoft.Hosting.Lifetime]   | Content root path: C:\Users\Namchok\Desktop\สหกิจ\ums\UMS
2020/11/05 15:32:21.303 [INFO] [UMS.Controllers.ManageUserController]  ManageUserController.cs:42 | Start manage user controller.
2020/11/05 15:32:21.303 [INFO] [UMS.Areas.Identity.Pages.Account.LoginModel]  Login.cshtml.cs:49 | Start login model.
2020/11/05 15:32:21.333 [DEBUG] [UMS.Areas.Identity.Pages.Account.LoginModel]  Login.cshtml.cs:106 | Getting external authentication scheme.
2020/11/05 15:32:23.912 [INFO] [UMS.Controllers.ManageUserController]  LineLogin:ManageUserController.cs:42 | Start manage user controller.
2020/11/05 15:32:23.912 [INFO] [UMS.Controllers.AccountController]  LineLogin:AccountController.cs:46 | Start account controller.
2020/11/05 15:32:30.472 [INFO] [UMS.Controllers.ManageUserController]  ManageUserController.cs:42 | Start manage user controller.
2020/11/05 15:32:30.472 [INFO] [UMS.Areas.Identity.Pages.Account.LoginModel]  Login.cshtml.cs:49 | Start login model.
2020/11/05 15:32:30.487 [DEBUG] [UMS.Areas.Identity.Pages.Account.LoginModel]  Login.cshtml.cs:106 | Getting external authentication scheme.
2020/11/05 15:33:28.937 [INFO] [Microsoft.Hosting.Lifetime]   | Now listening on: https://localhost:44346
2020/11/05 15:33:29.160 [INFO] [Microsoft.Hosting.Lifetime]   | Application started. Press Ctrl+C to shut down.
2020/11/05 15:33:29.160 [INFO] [Microsoft.Hosting.Lifetime]   | Hosting environment: Development
2020/11/05 15:33:29.184 [INFO] [Microsoft.Hosting.Lifetime]   | Content root path: C:\Users\Namchok\Desktop\สหกิจ\ums\UMS
2020/11/05 15:33:29.847 [INFO] [UMS.Controllers.ManageUserController]  ManageUserController.cs:42 | Start manage user controller.
2020/11/05 15:33:29.869 [INFO] [UMS.Areas.Identity.Pages.Account.LoginModel]  Login.cshtml.cs:49 | Start login model.
2020/11/05 15:33:29.894 [DEBUG] [UMS.Areas.Identity.Pages.Account.LoginModel]  Login.cshtml.cs:106 | Getting external authentication scheme.
2020/11/05 15:33:31.295 [INFO] [UMS.Controllers.ManageUserController]  LineLogin:ManageUserController.cs:42 | Start manage user controller.
2020/11/05 15:33:31.306 [INFO] [UMS.Controllers.AccountController]  LineLogin:AccountController.cs:46 | Start account controller.
2020/11/05 15:33:34.369 [INFO] [UMS.Controllers.ManageUserController]  Line:ManageUserController.cs:42 | Start manage user controller.
2020/11/05 15:33:34.369 [INFO] [UMS.Controllers.AccountController]  Line:AccountController.cs:46 | Start account controller.
2020/11/05 15:33:56.644 [INFO] [UMS.Controllers.ProjectController]  Index:ProjectController.cs:32 | Start project controller.
2020/11/05 15:33:58.302 [INFO] [UMS.Controllers.ManageUserController]  EditProfile:ManageUserController.cs:42 | Start manage user controller.
2020/11/05 15:34:00.941 [INFO] [UMS.Controllers.ManageUserController]  ManageUserController.cs:42 | Start manage user controller.
2020/11/05 15:34:00.941 [INFO] [UMS.Areas.Identity.Pages.Account.LoginModel]  Login.cshtml.cs:49 | Start login model.
2020/11/05 15:34:00.956 [DEBUG] [UMS.Areas.Identity.Pages.Account.LoginModel]  Login.cshtml.cs:106 | Getting external authentication scheme.
2020/11/05 15:34:04.849 [INFO] [UMS.Controllers.ManageUserController]  LineLogin:ManageUserController.cs:42 | Start manage user controller.
2020/11/05 15:34:04.849 [INFO] [UMS.Controllers.AccountController]  LineLogin:AccountController.cs:46 | Start account controller.
2020/11/05 15:34:06.754 [INFO] [UMS.Controllers.ManageUserController]  Line:ManageUserController.cs:42 | Start manage user controller.
2020/11/05 15:34:06.754 [INFO] [UMS.Controllers.AccountController]  Line:AccountController.cs:46 | Start account controller.
2020/11/05 15:34:17.321 [INFO] [UMS.Controllers.ManageUserController]  ManageUserController.cs:42 | Start manage user controller.
2020/11/05 15:34:17.321 [INFO] [UMS.Areas.Identity.Pages.Account.LoginModel]  Login.cshtml.cs:49 | Start login model.
2020/11/05 15:34:17.333 [DEBUG] [UMS.Areas.Identity.Pages.Account.LoginModel]  Login.cshtml.cs:106 | Getting external authentication scheme.
