############################################## User Management System log ##############################################
2020/10/16 10:01:00.351 [INFO] [Microsoft.Hosting.Lifetime]   | Now listening on: https://localhost:44346
2020/10/16 10:01:00.632 [INFO] [Microsoft.Hosting.Lifetime]   | Application started. Press Ctrl+C to shut down.
2020/10/16 10:01:00.648 [INFO] [Microsoft.Hosting.Lifetime]   | Hosting environment: Development
2020/10/16 10:01:00.661 [INFO] [Microsoft.Hosting.Lifetime]   | Content root path: D:\My programming\UMS\User Management System
2020/10/16 10:01:07.513 [INFO] [UMS.Controllers.ManageUserController]  CheckUserExist:ManageUserController.cs:208 | Detected 0 users.
2020/10/16 10:01:11.814 [INFO] [UMS.Controllers.ManageUserController]  CheckUserExist:ManageUserController.cs:208 | Detected 0 users.
2020/10/16 10:01:14.749 [INFO] [UMS.Areas.Identity.Pages.Account.RegisterModel]  Register.cshtml.cs:143 | User created successfully with password..
2020/10/16 10:01:14.889 [ERROR] [UMS.Areas.Identity.Pages.Account.RegisterModel]  Register.cshtml.cs:172 | Optimistic concurrency failure, object has been modified. (ConcurrencyFailure).
2020/10/16 10:22:38.237 [INFO] [Microsoft.Hosting.Lifetime]   | Now listening on: https://localhost:44346
2020/10/16 10:22:38.519 [INFO] [Microsoft.Hosting.Lifetime]   | Application started. Press Ctrl+C to shut down.
2020/10/16 10:22:38.532 [INFO] [Microsoft.Hosting.Lifetime]   | Hosting environment: Development
2020/10/16 10:22:38.532 [INFO] [Microsoft.Hosting.Lifetime]   | Content root path: D:\My programming\UMS\User Management System
2020/10/16 10:22:48.458 [INFO] [UMS.Controllers.ManageUserController]  CheckUserExist:ManageUserController.cs:208 | Detected 0 users.
2020/10/16 10:22:55.937 [INFO] [UMS.Controllers.ManageUserController]  CheckUserExist:ManageUserController.cs:208 | Detected 0 users.
2020/10/16 10:22:59.623 [INFO] [UMS.Areas.Identity.Pages.Account.RegisterModel]  Register.cshtml.cs:143 | User created successfully with password..
2020/10/16 10:22:59.734 [ERROR] [UMS.Areas.Identity.Pages.Account.RegisterModel]  Register.cshtml.cs:172 | Optimistic concurrency failure, object has been modified. (ConcurrencyFailure).
2020/10/16 10:24:53.123 [INFO] [Microsoft.Hosting.Lifetime]   | Now listening on: https://localhost:44346
2020/10/16 10:24:53.416 [INFO] [Microsoft.Hosting.Lifetime]   | Application started. Press Ctrl+C to shut down.
2020/10/16 10:24:53.429 [INFO] [Microsoft.Hosting.Lifetime]   | Hosting environment: Development
2020/10/16 10:24:53.440 [INFO] [Microsoft.Hosting.Lifetime]   | Content root path: D:\My programming\UMS\User Management System
2020/10/16 10:24:58.044 [ERROR] [UMS.Areas.Identity.Pages.Account.LoginModel]  Login.cshtml.cs:134 | Cannot use table 'Account' for entity type 'Account' since it is being used for entity type 'ApplicationUser' and there is no relationship between their primary keys.
2020/10/16 10:25:29.119 [INFO] [Microsoft.Hosting.Lifetime]   | Now listening on: https://localhost:44346
2020/10/16 10:25:29.521 [INFO] [Microsoft.Hosting.Lifetime]   | Application started. Press Ctrl+C to shut down.
2020/10/16 10:25:29.534 [INFO] [Microsoft.Hosting.Lifetime]   | Hosting environment: Development
2020/10/16 10:25:29.546 [INFO] [Microsoft.Hosting.Lifetime]   | Content root path: D:\My programming\UMS\User Management System
2020/10/16 10:25:33.278 [INFO] [UMS.Areas.Identity.Pages.Account.LoginModel]  Login.cshtml.cs:143 | User logged in successfully.
2020/10/16 10:25:33.296 [INFO] [UMS.Areas.Identity.Pages.Account.LoginModel]  Login.cshtml.cs:158 | Adding cookie into the browser.
2020/10/16 10:25:33.332 [INFO] [UMS.Controllers.HomeController] [usermanagement2020@gmail.com] Index:HomeController.cs:42 | Welcome, usermanagement2020@gmail.com.
2020/10/16 10:25:37.027 [INFO] [UMS.Controllers.EditProfileController] [usermanagement2020@gmail.com] EditProfile:EditProfileController.cs:143 | Update successfully.
2020/10/16 10:25:46.600 [INFO] [UMS.Controllers.EditProfileController] [usermanagement2020@gmail.com] EditProfile:EditProfileController.cs:203 | Update successfully.
2020/10/16 10:26:11.646 [INFO] [UMS.Controllers.ManageUserController] [usermanagement2020@gmail.com] GetUser:ManageUserController.cs:77 | Getting user.
2020/10/16 10:26:24.818 [INFO] [UMS.Areas.Identity.Pages.Account.LogoutModel] [usermanagement2020@gmail.com] Logout.cshtml.cs:70 | User logged out.
2020/10/16 10:26:24.847 [INFO] [UMS.Areas.Identity.Pages.Account.LogoutModel]  Logout.cshtml.cs:46 | User logged out.
2020/10/16 10:26:28.153 [INFO] [UMS.Controllers.ManageUserController]  CheckUserExist:ManageUserController.cs:208 | Detected 0 users.
2020/10/16 10:26:33.280 [INFO] [UMS.Areas.Identity.Pages.Account.RegisterModel]  Register.cshtml.cs:143 | User created successfully with password..
2020/10/16 10:26:33.364 [INFO] [UMS.Areas.Identity.Pages.Account.RegisterModel]  Register.cshtml.cs:149 | User successfully added.
2020/10/16 10:26:33.434 [INFO] [UMS.Areas.Identity.Pages.Account.RegisterModel]  Register.cshtml.cs:156 | User role successfully added.
2020/10/16 10:26:33.463 [INFO] [UMS.Areas.Identity.Pages.Account.RegisterModel]  Register.cshtml.cs:160 | User signed in successfully.
2020/10/16 10:26:33.481 [INFO] [UMS.Controllers.HomeController] [Test@gmail.com] Index:HomeController.cs:42 | Welcome, Test@gmail.com.
2020/10/16 10:26:36.913 [INFO] [UMS.Areas.Identity.Pages.Account.LogoutModel] [Test@gmail.com] Logout.cshtml.cs:70 | User logged out.
2020/10/16 10:26:36.937 [INFO] [UMS.Areas.Identity.Pages.Account.LogoutModel]  Logout.cshtml.cs:46 | User logged out.
2020/10/16 10:28:13.307 [INFO] [Microsoft.Hosting.Lifetime]   | Now listening on: https://localhost:44346
2020/10/16 10:28:13.548 [INFO] [Microsoft.Hosting.Lifetime]   | Application started. Press Ctrl+C to shut down.
2020/10/16 10:28:13.548 [INFO] [Microsoft.Hosting.Lifetime]   | Hosting environment: Development
2020/10/16 10:28:13.570 [INFO] [Microsoft.Hosting.Lifetime]   | Content root path: D:\My programming\UMS\User Management System
2020/10/16 10:28:17.824 [INFO] [UMS.Controllers.ManageUserController]  CheckUserExist:ManageUserController.cs:208 | Detected 1 users.
2020/10/16 10:28:24.217 [INFO] [UMS.Controllers.ManageUserController]  CheckUserExist:ManageUserController.cs:208 | Detected 0 users.
2020/10/16 10:28:25.829 [INFO] [UMS.Areas.Identity.Pages.Account.RegisterModel]  Register.cshtml.cs:143 | User created successfully with password..
2020/10/16 10:28:25.905 [INFO] [UMS.Areas.Identity.Pages.Account.RegisterModel]  Register.cshtml.cs:149 | User successfully added.
2020/10/16 10:28:25.990 [INFO] [UMS.Areas.Identity.Pages.Account.RegisterModel]  Register.cshtml.cs:156 | User role successfully added.
2020/10/16 10:28:26.090 [INFO] [UMS.Areas.Identity.Pages.Account.RegisterModel]  Register.cshtml.cs:160 | User signed in successfully.
2020/10/16 10:28:26.117 [INFO] [UMS.Controllers.HomeController] [Test11115@gmail.com] Index:HomeController.cs:42 | Welcome, Test11115@gmail.com.
2020/10/16 10:28:42.083 [INFO] [Microsoft.Hosting.Lifetime]   | Application is shutting down...
2020/10/16 10:41:31.603 [INFO] [Microsoft.Hosting.Lifetime]   | Now listening on: https://localhost:44346
2020/10/16 10:41:31.839 [INFO] [Microsoft.Hosting.Lifetime]   | Application started. Press Ctrl+C to shut down.
2020/10/16 10:41:31.855 [INFO] [Microsoft.Hosting.Lifetime]   | Hosting environment: Development
2020/10/16 10:41:31.866 [INFO] [Microsoft.Hosting.Lifetime]   | Content root path: D:\My programming\UMS\User Management System
2020/10/16 10:41:32.580 [INFO] [UMS.Controllers.HomeController] [Test11115@gmail.com] Index:HomeController.cs:42 | Welcome, Test11115@gmail.com.
2020/10/16 10:42:25.213 [INFO] [UMS.Areas.Identity.Pages.Account.LogoutModel] [Test11115@gmail.com] Logout.cshtml.cs:70 | User logged out.
2020/10/16 10:42:25.243 [INFO] [UMS.Areas.Identity.Pages.Account.LogoutModel]  Logout.cshtml.cs:46 | User logged out.
2020/10/16 10:42:32.355 [INFO] [UMS.Controllers.ManageUserController]  CheckUserExist:ManageUserController.cs:208 | Detected 1 users.
2020/10/16 10:42:40.383 [INFO] [UMS.Controllers.ManageUserController]  CheckUserExist:ManageUserController.cs:208 | Detected 0 users.
2020/10/16 10:42:43.260 [INFO] [UMS.Areas.Identity.Pages.Account.RegisterModel]  Register.cshtml.cs:143 | User created successfully with password..
2020/10/16 10:42:43.332 [INFO] [UMS.Areas.Identity.Pages.Account.RegisterModel]  Register.cshtml.cs:149 | User successfully added.
2020/10/16 10:42:43.414 [INFO] [UMS.Areas.Identity.Pages.Account.RegisterModel]  Register.cshtml.cs:156 | User role successfully added.
2020/10/16 10:42:43.508 [INFO] [UMS.Areas.Identity.Pages.Account.RegisterModel]  Register.cshtml.cs:160 | User signed in successfully.
2020/10/16 10:42:43.530 [INFO] [UMS.Controllers.HomeController] [Test1116@gmail.com] Index:HomeController.cs:42 | Welcome, Test1116@gmail.com.
2020/10/16 10:42:46.150 [INFO] [UMS.Areas.Identity.Pages.Account.LogoutModel] [Test1116@gmail.com] Logout.cshtml.cs:70 | User logged out.
2020/10/16 10:42:46.170 [INFO] [UMS.Areas.Identity.Pages.Account.LogoutModel]  Logout.cshtml.cs:46 | User logged out.
2020/10/16 10:43:04.748 [INFO] [Microsoft.Hosting.Lifetime]   | Application is shutting down...
2020/10/16 10:44:10.753 [INFO] [Microsoft.Hosting.Lifetime]   | Now listening on: https://localhost:44346
2020/10/16 10:44:11.032 [INFO] [Microsoft.Hosting.Lifetime]   | Application started. Press Ctrl+C to shut down.
2020/10/16 10:44:11.049 [INFO] [Microsoft.Hosting.Lifetime]   | Hosting environment: Development
2020/10/16 10:44:11.062 [INFO] [Microsoft.Hosting.Lifetime]   | Content root path: D:\My programming\UMS\User Management System
2020/10/16 10:44:16.384 [INFO] [UMS.Areas.Identity.Pages.Account.LoginModel]  Login.cshtml.cs:143 | User logged in successfully.
2020/10/16 10:44:16.403 [INFO] [UMS.Areas.Identity.Pages.Account.LoginModel]  Login.cshtml.cs:158 | Adding cookie into the browser.
2020/10/16 10:44:16.439 [INFO] [UMS.Controllers.HomeController] [usermanagement2020@gmail.com] Index:HomeController.cs:42 | Welcome, usermanagement2020@gmail.com.
2020/10/16 10:44:18.870 [INFO] [UMS.Areas.Identity.Pages.Account.LogoutModel] [usermanagement2020@gmail.com] Logout.cshtml.cs:70 | User logged out.
2020/10/16 10:44:18.900 [INFO] [UMS.Areas.Identity.Pages.Account.LogoutModel]  Logout.cshtml.cs:46 | User logged out.
2020/10/16 11:00:15.718 [INFO] [Microsoft.Hosting.Lifetime]   | Now listening on: https://localhost:44346
2020/10/16 11:00:15.950 [INFO] [Microsoft.Hosting.Lifetime]   | Application started. Press Ctrl+C to shut down.
2020/10/16 11:00:15.963 [INFO] [Microsoft.Hosting.Lifetime]   | Hosting environment: Development
2020/10/16 11:00:15.975 [INFO] [Microsoft.Hosting.Lifetime]   | Content root path: D:\My programming\UMS\User Management System
2020/10/16 11:00:21.384 [INFO] [UMS.Areas.Identity.Pages.Account.LoginModel]  Login.cshtml.cs:143 | User logged in successfully.
2020/10/16 11:00:21.402 [INFO] [UMS.Areas.Identity.Pages.Account.LoginModel]  Login.cshtml.cs:158 | Adding cookie into the browser.
2020/10/16 11:00:21.438 [INFO] [UMS.Controllers.HomeController] [usermanagement2020@gmail.com] Index:HomeController.cs:42 | Welcome, usermanagement2020@gmail.com.
2020/10/16 11:00:49.834 [INFO] [Microsoft.Hosting.Lifetime]   | Application is shutting down...
2020/10/16 11:00:56.858 [INFO] [Microsoft.Hosting.Lifetime]   | Now listening on: https://localhost:44346
2020/10/16 11:00:57.096 [INFO] [Microsoft.Hosting.Lifetime]   | Application started. Press Ctrl+C to shut down.
2020/10/16 11:00:57.109 [INFO] [Microsoft.Hosting.Lifetime]   | Hosting environment: Development
2020/10/16 11:00:57.109 [INFO] [Microsoft.Hosting.Lifetime]   | Content root path: D:\My programming\UMS\User Management System
2020/10/16 11:00:57.950 [INFO] [UMS.Controllers.HomeController] [usermanagement2020@gmail.com] Index:HomeController.cs:42 | Welcome, usermanagement2020@gmail.com.
2020/10/16 11:01:00.531 [INFO] [UMS.Areas.Identity.Pages.Account.LogoutModel] [usermanagement2020@gmail.com] Logout.cshtml.cs:70 | User logged out.
2020/10/16 11:01:00.569 [INFO] [UMS.Areas.Identity.Pages.Account.LogoutModel]  Logout.cshtml.cs:46 | User logged out.
2020/10/16 11:01:04.330 [INFO] [UMS.Controllers.ManageUserController]  CheckUserExist:ManageUserController.cs:208 | Detected 0 users.
2020/10/16 11:01:10.338 [INFO] [UMS.Controllers.ManageUserController]  CheckUserExist:ManageUserController.cs:208 | Detected 0 users.
2020/10/16 11:01:11.843 [INFO] [UMS.Areas.Identity.Pages.Account.RegisterModel]  Register.cshtml.cs:143 | User created successfully with password..
2020/10/16 11:01:11.921 [INFO] [UMS.Areas.Identity.Pages.Account.RegisterModel]  Register.cshtml.cs:149 | User successfully added.
2020/10/16 11:01:11.995 [INFO] [UMS.Areas.Identity.Pages.Account.RegisterModel]  Register.cshtml.cs:156 | User role successfully added.
2020/10/16 11:01:12.092 [INFO] [UMS.Areas.Identity.Pages.Account.RegisterModel]  Register.cshtml.cs:160 | User signed in successfully.
2020/10/16 11:01:12.116 [INFO] [UMS.Controllers.HomeController] [Test1111@gmail.com] Index:HomeController.cs:42 | Welcome, Test1111@gmail.com.
2020/10/16 11:01:15.449 [INFO] [UMS.Controllers.EditProfileController] [Test1111@gmail.com] EditProfile:EditProfileController.cs:143 | Update successfully.
2020/10/16 11:01:18.130 [INFO] [UMS.Areas.Identity.Pages.Account.LogoutModel] [Test1111@gmail.com] Logout.cshtml.cs:70 | User logged out.
2020/10/16 11:01:18.153 [INFO] [UMS.Areas.Identity.Pages.Account.LogoutModel]  Logout.cshtml.cs:46 | User logged out.
2020/10/16 11:07:28.086 [INFO] [Microsoft.Hosting.Lifetime]   | Now listening on: https://localhost:44346
2020/10/16 11:07:28.357 [INFO] [Microsoft.Hosting.Lifetime]   | Application started. Press Ctrl+C to shut down.
2020/10/16 11:07:28.371 [INFO] [Microsoft.Hosting.Lifetime]   | Hosting environment: Development
2020/10/16 11:07:28.385 [INFO] [Microsoft.Hosting.Lifetime]   | Content root path: D:\My programming\UMS\User Management System
2020/10/16 11:07:28.920 [DEBUG] [UMS.Areas.Identity.Pages.Account.LoginModel]  Login.cshtml.cs:49 | Start login model.
2020/10/16 11:07:28.968 [DEBUG] [UMS.Areas.Identity.Pages.Account.LoginModel]  Login.cshtml.cs:106 | Getting external authentication scheme.
2020/10/16 11:07:32.002 [DEBUG] [UMS.Areas.Identity.Pages.Account.LoginModel]  Login.cshtml.cs:49 | Start login model.
2020/10/16 11:07:33.358 [INFO] [UMS.Areas.Identity.Pages.Account.LoginModel]  Login.cshtml.cs:143 | User logged in successfully.
2020/10/16 11:07:33.375 [INFO] [UMS.Areas.Identity.Pages.Account.LoginModel]  Login.cshtml.cs:158 | Adding cookie into the browser.
2020/10/16 11:07:33.420 [INFO] [UMS.Controllers.HomeController] [usermanagement2020@gmail.com] Index:HomeController.cs:42 | Welcome, usermanagement2020@gmail.com.
2020/10/16 11:07:36.421 [DEBUG] [UMS.Controllers.ManageUserController] [usermanagement2020@gmail.com] Index:ManageUserController.cs:49 | Getting all active users.
2020/10/16 11:07:38.227 [DEBUG] [UMS.Areas.Identity.Pages.Account.LogoutModel] [usermanagement2020@gmail.com] Logout.cshtml.cs:31 | Start logout.
2020/10/16 11:07:38.248 [INFO] [UMS.Areas.Identity.Pages.Account.LogoutModel] [usermanagement2020@gmail.com] Logout.cshtml.cs:70 | User logged out.
2020/10/16 11:07:38.279 [DEBUG] [UMS.Areas.Identity.Pages.Account.LogoutModel]  Logout.cshtml.cs:31 | Start logout.
2020/10/16 11:07:38.299 [INFO] [UMS.Areas.Identity.Pages.Account.LogoutModel]  Logout.cshtml.cs:46 | User logged out.
2020/10/16 11:07:39.015 [DEBUG] [UMS.Areas.Identity.Pages.Account.LoginModel]  Login.cshtml.cs:49 | Start login model.
2020/10/16 11:07:39.050 [DEBUG] [UMS.Areas.Identity.Pages.Account.LoginModel]  Login.cshtml.cs:106 | Getting external authentication scheme.
2020/10/16 11:26:52.618 [INFO] [Microsoft.Hosting.Lifetime]   | Application started. Press Ctrl+C to shut down.
2020/10/16 11:26:52.959 [INFO] [Microsoft.Hosting.Lifetime]   | Hosting environment: Development
2020/10/16 11:26:52.959 [INFO] [Microsoft.Hosting.Lifetime]   | Content root path: C:\Users\Namchok\Desktop\สหกิจ\ums\UMS
2020/10/16 11:26:53.039 [DEBUG] [UMS.Areas.Identity.Pages.Account.LoginModel]  Login.cshtml.cs:49 | Start login model.
2020/10/16 11:26:53.064 [DEBUG] [UMS.Areas.Identity.Pages.Account.LoginModel]  Login.cshtml.cs:106 | Getting external authentication scheme.
2020/10/16 11:47:17.868 [INFO] [Microsoft.Hosting.Lifetime]   | Now listening on: https://localhost:44346
2020/10/16 11:47:18.117 [INFO] [Microsoft.Hosting.Lifetime]   | Application started. Press Ctrl+C to shut down.
2020/10/16 11:47:18.117 [INFO] [Microsoft.Hosting.Lifetime]   | Hosting environment: Development
2020/10/16 11:47:18.125 [INFO] [Microsoft.Hosting.Lifetime]   | Content root path: C:\Users\Namchok\Desktop\สหกิจ\ums\UMS
2020/10/16 11:48:20.474 [INFO] [Microsoft.Hosting.Lifetime]   | Application is shutting down...
2020/10/16 11:48:51.479 [INFO] [Microsoft.Hosting.Lifetime]   | Now listening on: https://localhost:44346
2020/10/16 11:48:51.742 [INFO] [Microsoft.Hosting.Lifetime]   | Application started. Press Ctrl+C to shut down.
2020/10/16 11:48:51.752 [INFO] [Microsoft.Hosting.Lifetime]   | Hosting environment: Development
2020/10/16 11:48:51.752 [INFO] [Microsoft.Hosting.Lifetime]   | Content root path: C:\Users\Namchok\Desktop\สหกิจ\ums\UMS
2020/10/16 11:48:52.352 [DEBUG] [UMS.Areas.Identity.Pages.Account.LoginModel]  Login.cshtml.cs:49 | Start login model.
2020/10/16 11:48:52.374 [DEBUG] [UMS.Areas.Identity.Pages.Account.LoginModel]  Login.cshtml.cs:106 | Getting external authentication scheme.
2020/10/16 11:48:56.303 [DEBUG] [UMS.Areas.Identity.Pages.Account.LoginModel]  Login.cshtml.cs:49 | Start login model.
2020/10/16 11:48:57.609 [INFO] [UMS.Areas.Identity.Pages.Account.LoginModel]  Login.cshtml.cs:143 | User logged in successfully.
2020/10/16 11:48:57.609 [INFO] [UMS.Areas.Identity.Pages.Account.LoginModel]  Login.cshtml.cs:158 | Adding cookie into the browser.
2020/10/16 11:48:57.646 [INFO] [UMS.Controllers.HomeController] [usermanagement2020@gmail.com] Index:HomeController.cs:42 | Welcome, usermanagement2020@gmail.com.
2020/10/16 11:48:58.986 [DEBUG] [UMS.Controllers.ManageUserController] [usermanagement2020@gmail.com] Index:ManageUserController.cs:49 | Getting all active users.
2020/10/16 11:49:01.823 [DEBUG] [UMS.Areas.Identity.Pages.Account.LogoutModel] [usermanagement2020@gmail.com] Logout.cshtml.cs:31 | Start logout.
2020/10/16 11:49:01.829 [INFO] [UMS.Areas.Identity.Pages.Account.LogoutModel] [usermanagement2020@gmail.com] Logout.cshtml.cs:70 | User logged out.
2020/10/16 11:49:01.849 [DEBUG] [UMS.Areas.Identity.Pages.Account.LogoutModel]  Logout.cshtml.cs:31 | Start logout.
2020/10/16 11:49:01.859 [INFO] [UMS.Areas.Identity.Pages.Account.LogoutModel]  Logout.cshtml.cs:46 | User logged out.
2020/10/16 11:49:02.814 [DEBUG] [UMS.Areas.Identity.Pages.Account.LoginModel]  Login.cshtml.cs:49 | Start login model.
2020/10/16 11:49:02.829 [DEBUG] [UMS.Areas.Identity.Pages.Account.LoginModel]  Login.cshtml.cs:106 | Getting external authentication scheme.
2020/10/16 11:49:03.781 [DEBUG] [UMS.Areas.Identity.Pages.Account.RegisterModel]  Register.cshtml.cs:48 | Start register model.
2020/10/16 11:49:04.541 [DEBUG] [UMS.Controllers.ManageUserController]  CheckUserExist:ManageUserController.cs:207 | Checking user.
2020/10/16 11:49:04.546 [INFO] [UMS.Controllers.ManageUserController]  CheckUserExist:ManageUserController.cs:208 | Detected 0 users.
2020/10/16 11:49:19.819 [DEBUG] [UMS.Controllers.ManageUserController]  CheckUserExist:ManageUserController.cs:207 | Checking user.
2020/10/16 11:49:19.819 [INFO] [UMS.Controllers.ManageUserController]  CheckUserExist:ManageUserController.cs:208 | Detected 0 users.
2020/10/16 11:49:25.179 [DEBUG] [UMS.Areas.Identity.Pages.Account.RegisterModel]  Register.cshtml.cs:48 | Start register model.
2020/10/16 11:49:25.370 [INFO] [UMS.Areas.Identity.Pages.Account.RegisterModel]  Register.cshtml.cs:143 | User created successfully with password..
2020/10/16 11:49:25.382 [DEBUG] [UMS.Areas.Identity.Pages.Account.RegisterModel]  Register.cshtml.cs:145 | Creating a provider key.
2020/10/16 11:49:25.439 [INFO] [UMS.Areas.Identity.Pages.Account.RegisterModel]  Register.cshtml.cs:149 | User successfully added.
2020/10/16 11:49:25.439 [DEBUG] [UMS.Areas.Identity.Pages.Account.RegisterModel]  Register.cshtml.cs:152 | Adding a default role for users.
2020/10/16 11:49:25.484 [INFO] [UMS.Areas.Identity.Pages.Account.RegisterModel]  Register.cshtml.cs:156 | User role successfully added.
2020/10/16 11:49:25.484 [DEBUG] [UMS.Areas.Identity.Pages.Account.RegisterModel]  Register.cshtml.cs:158 | Signing in.
2020/10/16 11:49:25.502 [INFO] [UMS.Areas.Identity.Pages.Account.RegisterModel]  Register.cshtml.cs:160 | User signed in successfully.
2020/10/16 11:49:25.531 [INFO] [UMS.Controllers.HomeController] [Test1112@gmail.com] Index:HomeController.cs:42 | Welcome, Test1112@gmail.com.
2020/10/16 11:49:27.389 [DEBUG] [UMS.Controllers.EditProfileController] [Test1112@gmail.com] Index:EditProfileController.cs:51 | Getting a user by ID.
2020/10/16 11:49:37.723 [DEBUG] [UMS.Controllers.EditProfileController] [Test1112@gmail.com] EditProfile:EditProfileController.cs:76 | Getting value from httpcontext request.
2020/10/16 11:49:37.723 [DEBUG] [UMS.Controllers.EditProfileController] [Test1112@gmail.com] EditProfile:EditProfileController.cs:88 | Checking regular expression.
2020/10/16 11:49:37.737 [DEBUG] [UMS.Controllers.EditProfileController] [Test1112@gmail.com] EditProfile:EditProfileController.cs:134 | Updating name user.
2020/10/16 11:49:37.750 [INFO] [UMS.Controllers.EditProfileController] [Test1112@gmail.com] EditProfile:EditProfileController.cs:143 | Update successfully.
2020/10/16 11:49:37.785 [DEBUG] [UMS.Controllers.EditProfileController] [Test1112@gmail.com] Index:EditProfileController.cs:51 | Getting a user by ID.
2020/10/16 11:49:41.379 [DEBUG] [UMS.Areas.Identity.Pages.Account.LogoutModel] [Test1112@gmail.com] Logout.cshtml.cs:31 | Start logout.
2020/10/16 11:49:41.390 [INFO] [UMS.Areas.Identity.Pages.Account.LogoutModel] [Test1112@gmail.com] Logout.cshtml.cs:70 | User logged out.
2020/10/16 11:49:41.423 [DEBUG] [UMS.Areas.Identity.Pages.Account.LogoutModel]  Logout.cshtml.cs:31 | Start logout.
2020/10/16 11:49:41.436 [INFO] [UMS.Areas.Identity.Pages.Account.LogoutModel]  Logout.cshtml.cs:46 | User logged out.
2020/10/16 11:49:42.643 [DEBUG] [UMS.Areas.Identity.Pages.Account.LoginModel]  Login.cshtml.cs:49 | Start login model.
2020/10/16 11:49:42.654 [DEBUG] [UMS.Areas.Identity.Pages.Account.LoginModel]  Login.cshtml.cs:106 | Getting external authentication scheme.
2020/10/16 11:49:43.500 [DEBUG] [UMS.Areas.Identity.Pages.Account.LoginModel]  Login.cshtml.cs:49 | Start login model.
2020/10/16 11:49:43.541 [INFO] [UMS.Areas.Identity.Pages.Account.LoginModel]  Login.cshtml.cs:143 | User logged in successfully.
2020/10/16 11:49:43.559 [INFO] [UMS.Areas.Identity.Pages.Account.LoginModel]  Login.cshtml.cs:158 | Adding cookie into the browser.
2020/10/16 11:49:43.580 [INFO] [UMS.Controllers.HomeController] [usermanagement2020@gmail.com] Index:HomeController.cs:42 | Welcome, usermanagement2020@gmail.com.
2020/10/16 11:49:44.749 [DEBUG] [UMS.Controllers.ManageUserController] [usermanagement2020@gmail.com] Index:ManageUserController.cs:49 | Getting all active users.
2020/10/16 11:49:51.597 [INFO] [UMS.Controllers.ManageUserController] [usermanagement2020@gmail.com] GetUser:ManageUserController.cs:77 | Getting user.
2020/10/16 11:49:57.381 [DEBUG] [UMS.Controllers.ManageUserController] [usermanagement2020@gmail.com] EditUser:ManageUserController.cs:114 | Setting role ID.
2020/10/16 11:49:57.405 [DEBUG] [UMS.Controllers.ManageUserController] [usermanagement2020@gmail.com] EditUser:ManageUserController.cs:129 | Save changes: User successfully updated.
2020/10/16 11:49:57.437 [DEBUG] [UMS.Controllers.ManageUserController] [usermanagement2020@gmail.com] Index:ManageUserController.cs:49 | Getting all active users.
2020/10/16 11:50:25.942 [DEBUG] [UMS.Areas.Identity.Pages.Account.LogoutModel] [usermanagement2020@gmail.com] Logout.cshtml.cs:31 | Start logout.
2020/10/16 11:50:25.954 [INFO] [UMS.Areas.Identity.Pages.Account.LogoutModel] [usermanagement2020@gmail.com] Logout.cshtml.cs:70 | User logged out.
2020/10/16 11:50:25.985 [DEBUG] [UMS.Areas.Identity.Pages.Account.LogoutModel]  Logout.cshtml.cs:31 | Start logout.
2020/10/16 11:50:25.985 [INFO] [UMS.Areas.Identity.Pages.Account.LogoutModel]  Logout.cshtml.cs:46 | User logged out.
2020/10/16 11:50:26.926 [DEBUG] [UMS.Areas.Identity.Pages.Account.LoginModel]  Login.cshtml.cs:49 | Start login model.
2020/10/16 11:50:26.954 [DEBUG] [UMS.Areas.Identity.Pages.Account.LoginModel]  Login.cshtml.cs:106 | Getting external authentication scheme.
2020/10/16 11:59:42.123 [INFO] [Microsoft.Hosting.Lifetime]   | Now listening on: https://localhost:44346
2020/10/16 11:59:42.352 [INFO] [Microsoft.Hosting.Lifetime]   | Application started. Press Ctrl+C to shut down.
2020/10/16 11:59:42.352 [INFO] [Microsoft.Hosting.Lifetime]   | Hosting environment: Development
2020/10/16 11:59:42.360 [INFO] [Microsoft.Hosting.Lifetime]   | Content root path: C:\Users\Namchok\Desktop\สหกิจ\ums\UMS
2020/10/16 11:59:43.142 [DEBUG] [UMS.Areas.Identity.Pages.Account.LoginModel]  Login.cshtml.cs:49 | Start login model.
2020/10/16 11:59:43.177 [DEBUG] [UMS.Areas.Identity.Pages.Account.LoginModel]  Login.cshtml.cs:106 | Getting external authentication scheme.
2020/10/16 11:59:45.912 [DEBUG] [UMS.Areas.Identity.Pages.Account.ForgotPasswordModel]  ForgotPassword.cshtml.cs:45 | Start forgot password model.
2020/10/16 11:59:48.372 [DEBUG] [UMS.Controllers.ManageUserController]  CheckUserExist:ManageUserController.cs:207 | Checking user.
2020/10/16 11:59:48.378 [INFO] [UMS.Controllers.ManageUserController]  CheckUserExist:ManageUserController.cs:208 | Detected 0 users.
2020/10/16 11:59:55.522 [DEBUG] [UMS.Controllers.ManageUserController]  CheckUserExist:ManageUserController.cs:207 | Checking user.
2020/10/16 11:59:55.522 [INFO] [UMS.Controllers.ManageUserController]  CheckUserExist:ManageUserController.cs:208 | Detected 0 users.
2020/10/16 11:59:59.515 [DEBUG] [UMS.Controllers.ManageUserController]  CheckUserExist:ManageUserController.cs:207 | Checking user.
2020/10/16 11:59:59.515 [INFO] [UMS.Controllers.ManageUserController]  CheckUserExist:ManageUserController.cs:208 | Detected 0 users.
2020/10/16 12:00:03.283 [DEBUG] [UMS.Controllers.ManageUserController]  CheckUserExist:ManageUserController.cs:207 | Checking user.
2020/10/16 12:00:03.283 [INFO] [UMS.Controllers.ManageUserController]  CheckUserExist:ManageUserController.cs:208 | Detected 0 users.
2020/10/16 12:03:52.267 [INFO] [Microsoft.Hosting.Lifetime]   | Now listening on: https://localhost:44346
2020/10/16 12:03:52.527 [INFO] [Microsoft.Hosting.Lifetime]   | Application started. Press Ctrl+C to shut down.
2020/10/16 12:03:52.532 [INFO] [Microsoft.Hosting.Lifetime]   | Hosting environment: Development
2020/10/16 12:03:52.532 [INFO] [Microsoft.Hosting.Lifetime]   | Content root path: C:\Users\Namchok\Desktop\สหกิจ\ums\UMS
2020/10/16 12:03:52.907 [DEBUG] [UMS.Areas.Identity.Pages.Account.LoginModel]  Login.cshtml.cs:49 | Start login model.
2020/10/16 12:03:52.938 [DEBUG] [UMS.Areas.Identity.Pages.Account.LoginModel]  Login.cshtml.cs:106 | Getting external authentication scheme.
2020/10/16 12:03:55.125 [DEBUG] [UMS.Areas.Identity.Pages.Account.ForgotPasswordModel]  ForgotPassword.cshtml.cs:45 | Start forgot password model.
2020/10/16 12:03:59.030 [DEBUG] [UMS.Controllers.ManageUserController]  CheckUserExist:ManageUserController.cs:207 | Checking user.
2020/10/16 12:03:59.030 [INFO] [UMS.Controllers.ManageUserController]  CheckUserExist:ManageUserController.cs:208 | Detected 0 users.
2020/10/16 12:04:35.011 [INFO] [Microsoft.Hosting.Lifetime]   | Now listening on: https://localhost:44346
2020/10/16 12:04:35.232 [INFO] [Microsoft.Hosting.Lifetime]   | Application started. Press Ctrl+C to shut down.
2020/10/16 12:04:35.236 [INFO] [Microsoft.Hosting.Lifetime]   | Hosting environment: Development
2020/10/16 12:04:35.236 [INFO] [Microsoft.Hosting.Lifetime]   | Content root path: C:\Users\Namchok\Desktop\สหกิจ\ums\UMS
2020/10/16 12:04:35.987 [DEBUG] [UMS.Areas.Identity.Pages.Account.LoginModel]  Login.cshtml.cs:49 | Start login model.
2020/10/16 12:04:36.019 [DEBUG] [UMS.Areas.Identity.Pages.Account.LoginModel]  Login.cshtml.cs:106 | Getting external authentication scheme.
2020/10/16 12:04:37.218 [DEBUG] [UMS.Areas.Identity.Pages.Account.ForgotPasswordModel]  ForgotPassword.cshtml.cs:45 | Start forgot password model.
2020/10/16 12:04:39.429 [DEBUG] [UMS.Controllers.ManageUserController]  CheckUserExist:ManageUserController.cs:207 | Checking user.
2020/10/16 12:04:39.429 [INFO] [UMS.Controllers.ManageUserController]  CheckUserExist:ManageUserController.cs:208 | Detected 0 users.
2020/10/16 12:05:48.568 [INFO] [Microsoft.Hosting.Lifetime]   | Now listening on: https://localhost:44346
2020/10/16 12:05:48.808 [INFO] [Microsoft.Hosting.Lifetime]   | Application started. Press Ctrl+C to shut down.
2020/10/16 12:05:48.813 [INFO] [Microsoft.Hosting.Lifetime]   | Hosting environment: Development
2020/10/16 12:05:48.813 [INFO] [Microsoft.Hosting.Lifetime]   | Content root path: C:\Users\Namchok\Desktop\สหกิจ\ums\UMS
2020/10/16 12:05:49.656 [DEBUG] [UMS.Areas.Identity.Pages.Account.LoginModel]  Login.cshtml.cs:49 | Start login model.
2020/10/16 12:05:49.688 [DEBUG] [UMS.Areas.Identity.Pages.Account.LoginModel]  Login.cshtml.cs:106 | Getting external authentication scheme.
2020/10/16 12:05:51.270 [DEBUG] [UMS.Areas.Identity.Pages.Account.RegisterModel]  Register.cshtml.cs:48 | Start register model.
2020/10/16 12:05:53.614 [DEBUG] [UMS.Controllers.ManageUserController]  CheckUserExist:ManageUserController.cs:207 | Checking user.
2020/10/16 12:05:53.614 [INFO] [UMS.Controllers.ManageUserController]  CheckUserExist:ManageUserController.cs:208 | Detected 0 users.
2020/10/16 12:05:55.812 [DEBUG] [UMS.Areas.Identity.Pages.Account.LoginModel]  Login.cshtml.cs:49 | Start login model.
2020/10/16 12:05:55.812 [DEBUG] [UMS.Areas.Identity.Pages.Account.LoginModel]  Login.cshtml.cs:106 | Getting external authentication scheme.
2020/10/16 12:05:57.077 [DEBUG] [UMS.Areas.Identity.Pages.Account.ForgotPasswordModel]  ForgotPassword.cshtml.cs:45 | Start forgot password model.
2020/10/16 12:05:58.569 [DEBUG] [UMS.Controllers.ManageUserController]  CheckUserExist:ManageUserController.cs:207 | Checking user.
2020/10/16 12:05:58.569 [INFO] [UMS.Controllers.ManageUserController]  CheckUserExist:ManageUserController.cs:208 | Detected 0 users.
2020/10/16 12:06:01.840 [DEBUG] [UMS.Controllers.ManageUserController]  CheckUserExist:ManageUserController.cs:207 | Checking user.
2020/10/16 12:06:01.845 [INFO] [UMS.Controllers.ManageUserController]  CheckUserExist:ManageUserController.cs:208 | Detected 0 users.
2020/10/16 12:06:09.515 [DEBUG] [UMS.Controllers.ManageUserController]  CheckUserExist:ManageUserController.cs:207 | Checking user.
2020/10/16 12:06:09.531 [INFO] [UMS.Controllers.ManageUserController]  CheckUserExist:ManageUserController.cs:208 | Detected 0 users.
2020/10/16 12:06:13.004 [DEBUG] [UMS.Controllers.ManageUserController]  CheckUserExist:ManageUserController.cs:207 | Checking user.
2020/10/16 12:06:13.004 [INFO] [UMS.Controllers.ManageUserController]  CheckUserExist:ManageUserController.cs:208 | Detected 0 users.
2020/10/16 12:06:28.863 [DEBUG] [UMS.Areas.Identity.Pages.Account.LoginModel]  Login.cshtml.cs:49 | Start login model.
2020/10/16 12:06:28.891 [DEBUG] [UMS.Areas.Identity.Pages.Account.LoginModel]  Login.cshtml.cs:106 | Getting external authentication scheme.
2020/10/16 12:06:29.990 [DEBUG] [UMS.Areas.Identity.Pages.Account.LoginModel]  Login.cshtml.cs:49 | Start login model.
2020/10/16 12:06:30.458 [INFO] [UMS.Areas.Identity.Pages.Account.LoginModel]  Login.cshtml.cs:143 | User logged in successfully.
2020/10/16 12:06:30.467 [INFO] [UMS.Areas.Identity.Pages.Account.LoginModel]  Login.cshtml.cs:158 | Adding cookie into the browser.
2020/10/16 12:06:30.498 [INFO] [UMS.Controllers.HomeController] [usermanagement2020@gmail.com] Index:HomeController.cs:42 | Welcome, usermanagement2020@gmail.com.
2020/10/16 12:06:31.534 [DEBUG] [UMS.Controllers.EditProfileController] [usermanagement2020@gmail.com] Index:EditProfileController.cs:51 | Getting a user by ID.
2020/10/16 12:06:32.576 [DEBUG] [UMS.Controllers.ManageUserController] [usermanagement2020@gmail.com] Index:ManageUserController.cs:49 | Getting all active users.
2020/10/16 12:06:51.642 [DEBUG] [UMS.Controllers.ManageUserController] [usermanagement2020@gmail.com] CheckUserExist:ManageUserController.cs:207 | Checking user.
2020/10/16 12:06:51.656 [INFO] [UMS.Controllers.ManageUserController] [usermanagement2020@gmail.com] CheckUserExist:ManageUserController.cs:208 | Detected 0 users.
2020/10/16 12:06:55.442 [DEBUG] [UMS.Controllers.ManageUserController] [usermanagement2020@gmail.com] CheckUserExist:ManageUserController.cs:207 | Checking user.
2020/10/16 12:06:55.454 [INFO] [UMS.Controllers.ManageUserController] [usermanagement2020@gmail.com] CheckUserExist:ManageUserController.cs:208 | Detected 0 users.
2020/10/16 12:07:16.858 [DEBUG] [UMS.Controllers.ManageUserController] [usermanagement2020@gmail.com] CheckUserExist:ManageUserController.cs:207 | Checking user.
2020/10/16 12:07:16.858 [INFO] [UMS.Controllers.ManageUserController] [usermanagement2020@gmail.com] CheckUserExist:ManageUserController.cs:208 | Detected 0 users.
2020/10/16 12:08:17.260 [INFO] [Microsoft.Hosting.Lifetime]   | Now listening on: https://localhost:44346
2020/10/16 12:08:17.495 [INFO] [Microsoft.Hosting.Lifetime]   | Application started. Press Ctrl+C to shut down.
2020/10/16 12:08:17.499 [INFO] [Microsoft.Hosting.Lifetime]   | Hosting environment: Development
2020/10/16 12:08:17.499 [INFO] [Microsoft.Hosting.Lifetime]   | Content root path: C:\Users\Namchok\Desktop\สหกิจ\ums\UMS
2020/10/16 12:08:18.287 [INFO] [UMS.Controllers.HomeController] [usermanagement2020@gmail.com] Index:HomeController.cs:42 | Welcome, usermanagement2020@gmail.com.
2020/10/16 12:08:20.586 [DEBUG] [UMS.Areas.Identity.Pages.Account.LogoutModel] [usermanagement2020@gmail.com] Logout.cshtml.cs:31 | Start logout.
2020/10/16 12:08:20.597 [INFO] [UMS.Areas.Identity.Pages.Account.LogoutModel] [usermanagement2020@gmail.com] Logout.cshtml.cs:70 | User logged out.
2020/10/16 12:08:20.631 [DEBUG] [UMS.Areas.Identity.Pages.Account.LogoutModel]  Logout.cshtml.cs:31 | Start logout.
2020/10/16 12:08:20.644 [INFO] [UMS.Areas.Identity.Pages.Account.LogoutModel]  Logout.cshtml.cs:46 | User logged out.
2020/10/16 12:08:21.817 [DEBUG] [UMS.Areas.Identity.Pages.Account.LoginModel]  Login.cshtml.cs:49 | Start login model.
2020/10/16 12:08:21.844 [DEBUG] [UMS.Areas.Identity.Pages.Account.LoginModel]  Login.cshtml.cs:106 | Getting external authentication scheme.
2020/10/16 12:08:23.454 [DEBUG] [UMS.Areas.Identity.Pages.Account.ForgotPasswordModel]  ForgotPassword.cshtml.cs:45 | Start forgot password model.
2020/10/16 12:08:35.979 [DEBUG] [UMS.Controllers.ManageUserController]  CheckUserExist:ManageUserController.cs:207 | Checking user.
2020/10/16 12:10:13.896 [INFO] [UMS.Controllers.ManageUserController]  CheckUserExist:ManageUserController.cs:208 | Detected 0 users.
2020/10/16 12:10:25.230 [DEBUG] [UMS.Controllers.ManageUserController]  CheckUserExist:ManageUserController.cs:207 | Checking user.
2020/10/16 12:10:25.261 [INFO] [UMS.Controllers.ManageUserController]  CheckUserExist:ManageUserController.cs:208 | Detected 0 users.
2020/10/16 12:12:28.254 [DEBUG] [UMS.Controllers.ManageUserController]  CheckUserExist:ManageUserController.cs:207 | Checking user.
2020/10/16 12:12:28.254 [INFO] [UMS.Controllers.ManageUserController]  CheckUserExist:ManageUserController.cs:208 | Detected 0 users.
2020/10/16 12:12:37.203 [INFO] [Microsoft.Hosting.Lifetime]   | Now listening on: https://localhost:44346
2020/10/16 12:12:37.389 [INFO] [Microsoft.Hosting.Lifetime]   | Application started. Press Ctrl+C to shut down.
2020/10/16 12:12:37.389 [INFO] [Microsoft.Hosting.Lifetime]   | Hosting environment: Development
2020/10/16 12:12:37.389 [INFO] [Microsoft.Hosting.Lifetime]   | Content root path: C:\Users\Namchok\Desktop\สหกิจ\ums\UMS
2020/10/16 12:12:38.391 [DEBUG] [UMS.Areas.Identity.Pages.Account.LoginModel]  Login.cshtml.cs:49 | Start login model.
2020/10/16 12:12:38.410 [DEBUG] [UMS.Areas.Identity.Pages.Account.LoginModel]  Login.cshtml.cs:106 | Getting external authentication scheme.
2020/10/16 12:13:13.256 [DEBUG] [UMS.Areas.Identity.Pages.Account.ForgotPasswordModel]  ForgotPassword.cshtml.cs:45 | Start forgot password model.
2020/10/16 12:13:22.737 [DEBUG] [UMS.Controllers.ManageUserController]  CheckUserExist:ManageUserController.cs:207 | Checking user.
2020/10/16 12:13:22.737 [INFO] [UMS.Controllers.ManageUserController]  CheckUserExist:ManageUserController.cs:208 | Detected 0 users.
2020/10/16 12:13:27.989 [DEBUG] [UMS.Controllers.ManageUserController]  CheckUserExist:ManageUserController.cs:207 | Checking user.
2020/10/16 12:13:27.989 [INFO] [UMS.Controllers.ManageUserController]  CheckUserExist:ManageUserController.cs:208 | Detected 1 users.
2020/10/16 12:13:30.847 [DEBUG] [UMS.Areas.Identity.Pages.Account.LoginModel]  Login.cshtml.cs:49 | Start login model.
2020/10/16 12:13:30.862 [DEBUG] [UMS.Areas.Identity.Pages.Account.LoginModel]  Login.cshtml.cs:106 | Getting external authentication scheme.
2020/10/16 12:13:43.048 [DEBUG] [UMS.Areas.Identity.Pages.Account.RegisterModel]  Register.cshtml.cs:48 | Start register model.
2020/10/16 12:13:44.085 [DEBUG] [UMS.Controllers.ManageUserController]  CheckUserExist:ManageUserController.cs:207 | Checking user.
2020/10/16 12:13:44.085 [INFO] [UMS.Controllers.ManageUserController]  CheckUserExist:ManageUserController.cs:208 | Detected 0 users.
2020/10/16 12:13:51.562 [DEBUG] [UMS.Controllers.ManageUserController]  CheckUserExist:ManageUserController.cs:207 | Checking user.
2020/10/16 12:13:51.562 [INFO] [UMS.Controllers.ManageUserController]  CheckUserExist:ManageUserController.cs:208 | Detected 0 users.
2020/10/16 12:13:53.733 [DEBUG] [UMS.Controllers.ManageUserController]  CheckUserExist:ManageUserController.cs:207 | Checking user.
2020/10/16 12:13:53.733 [INFO] [UMS.Controllers.ManageUserController]  CheckUserExist:ManageUserController.cs:208 | Detected 0 users.
2020/10/16 12:13:56.520 [DEBUG] [UMS.Controllers.ManageUserController]  CheckUserExist:ManageUserController.cs:207 | Checking user.
2020/10/16 12:13:56.535 [INFO] [UMS.Controllers.ManageUserController]  CheckUserExist:ManageUserController.cs:208 | Detected 1 users.
2020/10/16 12:14:07.592 [DEBUG] [UMS.Controllers.ManageUserController]  CheckUserExist:ManageUserController.cs:207 | Checking user.
2020/10/16 12:14:07.592 [INFO] [UMS.Controllers.ManageUserController]  CheckUserExist:ManageUserController.cs:208 | Detected 1 users.
2020/10/16 12:14:16.148 [DEBUG] [UMS.Controllers.ManageUserController]  CheckUserExist:ManageUserController.cs:207 | Checking user.
2020/10/16 12:14:16.159 [INFO] [UMS.Controllers.ManageUserController]  CheckUserExist:ManageUserController.cs:208 | Detected 1 users.
2020/10/16 12:14:30.877 [DEBUG] [UMS.Areas.Identity.Pages.Account.LoginModel]  Login.cshtml.cs:49 | Start login model.
2020/10/16 12:14:30.891 [DEBUG] [UMS.Areas.Identity.Pages.Account.LoginModel]  Login.cshtml.cs:106 | Getting external authentication scheme.
2020/10/16 12:14:42.601 [DEBUG] [UMS.Areas.Identity.Pages.Account.RegisterModel]  Register.cshtml.cs:48 | Start register model.
2020/10/16 12:14:43.478 [DEBUG] [UMS.Controllers.ManageUserController]  CheckUserExist:ManageUserController.cs:207 | Checking user.
2020/10/16 12:14:43.483 [INFO] [UMS.Controllers.ManageUserController]  CheckUserExist:ManageUserController.cs:208 | Detected 0 users.
2020/10/16 12:14:50.156 [DEBUG] [UMS.Controllers.ManageUserController]  CheckUserExist:ManageUserController.cs:207 | Checking user.
2020/10/16 12:14:50.156 [INFO] [UMS.Controllers.ManageUserController]  CheckUserExist:ManageUserController.cs:208 | Detected 1 users.
2020/10/16 12:15:20.466 [INFO] [Microsoft.Hosting.Lifetime]   | Now listening on: https://localhost:44346
2020/10/16 12:15:20.670 [INFO] [Microsoft.Hosting.Lifetime]   | Application started. Press Ctrl+C to shut down.
2020/10/16 12:15:20.674 [INFO] [Microsoft.Hosting.Lifetime]   | Hosting environment: Development
2020/10/16 12:15:20.674 [INFO] [Microsoft.Hosting.Lifetime]   | Content root path: C:\Users\Namchok\Desktop\สหกิจ\ums\UMS
2020/10/16 12:15:21.508 [DEBUG] [UMS.Areas.Identity.Pages.Account.LoginModel]  Login.cshtml.cs:49 | Start login model.
2020/10/16 12:15:21.529 [DEBUG] [UMS.Areas.Identity.Pages.Account.LoginModel]  Login.cshtml.cs:106 | Getting external authentication scheme.
2020/10/16 12:15:28.484 [DEBUG] [UMS.Areas.Identity.Pages.Account.RegisterModel]  Register.cshtml.cs:48 | Start register model.
2020/10/16 12:15:30.227 [DEBUG] [UMS.Controllers.ManageUserController]  CheckUserExist:ManageUserController.cs:207 | Checking user.
2020/10/16 12:15:30.233 [INFO] [UMS.Controllers.ManageUserController]  CheckUserExist:ManageUserController.cs:208 | Detected 0 users.
2020/10/16 12:15:34.749 [DEBUG] [UMS.Controllers.ManageUserController]  CheckUserExist:ManageUserController.cs:207 | Checking user.
2020/10/16 12:15:34.767 [INFO] [UMS.Controllers.ManageUserController]  CheckUserExist:ManageUserController.cs:208 | Detected 1 users.
2020/10/16 12:15:45.424 [DEBUG] [UMS.Controllers.ManageUserController]  CheckUserExist:ManageUserController.cs:207 | Checking user.
2020/10/16 12:15:45.424 [INFO] [UMS.Controllers.ManageUserController]  CheckUserExist:ManageUserController.cs:208 | Detected 0 users.
2020/10/16 12:15:47.909 [DEBUG] [UMS.Controllers.ManageUserController]  CheckUserExist:ManageUserController.cs:207 | Checking user.
2020/10/16 12:15:47.909 [INFO] [UMS.Controllers.ManageUserController]  CheckUserExist:ManageUserController.cs:208 | Detected 0 users.
2020/10/16 12:15:49.421 [DEBUG] [UMS.Controllers.ManageUserController]  CheckUserExist:ManageUserController.cs:207 | Checking user.
2020/10/16 12:15:49.421 [INFO] [UMS.Controllers.ManageUserController]  CheckUserExist:ManageUserController.cs:208 | Detected 1 users.
2020/10/16 12:15:51.047 [DEBUG] [UMS.Areas.Identity.Pages.Account.LoginModel]  Login.cshtml.cs:49 | Start login model.
2020/10/16 12:15:51.062 [DEBUG] [UMS.Areas.Identity.Pages.Account.LoginModel]  Login.cshtml.cs:106 | Getting external authentication scheme.
2020/10/16 14:42:40.081 [INFO] [Microsoft.Hosting.Lifetime]   | Now listening on: https://localhost:44346
2020/10/16 14:42:40.261 [INFO] [Microsoft.Hosting.Lifetime]   | Application started. Press Ctrl+C to shut down.
2020/10/16 14:42:40.266 [INFO] [Microsoft.Hosting.Lifetime]   | Hosting environment: Development
2020/10/16 14:42:40.266 [INFO] [Microsoft.Hosting.Lifetime]   | Content root path: C:\Users\Namchok\Desktop\สหกิจ\ums\UMS
2020/10/16 14:42:41.127 [INFO] [UMS.Controllers.ManageUserController]  ManageUserController.cs:34 | Start manage user controller.
2020/10/16 14:42:41.127 [INFO] [UMS.Areas.Identity.Pages.Account.LoginModel]  Login.cshtml.cs:49 | Start login model.
2020/10/16 14:42:41.157 [DEBUG] [UMS.Areas.Identity.Pages.Account.LoginModel]  Login.cshtml.cs:106 | Getting external authentication scheme.
2020/10/16 14:46:02.799 [INFO] [Microsoft.Hosting.Lifetime]   | Now listening on: https://localhost:44346
2020/10/16 14:46:02.990 [INFO] [Microsoft.Hosting.Lifetime]   | Application started. Press Ctrl+C to shut down.
2020/10/16 14:46:02.990 [INFO] [Microsoft.Hosting.Lifetime]   | Hosting environment: Development
2020/10/16 14:46:02.999 [INFO] [Microsoft.Hosting.Lifetime]   | Content root path: C:\Users\Namchok\Desktop\สหกิจ\ums\UMS
2020/10/16 14:46:03.721 [INFO] [UMS.Controllers.ManageUserController]  ManageUserController.cs:34 | Start manage user controller.
2020/10/16 14:46:03.721 [INFO] [UMS.Areas.Identity.Pages.Account.LoginModel]  Login.cshtml.cs:49 | Start login model.
2020/10/16 14:46:03.750 [DEBUG] [UMS.Areas.Identity.Pages.Account.LoginModel]  Login.cshtml.cs:106 | Getting external authentication scheme.
2020/10/16 14:46:06.180 [INFO] [UMS.Controllers.ManageUserController]  ManageUserController.cs:34 | Start manage user controller.
2020/10/16 14:46:06.191 [INFO] [UMS.Areas.Identity.Pages.Account.LoginModel]  Login.cshtml.cs:49 | Start login model.
2020/10/16 14:46:07.434 [INFO] [UMS.Areas.Identity.Pages.Account.LoginModel]  Login.cshtml.cs:143 | User logged in successfully.
2020/10/16 14:46:07.442 [INFO] [UMS.Areas.Identity.Pages.Account.LoginModel]  Login.cshtml.cs:158 | Adding cookie into the browser.
2020/10/16 14:46:07.472 [INFO] [UMS.Controllers.HomeController] [usermanagement2020@gmail.com] Index:HomeController.cs:29 | Start home controller.
2020/10/16 14:46:07.472 [INFO] [UMS.Controllers.HomeController] [usermanagement2020@gmail.com] Index:HomeController.cs:42 | Welcome, usermanagement2020@gmail.com.
2020/10/16 14:46:08.473 [INFO] [UMS.Controllers.ManageUserController] [usermanagement2020@gmail.com] Index:ManageUserController.cs:34 | Start manage user controller.
2020/10/16 14:46:08.484 [DEBUG] [UMS.Controllers.ManageUserController] [usermanagement2020@gmail.com] Index:ManageUserController.cs:49 | Getting all active users.
2020/10/16 14:46:10.296 [INFO] [UMS.Areas.Identity.Pages.Account.LogoutModel] [usermanagement2020@gmail.com] Logout.cshtml.cs:31 | Start logout.
2020/10/16 14:46:10.296 [INFO] [UMS.Areas.Identity.Pages.Account.LogoutModel] [usermanagement2020@gmail.com] Logout.cshtml.cs:70 | User logged out.
2020/10/16 14:46:10.312 [INFO] [UMS.Areas.Identity.Pages.Account.LogoutModel]  Logout.cshtml.cs:31 | Start logout.
2020/10/16 14:46:10.328 [INFO] [UMS.Areas.Identity.Pages.Account.LogoutModel]  Logout.cshtml.cs:46 | User logged out.
2020/10/16 14:46:11.469 [INFO] [UMS.Controllers.ManageUserController]  ManageUserController.cs:34 | Start manage user controller.
2020/10/16 14:46:11.469 [INFO] [UMS.Areas.Identity.Pages.Account.LoginModel]  Login.cshtml.cs:49 | Start login model.
2020/10/16 14:46:11.484 [DEBUG] [UMS.Areas.Identity.Pages.Account.LoginModel]  Login.cshtml.cs:106 | Getting external authentication scheme.
2020/10/16 14:46:12.413 [INFO] [UMS.Areas.Identity.Pages.Account.RegisterModel]  Register.cshtml.cs:48 | Start register model.
2020/10/16 14:46:13.280 [INFO] [UMS.Controllers.ManageUserController]  CheckUserExist:ManageUserController.cs:34 | Start manage user controller.
2020/10/16 14:46:13.348 [DEBUG] [UMS.Controllers.ManageUserController]  CheckUserExist:ManageUserController.cs:207 | Checking user.
2020/10/16 14:46:13.348 [INFO] [UMS.Controllers.ManageUserController]  CheckUserExist:ManageUserController.cs:208 | Detected 0 users.
2020/10/16 14:46:24.770 [INFO] [UMS.Controllers.ManageUserController]  CheckUserExist:ManageUserController.cs:34 | Start manage user controller.
2020/10/16 14:46:24.785 [DEBUG] [UMS.Controllers.ManageUserController]  CheckUserExist:ManageUserController.cs:207 | Checking user.
2020/10/16 14:46:24.785 [INFO] [UMS.Controllers.ManageUserController]  CheckUserExist:ManageUserController.cs:208 | Detected 0 users.
2020/10/16 14:46:31.429 [INFO] [UMS.Controllers.ManageUserController]  GetStatusUser:ManageUserController.cs:34 | Start manage user controller.
2020/10/16 14:46:31.487 [INFO] [UMS.Areas.Identity.Pages.Account.RegisterModel]  Register.cshtml.cs:48 | Start register model.
2020/10/16 14:46:31.680 [INFO] [UMS.Areas.Identity.Pages.Account.RegisterModel]  Register.cshtml.cs:143 | User created successfully with password..
2020/10/16 14:46:31.689 [DEBUG] [UMS.Areas.Identity.Pages.Account.RegisterModel]  Register.cshtml.cs:145 | Creating a provider key.
2020/10/16 14:46:31.745 [INFO] [UMS.Areas.Identity.Pages.Account.RegisterModel]  Register.cshtml.cs:149 | User successfully added.
2020/10/16 14:46:31.753 [DEBUG] [UMS.Areas.Identity.Pages.Account.RegisterModel]  Register.cshtml.cs:152 | Adding a default role for users.
2020/10/16 14:46:31.792 [INFO] [UMS.Areas.Identity.Pages.Account.RegisterModel]  Register.cshtml.cs:156 | User role successfully added.
2020/10/16 14:46:31.798 [DEBUG] [UMS.Areas.Identity.Pages.Account.RegisterModel]  Register.cshtml.cs:158 | Signing in.
2020/10/16 14:46:31.798 [INFO] [UMS.Areas.Identity.Pages.Account.RegisterModel]  Register.cshtml.cs:160 | User signed in successfully.
2020/10/16 14:46:31.829 [INFO] [UMS.Controllers.HomeController] [Test1113@gmail.com] Index:HomeController.cs:29 | Start home controller.
2020/10/16 14:46:31.829 [INFO] [UMS.Controllers.HomeController] [Test1113@gmail.com] Index:HomeController.cs:42 | Welcome, Test1113@gmail.com.
2020/10/16 14:46:34.191 [INFO] [UMS.Areas.Identity.Pages.Account.LogoutModel] [Test1113@gmail.com] Logout.cshtml.cs:31 | Start logout.
2020/10/16 14:46:34.204 [INFO] [UMS.Areas.Identity.Pages.Account.LogoutModel] [Test1113@gmail.com] Logout.cshtml.cs:70 | User logged out.
2020/10/16 14:46:34.228 [INFO] [UMS.Areas.Identity.Pages.Account.LogoutModel]  Logout.cshtml.cs:31 | Start logout.
2020/10/16 14:46:34.238 [INFO] [UMS.Areas.Identity.Pages.Account.LogoutModel]  Logout.cshtml.cs:46 | User logged out.
2020/10/16 14:46:35.130 [INFO] [UMS.Controllers.ManageUserController]  ManageUserController.cs:34 | Start manage user controller.
2020/10/16 14:46:35.142 [INFO] [UMS.Areas.Identity.Pages.Account.LoginModel]  Login.cshtml.cs:49 | Start login model.
2020/10/16 14:46:35.160 [DEBUG] [UMS.Areas.Identity.Pages.Account.LoginModel]  Login.cshtml.cs:106 | Getting external authentication scheme.
2020/10/16 14:47:45.316 [INFO] [UMS.Controllers.ManageUserController]  ManageUserController.cs:34 | Start manage user controller.
2020/10/16 14:47:45.327 [INFO] [UMS.Areas.Identity.Pages.Account.LoginModel]  Login.cshtml.cs:49 | Start login model.
2020/10/16 14:47:45.327 [DEBUG] [UMS.Areas.Identity.Pages.Account.LoginModel]  Login.cshtml.cs:106 | Getting external authentication scheme.
2020/10/16 14:47:49.555 [INFO] [UMS.Controllers.ManageUserController]  ManageUserController.cs:34 | Start manage user controller.
2020/10/16 14:47:49.569 [INFO] [UMS.Areas.Identity.Pages.Account.LoginModel]  Login.cshtml.cs:49 | Start login model.
2020/10/16 14:47:49.618 [INFO] [UMS.Areas.Identity.Pages.Account.LoginModel]  Login.cshtml.cs:143 | User logged in successfully.
2020/10/16 14:47:49.625 [INFO] [UMS.Controllers.HomeController] [usermanagement2020@gmail.com] Index:HomeController.cs:29 | Start home controller.
2020/10/16 14:47:49.641 [INFO] [UMS.Controllers.HomeController] [usermanagement2020@gmail.com] Index:HomeController.cs:42 | Welcome, usermanagement2020@gmail.com.
2020/10/16 14:47:49.865 [INFO] [UMS.Controllers.LogsController] [usermanagement2020@gmail.com] Index:LogsController.cs:31 | Start logs controller.
2020/10/16 14:47:49.873 [DEBUG] [UMS.Controllers.LogsController] [usermanagement2020@gmail.com] Index:LogsController.cs:46 | Getting top 100 from all logs.
2020/10/16 14:47:50.422 [INFO] [UMS.Controllers.LogsController] [usermanagement2020@gmail.com] Search:LogsController.cs:31 | Start logs controller.
2020/10/16 14:47:50.450 [DEBUG] [UMS.Controllers.LogsController] [usermanagement2020@gmail.com] Search:LogsController.cs:74 | Input Date Input: 10/16/2020 12:00 AM - 10/16/2020 11:59 PM
2020/10/16 14:47:50.454 [DEBUG] [UMS.Controllers.LogsController] [usermanagement2020@gmail.com] Search:LogsController.cs:75 | Input Message: 10/01/2020 12:00 AM - 10/01/2020 11:59 PM
2020/10/16 14:47:50.454 [DEBUG] [UMS.Controllers.LogsController] [usermanagement2020@gmail.com] Search:LogsController.cs:76 | Getting log by 10/16/2020 12:00 AM - 10/16/2020 11:59 PM or 10/01/2020 12:00 AM - 10/01/2020 11:59 PM.
2020/10/16 14:47:56.755 [INFO] [UMS.Controllers.ManageUserController]  ManageUserController.cs:34 | Start manage user controller.
2020/10/16 14:47:56.755 [INFO] [UMS.Areas.Identity.Pages.Account.LoginModel]  Login.cshtml.cs:49 | Start login model.
2020/10/16 14:47:56.781 [DEBUG] [UMS.Areas.Identity.Pages.Account.LoginModel]  Login.cshtml.cs:106 | Getting external authentication scheme.
2020/10/16 14:48:00.907 [INFO] [UMS.Controllers.ManageUserController]  ManageUserController.cs:34 | Start manage user controller.
2020/10/16 14:48:00.907 [INFO] [UMS.Areas.Identity.Pages.Account.LoginModel]  Login.cshtml.cs:49 | Start login model.
2020/10/16 14:48:00.970 [INFO] [UMS.Areas.Identity.Pages.Account.LoginModel]  Login.cshtml.cs:143 | User logged in successfully.
2020/10/16 14:48:00.987 [INFO] [UMS.Controllers.HomeController] [usermanagement2020@gmail.com] Index:HomeController.cs:29 | Start home controller.
2020/10/16 14:48:00.987 [INFO] [UMS.Controllers.HomeController] [usermanagement2020@gmail.com] Index:HomeController.cs:42 | Welcome, usermanagement2020@gmail.com.
2020/10/16 14:48:01.205 [INFO] [UMS.Controllers.LogsController] [usermanagement2020@gmail.com] Index:LogsController.cs:31 | Start logs controller.
2020/10/16 14:48:01.220 [DEBUG] [UMS.Controllers.LogsController] [usermanagement2020@gmail.com] Index:LogsController.cs:46 | Getting top 100 from all logs.
2020/10/16 14:48:08.023 [INFO] [UMS.Controllers.ManageUserController]  ManageUserController.cs:34 | Start manage user controller.
2020/10/16 14:48:08.033 [INFO] [UMS.Areas.Identity.Pages.Account.LoginModel]  Login.cshtml.cs:49 | Start login model.
2020/10/16 14:48:08.046 [DEBUG] [UMS.Areas.Identity.Pages.Account.LoginModel]  Login.cshtml.cs:106 | Getting external authentication scheme.
2020/10/16 14:48:12.019 [INFO] [UMS.Controllers.ManageUserController]  ManageUserController.cs:34 | Start manage user controller.
2020/10/16 14:48:12.019 [INFO] [UMS.Areas.Identity.Pages.Account.LoginModel]  Login.cshtml.cs:49 | Start login model.
2020/10/16 14:48:12.069 [INFO] [UMS.Areas.Identity.Pages.Account.LoginModel]  Login.cshtml.cs:143 | User logged in successfully.
2020/10/16 14:48:12.077 [INFO] [UMS.Controllers.HomeController] [usermanagement2020@gmail.com] Index:HomeController.cs:29 | Start home controller.
2020/10/16 14:48:12.093 [INFO] [UMS.Controllers.HomeController] [usermanagement2020@gmail.com] Index:HomeController.cs:42 | Welcome, usermanagement2020@gmail.com.
2020/10/16 14:48:12.286 [INFO] [UMS.Controllers.LogsController] [usermanagement2020@gmail.com] Index:LogsController.cs:31 | Start logs controller.
2020/10/16 14:48:12.301 [DEBUG] [UMS.Controllers.LogsController] [usermanagement2020@gmail.com] Index:LogsController.cs:46 | Getting top 100 from all logs.
2020/10/16 14:48:12.784 [INFO] [UMS.Controllers.LogsController] [usermanagement2020@gmail.com] Search:LogsController.cs:31 | Start logs controller.
2020/10/16 14:48:12.795 [DEBUG] [UMS.Controllers.LogsController] [usermanagement2020@gmail.com] Search:LogsController.cs:74 | Input Date Input: 10/16/2020 12:00 AM - 10/16/2020 11:59 PM
2020/10/16 14:48:12.795 [DEBUG] [UMS.Controllers.LogsController] [usermanagement2020@gmail.com] Search:LogsController.cs:75 | Input Message: 10/01/2020 12:00 AM - 10/01/2020 11:59 PM
2020/10/16 14:48:12.795 [DEBUG] [UMS.Controllers.LogsController] [usermanagement2020@gmail.com] Search:LogsController.cs:76 | Getting log by 10/16/2020 12:00 AM - 10/16/2020 11:59 PM or 10/01/2020 12:00 AM - 10/01/2020 11:59 PM.
2020/10/16 14:48:19.141 [INFO] [UMS.Controllers.ManageUserController]  ManageUserController.cs:34 | Start manage user controller.
2020/10/16 14:48:19.141 [INFO] [UMS.Areas.Identity.Pages.Account.LoginModel]  Login.cshtml.cs:49 | Start login model.
2020/10/16 14:48:19.155 [DEBUG] [UMS.Areas.Identity.Pages.Account.LoginModel]  Login.cshtml.cs:106 | Getting external authentication scheme.
2020/10/16 14:48:23.208 [INFO] [UMS.Controllers.ManageUserController]  ManageUserController.cs:34 | Start manage user controller.
2020/10/16 14:48:23.221 [INFO] [UMS.Areas.Identity.Pages.Account.LoginModel]  Login.cshtml.cs:49 | Start login model.
2020/10/16 14:48:23.266 [INFO] [UMS.Areas.Identity.Pages.Account.LoginModel]  Login.cshtml.cs:143 | User logged in successfully.
2020/10/16 14:48:23.283 [INFO] [UMS.Controllers.HomeController] [usermanagement2020@gmail.com] Index:HomeController.cs:29 | Start home controller.
2020/10/16 14:48:23.299 [INFO] [UMS.Controllers.HomeController] [usermanagement2020@gmail.com] Index:HomeController.cs:42 | Welcome, usermanagement2020@gmail.com.
2020/10/16 14:48:23.517 [INFO] [UMS.Controllers.LogsController] [usermanagement2020@gmail.com] Index:LogsController.cs:31 | Start logs controller.
2020/10/16 14:48:23.517 [DEBUG] [UMS.Controllers.LogsController] [usermanagement2020@gmail.com] Index:LogsController.cs:46 | Getting top 100 from all logs.
2020/10/16 14:48:30.303 [INFO] [UMS.Controllers.ManageUserController]  ManageUserController.cs:34 | Start manage user controller.
2020/10/16 14:48:30.317 [INFO] [UMS.Areas.Identity.Pages.Account.LoginModel]  Login.cshtml.cs:49 | Start login model.
2020/10/16 14:48:30.327 [DEBUG] [UMS.Areas.Identity.Pages.Account.LoginModel]  Login.cshtml.cs:106 | Getting external authentication scheme.
2020/10/16 14:48:34.609 [INFO] [UMS.Controllers.ManageUserController]  ManageUserController.cs:34 | Start manage user controller.
2020/10/16 14:48:34.609 [INFO] [UMS.Areas.Identity.Pages.Account.LoginModel]  Login.cshtml.cs:49 | Start login model.
2020/10/16 14:48:34.658 [INFO] [UMS.Areas.Identity.Pages.Account.LoginModel]  Login.cshtml.cs:143 | User logged in successfully.
2020/10/16 14:48:34.675 [INFO] [UMS.Controllers.HomeController] [usermanagement2020@gmail.com] Index:HomeController.cs:29 | Start home controller.
2020/10/16 14:48:34.689 [INFO] [UMS.Controllers.HomeController] [usermanagement2020@gmail.com] Index:HomeController.cs:42 | Welcome, usermanagement2020@gmail.com.
2020/10/16 14:48:34.969 [INFO] [UMS.Controllers.LogsController] [usermanagement2020@gmail.com] Index:LogsController.cs:31 | Start logs controller.
2020/10/16 14:48:34.969 [DEBUG] [UMS.Controllers.LogsController] [usermanagement2020@gmail.com] Index:LogsController.cs:46 | Getting top 100 from all logs.
2020/10/16 14:48:35.314 [INFO] [UMS.Controllers.LogsController] [usermanagement2020@gmail.com] Search:LogsController.cs:31 | Start logs controller.
2020/10/16 14:48:35.314 [DEBUG] [UMS.Controllers.LogsController] [usermanagement2020@gmail.com] Search:LogsController.cs:74 | Input Date Input: 10/16/2020 12:00 AM - 10/16/2020 11:59 PM
2020/10/16 14:48:35.329 [DEBUG] [UMS.Controllers.LogsController] [usermanagement2020@gmail.com] Search:LogsController.cs:75 | Input Message: -
2020/10/16 14:48:35.329 [DEBUG] [UMS.Controllers.LogsController] [usermanagement2020@gmail.com] Search:LogsController.cs:76 | Getting log by 10/16/2020 12:00 AM - 10/16/2020 11:59 PM.
2020/10/16 14:48:41.611 [INFO] [UMS.Controllers.ManageUserController]  ManageUserController.cs:34 | Start manage user controller.
2020/10/16 14:48:41.611 [INFO] [UMS.Areas.Identity.Pages.Account.LoginModel]  Login.cshtml.cs:49 | Start login model.
2020/10/16 14:48:41.627 [DEBUG] [UMS.Areas.Identity.Pages.Account.LoginModel]  Login.cshtml.cs:106 | Getting external authentication scheme.
2020/10/16 14:48:45.639 [INFO] [UMS.Controllers.ManageUserController]  ManageUserController.cs:34 | Start manage user controller.
2020/10/16 14:48:45.639 [INFO] [UMS.Areas.Identity.Pages.Account.LoginModel]  Login.cshtml.cs:49 | Start login model.
2020/10/16 14:48:45.698 [INFO] [UMS.Areas.Identity.Pages.Account.LoginModel]  Login.cshtml.cs:143 | User logged in successfully.
2020/10/16 14:48:45.718 [INFO] [UMS.Controllers.HomeController] [usermanagement2020@gmail.com] Index:HomeController.cs:29 | Start home controller.
2020/10/16 14:48:45.718 [INFO] [UMS.Controllers.HomeController] [usermanagement2020@gmail.com] Index:HomeController.cs:42 | Welcome, usermanagement2020@gmail.com.
2020/10/16 14:48:45.970 [INFO] [UMS.Controllers.LogsController] [usermanagement2020@gmail.com] Index:LogsController.cs:31 | Start logs controller.
2020/10/16 14:48:45.970 [DEBUG] [UMS.Controllers.LogsController] [usermanagement2020@gmail.com] Index:LogsController.cs:46 | Getting top 100 from all logs.
2020/10/16 14:48:46.408 [INFO] [UMS.Controllers.LogsController] [usermanagement2020@gmail.com] Search:LogsController.cs:31 | Start logs controller.
2020/10/16 14:48:46.422 [DEBUG] [UMS.Controllers.LogsController] [usermanagement2020@gmail.com] Search:LogsController.cs:74 | Input Date Input: 10/16/2020 12:00 AM - 10/16/2020 11:59 PM
2020/10/16 14:48:46.422 [DEBUG] [UMS.Controllers.LogsController] [usermanagement2020@gmail.com] Search:LogsController.cs:75 | Input Message: 10/01/2020 12:00 AM - 10/01/2020 11:59 PM
2020/10/16 14:48:46.422 [DEBUG] [UMS.Controllers.LogsController] [usermanagement2020@gmail.com] Search:LogsController.cs:76 | Getting log by 10/16/2020 12:00 AM - 10/16/2020 11:59 PM or 10/01/2020 12:00 AM - 10/01/2020 11:59 PM.
2020/10/16 14:48:52.705 [INFO] [UMS.Controllers.ManageUserController]  ManageUserController.cs:34 | Start manage user controller.
2020/10/16 14:48:52.705 [INFO] [UMS.Areas.Identity.Pages.Account.LoginModel]  Login.cshtml.cs:49 | Start login model.
2020/10/16 14:48:52.727 [DEBUG] [UMS.Areas.Identity.Pages.Account.LoginModel]  Login.cshtml.cs:106 | Getting external authentication scheme.
2020/10/16 14:48:56.736 [INFO] [UMS.Controllers.ManageUserController]  ManageUserController.cs:34 | Start manage user controller.
2020/10/16 14:48:56.752 [INFO] [UMS.Areas.Identity.Pages.Account.LoginModel]  Login.cshtml.cs:49 | Start login model.
2020/10/16 14:48:56.801 [INFO] [UMS.Areas.Identity.Pages.Account.LoginModel]  Login.cshtml.cs:143 | User logged in successfully.
2020/10/16 14:48:56.818 [INFO] [UMS.Controllers.HomeController] [usermanagement2020@gmail.com] Index:HomeController.cs:29 | Start home controller.
2020/10/16 14:48:56.827 [INFO] [UMS.Controllers.HomeController] [usermanagement2020@gmail.com] Index:HomeController.cs:42 | Welcome, usermanagement2020@gmail.com.
2020/10/16 14:48:57.007 [INFO] [UMS.Controllers.LogsController] [usermanagement2020@gmail.com] Index:LogsController.cs:31 | Start logs controller.
2020/10/16 14:48:57.022 [DEBUG] [UMS.Controllers.LogsController] [usermanagement2020@gmail.com] Index:LogsController.cs:46 | Getting top 100 from all logs.
2020/10/16 14:48:57.400 [INFO] [UMS.Controllers.LogsController] [usermanagement2020@gmail.com] Search:LogsController.cs:31 | Start logs controller.
2020/10/16 14:48:57.411 [DEBUG] [UMS.Controllers.LogsController] [usermanagement2020@gmail.com] Search:LogsController.cs:74 | Input Date Input: 10/16/2020 12:00 AM - 10/16/2020 11:59 PM
2020/10/16 14:48:57.411 [DEBUG] [UMS.Controllers.LogsController] [usermanagement2020@gmail.com] Search:LogsController.cs:75 | Input Message: Welcome
2020/10/16 14:48:57.421 [DEBUG] [UMS.Controllers.LogsController] [usermanagement2020@gmail.com] Search:LogsController.cs:76 | Getting log by 10/16/2020 12:00 AM - 10/16/2020 11:59 PM or Welcome.
2020/10/16 14:55:29.229 [INFO] [Microsoft.Hosting.Lifetime]   | Application is shutting down...
2020/10/16 15:20:44.141 [INFO] [Microsoft.Hosting.Lifetime]   | Now listening on: https://localhost:44346
2020/10/16 15:20:44.387 [INFO] [Microsoft.Hosting.Lifetime]   | Application started. Press Ctrl+C to shut down.
2020/10/16 15:20:44.396 [INFO] [Microsoft.Hosting.Lifetime]   | Hosting environment: Development
2020/10/16 15:20:44.396 [INFO] [Microsoft.Hosting.Lifetime]   | Content root path: C:\Users\Namchok\Desktop\สหกิจ\ums\UMS
2020/10/16 15:20:45.079 [INFO] [UMS.Controllers.ManageUserController]  ManageUserController.cs:34 | Start manage user controller.
2020/10/16 15:20:45.079 [INFO] [UMS.Areas.Identity.Pages.Account.LoginModel]  Login.cshtml.cs:49 | Start login model.
2020/10/16 15:20:45.110 [DEBUG] [UMS.Areas.Identity.Pages.Account.LoginModel]  Login.cshtml.cs:106 | Getting external authentication scheme.
2020/10/16 15:20:47.236 [INFO] [UMS.Controllers.ManageUserController]  ManageUserController.cs:34 | Start manage user controller.
2020/10/16 15:20:47.236 [INFO] [UMS.Areas.Identity.Pages.Account.LoginModel]  Login.cshtml.cs:49 | Start login model.
2020/10/16 15:20:48.441 [INFO] [UMS.Areas.Identity.Pages.Account.LoginModel]  Login.cshtml.cs:143 | User logged in successfully.
2020/10/16 15:20:48.441 [INFO] [UMS.Areas.Identity.Pages.Account.LoginModel]  Login.cshtml.cs:158 | Adding cookie into the browser.
2020/10/16 15:20:48.468 [INFO] [UMS.Controllers.HomeController] [usermanagement2020@gmail.com] Index:HomeController.cs:29 | Start home controller.
2020/10/16 15:20:48.485 [INFO] [UMS.Controllers.HomeController] [usermanagement2020@gmail.com] Index:HomeController.cs:42 | Welcome, usermanagement2020@gmail.com.
2020/10/16 15:21:03.264 [INFO] [Microsoft.Hosting.Lifetime]   | Application is shutting down...
2020/10/16 15:21:45.415 [INFO] [Microsoft.Hosting.Lifetime]   | Now listening on: https://localhost:44346
2020/10/16 15:21:45.646 [INFO] [Microsoft.Hosting.Lifetime]   | Application started. Press Ctrl+C to shut down.
2020/10/16 15:21:45.646 [INFO] [Microsoft.Hosting.Lifetime]   | Hosting environment: Development
2020/10/16 15:21:45.646 [INFO] [Microsoft.Hosting.Lifetime]   | Content root path: C:\Users\Namchok\Desktop\สหกิจ\ums\UMS
2020/10/16 15:21:46.417 [INFO] [UMS.Controllers.HomeController] [usermanagement2020@gmail.com] Index:HomeController.cs:29 | Start home controller.
2020/10/16 15:21:46.425 [INFO] [UMS.Controllers.HomeController] [usermanagement2020@gmail.com] Index:HomeController.cs:42 | Welcome, usermanagement2020@gmail.com.
2020/10/16 15:23:26.982 [INFO] [Microsoft.Hosting.Lifetime]   | Now listening on: https://localhost:44346
2020/10/16 15:23:27.169 [INFO] [Microsoft.Hosting.Lifetime]   | Application started. Press Ctrl+C to shut down.
2020/10/16 15:23:27.173 [INFO] [Microsoft.Hosting.Lifetime]   | Hosting environment: Development
2020/10/16 15:23:27.173 [INFO] [Microsoft.Hosting.Lifetime]   | Content root path: C:\Users\Namchok\Desktop\สหกิจ\ums\UMS
2020/10/16 15:23:27.600 [INFO] [UMS.Controllers.HomeController] [usermanagement2020@gmail.com] Index:HomeController.cs:29 | Start home controller.
2020/10/16 15:23:27.610 [INFO] [UMS.Controllers.HomeController] [usermanagement2020@gmail.com] Index:HomeController.cs:42 | Welcome, usermanagement2020@gmail.com.
2020/10/16 15:23:37.446 [INFO] [Microsoft.Hosting.Lifetime]   | Application is shutting down...
2020/10/16 15:24:59.138 [INFO] [Microsoft.Hosting.Lifetime]   | Now listening on: https://localhost:44346
2020/10/16 15:24:59.374 [INFO] [Microsoft.Hosting.Lifetime]   | Application started. Press Ctrl+C to shut down.
2020/10/16 15:24:59.374 [INFO] [Microsoft.Hosting.Lifetime]   | Hosting environment: Development
2020/10/16 15:24:59.374 [INFO] [Microsoft.Hosting.Lifetime]   | Content root path: C:\Users\Namchok\Desktop\สหกิจ\ums\UMS
2020/10/16 15:25:00.123 [INFO] [UMS.Controllers.HomeController] [usermanagement2020@gmail.com] Index:HomeController.cs:29 | Start home controller.
2020/10/16 15:25:00.123 [INFO] [UMS.Controllers.HomeController] [usermanagement2020@gmail.com] Index:HomeController.cs:42 | Welcome, usermanagement2020@gmail.com.
2020/10/16 15:25:13.447 [INFO] [Microsoft.Hosting.Lifetime]   | Now listening on: https://localhost:44346
2020/10/16 15:25:13.675 [INFO] [Microsoft.Hosting.Lifetime]   | Application started. Press Ctrl+C to shut down.
2020/10/16 15:25:13.675 [INFO] [Microsoft.Hosting.Lifetime]   | Hosting environment: Development
2020/10/16 15:25:13.675 [INFO] [Microsoft.Hosting.Lifetime]   | Content root path: C:\Users\Namchok\Desktop\สหกิจ\ums\UMS
2020/10/16 15:25:14.441 [INFO] [UMS.Controllers.HomeController] [usermanagement2020@gmail.com] Index:HomeController.cs:29 | Start home controller.
2020/10/16 15:25:14.451 [INFO] [UMS.Controllers.HomeController] [usermanagement2020@gmail.com] Index:HomeController.cs:42 | Welcome, usermanagement2020@gmail.com.
2020/10/16 15:26:19.266 [INFO] [Microsoft.Hosting.Lifetime]   | Now listening on: https://localhost:44346
2020/10/16 15:26:19.505 [INFO] [Microsoft.Hosting.Lifetime]   | Application started. Press Ctrl+C to shut down.
2020/10/16 15:26:19.505 [INFO] [Microsoft.Hosting.Lifetime]   | Hosting environment: Development
2020/10/16 15:26:19.514 [INFO] [Microsoft.Hosting.Lifetime]   | Content root path: C:\Users\Namchok\Desktop\สหกิจ\ums\UMS
2020/10/16 15:26:20.020 [INFO] [UMS.Controllers.HomeController] [usermanagement2020@gmail.com] Index:HomeController.cs:29 | Start home controller.
2020/10/16 15:26:20.030 [INFO] [UMS.Controllers.HomeController] [usermanagement2020@gmail.com] Index:HomeController.cs:42 | Welcome, usermanagement2020@gmail.com.
2020/10/16 15:26:24.155 [INFO] [UMS.Controllers.HomeController] [usermanagement2020@gmail.com] Index:HomeController.cs:29 | Start home controller.
2020/10/16 15:26:24.155 [INFO] [UMS.Controllers.HomeController] [usermanagement2020@gmail.com] Index:HomeController.cs:42 | Welcome, usermanagement2020@gmail.com.
2020/10/16 15:27:13.062 [INFO] [Microsoft.Hosting.Lifetime]   | Now listening on: https://localhost:44346
2020/10/16 15:27:13.282 [INFO] [Microsoft.Hosting.Lifetime]   | Application started. Press Ctrl+C to shut down.
2020/10/16 15:27:13.282 [INFO] [Microsoft.Hosting.Lifetime]   | Hosting environment: Development
2020/10/16 15:27:13.282 [INFO] [Microsoft.Hosting.Lifetime]   | Content root path: C:\Users\Namchok\Desktop\สหกิจ\ums\UMS
2020/10/16 15:27:14.165 [INFO] [UMS.Controllers.HomeController] [usermanagement2020@gmail.com] Index:HomeController.cs:29 | Start home controller.
2020/10/16 15:27:14.173 [INFO] [UMS.Controllers.HomeController] [usermanagement2020@gmail.com] Index:HomeController.cs:42 | Welcome, usermanagement2020@gmail.com.
2020/10/16 15:28:12.020 [INFO] [Microsoft.Hosting.Lifetime]   | Now listening on: https://localhost:44346
2020/10/16 15:28:12.241 [INFO] [Microsoft.Hosting.Lifetime]   | Application started. Press Ctrl+C to shut down.
2020/10/16 15:28:12.241 [INFO] [Microsoft.Hosting.Lifetime]   | Hosting environment: Development
2020/10/16 15:28:12.249 [INFO] [Microsoft.Hosting.Lifetime]   | Content root path: C:\Users\Namchok\Desktop\สหกิจ\ums\UMS
2020/10/16 15:28:13.145 [INFO] [UMS.Controllers.HomeController] [usermanagement2020@gmail.com] Index:HomeController.cs:29 | Start home controller.
2020/10/16 15:28:13.154 [INFO] [UMS.Controllers.HomeController] [usermanagement2020@gmail.com] Index:HomeController.cs:42 | Welcome, usermanagement2020@gmail.com.
2020/10/16 15:28:27.539 [INFO] [Microsoft.Hosting.Lifetime]   | Application is shutting down...
2020/10/16 15:30:04.610 [INFO] [Microsoft.Hosting.Lifetime]   | Now listening on: https://localhost:44346
2020/10/16 15:30:04.886 [INFO] [Microsoft.Hosting.Lifetime]   | Application started. Press Ctrl+C to shut down.
2020/10/16 15:30:04.891 [INFO] [Microsoft.Hosting.Lifetime]   | Hosting environment: Development
2020/10/16 15:30:04.891 [INFO] [Microsoft.Hosting.Lifetime]   | Content root path: C:\Users\Namchok\Desktop\สหกิจ\ums\UMS
2020/10/16 15:30:05.247 [INFO] [UMS.Controllers.HomeController] [usermanagement2020@gmail.com] Index:HomeController.cs:29 | Start home controller.
2020/10/16 15:30:05.254 [INFO] [UMS.Controllers.HomeController] [usermanagement2020@gmail.com] Index:HomeController.cs:42 | Welcome, usermanagement2020@gmail.com.
2020/10/16 15:30:12.723 [INFO] [UMS.Controllers.ManageUserController] [usermanagement2020@gmail.com] Index:ManageUserController.cs:34 | Start manage user controller.
2020/10/16 15:30:12.734 [DEBUG] [UMS.Controllers.ManageUserController] [usermanagement2020@gmail.com] Index:ManageUserController.cs:49 | Getting all active users.
2020/10/16 15:30:17.767 [INFO] [UMS.Controllers.HomeController] [usermanagement2020@gmail.com] Index:HomeController.cs:29 | Start home controller.
2020/10/16 15:30:17.767 [INFO] [UMS.Controllers.HomeController] [usermanagement2020@gmail.com] Index:HomeController.cs:42 | Welcome, usermanagement2020@gmail.com.
2020/10/16 15:32:44.428 [INFO] [Microsoft.Hosting.Lifetime]   | Now listening on: https://localhost:44346
2020/10/16 15:32:44.714 [INFO] [Microsoft.Hosting.Lifetime]   | Application started. Press Ctrl+C to shut down.
2020/10/16 15:32:44.729 [INFO] [Microsoft.Hosting.Lifetime]   | Hosting environment: Development
2020/10/16 15:32:44.734 [INFO] [Microsoft.Hosting.Lifetime]   | Content root path: C:\Users\Namchok\Desktop\สหกิจ\ums\UMS
2020/10/16 15:32:45.107 [INFO] [UMS.Controllers.HomeController] [usermanagement2020@gmail.com] Index:HomeController.cs:29 | Start home controller.
2020/10/16 15:32:45.107 [INFO] [UMS.Controllers.HomeController] [usermanagement2020@gmail.com] Index:HomeController.cs:42 | Welcome, usermanagement2020@gmail.com.
2020/10/16 15:32:48.290 [INFO] [UMS.Controllers.ManageUserController] [usermanagement2020@gmail.com] Index:ManageUserController.cs:34 | Start manage user controller.
2020/10/16 15:32:48.298 [DEBUG] [UMS.Controllers.ManageUserController] [usermanagement2020@gmail.com] Index:ManageUserController.cs:49 | Getting all active users.
2020/10/16 15:32:50.749 [INFO] [UMS.Controllers.HomeController] [usermanagement2020@gmail.com] Index:HomeController.cs:29 | Start home controller.
2020/10/16 15:32:50.766 [INFO] [UMS.Controllers.HomeController] [usermanagement2020@gmail.com] Index:HomeController.cs:42 | Welcome, usermanagement2020@gmail.com.
2020/10/16 15:32:51.611 [INFO] [UMS.Controllers.ManageUserController] [usermanagement2020@gmail.com] Index:ManageUserController.cs:34 | Start manage user controller.
2020/10/16 15:32:51.611 [DEBUG] [UMS.Controllers.ManageUserController] [usermanagement2020@gmail.com] Index:ManageUserController.cs:49 | Getting all active users.
2020/10/16 15:32:53.201 [INFO] [UMS.Controllers.HomeController] [usermanagement2020@gmail.com] Index:HomeController.cs:29 | Start home controller.
2020/10/16 15:32:53.201 [INFO] [UMS.Controllers.HomeController] [usermanagement2020@gmail.com] Index:HomeController.cs:42 | Welcome, usermanagement2020@gmail.com.
2020/10/16 15:32:53.864 [INFO] [UMS.Controllers.ManageUserController] [usermanagement2020@gmail.com] Index:ManageUserController.cs:34 | Start manage user controller.
2020/10/16 15:32:53.874 [DEBUG] [UMS.Controllers.ManageUserController] [usermanagement2020@gmail.com] Index:ManageUserController.cs:49 | Getting all active users.
2020/10/16 15:32:55.132 [INFO] [UMS.Controllers.HomeController] [usermanagement2020@gmail.com] Index:HomeController.cs:29 | Start home controller.
2020/10/16 15:32:55.141 [INFO] [UMS.Controllers.HomeController] [usermanagement2020@gmail.com] Index:HomeController.cs:42 | Welcome, usermanagement2020@gmail.com.
2020/10/16 15:33:05.284 [INFO] [UMS.Controllers.HomeController] [usermanagement2020@gmail.com] Index:HomeController.cs:29 | Start home controller.
2020/10/16 15:33:05.284 [INFO] [UMS.Controllers.HomeController] [usermanagement2020@gmail.com] Index:HomeController.cs:42 | Welcome, usermanagement2020@gmail.com.
2020/10/16 15:33:27.326 [INFO] [Microsoft.Hosting.Lifetime]   | Application is shutting down...
2020/10/16 15:35:40.124 [INFO] [Microsoft.Hosting.Lifetime]   | Now listening on: https://localhost:44346
2020/10/16 15:35:40.348 [INFO] [Microsoft.Hosting.Lifetime]   | Application started. Press Ctrl+C to shut down.
2020/10/16 15:35:40.348 [INFO] [Microsoft.Hosting.Lifetime]   | Hosting environment: Development
2020/10/16 15:35:40.348 [INFO] [Microsoft.Hosting.Lifetime]   | Content root path: C:\Users\Namchok\Desktop\สหกิจ\ums\UMS
2020/10/16 15:35:41.011 [INFO] [UMS.Controllers.HomeController] [usermanagement2020@gmail.com] Index:HomeController.cs:29 | Start home controller.
2020/10/16 15:35:41.020 [INFO] [UMS.Controllers.HomeController] [usermanagement2020@gmail.com] Index:HomeController.cs:42 | Welcome, usermanagement2020@gmail.com.
2020/10/16 15:35:52.498 [INFO] [UMS.Controllers.ManageUserController] [usermanagement2020@gmail.com] Index:ManageUserController.cs:34 | Start manage user controller.
2020/10/16 15:35:52.504 [DEBUG] [UMS.Controllers.ManageUserController] [usermanagement2020@gmail.com] Index:ManageUserController.cs:49 | Getting all active users.
2020/10/16 15:35:56.306 [INFO] [UMS.Controllers.ManageUserController] [usermanagement2020@gmail.com] Index:ManageUserController.cs:34 | Start manage user controller.
2020/10/16 15:35:56.311 [DEBUG] [UMS.Controllers.ManageUserController] [usermanagement2020@gmail.com] Index:ManageUserController.cs:49 | Getting all active users.
2020/10/16 15:35:57.358 [INFO] [UMS.Controllers.HomeController] [usermanagement2020@gmail.com] Index:HomeController.cs:29 | Start home controller.
2020/10/16 15:35:57.358 [INFO] [UMS.Controllers.HomeController] [usermanagement2020@gmail.com] Index:HomeController.cs:42 | Welcome, usermanagement2020@gmail.com.
2020/10/16 15:43:52.534 [INFO] [Microsoft.Hosting.Lifetime]   | Now listening on: https://localhost:44346
2020/10/16 15:43:52.766 [INFO] [Microsoft.Hosting.Lifetime]   | Application started. Press Ctrl+C to shut down.
2020/10/16 15:43:52.766 [INFO] [Microsoft.Hosting.Lifetime]   | Hosting environment: Development
2020/10/16 15:43:52.766 [INFO] [Microsoft.Hosting.Lifetime]   | Content root path: C:\Users\Namchok\Desktop\สหกิจ\ums\UMS
2020/10/16 15:43:53.609 [INFO] [UMS.Controllers.HomeController] [usermanagement2020@gmail.com] Index:HomeController.cs:29 | Start home controller.
2020/10/16 15:43:53.609 [INFO] [UMS.Controllers.HomeController] [usermanagement2020@gmail.com] Index:HomeController.cs:42 | Welcome, usermanagement2020@gmail.com.
2020/10/16 15:46:18.028 [INFO] [Microsoft.Hosting.Lifetime]   | Now listening on: https://localhost:44346
2020/10/16 15:46:18.250 [INFO] [Microsoft.Hosting.Lifetime]   | Application started. Press Ctrl+C to shut down.
2020/10/16 15:46:18.250 [INFO] [Microsoft.Hosting.Lifetime]   | Hosting environment: Development
2020/10/16 15:46:18.250 [INFO] [Microsoft.Hosting.Lifetime]   | Content root path: C:\Users\Namchok\Desktop\สหกิจ\ums\UMS
2020/10/16 15:46:19.064 [INFO] [UMS.Controllers.HomeController] [usermanagement2020@gmail.com] Index:HomeController.cs:29 | Start home controller.
2020/10/16 15:46:19.064 [INFO] [UMS.Controllers.HomeController] [usermanagement2020@gmail.com] Index:HomeController.cs:42 | Welcome, usermanagement2020@gmail.com.
2020/10/16 16:17:44.926 [INFO] [Microsoft.Hosting.Lifetime]   | Now listening on: https://localhost:44346
2020/10/16 16:17:45.193 [INFO] [Microsoft.Hosting.Lifetime]   | Application started. Press Ctrl+C to shut down.
2020/10/16 16:17:45.193 [INFO] [Microsoft.Hosting.Lifetime]   | Hosting environment: Development
2020/10/16 16:17:45.205 [INFO] [Microsoft.Hosting.Lifetime]   | Content root path: C:\Users\Namchok\Desktop\สหกิจ\ums\UMS
2020/10/16 16:17:46.767 [INFO] [UMS.Controllers.HomeController] [usermanagement2020@gmail.com] Index:HomeController.cs:29 | Start home controller.
2020/10/16 16:17:46.781 [INFO] [UMS.Controllers.HomeController] [usermanagement2020@gmail.com] Index:HomeController.cs:42 | Welcome, usermanagement2020@gmail.com.
2020/10/16 16:20:39.951 [INFO] [Microsoft.Hosting.Lifetime]   | Now listening on: https://localhost:44346
2020/10/16 16:20:40.169 [INFO] [Microsoft.Hosting.Lifetime]   | Application started. Press Ctrl+C to shut down.
2020/10/16 16:20:40.174 [INFO] [Microsoft.Hosting.Lifetime]   | Hosting environment: Development
2020/10/16 16:20:40.174 [INFO] [Microsoft.Hosting.Lifetime]   | Content root path: C:\Users\Namchok\Desktop\สหกิจ\ums\UMS
2020/10/16 16:20:40.963 [INFO] [UMS.Controllers.HomeController] [usermanagement2020@gmail.com] Index:HomeController.cs:29 | Start home controller.
2020/10/16 16:20:40.971 [INFO] [UMS.Controllers.HomeController] [usermanagement2020@gmail.com] Index:HomeController.cs:42 | Welcome, usermanagement2020@gmail.com.
2020/10/16 16:21:34.321 [INFO] [UMS.Controllers.HomeController] [usermanagement2020@gmail.com] Index:HomeController.cs:29 | Start home controller.
2020/10/16 16:21:34.328 [INFO] [UMS.Controllers.HomeController] [usermanagement2020@gmail.com] Index:HomeController.cs:42 | Welcome, usermanagement2020@gmail.com.
2020/10/16 16:21:54.139 [INFO] [Microsoft.Hosting.Lifetime]   | Now listening on: https://localhost:44346
2020/10/16 16:21:54.381 [INFO] [Microsoft.Hosting.Lifetime]   | Application started. Press Ctrl+C to shut down.
2020/10/16 16:21:54.381 [INFO] [Microsoft.Hosting.Lifetime]   | Hosting environment: Development
2020/10/16 16:21:54.391 [INFO] [Microsoft.Hosting.Lifetime]   | Content root path: C:\Users\Namchok\Desktop\สหกิจ\ums\UMS
2020/10/16 16:21:54.952 [INFO] [UMS.Controllers.HomeController] [usermanagement2020@gmail.com] Index:HomeController.cs:29 | Start home controller.
2020/10/16 16:21:54.952 [INFO] [UMS.Controllers.HomeController] [usermanagement2020@gmail.com] Index:HomeController.cs:42 | Welcome, usermanagement2020@gmail.com.
2020/10/16 16:22:21.908 [INFO] [Microsoft.Hosting.Lifetime]   | Application is shutting down...
2020/10/16 16:23:15.754 [INFO] [Microsoft.Hosting.Lifetime]   | Now listening on: https://localhost:44346
2020/10/16 16:23:15.970 [INFO] [Microsoft.Hosting.Lifetime]   | Application started. Press Ctrl+C to shut down.
2020/10/16 16:23:15.970 [INFO] [Microsoft.Hosting.Lifetime]   | Hosting environment: Development
2020/10/16 16:23:15.970 [INFO] [Microsoft.Hosting.Lifetime]   | Content root path: C:\Users\Namchok\Desktop\สหกิจ\ums\UMS
2020/10/16 16:23:16.732 [INFO] [UMS.Controllers.HomeController] [usermanagement2020@gmail.com] Index:HomeController.cs:29 | Start home controller.
2020/10/16 16:23:16.740 [INFO] [UMS.Controllers.HomeController] [usermanagement2020@gmail.com] Index:HomeController.cs:42 | Welcome, usermanagement2020@gmail.com.
2020/10/16 16:23:24.363 [INFO] [Microsoft.Hosting.Lifetime]   | Application is shutting down...
2020/10/16 16:27:09.035 [INFO] [Microsoft.Hosting.Lifetime]   | Now listening on: https://localhost:44346
2020/10/16 16:27:09.283 [INFO] [Microsoft.Hosting.Lifetime]   | Application started. Press Ctrl+C to shut down.
2020/10/16 16:27:09.283 [INFO] [Microsoft.Hosting.Lifetime]   | Hosting environment: Development
2020/10/16 16:27:09.283 [INFO] [Microsoft.Hosting.Lifetime]   | Content root path: C:\Users\Namchok\Desktop\สหกิจ\ums\UMS
2020/10/16 16:27:09.962 [INFO] [UMS.Controllers.HomeController] [usermanagement2020@gmail.com] Index:HomeController.cs:29 | Start home controller.
2020/10/16 16:27:09.970 [INFO] [UMS.Controllers.HomeController] [usermanagement2020@gmail.com] Index:HomeController.cs:42 | Welcome, usermanagement2020@gmail.com.
2020/10/16 16:27:15.311 [DEBUG] [UMS.Areas.Identity.Pages.Account.Manage.IndexModel] [usermanagement2020@gmail.com] Index.cshtml.cs:55 | Getting all active users.
2020/10/16 16:27:16.378 [DEBUG] [UMS.Areas.Identity.Pages.Account.Manage.IndexModel] [usermanagement2020@gmail.com] Index.cshtml.cs:55 | Getting all active users.
2020/10/16 16:27:16.424 [DEBUG] [UMS.Areas.Identity.Pages.Account.Manage.IndexModel] [usermanagement2020@gmail.com] Index.cshtml.cs:55 | Getting all active users.
2020/10/16 16:27:16.454 [DEBUG] [UMS.Areas.Identity.Pages.Account.Manage.IndexModel] [usermanagement2020@gmail.com] Index.cshtml.cs:55 | Getting all active users.
2020/10/16 16:27:16.471 [DEBUG] [UMS.Areas.Identity.Pages.Account.Manage.IndexModel] [usermanagement2020@gmail.com] Index.cshtml.cs:55 | Getting all active users.
2020/10/16 16:27:16.483 [DEBUG] [UMS.Areas.Identity.Pages.Account.Manage.IndexModel] [usermanagement2020@gmail.com] Index.cshtml.cs:55 | Getting all active users.
2020/10/16 16:27:16.501 [DEBUG] [UMS.Areas.Identity.Pages.Account.Manage.IndexModel] [usermanagement2020@gmail.com] Index.cshtml.cs:55 | Getting all active users.
2020/10/16 16:27:16.531 [DEBUG] [UMS.Areas.Identity.Pages.Account.Manage.IndexModel] [usermanagement2020@gmail.com] Index.cshtml.cs:55 | Getting all active users.
2020/10/16 16:27:16.547 [DEBUG] [UMS.Areas.Identity.Pages.Account.Manage.IndexModel] [usermanagement2020@gmail.com] Index.cshtml.cs:55 | Getting all active users.
2020/10/16 16:27:16.562 [DEBUG] [UMS.Areas.Identity.Pages.Account.Manage.IndexModel] [usermanagement2020@gmail.com] Index.cshtml.cs:55 | Getting all active users.
2020/10/16 16:27:16.593 [DEBUG] [UMS.Areas.Identity.Pages.Account.Manage.IndexModel] [usermanagement2020@gmail.com] Index.cshtml.cs:55 | Getting all active users.
2020/10/16 16:27:16.611 [DEBUG] [UMS.Areas.Identity.Pages.Account.Manage.IndexModel] [usermanagement2020@gmail.com] Index.cshtml.cs:55 | Getting all active users.
2020/10/16 16:27:16.641 [DEBUG] [UMS.Areas.Identity.Pages.Account.Manage.IndexModel] [usermanagement2020@gmail.com] Index.cshtml.cs:55 | Getting all active users.
2020/10/16 16:27:16.655 [DEBUG] [UMS.Areas.Identity.Pages.Account.Manage.IndexModel] [usermanagement2020@gmail.com] Index.cshtml.cs:55 | Getting all active users.
2020/10/16 16:27:16.688 [DEBUG] [UMS.Areas.Identity.Pages.Account.Manage.IndexModel] [usermanagement2020@gmail.com] Index.cshtml.cs:55 | Getting all active users.
2020/10/16 16:27:16.734 [DEBUG] [UMS.Areas.Identity.Pages.Account.Manage.IndexModel] [usermanagement2020@gmail.com] Index.cshtml.cs:55 | Getting all active users.
2020/10/16 16:27:16.765 [DEBUG] [UMS.Areas.Identity.Pages.Account.Manage.IndexModel] [usermanagement2020@gmail.com] Index.cshtml.cs:55 | Getting all active users.
2020/10/16 16:27:16.781 [DEBUG] [UMS.Areas.Identity.Pages.Account.Manage.IndexModel] [usermanagement2020@gmail.com] Index.cshtml.cs:55 | Getting all active users.
2020/10/16 16:27:16.811 [DEBUG] [UMS.Areas.Identity.Pages.Account.Manage.IndexModel] [usermanagement2020@gmail.com] Index.cshtml.cs:55 | Getting all active users.
2020/10/16 16:27:16.828 [DEBUG] [UMS.Areas.Identity.Pages.Account.Manage.IndexModel] [usermanagement2020@gmail.com] Index.cshtml.cs:55 | Getting all active users.
2020/10/16 16:27:17.905 [DEBUG] [UMS.Areas.Identity.Pages.Account.Manage.IndexModel] [usermanagement2020@gmail.com] Index.cshtml.cs:55 | Getting all active users.
2020/10/16 16:27:17.937 [DEBUG] [UMS.Areas.Identity.Pages.Account.Manage.IndexModel] [usermanagement2020@gmail.com] Index.cshtml.cs:55 | Getting all active users.
2020/10/16 16:27:17.952 [DEBUG] [UMS.Areas.Identity.Pages.Account.Manage.IndexModel] [usermanagement2020@gmail.com] Index.cshtml.cs:55 | Getting all active users.
2020/10/16 16:27:17.989 [DEBUG] [UMS.Areas.Identity.Pages.Account.Manage.IndexModel] [usermanagement2020@gmail.com] Index.cshtml.cs:55 | Getting all active users.
2020/10/16 16:27:18.004 [DEBUG] [UMS.Areas.Identity.Pages.Account.Manage.IndexModel] [usermanagement2020@gmail.com] Index.cshtml.cs:55 | Getting all active users.
2020/10/16 16:27:18.033 [DEBUG] [UMS.Areas.Identity.Pages.Account.Manage.IndexModel] [usermanagement2020@gmail.com] Index.cshtml.cs:55 | Getting all active users.
2020/10/16 16:27:18.066 [DEBUG] [UMS.Areas.Identity.Pages.Account.Manage.IndexModel] [usermanagement2020@gmail.com] Index.cshtml.cs:55 | Getting all active users.
2020/10/16 16:27:18.079 [DEBUG] [UMS.Areas.Identity.Pages.Account.Manage.IndexModel] [usermanagement2020@gmail.com] Index.cshtml.cs:55 | Getting all active users.
2020/10/16 16:27:18.113 [DEBUG] [UMS.Areas.Identity.Pages.Account.Manage.IndexModel] [usermanagement2020@gmail.com] Index.cshtml.cs:55 | Getting all active users.
2020/10/16 16:27:18.126 [DEBUG] [UMS.Areas.Identity.Pages.Account.Manage.IndexModel] [usermanagement2020@gmail.com] Index.cshtml.cs:55 | Getting all active users.
2020/10/16 16:27:18.157 [DEBUG] [UMS.Areas.Identity.Pages.Account.Manage.IndexModel] [usermanagement2020@gmail.com] Index.cshtml.cs:55 | Getting all active users.
2020/10/16 16:27:18.171 [DEBUG] [UMS.Areas.Identity.Pages.Account.Manage.IndexModel] [usermanagement2020@gmail.com] Index.cshtml.cs:55 | Getting all active users.
2020/10/16 16:27:18.203 [DEBUG] [UMS.Areas.Identity.Pages.Account.Manage.IndexModel] [usermanagement2020@gmail.com] Index.cshtml.cs:55 | Getting all active users.
2020/10/16 16:27:18.219 [DEBUG] [UMS.Areas.Identity.Pages.Account.Manage.IndexModel] [usermanagement2020@gmail.com] Index.cshtml.cs:55 | Getting all active users.
2020/10/16 16:27:18.249 [DEBUG] [UMS.Areas.Identity.Pages.Account.Manage.IndexModel] [usermanagement2020@gmail.com] Index.cshtml.cs:55 | Getting all active users.
2020/10/16 16:27:18.280 [DEBUG] [UMS.Areas.Identity.Pages.Account.Manage.IndexModel] [usermanagement2020@gmail.com] Index.cshtml.cs:55 | Getting all active users.
2020/10/16 16:27:18.297 [DEBUG] [UMS.Areas.Identity.Pages.Account.Manage.IndexModel] [usermanagement2020@gmail.com] Index.cshtml.cs:55 | Getting all active users.
2020/10/16 16:27:18.329 [DEBUG] [UMS.Areas.Identity.Pages.Account.Manage.IndexModel] [usermanagement2020@gmail.com] Index.cshtml.cs:55 | Getting all active users.
2020/10/16 16:27:18.345 [DEBUG] [UMS.Areas.Identity.Pages.Account.Manage.IndexModel] [usermanagement2020@gmail.com] Index.cshtml.cs:55 | Getting all active users.
2020/10/16 16:27:18.373 [DEBUG] [UMS.Areas.Identity.Pages.Account.Manage.IndexModel] [usermanagement2020@gmail.com] Index.cshtml.cs:55 | Getting all active users.
2020/10/16 16:27:23.409 [DEBUG] [UMS.Areas.Identity.Pages.Account.Manage.IndexModel] [usermanagement2020@gmail.com] Index.cshtml.cs:55 | Getting all active users.
2020/10/16 16:27:23.455 [DEBUG] [UMS.Areas.Identity.Pages.Account.Manage.IndexModel] [usermanagement2020@gmail.com] Index.cshtml.cs:55 | Getting all active users.
2020/10/16 16:27:23.483 [DEBUG] [UMS.Areas.Identity.Pages.Account.Manage.IndexModel] [usermanagement2020@gmail.com] Index.cshtml.cs:55 | Getting all active users.
2020/10/16 16:27:23.501 [DEBUG] [UMS.Areas.Identity.Pages.Account.Manage.IndexModel] [usermanagement2020@gmail.com] Index.cshtml.cs:55 | Getting all active users.
2020/10/16 16:27:23.533 [DEBUG] [UMS.Areas.Identity.Pages.Account.Manage.IndexModel] [usermanagement2020@gmail.com] Index.cshtml.cs:55 | Getting all active users.
2020/10/16 16:27:23.546 [DEBUG] [UMS.Areas.Identity.Pages.Account.Manage.IndexModel] [usermanagement2020@gmail.com] Index.cshtml.cs:55 | Getting all active users.
2020/10/16 16:27:23.584 [DEBUG] [UMS.Areas.Identity.Pages.Account.Manage.IndexModel] [usermanagement2020@gmail.com] Index.cshtml.cs:55 | Getting all active users.
2020/10/16 16:27:23.608 [DEBUG] [UMS.Areas.Identity.Pages.Account.Manage.IndexModel] [usermanagement2020@gmail.com] Index.cshtml.cs:55 | Getting all active users.
2020/10/16 16:27:23.643 [DEBUG] [UMS.Areas.Identity.Pages.Account.Manage.IndexModel] [usermanagement2020@gmail.com] Index.cshtml.cs:55 | Getting all active users.
2020/10/16 16:27:23.688 [DEBUG] [UMS.Areas.Identity.Pages.Account.Manage.IndexModel] [usermanagement2020@gmail.com] Index.cshtml.cs:55 | Getting all active users.
2020/10/16 16:27:23.717 [DEBUG] [UMS.Areas.Identity.Pages.Account.Manage.IndexModel] [usermanagement2020@gmail.com] Index.cshtml.cs:55 | Getting all active users.
2020/10/16 16:27:23.733 [DEBUG] [UMS.Areas.Identity.Pages.Account.Manage.IndexModel] [usermanagement2020@gmail.com] Index.cshtml.cs:55 | Getting all active users.
2020/10/16 16:27:23.765 [DEBUG] [UMS.Areas.Identity.Pages.Account.Manage.IndexModel] [usermanagement2020@gmail.com] Index.cshtml.cs:55 | Getting all active users.
2020/10/16 16:27:23.795 [DEBUG] [UMS.Areas.Identity.Pages.Account.Manage.IndexModel] [usermanagement2020@gmail.com] Index.cshtml.cs:55 | Getting all active users.
2020/10/16 16:27:23.812 [DEBUG] [UMS.Areas.Identity.Pages.Account.Manage.IndexModel] [usermanagement2020@gmail.com] Index.cshtml.cs:55 | Getting all active users.
2020/10/16 16:27:23.844 [DEBUG] [UMS.Areas.Identity.Pages.Account.Manage.IndexModel] [usermanagement2020@gmail.com] Index.cshtml.cs:55 | Getting all active users.
2020/10/16 16:27:23.875 [DEBUG] [UMS.Areas.Identity.Pages.Account.Manage.IndexModel] [usermanagement2020@gmail.com] Index.cshtml.cs:55 | Getting all active users.
2020/10/16 16:27:23.906 [DEBUG] [UMS.Areas.Identity.Pages.Account.Manage.IndexModel] [usermanagement2020@gmail.com] Index.cshtml.cs:55 | Getting all active users.
2020/10/16 16:27:23.937 [DEBUG] [UMS.Areas.Identity.Pages.Account.Manage.IndexModel] [usermanagement2020@gmail.com] Index.cshtml.cs:55 | Getting all active users.
2020/10/16 16:27:23.969 [DEBUG] [UMS.Areas.Identity.Pages.Account.Manage.IndexModel] [usermanagement2020@gmail.com] Index.cshtml.cs:55 | Getting all active users.
2020/10/16 16:27:36.471 [DEBUG] [UMS.Areas.Identity.Pages.Account.Manage.IndexModel] [usermanagement2020@gmail.com] Index.cshtml.cs:55 | Getting all active users.
2020/10/16 16:27:41.244 [DEBUG] [UMS.Areas.Identity.Pages.Account.Manage.IndexModel] [usermanagement2020@gmail.com] Index.cshtml.cs:55 | Getting all active users.
2020/10/16 16:27:44.300 [DEBUG] [UMS.Areas.Identity.Pages.Account.Manage.IndexModel] [usermanagement2020@gmail.com] Index.cshtml.cs:55 | Getting all active users.
2020/10/16 16:27:49.327 [DEBUG] [UMS.Areas.Identity.Pages.Account.Manage.IndexModel] [usermanagement2020@gmail.com] Index.cshtml.cs:55 | Getting all active users.
2020/10/16 16:28:11.922 [INFO] [Microsoft.Hosting.Lifetime]   | Now listening on: https://localhost:44346
2020/10/16 16:28:12.148 [INFO] [Microsoft.Hosting.Lifetime]   | Application started. Press Ctrl+C to shut down.
2020/10/16 16:28:12.148 [INFO] [Microsoft.Hosting.Lifetime]   | Hosting environment: Development
2020/10/16 16:28:12.157 [INFO] [Microsoft.Hosting.Lifetime]   | Content root path: C:\Users\Namchok\Desktop\สหกิจ\ums\UMS
2020/10/16 16:28:13.009 [INFO] [UMS.Controllers.HomeController] [usermanagement2020@gmail.com] Index:HomeController.cs:29 | Start home controller.
2020/10/16 16:28:13.017 [INFO] [UMS.Controllers.HomeController] [usermanagement2020@gmail.com] Index:HomeController.cs:42 | Welcome, usermanagement2020@gmail.com.
2020/10/16 16:28:14.988 [DEBUG] [UMS.Areas.Identity.Pages.Account.Manage.IndexModel] [usermanagement2020@gmail.com] Index.cshtml.cs:55 | Getting all active users.
2020/10/16 16:28:38.156 [INFO] [UMS.Controllers.ManageUserController] [usermanagement2020@gmail.com] Index:ManageUserController.cs:34 | Start manage user controller.
2020/10/16 16:28:38.156 [DEBUG] [UMS.Controllers.ManageUserController] [usermanagement2020@gmail.com] Index:ManageUserController.cs:49 | Getting all active users.
2020/10/16 16:28:43.066 [INFO] [UMS.Controllers.HomeController] [usermanagement2020@gmail.com] Index:HomeController.cs:29 | Start home controller.
2020/10/16 16:28:43.066 [INFO] [UMS.Controllers.HomeController] [usermanagement2020@gmail.com] Index:HomeController.cs:42 | Welcome, usermanagement2020@gmail.com.
2020/10/16 16:37:37.358 [INFO] [Microsoft.Hosting.Lifetime]   | Now listening on: https://localhost:44346
2020/10/16 16:37:37.576 [INFO] [Microsoft.Hosting.Lifetime]   | Application started. Press Ctrl+C to shut down.
2020/10/16 16:37:37.580 [INFO] [Microsoft.Hosting.Lifetime]   | Hosting environment: Development
2020/10/16 16:37:37.580 [INFO] [Microsoft.Hosting.Lifetime]   | Content root path: C:\Users\Namchok\Desktop\สหกิจ\ums\UMS
2020/10/16 16:37:38.319 [INFO] [UMS.Controllers.HomeController] [usermanagement2020@gmail.com] Index:HomeController.cs:29 | Start home controller.
2020/10/16 16:37:38.327 [INFO] [UMS.Controllers.HomeController] [usermanagement2020@gmail.com] Index:HomeController.cs:42 | Welcome, usermanagement2020@gmail.com.
2020/10/16 16:37:40.234 [DEBUG] [UMS.Areas.Identity.Pages.Account.Manage.IndexModel] [usermanagement2020@gmail.com] Index.cshtml.cs:55 | Getting all active users.
2020/10/16 16:39:20.814 [INFO] [UMS.Controllers.ManageUserController] [usermanagement2020@gmail.com] GetUser:ManageUserController.cs:34 | Start manage user controller.
2020/10/16 16:39:20.838 [INFO] [UMS.Controllers.ManageUserController] [usermanagement2020@gmail.com] GetUser:ManageUserController.cs:77 | Getting user.
2020/10/16 16:39:36.268 [INFO] [UMS.Controllers.ManageUserController] [usermanagement2020@gmail.com] EditUser:ManageUserController.cs:34 | Start manage user controller.
2020/10/16 16:39:36.286 [DEBUG] [UMS.Controllers.ManageUserController] [usermanagement2020@gmail.com] EditUser:ManageUserController.cs:114 | Setting role ID.
2020/10/16 16:39:36.353 [ERROR] [UMS.Controllers.ManageUserController] [usermanagement2020@gmail.com] EditUser:ManageUserController.cs:143 | ModelState is not valid!.
2020/10/16 16:39:36.366 [INFO] [UMS.Controllers.ManageUserController] [usermanagement2020@gmail.com] Index:ManageUserController.cs:34 | Start manage user controller.
2020/10/16 16:39:36.377 [DEBUG] [UMS.Controllers.ManageUserController] [usermanagement2020@gmail.com] Index:ManageUserController.cs:49 | Getting all active users.
