############################################## User Management System log ##############################################
2020/09/18 09:58:39.435 [INFO] [Microsoft.Hosting.Lifetime]   | Now listening on: https://localhost:44346
2020/09/18 09:58:41.633 [INFO] [Microsoft.Hosting.Lifetime]   | Application started. Press Ctrl+C to shut down.
2020/09/18 09:58:41.680 [INFO] [Microsoft.Hosting.Lifetime]   | Hosting environment: Development
2020/09/18 09:58:41.731 [INFO] [Microsoft.Hosting.Lifetime]   | Content root path: C:\Users\Namchok\Desktop\สหกิจ\ums\UMS
2020/09/18 09:58:51.281 [INFO] [Microsoft.Hosting.Lifetime]   | Application is shutting down...
2020/09/18 09:58:57.522 [ERROR] [UMS.Program]  Program.cs:28 | Stopped program because of exception.System.OperationCanceledException: The operation was canceled.
   at System.Threading.CancellationToken.ThrowOperationCanceledException()
   at System.Threading.CancellationToken.ThrowIfCancellationRequested()
   at Microsoft.Extensions.Hosting.Internal.Host.StopAsync(CancellationToken cancellationToken)
   at Microsoft.Extensions.Hosting.HostingAbstractionsHostExtensions.WaitForShutdownAsync(IHost host, CancellationToken token)
   at Microsoft.Extensions.Hosting.HostingAbstractionsHostExtensions.RunAsync(IHost host, CancellationToken token)
   at Microsoft.Extensions.Hosting.HostingAbstractionsHostExtensions.RunAsync(IHost host, CancellationToken token)
   at Microsoft.Extensions.Hosting.HostingAbstractionsHostExtensions.Run(IHost host)
   at UMS.Program.Main(String[] args) in C:\Users\Namchok\Desktop\สหกิจ\ums\UMS\Program.cs:line 28
2020/09/18 10:13:09.806 [INFO] [Microsoft.Hosting.Lifetime]   | Now listening on: https://localhost:44346
2020/09/18 10:13:10.215 [INFO] [Microsoft.Hosting.Lifetime]   | Application started. Press Ctrl+C to shut down.
2020/09/18 10:13:10.254 [INFO] [Microsoft.Hosting.Lifetime]   | Hosting environment: Development
2020/09/18 10:13:10.308 [INFO] [Microsoft.Hosting.Lifetime]   | Content root path: C:\Users\Namchok\Desktop\สหกิจ\ums\UMS
2020/09/18 10:13:13.885 [DEBUG] [UMS.Models.EditAccountContext]  EditAccountContext.cs:24 | Start Edit Account Context.
2020/09/18 10:13:13.897 [DEBUG] [UMS.Models.AccountContext]  AccountContext.cs:24 | Start Account Context.
2020/09/18 10:13:13.943 [DEBUG] [UMS.Areas.Identity.Pages.Account.LoginModel]  Login.cshtml.cs:46 | Starting Login model.
2020/09/18 10:13:14.080 [DEBUG] [UMS.Areas.Identity.Pages.Account.LoginModel]  Login.cshtml.cs:112 | Getting external authentication scheme.
2020/09/18 10:13:27.566 [DEBUG] [UMS.Models.EditAccountContext]  EditAccountContext.cs:24 | Start Edit Account Context.
2020/09/18 10:13:27.566 [DEBUG] [UMS.Models.AccountContext]  AccountContext.cs:24 | Start Account Context.
2020/09/18 10:13:27.613 [DEBUG] [UMS.Areas.Identity.Pages.Account.LoginModel]  Login.cshtml.cs:46 | Starting Login model.
2020/09/18 10:13:28.235 [INFO] [UMS.Areas.Identity.Pages.Account.LoginModel]  Login.cshtml.cs:148 | User logged in.
2020/09/18 10:13:28.357 [INFO] [UMS.Controllers.HomeController] [usermanagement2020@gmail.com] Index:HomeController.cs:60 | Welcome usermanagement2020@gmail.com to UMS.
2020/09/18 10:13:30.463 [DEBUG] [UMS.Controllers.LogsController] [usermanagement2020@gmail.com] Index:LogsController.cs:64 | Getting top 100 from all logs.
2020/09/18 10:13:33.561 [DEBUG] [UMS.Models.AccountContext] [usermanagement2020@gmail.com] Index:AccountContext.cs:24 | Start Account Context.
2020/09/18 10:13:34.116 [DEBUG] [UMS.Models.EditAccountContext] [usermanagement2020@gmail.com] Index:EditAccountContext.cs:24 | Start Edit Account Context.
2020/09/18 10:13:34.343 [DEBUG] [UMS.Controllers.ManageUserController] [usermanagement2020@gmail.com] Index:ManageUserController.cs:82 | Get all active user.
2020/09/18 10:13:36.400 [DEBUG] [UMS.Controllers.EditProfileController] [usermanagement2020@gmail.com] Index:EditProfileController.cs:71 | Get user by ID.
2020/09/18 10:13:37.913 [INFO] [UMS.Controllers.HomeController] [usermanagement2020@gmail.com] Index:HomeController.cs:60 | Welcome usermanagement2020@gmail.com to UMS.
2020/09/18 10:13:39.146 [DEBUG] [UMS.Controllers.EditProfileController] [usermanagement2020@gmail.com] Index:EditProfileController.cs:71 | Get user by ID.
2020/09/18 10:13:40.634 [DEBUG] [UMS.Areas.Identity.Pages.Account.LogoutModel] [usermanagement2020@gmail.com] Logout.cshtml.cs:30 | Starting Log out model.
2020/09/18 10:13:40.664 [INFO] [UMS.Areas.Identity.Pages.Account.LogoutModel] [usermanagement2020@gmail.com] Logout.cshtml.cs:50 | User logged out.
2020/09/18 10:13:40.712 [DEBUG] [UMS.Models.EditAccountContext]  EditAccountContext.cs:24 | Start Edit Account Context.
2020/09/18 10:13:40.733 [DEBUG] [UMS.Models.AccountContext]  AccountContext.cs:24 | Start Account Context.
2020/09/18 10:13:40.788 [DEBUG] [UMS.Areas.Identity.Pages.Account.LoginModel]  Login.cshtml.cs:46 | Starting Login model.
2020/09/18 10:13:40.818 [DEBUG] [UMS.Areas.Identity.Pages.Account.LoginModel]  Login.cshtml.cs:112 | Getting external authentication scheme.
2020/09/18 10:14:06.708 [ERROR] [Microsoft.AspNetCore.Diagnostics.DeveloperExceptionPageMiddleware]   | An unhandled exception has occurred while executing the request.System.Exception: An error was encountered while handling the remote login.
 ---> System.Net.Http.HttpRequestException: A connection attempt failed because the connected party did not properly respond after a period of time, or established connection failed because connected host has failed to respond.
 ---> System.Net.Sockets.SocketException (10060): A connection attempt failed because the connected party did not properly respond after a period of time, or established connection failed because connected host has failed to respond.
   at System.Net.Http.ConnectHelper.ConnectAsync(String host, Int32 port, CancellationToken cancellationToken)
   --- End of inner exception stack trace ---
   at System.Net.Http.ConnectHelper.ConnectAsync(String host, Int32 port, CancellationToken cancellationToken)
   at System.Net.Http.HttpConnectionPool.ConnectAsync(HttpRequestMessage request, Boolean allowHttp2, CancellationToken cancellationToken)
   at System.Net.Http.HttpConnectionPool.CreateHttp11ConnectionAsync(HttpRequestMessage request, CancellationToken cancellationToken)
   at System.Net.Http.HttpConnectionPool.GetHttpConnectionAsync(HttpRequestMessage request, CancellationToken cancellationToken)
   at System.Net.Http.HttpConnectionPool.SendWithRetryAsync(HttpRequestMessage request, Boolean doRequestAuth, CancellationToken cancellationToken)
   at System.Net.Http.HttpConnectionPool.EstablishProxyTunnel(HttpRequestHeaders headers, CancellationToken cancellationToken)
   at System.Net.Http.HttpConnectionPool.ConnectAsync(HttpRequestMessage request, Boolean allowHttp2, CancellationToken cancellationToken)
   at System.Net.Http.HttpConnectionPool.CreateHttp11ConnectionAsync(HttpRequestMessage request, CancellationToken cancellationToken)
   at System.Net.Http.HttpConnectionPool.GetHttpConnectionAsync(HttpRequestMessage request, CancellationToken cancellationToken)
   at System.Net.Http.HttpConnectionPool.SendWithRetryAsync(HttpRequestMessage request, Boolean doRequestAuth, CancellationToken cancellationToken)
   at System.Net.Http.RedirectHandler.SendAsync(HttpRequestMessage request, CancellationToken cancellationToken)
   at System.Net.Http.DiagnosticsHandler.SendAsync(HttpRequestMessage request, CancellationToken cancellationToken)
   at System.Net.Http.HttpClient.FinishSendAsyncBuffered(Task`1 sendTask, HttpRequestMessage request, CancellationTokenSource cts, Boolean disposeCts)
   at Microsoft.AspNetCore.Authentication.OAuth.OAuthHandler`1.ExchangeCodeAsync(OAuthCodeExchangeContext context)
   at Microsoft.AspNetCore.Authentication.OAuth.OAuthHandler`1.HandleRemoteAuthenticateAsync()
   at Microsoft.AspNetCore.Authentication.RemoteAuthenticationHandler`1.HandleRequestAsync()
   --- End of inner exception stack trace ---
   at Microsoft.AspNetCore.Authentication.RemoteAuthenticationHandler`1.HandleRequestAsync()
   at Microsoft.AspNetCore.Authentication.AuthenticationMiddleware.Invoke(HttpContext context)
   at Microsoft.AspNetCore.Diagnostics.DeveloperExceptionPageMiddleware.Invoke(HttpContext context)
2020/09/18 10:14:29.613 [DEBUG] [UMS.Models.EditAccountContext]  EditAccountContext.cs:24 | Start Edit Account Context.
2020/09/18 10:14:29.613 [ERROR] [Microsoft.AspNetCore.Diagnostics.DeveloperExceptionPageMiddleware]   | An unhandled exception has occurred while executing the request.System.Exception: An error was encountered while handling the remote login.
 ---> System.Threading.Tasks.TaskCanceledException: The operation was canceled.
   at System.Net.Http.ConnectHelper.ConnectAsync(String host, Int32 port, CancellationToken cancellationToken)
   at System.Net.Http.HttpConnectionPool.ConnectAsync(HttpRequestMessage request, Boolean allowHttp2, CancellationToken cancellationToken)
   at System.Net.Http.HttpConnectionPool.CreateHttp11ConnectionAsync(HttpRequestMessage request, CancellationToken cancellationToken)
   at System.Net.Http.HttpConnectionPool.GetHttpConnectionAsync(HttpRequestMessage request, CancellationToken cancellationToken)
   at System.Net.Http.HttpConnectionPool.SendWithRetryAsync(HttpRequestMessage request, Boolean doRequestAuth, CancellationToken cancellationToken)
   at System.Net.Http.HttpConnectionPool.EstablishProxyTunnel(HttpRequestHeaders headers, CancellationToken cancellationToken)
   at System.Net.Http.HttpConnectionPool.ConnectAsync(HttpRequestMessage request, Boolean allowHttp2, CancellationToken cancellationToken)
   at System.Net.Http.HttpConnectionPool.CreateHttp11ConnectionAsync(HttpRequestMessage request, CancellationToken cancellationToken)
   at System.Net.Http.HttpConnectionPool.GetHttpConnectionAsync(HttpRequestMessage request, CancellationToken cancellationToken)
   at System.Net.Http.HttpConnectionPool.SendWithRetryAsync(HttpRequestMessage request, Boolean doRequestAuth, CancellationToken cancellationToken)
   at System.Net.Http.RedirectHandler.SendAsync(HttpRequestMessage request, CancellationToken cancellationToken)
   at System.Net.Http.DiagnosticsHandler.SendAsync(HttpRequestMessage request, CancellationToken cancellationToken)
   at System.Net.Http.HttpClient.FinishSendAsyncBuffered(Task`1 sendTask, HttpRequestMessage request, CancellationTokenSource cts, Boolean disposeCts)
   at Microsoft.AspNetCore.Authentication.OAuth.OAuthHandler`1.ExchangeCodeAsync(OAuthCodeExchangeContext context)
   at Microsoft.AspNetCore.Authentication.OAuth.OAuthHandler`1.HandleRemoteAuthenticateAsync()
   at Microsoft.AspNetCore.Authentication.RemoteAuthenticationHandler`1.HandleRequestAsync()
   --- End of inner exception stack trace ---
   at Microsoft.AspNetCore.Authentication.RemoteAuthenticationHandler`1.HandleRequestAsync()
   at Microsoft.AspNetCore.Authentication.AuthenticationMiddleware.Invoke(HttpContext context)
   at Microsoft.AspNetCore.Diagnostics.DeveloperExceptionPageMiddleware.Invoke(HttpContext context)
2020/09/18 10:14:29.652 [DEBUG] [UMS.Models.AccountContext]  AccountContext.cs:24 | Start Account Context.
2020/09/18 10:14:29.738 [DEBUG] [UMS.Areas.Identity.Pages.Account.LoginModel]  Login.cshtml.cs:46 | Starting Login model.
2020/09/18 10:14:29.790 [DEBUG] [UMS.Areas.Identity.Pages.Account.LoginModel]  Login.cshtml.cs:112 | Getting external authentication scheme.
2020/09/18 10:14:55.285 [ERROR] [Microsoft.AspNetCore.Diagnostics.DeveloperExceptionPageMiddleware]   | An unhandled exception has occurred while executing the request.System.Exception: An error was encountered while handling the remote login.
 ---> System.Net.Http.HttpRequestException: A connection attempt failed because the connected party did not properly respond after a period of time, or established connection failed because connected host has failed to respond.
 ---> System.Net.Sockets.SocketException (10060): A connection attempt failed because the connected party did not properly respond after a period of time, or established connection failed because connected host has failed to respond.
   at System.Net.Http.ConnectHelper.ConnectAsync(String host, Int32 port, CancellationToken cancellationToken)
   --- End of inner exception stack trace ---
   at System.Net.Http.ConnectHelper.ConnectAsync(String host, Int32 port, CancellationToken cancellationToken)
   at System.Net.Http.HttpConnectionPool.ConnectAsync(HttpRequestMessage request, Boolean allowHttp2, CancellationToken cancellationToken)
   at System.Net.Http.HttpConnectionPool.CreateHttp11ConnectionAsync(HttpRequestMessage request, CancellationToken cancellationToken)
   at System.Net.Http.HttpConnectionPool.GetHttpConnectionAsync(HttpRequestMessage request, CancellationToken cancellationToken)
   at System.Net.Http.HttpConnectionPool.SendWithRetryAsync(HttpRequestMessage request, Boolean doRequestAuth, CancellationToken cancellationToken)
   at System.Net.Http.HttpConnectionPool.EstablishProxyTunnel(HttpRequestHeaders headers, CancellationToken cancellationToken)
   at System.Net.Http.HttpConnectionPool.ConnectAsync(HttpRequestMessage request, Boolean allowHttp2, CancellationToken cancellationToken)
   at System.Net.Http.HttpConnectionPool.CreateHttp11ConnectionAsync(HttpRequestMessage request, CancellationToken cancellationToken)
   at System.Net.Http.HttpConnectionPool.GetHttpConnectionAsync(HttpRequestMessage request, CancellationToken cancellationToken)
   at System.Net.Http.HttpConnectionPool.SendWithRetryAsync(HttpRequestMessage request, Boolean doRequestAuth, CancellationToken cancellationToken)
   at System.Net.Http.RedirectHandler.SendAsync(HttpRequestMessage request, CancellationToken cancellationToken)
   at System.Net.Http.DiagnosticsHandler.SendAsync(HttpRequestMessage request, CancellationToken cancellationToken)
   at System.Net.Http.HttpClient.FinishSendAsyncBuffered(Task`1 sendTask, HttpRequestMessage request, CancellationTokenSource cts, Boolean disposeCts)
   at Microsoft.AspNetCore.Authentication.OAuth.OAuthHandler`1.ExchangeCodeAsync(OAuthCodeExchangeContext context)
   at Microsoft.AspNetCore.Authentication.OAuth.OAuthHandler`1.HandleRemoteAuthenticateAsync()
   at Microsoft.AspNetCore.Authentication.RemoteAuthenticationHandler`1.HandleRequestAsync()
   --- End of inner exception stack trace ---
   at Microsoft.AspNetCore.Authentication.RemoteAuthenticationHandler`1.HandleRequestAsync()
   at Microsoft.AspNetCore.Authentication.AuthenticationMiddleware.Invoke(HttpContext context)
   at Microsoft.AspNetCore.Diagnostics.DeveloperExceptionPageMiddleware.Invoke(HttpContext context)
2020/09/18 10:15:29.270 [DEBUG] [UMS.Models.EditAccountContext]  EditAccountContext.cs:24 | Start Edit Account Context.
2020/09/18 10:15:29.296 [DEBUG] [UMS.Models.AccountContext]  AccountContext.cs:24 | Start Account Context.
2020/09/18 10:15:29.365 [DEBUG] [UMS.Areas.Identity.Pages.Account.LoginModel]  Login.cshtml.cs:46 | Starting Login model.
2020/09/18 10:15:29.432 [DEBUG] [UMS.Areas.Identity.Pages.Account.LoginModel]  Login.cshtml.cs:112 | Getting external authentication scheme.
2020/09/18 10:15:31.666 [DEBUG] [UMS.Controllers.AccountController]  MicrosoftLogin:AccountController.cs:398 | Getting properties from Microsoft.
2020/09/18 10:15:55.137 [ERROR] [Microsoft.AspNetCore.Diagnostics.DeveloperExceptionPageMiddleware]   | An unhandled exception has occurred while executing the request.System.Exception: An error was encountered while handling the remote login.
 ---> System.Net.Http.HttpRequestException: A connection attempt failed because the connected party did not properly respond after a period of time, or established connection failed because connected host has failed to respond.
 ---> System.Net.Sockets.SocketException (10060): A connection attempt failed because the connected party did not properly respond after a period of time, or established connection failed because connected host has failed to respond.
   at System.Net.Http.ConnectHelper.ConnectAsync(String host, Int32 port, CancellationToken cancellationToken)
   --- End of inner exception stack trace ---
   at System.Net.Http.ConnectHelper.ConnectAsync(String host, Int32 port, CancellationToken cancellationToken)
   at System.Net.Http.HttpConnectionPool.ConnectAsync(HttpRequestMessage request, Boolean allowHttp2, CancellationToken cancellationToken)
   at System.Net.Http.HttpConnectionPool.CreateHttp11ConnectionAsync(HttpRequestMessage request, CancellationToken cancellationToken)
   at System.Net.Http.HttpConnectionPool.GetHttpConnectionAsync(HttpRequestMessage request, CancellationToken cancellationToken)
   at System.Net.Http.HttpConnectionPool.SendWithRetryAsync(HttpRequestMessage request, Boolean doRequestAuth, CancellationToken cancellationToken)
   at System.Net.Http.HttpConnectionPool.EstablishProxyTunnel(HttpRequestHeaders headers, CancellationToken cancellationToken)
   at System.Net.Http.HttpConnectionPool.ConnectAsync(HttpRequestMessage request, Boolean allowHttp2, CancellationToken cancellationToken)
   at System.Net.Http.HttpConnectionPool.CreateHttp11ConnectionAsync(HttpRequestMessage request, CancellationToken cancellationToken)
   at System.Net.Http.HttpConnectionPool.GetHttpConnectionAsync(HttpRequestMessage request, CancellationToken cancellationToken)
   at System.Net.Http.HttpConnectionPool.SendWithRetryAsync(HttpRequestMessage request, Boolean doRequestAuth, CancellationToken cancellationToken)
   at System.Net.Http.RedirectHandler.SendAsync(HttpRequestMessage request, CancellationToken cancellationToken)
   at System.Net.Http.DiagnosticsHandler.SendAsync(HttpRequestMessage request, CancellationToken cancellationToken)
   at System.Net.Http.HttpClient.FinishSendAsyncBuffered(Task`1 sendTask, HttpRequestMessage request, CancellationTokenSource cts, Boolean disposeCts)
   at Microsoft.AspNetCore.Authentication.OAuth.OAuthHandler`1.ExchangeCodeAsync(OAuthCodeExchangeContext context)
   at Microsoft.AspNetCore.Authentication.OAuth.OAuthHandler`1.HandleRemoteAuthenticateAsync()
   at Microsoft.AspNetCore.Authentication.RemoteAuthenticationHandler`1.HandleRequestAsync()
   --- End of inner exception stack trace ---
   at Microsoft.AspNetCore.Authentication.RemoteAuthenticationHandler`1.HandleRequestAsync()
   at Microsoft.AspNetCore.Authentication.AuthenticationMiddleware.Invoke(HttpContext context)
   at Microsoft.AspNetCore.Diagnostics.DeveloperExceptionPageMiddleware.Invoke(HttpContext context)
2020/09/18 10:16:02.598 [DEBUG] [UMS.Models.EditAccountContext]  EditAccountContext.cs:24 | Start Edit Account Context.
2020/09/18 10:16:02.623 [DEBUG] [UMS.Models.AccountContext]  AccountContext.cs:24 | Start Account Context.
2020/09/18 10:16:02.677 [DEBUG] [UMS.Areas.Identity.Pages.Account.LoginModel]  Login.cshtml.cs:46 | Starting Login model.
2020/09/18 10:16:02.708 [DEBUG] [UMS.Areas.Identity.Pages.Account.LoginModel]  Login.cshtml.cs:112 | Getting external authentication scheme.
2020/09/18 11:03:58.572 [INFO] [Microsoft.Hosting.Lifetime]   | Now listening on: https://localhost:44346
2020/09/18 11:04:01.002 [INFO] [Microsoft.Hosting.Lifetime]   | Application started. Press Ctrl+C to shut down.
2020/09/18 11:04:01.056 [INFO] [Microsoft.Hosting.Lifetime]   | Hosting environment: Development
2020/09/18 11:04:01.129 [INFO] [Microsoft.Hosting.Lifetime]   | Content root path: C:\Users\Namchok\Desktop\สหกิจ\ums\UMS
2020/09/18 11:04:01.949 [DEBUG] [UMS.Models.EditAccountContext]  EditAccountContext.cs:24 | Start Edit Account Context.
2020/09/18 11:04:02.064 [DEBUG] [UMS.Models.AccountContext]  AccountContext.cs:24 | Start Account Context.
2020/09/18 11:04:02.081 [DEBUG] [UMS.Areas.Identity.Pages.Account.LoginModel]  Login.cshtml.cs:46 | Starting Login model.
2020/09/18 11:04:02.228 [DEBUG] [UMS.Areas.Identity.Pages.Account.LoginModel]  Login.cshtml.cs:112 | Getting external authentication scheme.
2020/09/18 11:04:06.177 [DEBUG] [UMS.Models.AccountContext]  AccountContext.cs:24 | Start Account Context.
2020/09/18 11:04:06.210 [DEBUG] [UMS.Areas.Identity.Pages.Account.RegisterModel]  Register.cshtml.cs:62 | Starting Register model.
2020/09/18 11:04:07.735 [DEBUG] [UMS.Models.AccountContext]  CheckUserExist:AccountContext.cs:24 | Start Account Context.
2020/09/18 11:04:07.795 [DEBUG] [UMS.Models.EditAccountContext]  CheckUserExist:EditAccountContext.cs:24 | Start Edit Account Context.
2020/09/18 11:04:08.415 [ERROR] [UMS.Controllers.ManageUserController]  CheckUserExist:ManageUserController.cs:264 | Calling a method on a null object reference.
2020/09/18 11:04:08.438 [DEBUG] [UMS.Models.AccountContext]  CheckUserExist:AccountContext.cs:24 | Start Account Context.
2020/09/18 11:04:08.455 [DEBUG] [UMS.Models.EditAccountContext]  CheckUserExist:EditAccountContext.cs:24 | Start Edit Account Context.
2020/09/18 11:04:10.330 [DEBUG] [UMS.Controllers.ManageUserController]  CheckUserExist:ManageUserController.cs:270 | Check user is exist.
2020/09/18 11:04:10.362 [DEBUG] [UMS.Controllers.ManageUserController]  CheckUserExist:ManageUserController.cs:277 | Save changes: Check user is exist.
2020/09/18 11:04:13.219 [DEBUG] [UMS.Models.AccountContext]  CheckUserExist:AccountContext.cs:24 | Start Account Context.
2020/09/18 11:04:13.230 [DEBUG] [UMS.Models.EditAccountContext]  CheckUserExist:EditAccountContext.cs:24 | Start Edit Account Context.
2020/09/18 11:04:13.283 [DEBUG] [UMS.Controllers.ManageUserController]  CheckUserExist:ManageUserController.cs:270 | Check user is exist.
2020/09/18 11:04:13.302 [DEBUG] [UMS.Controllers.ManageUserController]  CheckUserExist:ManageUserController.cs:277 | Save changes: Check user is exist.
2020/09/18 11:04:26.836 [DEBUG] [UMS.Models.AccountContext]  CheckUserExist:AccountContext.cs:24 | Start Account Context.
2020/09/18 11:04:26.836 [DEBUG] [UMS.Models.EditAccountContext]  CheckUserExist:EditAccountContext.cs:24 | Start Edit Account Context.
2020/09/18 11:04:26.955 [DEBUG] [UMS.Controllers.ManageUserController]  CheckUserExist:ManageUserController.cs:270 | Check user is exist.
2020/09/18 11:04:26.955 [DEBUG] [UMS.Controllers.ManageUserController]  CheckUserExist:ManageUserController.cs:277 | Save changes: Check user is exist.
2020/09/18 11:04:28.684 [DEBUG] [UMS.Models.AccountContext]  CheckUserExist:AccountContext.cs:24 | Start Account Context.
2020/09/18 11:04:28.757 [DEBUG] [UMS.Models.EditAccountContext]  CheckUserExist:EditAccountContext.cs:24 | Start Edit Account Context.
2020/09/18 11:04:28.833 [DEBUG] [UMS.Controllers.ManageUserController]  CheckUserExist:ManageUserController.cs:270 | Check user is exist.
2020/09/18 11:04:28.854 [DEBUG] [UMS.Controllers.ManageUserController]  CheckUserExist:ManageUserController.cs:277 | Save changes: Check user is exist.
2020/09/18 11:04:31.896 [DEBUG] [UMS.Models.AccountContext]  CheckUserExist:AccountContext.cs:24 | Start Account Context.
2020/09/18 11:04:31.909 [DEBUG] [UMS.Models.EditAccountContext]  CheckUserExist:EditAccountContext.cs:24 | Start Edit Account Context.
2020/09/18 11:04:31.945 [DEBUG] [UMS.Controllers.ManageUserController]  CheckUserExist:ManageUserController.cs:270 | Check user is exist.
2020/09/18 11:04:31.963 [DEBUG] [UMS.Controllers.ManageUserController]  CheckUserExist:ManageUserController.cs:277 | Save changes: Check user is exist.
2020/09/18 11:04:41.319 [DEBUG] [UMS.Models.AccountContext]  CheckUserExist:AccountContext.cs:24 | Start Account Context.
2020/09/18 11:04:41.337 [DEBUG] [UMS.Models.EditAccountContext]  CheckUserExist:EditAccountContext.cs:24 | Start Edit Account Context.
2020/09/18 11:04:41.426 [ERROR] [UMS.Controllers.ManageUserController]  CheckUserExist:ManageUserController.cs:264 | Calling a method on a null object reference.
2020/09/18 11:04:41.687 [DEBUG] [UMS.Models.AccountContext]  CheckUserExist:AccountContext.cs:24 | Start Account Context.
2020/09/18 11:04:41.700 [DEBUG] [UMS.Models.EditAccountContext]  CheckUserExist:EditAccountContext.cs:24 | Start Edit Account Context.
2020/09/18 11:04:41.790 [ERROR] [UMS.Controllers.ManageUserController]  CheckUserExist:ManageUserController.cs:264 | Calling a method on a null object reference.
2020/09/18 11:04:43.815 [DEBUG] [UMS.Models.AccountContext]  CheckUserExist:AccountContext.cs:24 | Start Account Context.
2020/09/18 11:04:43.815 [DEBUG] [UMS.Models.EditAccountContext]  CheckUserExist:EditAccountContext.cs:24 | Start Edit Account Context.
2020/09/18 11:04:43.907 [ERROR] [UMS.Controllers.ManageUserController]  CheckUserExist:ManageUserController.cs:264 | Calling a method on a null object reference.
2020/09/18 11:04:50.807 [DEBUG] [UMS.Models.AccountContext]  CheckUserExist:AccountContext.cs:24 | Start Account Context.
2020/09/18 11:04:50.817 [DEBUG] [UMS.Models.EditAccountContext]  CheckUserExist:EditAccountContext.cs:24 | Start Edit Account Context.
2020/09/18 11:04:50.948 [ERROR] [UMS.Controllers.ManageUserController]  CheckUserExist:ManageUserController.cs:264 | Calling a method on a null object reference.
2020/09/18 11:05:31.367 [DEBUG] [UMS.Models.AccountContext]  CheckUserExist:AccountContext.cs:24 | Start Account Context.
2020/09/18 11:05:31.392 [DEBUG] [UMS.Models.EditAccountContext]  CheckUserExist:EditAccountContext.cs:24 | Start Edit Account Context.
2020/09/18 11:05:31.492 [ERROR] [UMS.Controllers.ManageUserController]  CheckUserExist:ManageUserController.cs:264 | Calling a method on a null object reference.
2020/09/18 11:05:35.818 [INFO] [Microsoft.Hosting.Lifetime]   | Application is shutting down...
2020/09/18 11:06:05.765 [INFO] [Microsoft.Hosting.Lifetime]   | Now listening on: https://localhost:44346
2020/09/18 11:06:08.803 [INFO] [Microsoft.Hosting.Lifetime]   | Application started. Press Ctrl+C to shut down.
2020/09/18 11:06:08.955 [INFO] [Microsoft.Hosting.Lifetime]   | Hosting environment: Development
2020/09/18 11:06:08.990 [INFO] [Microsoft.Hosting.Lifetime]   | Content root path: C:\Users\Namchok\Desktop\สหกิจ\ums\UMS
2020/09/18 11:06:09.270 [DEBUG] [UMS.Models.EditAccountContext]  EditAccountContext.cs:24 | Start Edit Account Context.
2020/09/18 11:06:09.295 [DEBUG] [UMS.Models.AccountContext]  AccountContext.cs:24 | Start Account Context.
2020/09/18 11:06:09.454 [DEBUG] [UMS.Areas.Identity.Pages.Account.LoginModel]  Login.cshtml.cs:46 | Starting Login model.
2020/09/18 11:06:09.676 [DEBUG] [UMS.Areas.Identity.Pages.Account.LoginModel]  Login.cshtml.cs:112 | Getting external authentication scheme.
2020/09/18 11:06:42.742 [DEBUG] [UMS.Models.AccountContext]  AccountContext.cs:24 | Start Account Context.
2020/09/18 11:06:42.742 [DEBUG] [UMS.Areas.Identity.Pages.Account.RegisterModel]  Register.cshtml.cs:62 | Starting Register model.
2020/09/18 11:06:51.165 [DEBUG] [UMS.Models.AccountContext]  CheckUserExist:AccountContext.cs:24 | Start Account Context.
2020/09/18 11:06:51.639 [DEBUG] [UMS.Models.AccountContext]  CheckUserExist:AccountContext.cs:24 | Start Account Context.
2020/09/18 11:06:52.256 [DEBUG] [UMS.Models.AccountContext]  CheckUserExist:AccountContext.cs:24 | Start Account Context.
2020/09/18 11:07:02.842 [DEBUG] [UMS.Models.AccountContext]  CheckUserExist:AccountContext.cs:24 | Start Account Context.
2020/09/18 11:07:04.574 [DEBUG] [UMS.Models.AccountContext]  CheckUserExist:AccountContext.cs:24 | Start Account Context.
2020/09/18 11:07:04.918 [DEBUG] [UMS.Models.AccountContext]  CheckUserExist:AccountContext.cs:24 | Start Account Context.
2020/09/18 11:07:05.394 [DEBUG] [UMS.Models.AccountContext]  CheckUserExist:AccountContext.cs:24 | Start Account Context.
2020/09/18 11:07:11.347 [DEBUG] [UMS.Models.AccountContext]  CheckUserExist:AccountContext.cs:24 | Start Account Context.
2020/09/18 11:07:11.950 [DEBUG] [UMS.Models.AccountContext]  CheckUserExist:AccountContext.cs:24 | Start Account Context.
2020/09/18 11:07:12.291 [DEBUG] [UMS.Models.AccountContext]  CheckUserExist:AccountContext.cs:24 | Start Account Context.
2020/09/18 11:07:12.857 [DEBUG] [UMS.Models.AccountContext]  CheckUserExist:AccountContext.cs:24 | Start Account Context.
2020/09/18 11:07:29.863 [DEBUG] [UMS.Models.AccountContext]  CheckUserExist:AccountContext.cs:24 | Start Account Context.
2020/09/18 11:08:06.311 [DEBUG] [UMS.Models.AccountContext]  CheckUserExist:AccountContext.cs:24 | Start Account Context.
2020/09/18 11:08:06.566 [DEBUG] [UMS.Models.AccountContext]  CheckUserExist:AccountContext.cs:24 | Start Account Context.
2020/09/18 11:08:07.950 [DEBUG] [UMS.Models.AccountContext]  CheckUserExist:AccountContext.cs:24 | Start Account Context.
2020/09/18 11:08:11.782 [DEBUG] [UMS.Models.AccountContext]  CheckUserExist:AccountContext.cs:24 | Start Account Context.
2020/09/18 11:08:13.157 [DEBUG] [UMS.Models.AccountContext]  CheckUserExist:AccountContext.cs:24 | Start Account Context.
2020/09/18 11:08:14.165 [DEBUG] [UMS.Models.AccountContext]  CheckUserExist:AccountContext.cs:24 | Start Account Context.
2020/09/18 11:08:19.477 [DEBUG] [UMS.Models.AccountContext]  CheckUserExist:AccountContext.cs:24 | Start Account Context.
2020/09/18 11:08:20.564 [DEBUG] [UMS.Models.AccountContext]  CheckUserExist:AccountContext.cs:24 | Start Account Context.
2020/09/18 11:08:21.559 [DEBUG] [UMS.Models.AccountContext]  CheckUserExist:AccountContext.cs:24 | Start Account Context.
2020/09/18 11:08:22.498 [DEBUG] [UMS.Models.AccountContext]  CheckUserExist:AccountContext.cs:24 | Start Account Context.
2020/09/18 11:08:26.196 [DEBUG] [UMS.Models.AccountContext]  CheckUserExist:AccountContext.cs:24 | Start Account Context.
2020/09/18 11:08:55.579 [DEBUG] [UMS.Models.EditAccountContext]  CheckUserExist:EditAccountContext.cs:24 | Start Edit Account Context.
2020/09/18 11:08:55.594 [DEBUG] [UMS.Models.EditAccountContext]  CheckUserExist:EditAccountContext.cs:24 | Start Edit Account Context.
2020/09/18 11:08:55.595 [DEBUG] [UMS.Models.EditAccountContext]  CheckUserExist:EditAccountContext.cs:24 | Start Edit Account Context.
2020/09/18 11:08:55.594 [DEBUG] [UMS.Models.EditAccountContext]  CheckUserExist:EditAccountContext.cs:24 | Start Edit Account Context.
2020/09/18 11:08:55.595 [DEBUG] [UMS.Models.EditAccountContext]  CheckUserExist:EditAccountContext.cs:24 | Start Edit Account Context.
2020/09/18 11:08:55.595 [DEBUG] [UMS.Models.EditAccountContext]  CheckUserExist:EditAccountContext.cs:24 | Start Edit Account Context.
2020/09/18 11:08:55.595 [DEBUG] [UMS.Models.EditAccountContext]  CheckUserExist:EditAccountContext.cs:24 | Start Edit Account Context.
2020/09/18 11:08:55.594 [DEBUG] [UMS.Models.EditAccountContext]  CheckUserExist:EditAccountContext.cs:24 | Start Edit Account Context.
2020/09/18 11:08:55.594 [DEBUG] [UMS.Models.EditAccountContext]  CheckUserExist:EditAccountContext.cs:24 | Start Edit Account Context.
2020/09/18 11:08:55.595 [DEBUG] [UMS.Models.EditAccountContext]  CheckUserExist:EditAccountContext.cs:24 | Start Edit Account Context.
2020/09/18 11:08:55.594 [DEBUG] [UMS.Models.EditAccountContext]  CheckUserExist:EditAccountContext.cs:24 | Start Edit Account Context.
2020/09/18 11:08:55.595 [DEBUG] [UMS.Models.EditAccountContext]  CheckUserExist:EditAccountContext.cs:24 | Start Edit Account Context.
2020/09/18 11:08:55.595 [DEBUG] [UMS.Models.EditAccountContext]  CheckUserExist:EditAccountContext.cs:24 | Start Edit Account Context.
2020/09/18 11:08:55.595 [DEBUG] [UMS.Models.EditAccountContext]  CheckUserExist:EditAccountContext.cs:24 | Start Edit Account Context.
2020/09/18 11:08:55.595 [DEBUG] [UMS.Models.EditAccountContext]  CheckUserExist:EditAccountContext.cs:24 | Start Edit Account Context.
2020/09/18 11:08:55.595 [DEBUG] [UMS.Models.EditAccountContext]  CheckUserExist:EditAccountContext.cs:24 | Start Edit Account Context.
2020/09/18 11:08:55.613 [DEBUG] [UMS.Models.EditAccountContext]  CheckUserExist:EditAccountContext.cs:24 | Start Edit Account Context.
2020/09/18 11:08:55.595 [DEBUG] [UMS.Models.EditAccountContext]  CheckUserExist:EditAccountContext.cs:24 | Start Edit Account Context.
2020/09/18 11:08:55.595 [DEBUG] [UMS.Models.EditAccountContext]  CheckUserExist:EditAccountContext.cs:24 | Start Edit Account Context.
2020/09/18 11:08:55.595 [DEBUG] [UMS.Models.EditAccountContext]  CheckUserExist:EditAccountContext.cs:24 | Start Edit Account Context.
2020/09/18 11:08:55.595 [DEBUG] [UMS.Models.EditAccountContext]  CheckUserExist:EditAccountContext.cs:24 | Start Edit Account Context.
2020/09/18 11:08:55.595 [DEBUG] [UMS.Models.EditAccountContext]  CheckUserExist:EditAccountContext.cs:24 | Start Edit Account Context.
2020/09/18 11:08:55.613 [DEBUG] [UMS.Models.EditAccountContext]  CheckUserExist:EditAccountContext.cs:24 | Start Edit Account Context.
2020/09/18 11:08:56.090 [ERROR] [UMS.Controllers.ManageUserController]  CheckUserExist:ManageUserController.cs:264 | Calling a method on a null object reference.
2020/09/18 11:08:56.199 [ERROR] [UMS.Controllers.ManageUserController]  CheckUserExist:ManageUserController.cs:264 | Calling a method on a null object reference.
2020/09/18 11:08:56.276 [ERROR] [UMS.Controllers.ManageUserController]  CheckUserExist:ManageUserController.cs:264 | Calling a method on a null object reference.
2020/09/18 11:08:56.327 [ERROR] [UMS.Controllers.ManageUserController]  CheckUserExist:ManageUserController.cs:264 | Calling a method on a null object reference.
2020/09/18 11:08:56.381 [ERROR] [UMS.Controllers.ManageUserController]  CheckUserExist:ManageUserController.cs:264 | Calling a method on a null object reference.
2020/09/18 11:08:56.758 [ERROR] [UMS.Controllers.ManageUserController]  CheckUserExist:ManageUserController.cs:264 | Calling a method on a null object reference.
2020/09/18 11:08:57.815 [DEBUG] [UMS.Controllers.ManageUserController]  CheckUserExist:ManageUserController.cs:270 | Check user is exist.
2020/09/18 11:08:57.815 [DEBUG] [UMS.Controllers.ManageUserController]  CheckUserExist:ManageUserController.cs:270 | Check user is exist.
2020/09/18 11:08:57.815 [DEBUG] [UMS.Controllers.ManageUserController]  CheckUserExist:ManageUserController.cs:270 | Check user is exist.
2020/09/18 11:08:57.815 [DEBUG] [UMS.Controllers.ManageUserController]  CheckUserExist:ManageUserController.cs:270 | Check user is exist.
2020/09/18 11:08:57.815 [DEBUG] [UMS.Controllers.ManageUserController]  CheckUserExist:ManageUserController.cs:270 | Check user is exist.
2020/09/18 11:08:57.815 [DEBUG] [UMS.Controllers.ManageUserController]  CheckUserExist:ManageUserController.cs:270 | Check user is exist.
2020/09/18 11:08:57.815 [DEBUG] [UMS.Controllers.ManageUserController]  CheckUserExist:ManageUserController.cs:270 | Check user is exist.
2020/09/18 11:08:57.815 [DEBUG] [UMS.Controllers.ManageUserController]  CheckUserExist:ManageUserController.cs:270 | Check user is exist.
2020/09/18 11:08:57.815 [DEBUG] [UMS.Controllers.ManageUserController]  CheckUserExist:ManageUserController.cs:270 | Check user is exist.
2020/09/18 11:08:57.815 [DEBUG] [UMS.Controllers.ManageUserController]  CheckUserExist:ManageUserController.cs:270 | Check user is exist.
2020/09/18 11:08:57.815 [DEBUG] [UMS.Controllers.ManageUserController]  CheckUserExist:ManageUserController.cs:270 | Check user is exist.
2020/09/18 11:08:57.815 [DEBUG] [UMS.Controllers.ManageUserController]  CheckUserExist:ManageUserController.cs:270 | Check user is exist.
2020/09/18 11:08:57.815 [DEBUG] [UMS.Controllers.ManageUserController]  CheckUserExist:ManageUserController.cs:270 | Check user is exist.
2020/09/18 11:08:57.815 [DEBUG] [UMS.Controllers.ManageUserController]  CheckUserExist:ManageUserController.cs:270 | Check user is exist.
2020/09/18 11:08:57.815 [DEBUG] [UMS.Controllers.ManageUserController]  CheckUserExist:ManageUserController.cs:270 | Check user is exist.
2020/09/18 11:08:57.815 [DEBUG] [UMS.Controllers.ManageUserController]  CheckUserExist:ManageUserController.cs:270 | Check user is exist.
2020/09/18 11:08:57.815 [DEBUG] [UMS.Controllers.ManageUserController]  CheckUserExist:ManageUserController.cs:270 | Check user is exist.
2020/09/18 11:09:00.247 [DEBUG] [UMS.Controllers.ManageUserController]  CheckUserExist:ManageUserController.cs:277 | Save changes: Check user is exist.
2020/09/18 11:09:00.247 [DEBUG] [UMS.Controllers.ManageUserController]  CheckUserExist:ManageUserController.cs:277 | Save changes: Check user is exist.
2020/09/18 11:09:00.247 [DEBUG] [UMS.Controllers.ManageUserController]  CheckUserExist:ManageUserController.cs:277 | Save changes: Check user is exist.
2020/09/18 11:09:00.247 [DEBUG] [UMS.Controllers.ManageUserController]  CheckUserExist:ManageUserController.cs:277 | Save changes: Check user is exist.
2020/09/18 11:09:00.247 [DEBUG] [UMS.Controllers.ManageUserController]  CheckUserExist:ManageUserController.cs:277 | Save changes: Check user is exist.
2020/09/18 11:09:00.247 [DEBUG] [UMS.Controllers.ManageUserController]  CheckUserExist:ManageUserController.cs:277 | Save changes: Check user is exist.
2020/09/18 11:09:00.247 [DEBUG] [UMS.Controllers.ManageUserController]  CheckUserExist:ManageUserController.cs:277 | Save changes: Check user is exist.
2020/09/18 11:09:00.247 [DEBUG] [UMS.Controllers.ManageUserController]  CheckUserExist:ManageUserController.cs:277 | Save changes: Check user is exist.
2020/09/18 11:09:00.247 [DEBUG] [UMS.Controllers.ManageUserController]  CheckUserExist:ManageUserController.cs:277 | Save changes: Check user is exist.
2020/09/18 11:09:00.247 [DEBUG] [UMS.Controllers.ManageUserController]  CheckUserExist:ManageUserController.cs:277 | Save changes: Check user is exist.
2020/09/18 11:09:00.253 [DEBUG] [UMS.Controllers.ManageUserController]  CheckUserExist:ManageUserController.cs:277 | Save changes: Check user is exist.
2020/09/18 11:09:00.253 [DEBUG] [UMS.Controllers.ManageUserController]  CheckUserExist:ManageUserController.cs:277 | Save changes: Check user is exist.
2020/09/18 11:09:00.253 [DEBUG] [UMS.Controllers.ManageUserController]  CheckUserExist:ManageUserController.cs:277 | Save changes: Check user is exist.
2020/09/18 11:09:00.253 [DEBUG] [UMS.Controllers.ManageUserController]  CheckUserExist:ManageUserController.cs:277 | Save changes: Check user is exist.
2020/09/18 11:09:00.253 [DEBUG] [UMS.Controllers.ManageUserController]  CheckUserExist:ManageUserController.cs:277 | Save changes: Check user is exist.
2020/09/18 11:09:00.253 [DEBUG] [UMS.Controllers.ManageUserController]  CheckUserExist:ManageUserController.cs:277 | Save changes: Check user is exist.
2020/09/18 11:09:00.247 [DEBUG] [UMS.Controllers.ManageUserController]  CheckUserExist:ManageUserController.cs:277 | Save changes: Check user is exist.
2020/09/18 11:09:01.001 [INFO] [Microsoft.Hosting.Lifetime]   | Application is shutting down...
2020/09/18 11:09:10.951 [INFO] [Microsoft.Hosting.Lifetime]   | Now listening on: https://localhost:44346
2020/09/18 11:09:14.420 [DEBUG] [UMS.Models.EditAccountContext]  EditAccountContext.cs:24 | Start Edit Account Context.
2020/09/18 11:09:15.090 [INFO] [Microsoft.Hosting.Lifetime]   | Application started. Press Ctrl+C to shut down.
2020/09/18 11:09:15.204 [DEBUG] [UMS.Models.AccountContext]  AccountContext.cs:24 | Start Account Context.
2020/09/18 11:09:15.301 [INFO] [Microsoft.Hosting.Lifetime]   | Hosting environment: Development
2020/09/18 11:09:15.378 [INFO] [Microsoft.Hosting.Lifetime]   | Content root path: C:\Users\Namchok\Desktop\สหกิจ\ums\UMS
2020/09/18 11:09:15.378 [DEBUG] [UMS.Areas.Identity.Pages.Account.LoginModel]  Login.cshtml.cs:46 | Starting Login model.
2020/09/18 11:09:15.520 [DEBUG] [UMS.Areas.Identity.Pages.Account.LoginModel]  Login.cshtml.cs:112 | Getting external authentication scheme.
2020/09/18 11:09:52.879 [DEBUG] [UMS.Models.EditAccountContext]  EditAccountContext.cs:24 | Start Edit Account Context.
2020/09/18 11:09:52.928 [DEBUG] [UMS.Models.AccountContext]  AccountContext.cs:24 | Start Account Context.
2020/09/18 11:09:52.989 [DEBUG] [UMS.Areas.Identity.Pages.Account.LoginModel]  Login.cshtml.cs:46 | Starting Login model.
2020/09/18 11:09:53.033 [DEBUG] [UMS.Areas.Identity.Pages.Account.LoginModel]  Login.cshtml.cs:112 | Getting external authentication scheme.
2020/09/18 11:10:01.201 [DEBUG] [UMS.Models.AccountContext]  AccountContext.cs:24 | Start Account Context.
2020/09/18 11:10:01.206 [DEBUG] [UMS.Areas.Identity.Pages.Account.RegisterModel]  Register.cshtml.cs:62 | Starting Register model.
2020/09/18 11:10:07.594 [DEBUG] [UMS.Models.AccountContext]  CheckUserExist:AccountContext.cs:24 | Start Account Context.
2020/09/18 11:10:07.604 [DEBUG] [UMS.Models.EditAccountContext]  CheckUserExist:EditAccountContext.cs:24 | Start Edit Account Context.
2020/09/18 11:10:08.620 [DEBUG] [UMS.Controllers.ManageUserController]  CheckUserExist:ManageUserController.cs:270 | Check user is exist.
2020/09/18 11:10:08.641 [DEBUG] [UMS.Controllers.ManageUserController]  CheckUserExist:ManageUserController.cs:277 | Save changes: Check user is exist.
2020/09/18 11:10:34.454 [DEBUG] [UMS.Models.AccountContext]  CheckUserExist:AccountContext.cs:24 | Start Account Context.
2020/09/18 11:10:34.468 [DEBUG] [UMS.Models.EditAccountContext]  CheckUserExist:EditAccountContext.cs:24 | Start Edit Account Context.
2020/09/18 11:10:34.521 [DEBUG] [UMS.Controllers.ManageUserController]  CheckUserExist:ManageUserController.cs:270 | Check user is exist.
2020/09/18 11:10:34.521 [DEBUG] [UMS.Controllers.ManageUserController]  CheckUserExist:ManageUserController.cs:277 | Save changes: Check user is exist.
2020/09/18 11:10:37.525 [DEBUG] [UMS.Models.AccountContext]  CheckUserExist:AccountContext.cs:24 | Start Account Context.
2020/09/18 11:10:37.620 [DEBUG] [UMS.Models.EditAccountContext]  CheckUserExist:EditAccountContext.cs:24 | Start Edit Account Context.
2020/09/18 11:10:37.806 [DEBUG] [UMS.Controllers.ManageUserController]  CheckUserExist:ManageUserController.cs:270 | Check user is exist.
2020/09/18 11:10:37.924 [DEBUG] [UMS.Controllers.ManageUserController]  CheckUserExist:ManageUserController.cs:277 | Save changes: Check user is exist.
2020/09/18 11:10:44.172 [DEBUG] [UMS.Models.AccountContext]  CheckUserExist:AccountContext.cs:24 | Start Account Context.
2020/09/18 11:10:44.189 [DEBUG] [UMS.Models.EditAccountContext]  CheckUserExist:EditAccountContext.cs:24 | Start Edit Account Context.
2020/09/18 11:10:44.242 [DEBUG] [UMS.Controllers.ManageUserController]  CheckUserExist:ManageUserController.cs:270 | Check user is exist.
2020/09/18 11:10:44.242 [DEBUG] [UMS.Controllers.ManageUserController]  CheckUserExist:ManageUserController.cs:277 | Save changes: Check user is exist.
2020/09/18 11:10:57.708 [DEBUG] [UMS.Models.AccountContext]  CheckUserExist:AccountContext.cs:24 | Start Account Context.
2020/09/18 11:10:57.708 [DEBUG] [UMS.Models.EditAccountContext]  CheckUserExist:EditAccountContext.cs:24 | Start Edit Account Context.
2020/09/18 11:10:57.806 [DEBUG] [UMS.Controllers.ManageUserController]  CheckUserExist:ManageUserController.cs:270 | Check user is exist.
2020/09/18 11:10:57.860 [DEBUG] [UMS.Controllers.ManageUserController]  CheckUserExist:ManageUserController.cs:277 | Save changes: Check user is exist.
2020/09/18 11:10:58.054 [DEBUG] [UMS.Models.AccountContext]  CheckUserExist:AccountContext.cs:24 | Start Account Context.
2020/09/18 11:10:58.054 [DEBUG] [UMS.Models.EditAccountContext]  CheckUserExist:EditAccountContext.cs:24 | Start Edit Account Context.
2020/09/18 11:10:58.113 [DEBUG] [UMS.Controllers.ManageUserController]  CheckUserExist:ManageUserController.cs:270 | Check user is exist.
2020/09/18 11:10:58.113 [DEBUG] [UMS.Controllers.ManageUserController]  CheckUserExist:ManageUserController.cs:277 | Save changes: Check user is exist.
2020/09/18 11:11:02.783 [DEBUG] [UMS.Models.AccountContext]  CheckUserExist:AccountContext.cs:24 | Start Account Context.
2020/09/18 11:11:02.791 [DEBUG] [UMS.Models.EditAccountContext]  CheckUserExist:EditAccountContext.cs:24 | Start Edit Account Context.
2020/09/18 11:11:02.893 [DEBUG] [UMS.Controllers.ManageUserController]  CheckUserExist:ManageUserController.cs:270 | Check user is exist.
2020/09/18 11:11:02.893 [DEBUG] [UMS.Controllers.ManageUserController]  CheckUserExist:ManageUserController.cs:277 | Save changes: Check user is exist.
2020/09/18 11:11:04.433 [DEBUG] [UMS.Models.AccountContext]  CheckUserExist:AccountContext.cs:24 | Start Account Context.
2020/09/18 11:11:04.433 [DEBUG] [UMS.Models.EditAccountContext]  CheckUserExist:EditAccountContext.cs:24 | Start Edit Account Context.
2020/09/18 11:11:04.477 [DEBUG] [UMS.Controllers.ManageUserController]  CheckUserExist:ManageUserController.cs:270 | Check user is exist.
2020/09/18 11:11:04.477 [DEBUG] [UMS.Controllers.ManageUserController]  CheckUserExist:ManageUserController.cs:277 | Save changes: Check user is exist.
2020/09/18 11:11:04.970 [DEBUG] [UMS.Models.AccountContext]  CheckUserExist:AccountContext.cs:24 | Start Account Context.
2020/09/18 11:11:04.970 [DEBUG] [UMS.Models.EditAccountContext]  CheckUserExist:EditAccountContext.cs:24 | Start Edit Account Context.
2020/09/18 11:11:05.122 [ERROR] [UMS.Controllers.ManageUserController]  CheckUserExist:ManageUserController.cs:264 | Calling a method on a null object reference.
2020/09/18 11:11:14.846 [DEBUG] [UMS.Models.AccountContext]  CheckUserExist:AccountContext.cs:24 | Start Account Context.
2020/09/18 11:11:14.846 [DEBUG] [UMS.Models.EditAccountContext]  CheckUserExist:EditAccountContext.cs:24 | Start Edit Account Context.
2020/09/18 11:11:14.941 [ERROR] [UMS.Controllers.ManageUserController]  CheckUserExist:ManageUserController.cs:264 | Calling a method on a null object reference.
2020/09/18 11:11:15.394 [DEBUG] [UMS.Models.AccountContext]  CheckUserExist:AccountContext.cs:24 | Start Account Context.
2020/09/18 11:11:15.394 [DEBUG] [UMS.Models.EditAccountContext]  CheckUserExist:EditAccountContext.cs:24 | Start Edit Account Context.
2020/09/18 11:11:15.504 [ERROR] [UMS.Controllers.ManageUserController]  CheckUserExist:ManageUserController.cs:264 | Calling a method on a null object reference.
2020/09/18 11:12:14.187 [DEBUG] [UMS.Models.AccountContext]  CheckUserExist:AccountContext.cs:24 | Start Account Context.
2020/09/18 11:12:14.196 [DEBUG] [UMS.Models.EditAccountContext]  CheckUserExist:EditAccountContext.cs:24 | Start Edit Account Context.
2020/09/18 11:12:14.278 [ERROR] [UMS.Controllers.ManageUserController]  CheckUserExist:ManageUserController.cs:264 | Calling a method on a null object reference.
2020/09/18 11:12:17.381 [DEBUG] [UMS.Models.AccountContext]  CheckUserExist:AccountContext.cs:24 | Start Account Context.
2020/09/18 11:12:17.381 [DEBUG] [UMS.Models.EditAccountContext]  CheckUserExist:EditAccountContext.cs:24 | Start Edit Account Context.
2020/09/18 11:12:17.469 [ERROR] [UMS.Controllers.ManageUserController]  CheckUserExist:ManageUserController.cs:264 | Calling a method on a null object reference.
2020/09/18 11:12:17.594 [DEBUG] [UMS.Models.AccountContext]  CheckUserExist:AccountContext.cs:24 | Start Account Context.
2020/09/18 11:12:17.602 [DEBUG] [UMS.Models.EditAccountContext]  CheckUserExist:EditAccountContext.cs:24 | Start Edit Account Context.
2020/09/18 11:12:17.686 [ERROR] [UMS.Controllers.ManageUserController]  CheckUserExist:ManageUserController.cs:264 | Calling a method on a null object reference.
2020/09/18 11:12:21.419 [DEBUG] [UMS.Models.AccountContext]  CheckUserExist:AccountContext.cs:24 | Start Account Context.
2020/09/18 11:12:21.427 [DEBUG] [UMS.Models.EditAccountContext]  CheckUserExist:EditAccountContext.cs:24 | Start Edit Account Context.
2020/09/18 11:12:21.457 [DEBUG] [UMS.Controllers.ManageUserController]  CheckUserExist:ManageUserController.cs:270 | Check user is exist.
2020/09/18 11:12:21.476 [DEBUG] [UMS.Controllers.ManageUserController]  CheckUserExist:ManageUserController.cs:277 | Save changes: Check user is exist.
2020/09/18 11:12:22.717 [DEBUG] [UMS.Models.AccountContext]  CheckUserExist:AccountContext.cs:24 | Start Account Context.
2020/09/18 11:12:22.723 [DEBUG] [UMS.Models.EditAccountContext]  CheckUserExist:EditAccountContext.cs:24 | Start Edit Account Context.
2020/09/18 11:12:22.768 [DEBUG] [UMS.Controllers.ManageUserController]  CheckUserExist:ManageUserController.cs:270 | Check user is exist.
2020/09/18 11:12:22.797 [DEBUG] [UMS.Controllers.ManageUserController]  CheckUserExist:ManageUserController.cs:277 | Save changes: Check user is exist.
2020/09/18 11:12:23.912 [DEBUG] [UMS.Models.AccountContext]  CheckUserExist:AccountContext.cs:24 | Start Account Context.
2020/09/18 11:12:23.912 [DEBUG] [UMS.Models.EditAccountContext]  CheckUserExist:EditAccountContext.cs:24 | Start Edit Account Context.
2020/09/18 11:12:24.015 [ERROR] [UMS.Controllers.ManageUserController]  CheckUserExist:ManageUserController.cs:264 | Calling a method on a null object reference.
2020/09/18 11:12:35.581 [DEBUG] [UMS.Models.AccountContext]  CheckUserExist:AccountContext.cs:24 | Start Account Context.
2020/09/18 11:12:35.581 [DEBUG] [UMS.Models.EditAccountContext]  CheckUserExist:EditAccountContext.cs:24 | Start Edit Account Context.
2020/09/18 11:12:35.686 [ERROR] [UMS.Controllers.ManageUserController]  CheckUserExist:ManageUserController.cs:264 | Calling a method on a null object reference.
2020/09/18 11:12:37.739 [DEBUG] [UMS.Models.AccountContext]  CheckUserExist:AccountContext.cs:24 | Start Account Context.
2020/09/18 11:12:37.739 [DEBUG] [UMS.Models.EditAccountContext]  CheckUserExist:EditAccountContext.cs:24 | Start Edit Account Context.
2020/09/18 11:12:37.794 [DEBUG] [UMS.Controllers.ManageUserController]  CheckUserExist:ManageUserController.cs:270 | Check user is exist.
2020/09/18 11:12:37.805 [DEBUG] [UMS.Controllers.ManageUserController]  CheckUserExist:ManageUserController.cs:277 | Save changes: Check user is exist.
2020/09/18 11:12:37.805 [DEBUG] [UMS.Models.AccountContext]  GetStatusUser:AccountContext.cs:24 | Start Account Context.
2020/09/18 11:12:37.819 [DEBUG] [UMS.Models.EditAccountContext]  GetStatusUser:EditAccountContext.cs:24 | Start Edit Account Context.
2020/09/18 11:12:40.182 [DEBUG] [UMS.Models.EditAccountContext]  EditAccountContext.cs:24 | Start Edit Account Context.
2020/09/18 11:12:40.199 [DEBUG] [UMS.Models.AccountContext]  AccountContext.cs:24 | Start Account Context.
2020/09/18 11:12:40.237 [DEBUG] [UMS.Areas.Identity.Pages.Account.LoginModel]  Login.cshtml.cs:46 | Starting Login model.
2020/09/18 11:12:40.260 [DEBUG] [UMS.Areas.Identity.Pages.Account.LoginModel]  Login.cshtml.cs:112 | Getting external authentication scheme.
2020/09/18 11:14:12.442 [INFO] [Microsoft.Hosting.Lifetime]   | Application is shutting down...
2020/09/18 11:15:04.957 [INFO] [Microsoft.Hosting.Lifetime]   | Now listening on: https://localhost:44346
2020/09/18 11:15:05.606 [INFO] [Microsoft.Hosting.Lifetime]   | Application started. Press Ctrl+C to shut down.
2020/09/18 11:15:05.624 [INFO] [Microsoft.Hosting.Lifetime]   | Hosting environment: Development
2020/09/18 11:15:05.649 [INFO] [Microsoft.Hosting.Lifetime]   | Content root path: C:\Users\Namchok\Desktop\สหกิจ\ums\UMS
2020/09/18 11:15:07.157 [DEBUG] [UMS.Models.EditAccountContext]  EditAccountContext.cs:24 | Start Edit Account Context.
2020/09/18 11:15:07.167 [DEBUG] [UMS.Models.AccountContext]  AccountContext.cs:24 | Start Account Context.
2020/09/18 11:15:07.177 [DEBUG] [UMS.Areas.Identity.Pages.Account.LoginModel]  Login.cshtml.cs:46 | Starting Login model.
2020/09/18 11:15:07.247 [DEBUG] [UMS.Areas.Identity.Pages.Account.LoginModel]  Login.cshtml.cs:112 | Getting external authentication scheme.
2020/09/18 11:15:09.581 [DEBUG] [UMS.Models.AccountContext]  AccountContext.cs:24 | Start Account Context.
2020/09/18 11:15:09.581 [DEBUG] [UMS.Areas.Identity.Pages.Account.RegisterModel]  Register.cshtml.cs:62 | Starting Register model.
2020/09/18 11:15:10.848 [DEBUG] [UMS.Models.AccountContext]  CheckUserExist:AccountContext.cs:24 | Start Account Context.
2020/09/18 11:15:10.887 [DEBUG] [UMS.Models.EditAccountContext]  CheckUserExist:EditAccountContext.cs:24 | Start Edit Account Context.
2020/09/18 11:15:11.020 [ERROR] [UMS.Controllers.ManageUserController]  CheckUserExist:ManageUserController.cs:264 | Calling a method on a null object reference.
2020/09/18 11:15:11.838 [DEBUG] [UMS.Models.AccountContext]  CheckUserExist:AccountContext.cs:24 | Start Account Context.
2020/09/18 11:15:11.846 [DEBUG] [UMS.Models.EditAccountContext]  CheckUserExist:EditAccountContext.cs:24 | Start Edit Account Context.
2020/09/18 11:15:11.904 [ERROR] [UMS.Controllers.ManageUserController]  CheckUserExist:ManageUserController.cs:264 | Calling a method on a null object reference.
2020/09/18 11:15:12.331 [DEBUG] [UMS.Models.AccountContext]  CheckUserExist:AccountContext.cs:24 | Start Account Context.
2020/09/18 11:15:12.351 [DEBUG] [UMS.Models.EditAccountContext]  CheckUserExist:EditAccountContext.cs:24 | Start Edit Account Context.
2020/09/18 11:15:12.434 [DEBUG] [UMS.Models.EditAccountContext]  EditAccountContext.cs:24 | Start Edit Account Context.
2020/09/18 11:15:12.440 [DEBUG] [UMS.Models.AccountContext]  AccountContext.cs:24 | Start Account Context.
2020/09/18 11:15:12.472 [DEBUG] [UMS.Areas.Identity.Pages.Account.LoginModel]  Login.cshtml.cs:46 | Starting Login model.
2020/09/18 11:15:12.518 [DEBUG] [UMS.Areas.Identity.Pages.Account.LoginModel]  Login.cshtml.cs:112 | Getting external authentication scheme.
2020/09/18 11:15:13.963 [DEBUG] [UMS.Controllers.ManageUserController]  CheckUserExist:ManageUserController.cs:270 | Check user is exist.
2020/09/18 11:15:13.986 [DEBUG] [UMS.Controllers.ManageUserController]  CheckUserExist:ManageUserController.cs:277 | Save changes: Check user is exist.
2020/09/18 11:15:14.212 [DEBUG] [UMS.Models.AccountContext]  AccountContext.cs:24 | Start Account Context.
2020/09/18 11:15:14.228 [DEBUG] [UMS.Areas.Identity.Pages.Account.RegisterModel]  Register.cshtml.cs:62 | Starting Register model.
2020/09/18 11:15:15.680 [DEBUG] [UMS.Models.AccountContext]  CheckUserExist:AccountContext.cs:24 | Start Account Context.
2020/09/18 11:15:15.693 [DEBUG] [UMS.Models.EditAccountContext]  CheckUserExist:EditAccountContext.cs:24 | Start Edit Account Context.
2020/09/18 11:15:15.775 [ERROR] [UMS.Controllers.ManageUserController]  CheckUserExist:ManageUserController.cs:264 | Calling a method on a null object reference.
2020/09/18 11:15:16.045 [DEBUG] [UMS.Models.AccountContext]  CheckUserExist:AccountContext.cs:24 | Start Account Context.
2020/09/18 11:15:16.052 [DEBUG] [UMS.Models.EditAccountContext]  CheckUserExist:EditAccountContext.cs:24 | Start Edit Account Context.
2020/09/18 11:15:16.137 [ERROR] [UMS.Controllers.ManageUserController]  CheckUserExist:ManageUserController.cs:264 | Calling a method on a null object reference.
2020/09/18 11:15:16.211 [DEBUG] [UMS.Models.AccountContext]  CheckUserExist:AccountContext.cs:24 | Start Account Context.
2020/09/18 11:15:16.228 [DEBUG] [UMS.Models.EditAccountContext]  CheckUserExist:EditAccountContext.cs:24 | Start Edit Account Context.
2020/09/18 11:15:16.310 [ERROR] [UMS.Controllers.ManageUserController]  CheckUserExist:ManageUserController.cs:264 | Calling a method on a null object reference.
2020/09/18 11:15:16.530 [DEBUG] [UMS.Models.AccountContext]  CheckUserExist:AccountContext.cs:24 | Start Account Context.
2020/09/18 11:15:16.540 [DEBUG] [UMS.Models.EditAccountContext]  CheckUserExist:EditAccountContext.cs:24 | Start Edit Account Context.
2020/09/18 11:15:16.602 [ERROR] [UMS.Controllers.ManageUserController]  CheckUserExist:ManageUserController.cs:264 | Calling a method on a null object reference.
2020/09/18 11:15:17.123 [DEBUG] [UMS.Models.AccountContext]  CheckUserExist:AccountContext.cs:24 | Start Account Context.
2020/09/18 11:15:17.134 [DEBUG] [UMS.Models.EditAccountContext]  CheckUserExist:EditAccountContext.cs:24 | Start Edit Account Context.
2020/09/18 11:15:17.208 [DEBUG] [UMS.Controllers.ManageUserController]  CheckUserExist:ManageUserController.cs:270 | Check user is exist.
2020/09/18 11:15:17.242 [DEBUG] [UMS.Controllers.ManageUserController]  CheckUserExist:ManageUserController.cs:277 | Save changes: Check user is exist.
2020/09/18 11:15:19.573 [DEBUG] [UMS.Models.AccountContext]  CheckUserExist:AccountContext.cs:24 | Start Account Context.
2020/09/18 11:15:19.582 [DEBUG] [UMS.Models.EditAccountContext]  CheckUserExist:EditAccountContext.cs:24 | Start Edit Account Context.
2020/09/18 11:15:19.697 [DEBUG] [UMS.Controllers.ManageUserController]  CheckUserExist:ManageUserController.cs:270 | Check user is exist.
2020/09/18 11:15:19.706 [DEBUG] [UMS.Controllers.ManageUserController]  CheckUserExist:ManageUserController.cs:277 | Save changes: Check user is exist.
2020/09/18 11:15:23.951 [DEBUG] [UMS.Models.AccountContext]  CheckUserExist:AccountContext.cs:24 | Start Account Context.
2020/09/18 11:15:23.960 [DEBUG] [UMS.Models.EditAccountContext]  CheckUserExist:EditAccountContext.cs:24 | Start Edit Account Context.
2020/09/18 11:15:24.019 [DEBUG] [UMS.Controllers.ManageUserController]  CheckUserExist:ManageUserController.cs:270 | Check user is exist.
2020/09/18 11:15:24.039 [DEBUG] [UMS.Controllers.ManageUserController]  CheckUserExist:ManageUserController.cs:277 | Save changes: Check user is exist.
2020/09/18 11:15:28.598 [DEBUG] [UMS.Models.AccountContext]  CheckUserExist:AccountContext.cs:24 | Start Account Context.
2020/09/18 11:15:28.598 [DEBUG] [UMS.Models.EditAccountContext]  CheckUserExist:EditAccountContext.cs:24 | Start Edit Account Context.
2020/09/18 11:15:28.664 [DEBUG] [UMS.Controllers.ManageUserController]  CheckUserExist:ManageUserController.cs:270 | Check user is exist.
2020/09/18 11:15:28.664 [DEBUG] [UMS.Controllers.ManageUserController]  CheckUserExist:ManageUserController.cs:277 | Save changes: Check user is exist.
2020/09/18 11:15:29.127 [DEBUG] [UMS.Models.AccountContext]  CheckUserExist:AccountContext.cs:24 | Start Account Context.
2020/09/18 11:15:29.127 [DEBUG] [UMS.Models.EditAccountContext]  CheckUserExist:EditAccountContext.cs:24 | Start Edit Account Context.
2020/09/18 11:15:29.257 [ERROR] [UMS.Controllers.ManageUserController]  CheckUserExist:ManageUserController.cs:264 | Calling a method on a null object reference.
2020/09/18 11:15:46.149 [INFO] [Microsoft.Hosting.Lifetime]   | Application is shutting down...
2020/09/18 11:17:34.679 [INFO] [Microsoft.Hosting.Lifetime]   | Now listening on: https://localhost:44346
2020/09/18 11:17:35.149 [INFO] [Microsoft.Hosting.Lifetime]   | Application started. Press Ctrl+C to shut down.
2020/09/18 11:17:35.160 [INFO] [Microsoft.Hosting.Lifetime]   | Hosting environment: Development
2020/09/18 11:17:35.193 [INFO] [Microsoft.Hosting.Lifetime]   | Content root path: C:\Users\Namchok\Desktop\สหกิจ\ums\UMS
2020/09/18 11:17:36.793 [DEBUG] [UMS.Models.EditAccountContext]  EditAccountContext.cs:24 | Start Edit Account Context.
2020/09/18 11:17:36.804 [DEBUG] [UMS.Models.AccountContext]  AccountContext.cs:24 | Start Account Context.
2020/09/18 11:17:36.814 [DEBUG] [UMS.Areas.Identity.Pages.Account.LoginModel]  Login.cshtml.cs:46 | Starting Login model.
2020/09/18 11:17:36.876 [DEBUG] [UMS.Areas.Identity.Pages.Account.LoginModel]  Login.cshtml.cs:112 | Getting external authentication scheme.
2020/09/18 11:18:41.019 [DEBUG] [UMS.Models.AccountContext]  AccountContext.cs:24 | Start Account Context.
2020/09/18 11:18:41.055 [DEBUG] [UMS.Areas.Identity.Pages.Account.RegisterModel]  Register.cshtml.cs:62 | Starting Register model.
2020/09/18 11:18:42.998 [INFO] [Microsoft.Hosting.Lifetime]   | Application is shutting down...
2020/09/18 11:18:49.147 [INFO] [Microsoft.Hosting.Lifetime]   | Now listening on: https://localhost:44346
2020/09/18 11:18:49.647 [INFO] [Microsoft.Hosting.Lifetime]   | Application started. Press Ctrl+C to shut down.
2020/09/18 11:18:49.677 [INFO] [Microsoft.Hosting.Lifetime]   | Hosting environment: Development
2020/09/18 11:18:49.790 [INFO] [Microsoft.Hosting.Lifetime]   | Content root path: C:\Users\Namchok\Desktop\สหกิจ\ums\UMS
2020/09/18 11:18:51.155 [DEBUG] [UMS.Models.EditAccountContext]  EditAccountContext.cs:24 | Start Edit Account Context.
2020/09/18 11:18:51.167 [DEBUG] [UMS.Models.AccountContext]  AccountContext.cs:24 | Start Account Context.
2020/09/18 11:18:51.207 [DEBUG] [UMS.Areas.Identity.Pages.Account.LoginModel]  Login.cshtml.cs:46 | Starting Login model.
2020/09/18 11:19:17.035 [DEBUG] [UMS.Areas.Identity.Pages.Account.LoginModel]  Login.cshtml.cs:112 | Getting external authentication scheme.
2020/09/18 11:19:19.134 [INFO] [Microsoft.Hosting.Lifetime]   | Application is shutting down...
2020/09/18 11:19:32.005 [INFO] [Microsoft.Hosting.Lifetime]   | Now listening on: https://localhost:44346
2020/09/18 11:19:34.811 [INFO] [Microsoft.Hosting.Lifetime]   | Application started. Press Ctrl+C to shut down.
2020/09/18 11:19:34.829 [INFO] [Microsoft.Hosting.Lifetime]   | Hosting environment: Development
2020/09/18 11:19:34.846 [INFO] [Microsoft.Hosting.Lifetime]   | Content root path: C:\Users\Namchok\Desktop\สหกิจ\ums\UMS
2020/09/18 11:19:35.012 [DEBUG] [UMS.Models.EditAccountContext]  EditAccountContext.cs:24 | Start Edit Account Context.
2020/09/18 11:19:35.071 [DEBUG] [UMS.Models.AccountContext]  AccountContext.cs:24 | Start Account Context.
2020/09/18 11:19:35.146 [DEBUG] [UMS.Areas.Identity.Pages.Account.LoginModel]  Login.cshtml.cs:46 | Starting Login model.
2020/09/18 11:19:35.355 [DEBUG] [UMS.Areas.Identity.Pages.Account.LoginModel]  Login.cshtml.cs:112 | Getting external authentication scheme.
2020/09/18 11:19:50.314 [DEBUG] [UMS.Models.AccountContext]  AccountContext.cs:24 | Start Account Context.
2020/09/18 11:19:50.314 [DEBUG] [UMS.Areas.Identity.Pages.Account.RegisterModel]  Register.cshtml.cs:62 | Starting Register model.
2020/09/18 11:19:52.141 [DEBUG] [UMS.Models.AccountContext]  CheckUserExist:AccountContext.cs:24 | Start Account Context.
2020/09/18 11:19:52.169 [DEBUG] [UMS.Models.EditAccountContext]  CheckUserExist:EditAccountContext.cs:24 | Start Edit Account Context.
2020/09/18 11:19:52.312 [ERROR] [UMS.Controllers.ManageUserController]  CheckUserExist:ManageUserController.cs:264 | Calling a method on a null object reference.
2020/09/18 11:19:52.716 [DEBUG] [UMS.Models.AccountContext]  CheckUserExist:AccountContext.cs:24 | Start Account Context.
2020/09/18 11:19:52.723 [DEBUG] [UMS.Models.EditAccountContext]  CheckUserExist:EditAccountContext.cs:24 | Start Edit Account Context.
2020/09/18 11:19:53.804 [DEBUG] [UMS.Controllers.ManageUserController]  CheckUserExist:ManageUserController.cs:270 | Check user is exist.
2020/09/18 11:19:53.828 [DEBUG] [UMS.Controllers.ManageUserController]  CheckUserExist:ManageUserController.cs:277 | Save changes: Check user is exist.
2020/09/18 11:19:54.061 [DEBUG] [UMS.Models.AccountContext]  CheckUserExist:AccountContext.cs:24 | Start Account Context.
2020/09/18 11:19:54.075 [DEBUG] [UMS.Models.EditAccountContext]  CheckUserExist:EditAccountContext.cs:24 | Start Edit Account Context.
2020/09/18 11:19:54.128 [DEBUG] [UMS.Controllers.ManageUserController]  CheckUserExist:ManageUserController.cs:270 | Check user is exist.
2020/09/18 11:19:54.128 [DEBUG] [UMS.Controllers.ManageUserController]  CheckUserExist:ManageUserController.cs:277 | Save changes: Check user is exist.
2020/09/18 11:19:57.373 [DEBUG] [UMS.Models.AccountContext]  CheckUserExist:AccountContext.cs:24 | Start Account Context.
2020/09/18 11:19:57.384 [DEBUG] [UMS.Models.EditAccountContext]  CheckUserExist:EditAccountContext.cs:24 | Start Edit Account Context.
2020/09/18 11:19:57.513 [DEBUG] [UMS.Controllers.ManageUserController]  CheckUserExist:ManageUserController.cs:270 | Check user is exist.
2020/09/18 11:19:57.531 [DEBUG] [UMS.Controllers.ManageUserController]  CheckUserExist:ManageUserController.cs:277 | Save changes: Check user is exist.
2020/09/18 11:19:57.881 [DEBUG] [UMS.Models.AccountContext]  CheckUserExist:AccountContext.cs:24 | Start Account Context.
2020/09/18 11:19:57.948 [DEBUG] [UMS.Models.EditAccountContext]  CheckUserExist:EditAccountContext.cs:24 | Start Edit Account Context.
2020/09/18 11:19:58.019 [DEBUG] [UMS.Controllers.ManageUserController]  CheckUserExist:ManageUserController.cs:270 | Check user is exist.
2020/09/18 11:19:58.019 [DEBUG] [UMS.Controllers.ManageUserController]  CheckUserExist:ManageUserController.cs:277 | Save changes: Check user is exist.
2020/09/18 11:19:58.973 [DEBUG] [UMS.Models.AccountContext]  CheckUserExist:AccountContext.cs:24 | Start Account Context.
2020/09/18 11:19:58.973 [DEBUG] [UMS.Models.EditAccountContext]  CheckUserExist:EditAccountContext.cs:24 | Start Edit Account Context.
2020/09/18 11:19:59.022 [DEBUG] [UMS.Controllers.ManageUserController]  CheckUserExist:ManageUserController.cs:270 | Check user is exist.
2020/09/18 11:19:59.022 [DEBUG] [UMS.Controllers.ManageUserController]  CheckUserExist:ManageUserController.cs:277 | Save changes: Check user is exist.
2020/09/18 11:20:01.322 [DEBUG] [UMS.Models.AccountContext]  CheckUserExist:AccountContext.cs:24 | Start Account Context.
2020/09/18 11:20:01.333 [DEBUG] [UMS.Models.EditAccountContext]  CheckUserExist:EditAccountContext.cs:24 | Start Edit Account Context.
2020/09/18 11:20:01.383 [DEBUG] [UMS.Controllers.ManageUserController]  CheckUserExist:ManageUserController.cs:270 | Check user is exist.
2020/09/18 11:20:01.400 [DEBUG] [UMS.Controllers.ManageUserController]  CheckUserExist:ManageUserController.cs:277 | Save changes: Check user is exist.
2020/09/18 11:20:02.752 [DEBUG] [UMS.Models.AccountContext]  CheckUserExist:AccountContext.cs:24 | Start Account Context.
2020/09/18 11:20:02.752 [DEBUG] [UMS.Models.EditAccountContext]  CheckUserExist:EditAccountContext.cs:24 | Start Edit Account Context.
2020/09/18 11:20:02.787 [DEBUG] [UMS.Controllers.ManageUserController]  CheckUserExist:ManageUserController.cs:270 | Check user is exist.
2020/09/18 11:20:02.803 [DEBUG] [UMS.Controllers.ManageUserController]  CheckUserExist:ManageUserController.cs:277 | Save changes: Check user is exist.
2020/09/18 11:20:03.703 [DEBUG] [UMS.Models.AccountContext]  CheckUserExist:AccountContext.cs:24 | Start Account Context.
2020/09/18 11:20:03.712 [DEBUG] [UMS.Models.EditAccountContext]  CheckUserExist:EditAccountContext.cs:24 | Start Edit Account Context.
2020/09/18 11:20:03.755 [DEBUG] [UMS.Controllers.ManageUserController]  CheckUserExist:ManageUserController.cs:270 | Check user is exist.
2020/09/18 11:20:03.774 [DEBUG] [UMS.Controllers.ManageUserController]  CheckUserExist:ManageUserController.cs:277 | Save changes: Check user is exist.
2020/09/18 11:20:05.275 [DEBUG] [UMS.Models.AccountContext]  CheckUserExist:AccountContext.cs:24 | Start Account Context.
2020/09/18 11:20:05.287 [DEBUG] [UMS.Models.EditAccountContext]  CheckUserExist:EditAccountContext.cs:24 | Start Edit Account Context.
2020/09/18 11:20:05.389 [ERROR] [UMS.Controllers.ManageUserController]  CheckUserExist:ManageUserController.cs:264 | Calling a method on a null object reference.
2020/09/18 11:20:47.628 [DEBUG] [UMS.Models.AccountContext]  CheckUserExist:AccountContext.cs:24 | Start Account Context.
2020/09/18 11:20:47.664 [DEBUG] [UMS.Models.EditAccountContext]  CheckUserExist:EditAccountContext.cs:24 | Start Edit Account Context.
2020/09/18 11:20:47.762 [ERROR] [UMS.Controllers.ManageUserController]  CheckUserExist:ManageUserController.cs:264 | Calling a method on a null object reference.
2020/09/18 11:21:25.009 [DEBUG] [UMS.Models.AccountContext]  CheckUserExist:AccountContext.cs:24 | Start Account Context.
2020/09/18 11:21:25.028 [DEBUG] [UMS.Models.EditAccountContext]  CheckUserExist:EditAccountContext.cs:24 | Start Edit Account Context.
2020/09/18 11:21:25.128 [ERROR] [UMS.Controllers.ManageUserController]  CheckUserExist:ManageUserController.cs:264 | Calling a method on a null object reference.
2020/09/18 11:21:25.859 [DEBUG] [UMS.Models.EditAccountContext]  EditAccountContext.cs:24 | Start Edit Account Context.
2020/09/18 11:21:25.884 [DEBUG] [UMS.Models.AccountContext]  AccountContext.cs:24 | Start Account Context.
2020/09/18 11:21:25.973 [DEBUG] [UMS.Areas.Identity.Pages.Account.LoginModel]  Login.cshtml.cs:46 | Starting Login model.
2020/09/18 11:21:26.022 [DEBUG] [UMS.Areas.Identity.Pages.Account.LoginModel]  Login.cshtml.cs:112 | Getting external authentication scheme.
2020/09/18 11:21:29.389 [INFO] [Microsoft.Hosting.Lifetime]   | Application is shutting down...
2020/09/18 11:21:45.177 [INFO] [Microsoft.Hosting.Lifetime]   | Now listening on: https://localhost:44346
2020/09/18 11:21:46.426 [INFO] [Microsoft.Hosting.Lifetime]   | Application started. Press Ctrl+C to shut down.
2020/09/18 11:21:46.445 [INFO] [Microsoft.Hosting.Lifetime]   | Hosting environment: Development
2020/09/18 11:21:46.474 [INFO] [Microsoft.Hosting.Lifetime]   | Content root path: C:\Users\Namchok\Desktop\สหกิจ\ums\UMS
2020/09/18 11:21:46.888 [DEBUG] [UMS.Models.EditAccountContext]  EditAccountContext.cs:24 | Start Edit Account Context.
2020/09/18 11:21:46.903 [DEBUG] [UMS.Models.AccountContext]  AccountContext.cs:24 | Start Account Context.
2020/09/18 11:21:46.923 [DEBUG] [UMS.Areas.Identity.Pages.Account.LoginModel]  Login.cshtml.cs:46 | Starting Login model.
2020/09/18 11:21:46.990 [DEBUG] [UMS.Areas.Identity.Pages.Account.LoginModel]  Login.cshtml.cs:112 | Getting external authentication scheme.
2020/09/18 11:21:50.642 [DEBUG] [UMS.Models.AccountContext]  AccountContext.cs:24 | Start Account Context.
2020/09/18 11:21:50.642 [DEBUG] [UMS.Areas.Identity.Pages.Account.RegisterModel]  Register.cshtml.cs:62 | Starting Register model.
2020/09/18 11:21:52.485 [DEBUG] [UMS.Models.AccountContext]  CheckUserExist:AccountContext.cs:24 | Start Account Context.
2020/09/18 11:21:52.492 [DEBUG] [UMS.Models.EditAccountContext]  CheckUserExist:EditAccountContext.cs:24 | Start Edit Account Context.
2020/09/18 11:21:52.613 [ERROR] [UMS.Controllers.ManageUserController]  CheckUserExist:ManageUserController.cs:264 | Calling a method on a null object reference.
2020/09/18 11:21:53.097 [DEBUG] [UMS.Models.AccountContext]  CheckUserExist:AccountContext.cs:24 | Start Account Context.
2020/09/18 11:21:53.097 [DEBUG] [UMS.Models.EditAccountContext]  CheckUserExist:EditAccountContext.cs:24 | Start Edit Account Context.
2020/09/18 11:21:54.206 [DEBUG] [UMS.Controllers.ManageUserController]  CheckUserExist:ManageUserController.cs:270 | Check user is exist.
2020/09/18 11:21:54.241 [DEBUG] [UMS.Controllers.ManageUserController]  CheckUserExist:ManageUserController.cs:277 | Save changes: Check user is exist.
2020/09/18 11:21:56.821 [DEBUG] [UMS.Models.AccountContext]  CheckUserExist:AccountContext.cs:24 | Start Account Context.
2020/09/18 11:21:56.836 [DEBUG] [UMS.Models.EditAccountContext]  CheckUserExist:EditAccountContext.cs:24 | Start Edit Account Context.
2020/09/18 11:21:56.909 [DEBUG] [UMS.Controllers.ManageUserController]  CheckUserExist:ManageUserController.cs:270 | Check user is exist.
2020/09/18 11:21:56.909 [DEBUG] [UMS.Controllers.ManageUserController]  CheckUserExist:ManageUserController.cs:277 | Save changes: Check user is exist.
2020/09/18 11:22:00.635 [DEBUG] [UMS.Models.AccountContext]  CheckUserExist:AccountContext.cs:24 | Start Account Context.
2020/09/18 11:22:00.645 [DEBUG] [UMS.Models.EditAccountContext]  CheckUserExist:EditAccountContext.cs:24 | Start Edit Account Context.
2020/09/18 11:22:00.739 [DEBUG] [UMS.Controllers.ManageUserController]  CheckUserExist:ManageUserController.cs:270 | Check user is exist.
2020/09/18 11:22:00.739 [DEBUG] [UMS.Controllers.ManageUserController]  CheckUserExist:ManageUserController.cs:277 | Save changes: Check user is exist.
2020/09/18 11:22:03.032 [DEBUG] [UMS.Models.AccountContext]  CheckUserExist:AccountContext.cs:24 | Start Account Context.
2020/09/18 11:22:03.053 [DEBUG] [UMS.Models.EditAccountContext]  CheckUserExist:EditAccountContext.cs:24 | Start Edit Account Context.
2020/09/18 11:22:03.100 [DEBUG] [UMS.Controllers.ManageUserController]  CheckUserExist:ManageUserController.cs:270 | Check user is exist.
2020/09/18 11:22:03.118 [DEBUG] [UMS.Controllers.ManageUserController]  CheckUserExist:ManageUserController.cs:277 | Save changes: Check user is exist.
2020/09/18 11:22:04.712 [DEBUG] [UMS.Models.AccountContext]  CheckUserExist:AccountContext.cs:24 | Start Account Context.
2020/09/18 11:22:04.731 [DEBUG] [UMS.Models.EditAccountContext]  CheckUserExist:EditAccountContext.cs:24 | Start Edit Account Context.
2020/09/18 11:22:04.783 [DEBUG] [UMS.Controllers.ManageUserController]  CheckUserExist:ManageUserController.cs:270 | Check user is exist.
2020/09/18 11:22:04.806 [DEBUG] [UMS.Controllers.ManageUserController]  CheckUserExist:ManageUserController.cs:277 | Save changes: Check user is exist.
2020/09/18 11:22:06.626 [DEBUG] [UMS.Models.AccountContext]  CheckUserExist:AccountContext.cs:24 | Start Account Context.
2020/09/18 11:22:06.635 [DEBUG] [UMS.Models.EditAccountContext]  CheckUserExist:EditAccountContext.cs:24 | Start Edit Account Context.
2020/09/18 11:22:06.678 [DEBUG] [UMS.Controllers.ManageUserController]  CheckUserExist:ManageUserController.cs:270 | Check user is exist.
2020/09/18 11:22:06.697 [DEBUG] [UMS.Controllers.ManageUserController]  CheckUserExist:ManageUserController.cs:277 | Save changes: Check user is exist.
2020/09/18 11:22:10.024 [DEBUG] [UMS.Models.AccountContext]  CheckUserExist:AccountContext.cs:24 | Start Account Context.
2020/09/18 11:22:10.037 [DEBUG] [UMS.Models.EditAccountContext]  CheckUserExist:EditAccountContext.cs:24 | Start Edit Account Context.
2020/09/18 11:22:10.086 [DEBUG] [UMS.Controllers.ManageUserController]  CheckUserExist:ManageUserController.cs:270 | Check user is exist.
2020/09/18 11:22:10.086 [DEBUG] [UMS.Controllers.ManageUserController]  CheckUserExist:ManageUserController.cs:277 | Save changes: Check user is exist.
2020/09/18 11:22:10.571 [DEBUG] [UMS.Models.AccountContext]  CheckUserExist:AccountContext.cs:24 | Start Account Context.
2020/09/18 11:22:10.580 [DEBUG] [UMS.Models.EditAccountContext]  CheckUserExist:EditAccountContext.cs:24 | Start Edit Account Context.
2020/09/18 11:22:10.676 [ERROR] [UMS.Controllers.ManageUserController]  CheckUserExist:ManageUserController.cs:264 | Calling a method on a null object reference.
2020/09/18 11:23:04.660 [DEBUG] [UMS.Models.AccountContext]  CheckUserExist:AccountContext.cs:24 | Start Account Context.
2020/09/18 11:23:04.660 [DEBUG] [UMS.Models.EditAccountContext]  CheckUserExist:EditAccountContext.cs:24 | Start Edit Account Context.
2020/09/18 11:23:04.758 [ERROR] [UMS.Controllers.ManageUserController]  CheckUserExist:ManageUserController.cs:264 | Calling a method on a null object reference.
2020/09/18 11:23:06.017 [DEBUG] [UMS.Models.AccountContext]  CheckUserExist:AccountContext.cs:24 | Start Account Context.
2020/09/18 11:23:06.042 [DEBUG] [UMS.Models.EditAccountContext]  CheckUserExist:EditAccountContext.cs:24 | Start Edit Account Context.
2020/09/18 11:23:06.098 [DEBUG] [UMS.Controllers.ManageUserController]  CheckUserExist:ManageUserController.cs:270 | Check user is exist.
2020/09/18 11:23:06.123 [DEBUG] [UMS.Controllers.ManageUserController]  CheckUserExist:ManageUserController.cs:277 | Save changes: Check user is exist.
2020/09/18 11:23:07.420 [DEBUG] [UMS.Models.EditAccountContext]  EditAccountContext.cs:24 | Start Edit Account Context.
2020/09/18 11:23:07.430 [DEBUG] [UMS.Models.AccountContext]  AccountContext.cs:24 | Start Account Context.
2020/09/18 11:23:07.494 [DEBUG] [UMS.Areas.Identity.Pages.Account.LoginModel]  Login.cshtml.cs:46 | Starting Login model.
2020/09/18 11:23:07.525 [DEBUG] [UMS.Areas.Identity.Pages.Account.LoginModel]  Login.cshtml.cs:112 | Getting external authentication scheme.
2020/09/18 11:23:11.954 [INFO] [Microsoft.Hosting.Lifetime]   | Application is shutting down...
2020/09/18 11:24:42.518 [INFO] [Microsoft.Hosting.Lifetime]   | Now listening on: https://localhost:44346
2020/09/18 11:24:42.993 [INFO] [Microsoft.Hosting.Lifetime]   | Application started. Press Ctrl+C to shut down.
2020/09/18 11:24:43.006 [INFO] [Microsoft.Hosting.Lifetime]   | Hosting environment: Development
2020/09/18 11:24:43.039 [INFO] [Microsoft.Hosting.Lifetime]   | Content root path: C:\Users\Namchok\Desktop\สหกิจ\ums\UMS
2020/09/18 11:24:44.550 [DEBUG] [UMS.Models.EditAccountContext]  EditAccountContext.cs:24 | Start Edit Account Context.
2020/09/18 11:24:44.564 [DEBUG] [UMS.Models.AccountContext]  AccountContext.cs:24 | Start Account Context.
2020/09/18 11:24:44.581 [DEBUG] [UMS.Areas.Identity.Pages.Account.LoginModel]  Login.cshtml.cs:46 | Starting Login model.
2020/09/18 11:24:44.632 [DEBUG] [UMS.Areas.Identity.Pages.Account.LoginModel]  Login.cshtml.cs:112 | Getting external authentication scheme.
2020/09/18 11:24:48.091 [DEBUG] [UMS.Models.AccountContext]  AccountContext.cs:24 | Start Account Context.
2020/09/18 11:24:48.127 [DEBUG] [UMS.Areas.Identity.Pages.Account.RegisterModel]  Register.cshtml.cs:62 | Starting Register model.
2020/09/18 11:24:50.202 [DEBUG] [UMS.Models.AccountContext]  CheckUserExist:AccountContext.cs:24 | Start Account Context.
2020/09/18 11:24:50.212 [DEBUG] [UMS.Models.EditAccountContext]  CheckUserExist:EditAccountContext.cs:24 | Start Edit Account Context.
2020/09/18 11:24:50.392 [DEBUG] [UMS.Models.AccountContext]  CheckUserExist:AccountContext.cs:24 | Start Account Context.
2020/09/18 11:24:50.398 [DEBUG] [UMS.Models.EditAccountContext]  CheckUserExist:EditAccountContext.cs:24 | Start Edit Account Context.
2020/09/18 11:24:51.251 [DEBUG] [UMS.Controllers.ManageUserController]  CheckUserExist:ManageUserController.cs:270 | Check user is exist.
2020/09/18 11:24:51.251 [DEBUG] [UMS.Controllers.ManageUserController]  CheckUserExist:ManageUserController.cs:270 | Check user is exist.
2020/09/18 11:24:51.273 [DEBUG] [UMS.Controllers.ManageUserController]  CheckUserExist:ManageUserController.cs:277 | Save changes: Check user is exist.
2020/09/18 11:24:51.273 [DEBUG] [UMS.Controllers.ManageUserController]  CheckUserExist:ManageUserController.cs:277 | Save changes: Check user is exist.
2020/09/18 11:24:51.369 [DEBUG] [UMS.Models.AccountContext]  CheckUserExist:AccountContext.cs:24 | Start Account Context.
2020/09/18 11:24:51.369 [DEBUG] [UMS.Models.EditAccountContext]  CheckUserExist:EditAccountContext.cs:24 | Start Edit Account Context.
2020/09/18 11:24:51.464 [DEBUG] [UMS.Controllers.ManageUserController]  CheckUserExist:ManageUserController.cs:270 | Check user is exist.
2020/09/18 11:24:51.473 [DEBUG] [UMS.Controllers.ManageUserController]  CheckUserExist:ManageUserController.cs:277 | Save changes: Check user is exist.
2020/09/18 11:24:52.526 [DEBUG] [UMS.Models.AccountContext]  CheckUserExist:AccountContext.cs:24 | Start Account Context.
2020/09/18 11:24:52.541 [DEBUG] [UMS.Models.EditAccountContext]  CheckUserExist:EditAccountContext.cs:24 | Start Edit Account Context.
2020/09/18 11:24:52.605 [DEBUG] [UMS.Controllers.ManageUserController]  CheckUserExist:ManageUserController.cs:270 | Check user is exist.
2020/09/18 11:24:52.611 [DEBUG] [UMS.Controllers.ManageUserController]  CheckUserExist:ManageUserController.cs:277 | Save changes: Check user is exist.
2020/09/18 11:24:55.092 [DEBUG] [UMS.Models.AccountContext]  CheckUserExist:AccountContext.cs:24 | Start Account Context.
2020/09/18 11:24:55.127 [DEBUG] [UMS.Models.EditAccountContext]  CheckUserExist:EditAccountContext.cs:24 | Start Edit Account Context.
2020/09/18 11:24:55.207 [DEBUG] [UMS.Controllers.ManageUserController]  CheckUserExist:ManageUserController.cs:270 | Check user is exist.
2020/09/18 11:24:55.220 [DEBUG] [UMS.Controllers.ManageUserController]  CheckUserExist:ManageUserController.cs:277 | Save changes: Check user is exist.
2020/09/18 11:24:56.832 [DEBUG] [UMS.Models.AccountContext]  CheckUserExist:AccountContext.cs:24 | Start Account Context.
2020/09/18 11:24:56.832 [DEBUG] [UMS.Models.EditAccountContext]  CheckUserExist:EditAccountContext.cs:24 | Start Edit Account Context.
2020/09/18 11:24:56.864 [DEBUG] [UMS.Controllers.ManageUserController]  CheckUserExist:ManageUserController.cs:270 | Check user is exist.
2020/09/18 11:24:56.864 [DEBUG] [UMS.Controllers.ManageUserController]  CheckUserExist:ManageUserController.cs:277 | Save changes: Check user is exist.
2020/09/18 11:24:57.065 [DEBUG] [UMS.Models.AccountContext]  CheckUserExist:AccountContext.cs:24 | Start Account Context.
2020/09/18 11:24:57.065 [DEBUG] [UMS.Models.EditAccountContext]  CheckUserExist:EditAccountContext.cs:24 | Start Edit Account Context.
2020/09/18 11:24:57.099 [DEBUG] [UMS.Controllers.ManageUserController]  CheckUserExist:ManageUserController.cs:270 | Check user is exist.
2020/09/18 11:24:57.099 [DEBUG] [UMS.Controllers.ManageUserController]  CheckUserExist:ManageUserController.cs:277 | Save changes: Check user is exist.
2020/09/18 11:24:57.604 [DEBUG] [UMS.Models.AccountContext]  CheckUserExist:AccountContext.cs:24 | Start Account Context.
2020/09/18 11:24:57.638 [DEBUG] [UMS.Models.EditAccountContext]  CheckUserExist:EditAccountContext.cs:24 | Start Edit Account Context.
2020/09/18 11:24:57.699 [DEBUG] [UMS.Controllers.ManageUserController]  CheckUserExist:ManageUserController.cs:270 | Check user is exist.
2020/09/18 11:24:57.749 [DEBUG] [UMS.Controllers.ManageUserController]  CheckUserExist:ManageUserController.cs:277 | Save changes: Check user is exist.
2020/09/18 11:25:04.748 [DEBUG] [UMS.Models.AccountContext]  CheckUserExist:AccountContext.cs:24 | Start Account Context.
2020/09/18 11:25:04.764 [DEBUG] [UMS.Models.EditAccountContext]  CheckUserExist:EditAccountContext.cs:24 | Start Edit Account Context.
2020/09/18 11:25:04.805 [DEBUG] [UMS.Controllers.ManageUserController]  CheckUserExist:ManageUserController.cs:270 | Check user is exist.
2020/09/18 11:25:04.805 [DEBUG] [UMS.Controllers.ManageUserController]  CheckUserExist:ManageUserController.cs:277 | Save changes: Check user is exist.
2020/09/18 11:25:05.309 [DEBUG] [UMS.Models.AccountContext]  CheckUserExist:AccountContext.cs:24 | Start Account Context.
2020/09/18 11:25:05.335 [DEBUG] [UMS.Models.EditAccountContext]  CheckUserExist:EditAccountContext.cs:24 | Start Edit Account Context.
2020/09/18 11:25:05.377 [DEBUG] [UMS.Controllers.ManageUserController]  CheckUserExist:ManageUserController.cs:270 | Check user is exist.
2020/09/18 11:25:05.377 [DEBUG] [UMS.Controllers.ManageUserController]  CheckUserExist:ManageUserController.cs:277 | Save changes: Check user is exist.
2020/09/18 11:25:05.840 [DEBUG] [UMS.Models.AccountContext]  CheckUserExist:AccountContext.cs:24 | Start Account Context.
2020/09/18 11:25:05.860 [DEBUG] [UMS.Models.EditAccountContext]  CheckUserExist:EditAccountContext.cs:24 | Start Edit Account Context.
2020/09/18 11:25:05.893 [DEBUG] [UMS.Controllers.ManageUserController]  CheckUserExist:ManageUserController.cs:270 | Check user is exist.
2020/09/18 11:25:05.893 [DEBUG] [UMS.Controllers.ManageUserController]  CheckUserExist:ManageUserController.cs:277 | Save changes: Check user is exist.
2020/09/18 11:25:07.028 [DEBUG] [UMS.Models.AccountContext]  CheckUserExist:AccountContext.cs:24 | Start Account Context.
2020/09/18 11:25:07.054 [DEBUG] [UMS.Models.EditAccountContext]  CheckUserExist:EditAccountContext.cs:24 | Start Edit Account Context.
2020/09/18 11:25:07.081 [DEBUG] [UMS.Controllers.ManageUserController]  CheckUserExist:ManageUserController.cs:270 | Check user is exist.
2020/09/18 11:25:07.081 [DEBUG] [UMS.Controllers.ManageUserController]  CheckUserExist:ManageUserController.cs:277 | Save changes: Check user is exist.
2020/09/18 11:25:09.101 [DEBUG] [UMS.Models.AccountContext]  GetStatusUser:AccountContext.cs:24 | Start Account Context.
2020/09/18 11:25:09.111 [DEBUG] [UMS.Models.EditAccountContext]  GetStatusUser:EditAccountContext.cs:24 | Start Edit Account Context.
2020/09/18 11:25:11.605 [DEBUG] [UMS.Models.EditAccountContext]  EditAccountContext.cs:24 | Start Edit Account Context.
2020/09/18 11:25:11.620 [DEBUG] [UMS.Models.AccountContext]  AccountContext.cs:24 | Start Account Context.
2020/09/18 11:25:11.630 [DEBUG] [UMS.Areas.Identity.Pages.Account.LoginModel]  Login.cshtml.cs:46 | Starting Login model.
2020/09/18 11:25:11.650 [DEBUG] [UMS.Areas.Identity.Pages.Account.LoginModel]  Login.cshtml.cs:112 | Getting external authentication scheme.
2020/09/18 11:25:13.440 [DEBUG] [UMS.Models.EditAccountContext]  EditAccountContext.cs:24 | Start Edit Account Context.
2020/09/18 11:25:13.468 [DEBUG] [UMS.Models.AccountContext]  AccountContext.cs:24 | Start Account Context.
2020/09/18 11:25:13.502 [DEBUG] [UMS.Areas.Identity.Pages.Account.LoginModel]  Login.cshtml.cs:46 | Starting Login model.
2020/09/18 11:25:14.993 [INFO] [UMS.Areas.Identity.Pages.Account.LoginModel]  Login.cshtml.cs:148 | User logged in.
2020/09/18 11:25:15.100 [INFO] [UMS.Controllers.HomeController] [usermanagement2020@gmail.com] Index:HomeController.cs:60 | Welcome usermanagement2020@gmail.com to UMS.
2020/09/18 11:25:17.331 [DEBUG] [UMS.Controllers.LogsController] [usermanagement2020@gmail.com] Index:LogsController.cs:64 | Getting top 100 from all logs.
2020/09/18 11:25:23.505 [DEBUG] [UMS.Controllers.LogsController] [usermanagement2020@gmail.com] Search:LogsController.cs:91 | Input Date Input: 09/18/2020 11:25 AM - 09/18/2020 12:55 PM
2020/09/18 11:25:23.505 [DEBUG] [UMS.Controllers.LogsController] [usermanagement2020@gmail.com] Search:LogsController.cs:92 | Input Message: -
2020/09/18 11:25:23.623 [DEBUG] [UMS.Controllers.LogsController] [usermanagement2020@gmail.com] Search:LogsController.cs:104 | Getting log by 09/18/2020 11:25 AM - 09/18/2020 12:55 PM.
