############################################## User Management System log ##############################################
2020/10/05 09:25:31.781 [INFO] [Microsoft.Hosting.Lifetime]   | Now listening on: https://localhost:44346
2020/10/05 09:25:36.915 [DEBUG] [UMS.Models.EditAccountContext]  EditAccountContext.cs:24 | Start Edit Account Context.
2020/10/05 09:25:46.980 [INFO] [Microsoft.Hosting.Lifetime]   | Application started. Press Ctrl+C to shut down.
2020/10/05 09:25:47.005 [INFO] [Microsoft.Hosting.Lifetime]   | Hosting environment: Development
2020/10/05 09:25:47.005 [INFO] [Microsoft.Hosting.Lifetime]   | Content root path: C:\Users\Namchok\Desktop\สหกิจ\ums\UMS
2020/10/05 09:25:47.005 [DEBUG] [UMS.Models.AccountContext]  AccountContext.cs:24 | Start Account Context.
2020/10/05 09:25:47.032 [DEBUG] [UMS.Areas.Identity.Pages.Account.LoginModel]  Login.cshtml.cs:51 | Start Login model.
2020/10/05 09:25:47.346 [DEBUG] [UMS.Areas.Identity.Pages.Account.LoginModel]  Login.cshtml.cs:117 | Getting external authentication scheme.
2020/10/05 09:27:40.423 [DEBUG] [UMS.Models.EditAccountContext]  EditAccountContext.cs:24 | Start Edit Account Context.
2020/10/05 09:27:54.988 [DEBUG] [UMS.Models.AccountContext]  AccountContext.cs:24 | Start Account Context.
2020/10/05 09:27:55.003 [DEBUG] [UMS.Areas.Identity.Pages.Account.LoginModel]  Login.cshtml.cs:51 | Start Login model.
2020/10/05 09:28:13.124 [ERROR] [Microsoft.EntityFrameworkCore.Database.Connection]   | An error occurred using the connection to database 'UMS' on server 'localhost\SQLEXPRESS'.
2020/10/05 09:28:28.064 [ERROR] [Microsoft.EntityFrameworkCore.Query]   | An exception occurred while iterating over the results of a query for context type 'UMS.Data.AuthDbContext'.
Microsoft.Data.SqlClient.SqlException (0x80131904): A network-related or instance-specific error occurred while establishing a connection to SQL Server. The server was not found or was not accessible. Verify that the instance name is correct and that SQL Server is configured to allow remote connections. (provider: SQL Network Interfaces, error: 26 - Error Locating Server/Instance Specified)
   at Microsoft.Data.SqlClient.SqlInternalConnection.OnError(SqlException exception, Boolean breakConnection, Action`1 wrapCloseInAction)
   at Microsoft.Data.SqlClient.TdsParser.ThrowExceptionAndWarning(TdsParserStateObject stateObj, Boolean callerHasConnectionLock, Boolean asyncClose)
   at Microsoft.Data.SqlClient.TdsParser.Connect(ServerInfo serverInfo, SqlInternalConnectionTds connHandler, Boolean ignoreSniOpenTimeout, Int64 timerExpire, Boolean encrypt, Boolean trustServerCert, Boolean integratedSecurity, Boolean withFailover, SqlAuthenticationMethod authType, SqlAuthenticationProviderManager sqlAuthProviderManager)
   at Microsoft.Data.SqlClient.SqlInternalConnectionTds.AttemptOneLogin(ServerInfo serverInfo, String newPassword, SecureString newSecurePassword, Boolean ignoreSniOpenTimeout, TimeoutTimer timeout, Boolean withFailover)
   at Microsoft.Data.SqlClient.SqlInternalConnectionTds.LoginNoFailover(ServerInfo serverInfo, String newPassword, SecureString newSecurePassword, Boolean redirectedUserInstance, SqlConnectionString connectionOptions, SqlCredential credential, TimeoutTimer timeout)
   at Microsoft.Data.SqlClient.SqlInternalConnectionTds.OpenLoginEnlist(TimeoutTimer timeout, SqlConnectionString connectionOptions, SqlCredential credential, String newPassword, SecureString newSecurePassword, Boolean redirectedUserInstance)
   at Microsoft.Data.SqlClient.SqlInternalConnectionTds..ctor(DbConnectionPoolIdentity identity, SqlConnectionString connectionOptions, SqlCredential credential, Object providerInfo, String newPassword, SecureString newSecurePassword, Boolean redirectedUserInstance, SqlConnectionString userConnectionOptions, SessionData reconnectSessionData, Boolean applyTransientFaultHandling, String accessToken, DbConnectionPool pool, SqlAuthenticationProviderManager sqlAuthProviderManager)
   at Microsoft.Data.SqlClient.SqlConnectionFactory.CreateConnection(DbConnectionOptions options, DbConnectionPoolKey poolKey, Object poolGroupProviderInfo, DbConnectionPool pool, DbConnection owningConnection, DbConnectionOptions userOptions)
   at Microsoft.Data.ProviderBase.DbConnectionFactory.CreatePooledConnection(DbConnectionPool pool, DbConnection owningObject, DbConnectionOptions options, DbConnectionPoolKey poolKey, DbConnectionOptions userOptions)
   at Microsoft.Data.ProviderBase.DbConnectionPool.CreateObject(DbConnection owningObject, DbConnectionOptions userOptions, DbConnectionInternal oldConnection)
   at Microsoft.Data.ProviderBase.DbConnectionPool.UserCreateRequest(DbConnection owningObject, DbConnectionOptions userOptions, DbConnectionInternal oldConnection)
   at Microsoft.Data.ProviderBase.DbConnectionPool.TryGetConnection(DbConnection owningObject, UInt32 waitForMultipleObjectsTimeout, Boolean allowCreate, Boolean onlyOneCheckConnection, DbConnectionOptions userOptions, DbConnectionInternal& connection)
   at Microsoft.Data.ProviderBase.DbConnectionPool.WaitForPendingOpen()
--- End of stack trace from previous location where exception was thrown ---
   at Microsoft.EntityFrameworkCore.Storage.RelationalConnection.OpenDbConnectionAsync(Boolean errorsExpected, CancellationToken cancellationToken)
   at Microsoft.EntityFrameworkCore.Storage.RelationalConnection.OpenDbConnectionAsync(Boolean errorsExpected, CancellationToken cancellationToken)
   at Microsoft.EntityFrameworkCore.Storage.RelationalConnection.OpenAsync(CancellationToken cancellationToken, Boolean errorsExpected)
   at Microsoft.EntityFrameworkCore.Storage.RelationalCommand.ExecuteReaderAsync(RelationalCommandParameterObject parameterObject, CancellationToken cancellationToken)
   at Microsoft.EntityFrameworkCore.Query.Internal.QueryingEnumerable`1.AsyncEnumerator.InitializeReaderAsync(DbContext _, Boolean result, CancellationToken cancellationToken)
   at Microsoft.EntityFrameworkCore.SqlServer.Storage.Internal.SqlServerExecutionStrategy.ExecuteAsync[TState,TResult](TState state, Func`4 operation, Func`4 verifySucceeded, CancellationToken cancellationToken)
   at Microsoft.EntityFrameworkCore.Query.Internal.QueryingEnumerable`1.AsyncEnumerator.MoveNextAsync()
ClientConnectionId:00000000-0000-0000-0000-000000000000
Error Number:-1,State:0,Class:20Microsoft.Data.SqlClient.SqlException (0x80131904): A network-related or instance-specific error occurred while establishing a connection to SQL Server. The server was not found or was not accessible. Verify that the instance name is correct and that SQL Server is configured to allow remote connections. (provider: SQL Network Interfaces, error: 26 - Error Locating Server/Instance Specified)
   at Microsoft.Data.SqlClient.SqlInternalConnection.OnError(SqlException exception, Boolean breakConnection, Action`1 wrapCloseInAction)
   at Microsoft.Data.SqlClient.TdsParser.ThrowExceptionAndWarning(TdsParserStateObject stateObj, Boolean callerHasConnectionLock, Boolean asyncClose)
   at Microsoft.Data.SqlClient.TdsParser.Connect(ServerInfo serverInfo, SqlInternalConnectionTds connHandler, Boolean ignoreSniOpenTimeout, Int64 timerExpire, Boolean encrypt, Boolean trustServerCert, Boolean integratedSecurity, Boolean withFailover, SqlAuthenticationMethod authType, SqlAuthenticationProviderManager sqlAuthProviderManager)
   at Microsoft.Data.SqlClient.SqlInternalConnectionTds.AttemptOneLogin(ServerInfo serverInfo, String newPassword, SecureString newSecurePassword, Boolean ignoreSniOpenTimeout, TimeoutTimer timeout, Boolean withFailover)
   at Microsoft.Data.SqlClient.SqlInternalConnectionTds.LoginNoFailover(ServerInfo serverInfo, String newPassword, SecureString newSecurePassword, Boolean redirectedUserInstance, SqlConnectionString connectionOptions, SqlCredential credential, TimeoutTimer timeout)
   at Microsoft.Data.SqlClient.SqlInternalConnectionTds.OpenLoginEnlist(TimeoutTimer timeout, SqlConnectionString connectionOptions, SqlCredential credential, String newPassword, SecureString newSecurePassword, Boolean redirectedUserInstance)
   at Microsoft.Data.SqlClient.SqlInternalConnectionTds..ctor(DbConnectionPoolIdentity identity, SqlConnectionString connectionOptions, SqlCredential credential, Object providerInfo, String newPassword, SecureString newSecurePassword, Boolean redirectedUserInstance, SqlConnectionString userConnectionOptions, SessionData reconnectSessionData, Boolean applyTransientFaultHandling, String accessToken, DbConnectionPool pool, SqlAuthenticationProviderManager sqlAuthProviderManager)
   at Microsoft.Data.SqlClient.SqlConnectionFactory.CreateConnection(DbConnectionOptions options, DbConnectionPoolKey poolKey, Object poolGroupProviderInfo, DbConnectionPool pool, DbConnection owningConnection, DbConnectionOptions userOptions)
   at Microsoft.Data.ProviderBase.DbConnectionFactory.CreatePooledConnection(DbConnectionPool pool, DbConnection owningObject, DbConnectionOptions options, DbConnectionPoolKey poolKey, DbConnectionOptions userOptions)
   at Microsoft.Data.ProviderBase.DbConnectionPool.CreateObject(DbConnection owningObject, DbConnectionOptions userOptions, DbConnectionInternal oldConnection)
   at Microsoft.Data.ProviderBase.DbConnectionPool.UserCreateRequest(DbConnection owningObject, DbConnectionOptions userOptions, DbConnectionInternal oldConnection)
   at Microsoft.Data.ProviderBase.DbConnectionPool.TryGetConnection(DbConnection owningObject, UInt32 waitForMultipleObjectsTimeout, Boolean allowCreate, Boolean onlyOneCheckConnection, DbConnectionOptions userOptions, DbConnectionInternal& connection)
   at Microsoft.Data.ProviderBase.DbConnectionPool.WaitForPendingOpen()
--- End of stack trace from previous location where exception was thrown ---
   at Microsoft.EntityFrameworkCore.Storage.RelationalConnection.OpenDbConnectionAsync(Boolean errorsExpected, CancellationToken cancellationToken)
   at Microsoft.EntityFrameworkCore.Storage.RelationalConnection.OpenDbConnectionAsync(Boolean errorsExpected, CancellationToken cancellationToken)
   at Microsoft.EntityFrameworkCore.Storage.RelationalConnection.OpenAsync(CancellationToken cancellationToken, Boolean errorsExpected)
   at Microsoft.EntityFrameworkCore.Storage.RelationalCommand.ExecuteReaderAsync(RelationalCommandParameterObject parameterObject, CancellationToken cancellationToken)
   at Microsoft.EntityFrameworkCore.Query.Internal.QueryingEnumerable`1.AsyncEnumerator.InitializeReaderAsync(DbContext _, Boolean result, CancellationToken cancellationToken)
   at Microsoft.EntityFrameworkCore.SqlServer.Storage.Internal.SqlServerExecutionStrategy.ExecuteAsync[TState,TResult](TState state, Func`4 operation, Func`4 verifySucceeded, CancellationToken cancellationToken)
   at Microsoft.EntityFrameworkCore.Query.Internal.QueryingEnumerable`1.AsyncEnumerator.MoveNextAsync()
ClientConnectionId:00000000-0000-0000-0000-000000000000
Error Number:-1,State:0,Class:20
2020/10/05 09:28:28.665 [ERROR] [UMS.Areas.Identity.Pages.Account.LoginModel]  Login.cshtml.cs:146 | A network-related or instance-specific error occurred while establishing a connection to SQL Server. The server was not found or was not accessible. Verify that the instance name is correct and that SQL Server is configured to allow remote connections. (provider: SQL Network Interfaces, error: 26 - Error Locating Server/Instance Specified)
2020/10/05 09:28:52.950 [INFO] [Microsoft.Hosting.Lifetime]   | Application is shutting down...
2020/10/05 09:32:45.029 [INFO] [Microsoft.Hosting.Lifetime]   | Now listening on: https://localhost:44346
2020/10/05 09:32:46.763 [DEBUG] [UMS.Models.EditAccountContext]  EditAccountContext.cs:24 | Start Edit Account Context.
2020/10/05 09:32:59.893 [INFO] [Microsoft.Hosting.Lifetime]   | Application started. Press Ctrl+C to shut down.
2020/10/05 09:32:59.893 [INFO] [Microsoft.Hosting.Lifetime]   | Hosting environment: Development
2020/10/05 09:32:59.893 [DEBUG] [UMS.Models.AccountContext]  AccountContext.cs:24 | Start Account Context.
2020/10/05 09:32:59.893 [INFO] [Microsoft.Hosting.Lifetime]   | Content root path: C:\Users\Namchok\Desktop\สหกิจ\ums\UMS
2020/10/05 09:32:59.909 [DEBUG] [UMS.Areas.Identity.Pages.Account.LoginModel]  Login.cshtml.cs:51 | Start Login model.
2020/10/05 09:32:59.986 [DEBUG] [UMS.Areas.Identity.Pages.Account.LoginModel]  Login.cshtml.cs:117 | Getting external authentication scheme.
2020/10/05 09:33:38.703 [DEBUG] [UMS.Models.EditAccountContext]  EditAccountContext.cs:24 | Start Edit Account Context.
2020/10/05 09:33:53.285 [DEBUG] [UMS.Models.AccountContext]  AccountContext.cs:24 | Start Account Context.
2020/10/05 09:33:53.298 [DEBUG] [UMS.Areas.Identity.Pages.Account.LoginModel]  Login.cshtml.cs:51 | Start Login model.
2020/10/05 09:33:58.449 [INFO] [UMS.Areas.Identity.Pages.Account.LoginModel]  Login.cshtml.cs:149 | User logged in.
2020/10/05 09:33:58.683 [INFO] [UMS.Controllers.HomeController] [usermanagement2020@gmail.com] Index:HomeController.cs:58 | Welcome usermanagement2020@gmail.com to UMS.
2020/10/05 09:34:08.314 [DEBUG] [UMS.Controllers.LogsController] [usermanagement2020@gmail.com] Index:LogsController.cs:63 | Getting top 100 from all logs.
2020/10/05 09:39:08.435 [INFO] [Microsoft.Hosting.Lifetime]   | Application is shutting down...
2020/10/05 09:46:33.945 [INFO] [Microsoft.Hosting.Lifetime]   | Now listening on: https://localhost:44346
2020/10/05 09:46:40.026 [INFO] [UMS.Controllers.HomeController] [usermanagement2020@gmail.com] Index:HomeController.cs:58 | Welcome usermanagement2020@gmail.com to UMS.
2020/10/05 09:46:49.221 [INFO] [Microsoft.Hosting.Lifetime]   | Application started. Press Ctrl+C to shut down.
2020/10/05 09:46:49.239 [INFO] [Microsoft.Hosting.Lifetime]   | Hosting environment: Development
2020/10/05 09:46:49.257 [INFO] [Microsoft.Hosting.Lifetime]   | Content root path: C:\Users\Namchok\Desktop\สหกิจ\ums\UMS
2020/10/05 09:46:55.377 [DEBUG] [UMS.Controllers.LogsController] [usermanagement2020@gmail.com] Index:LogsController.cs:63 | Getting top 100 from all logs.
2020/10/05 09:47:37.933 [INFO] [Microsoft.Hosting.Lifetime]   | Application is shutting down...
2020/10/05 09:52:39.203 [INFO] [Microsoft.Hosting.Lifetime]   | Now listening on: https://localhost:44346
2020/10/05 09:52:44.485 [INFO] [UMS.Controllers.HomeController] [usermanagement2020@gmail.com] Index:HomeController.cs:58 | Welcome usermanagement2020@gmail.com to UMS.
2020/10/05 09:52:54.568 [INFO] [Microsoft.Hosting.Lifetime]   | Application started. Press Ctrl+C to shut down.
2020/10/05 09:52:54.647 [INFO] [Microsoft.Hosting.Lifetime]   | Hosting environment: Development
2020/10/05 09:52:54.647 [INFO] [Microsoft.Hosting.Lifetime]   | Content root path: C:\Users\Namchok\Desktop\สหกิจ\ums\UMS
2020/10/05 09:52:58.651 [DEBUG] [UMS.Controllers.LogsController] [usermanagement2020@gmail.com] Index:LogsController.cs:63 | Getting top 100 from all logs.
2020/10/05 09:53:58.295 [INFO] [Microsoft.Hosting.Lifetime]   | Application is shutting down...
2020/10/05 10:25:12.921 [INFO] [Microsoft.Hosting.Lifetime]   | Now listening on: https://localhost:44346
2020/10/05 10:25:27.791 [INFO] [UMS.Controllers.HomeController] [usermanagement2020@gmail.com] Index:HomeController.cs:58 | Welcome usermanagement2020@gmail.com to UMS.
2020/10/05 10:25:28.273 [INFO] [Microsoft.Hosting.Lifetime]   | Application started. Press Ctrl+C to shut down.
2020/10/05 10:25:28.291 [INFO] [Microsoft.Hosting.Lifetime]   | Hosting environment: Development
2020/10/05 10:25:28.356 [INFO] [Microsoft.Hosting.Lifetime]   | Content root path: C:\Users\Namchok\Desktop\สหกิจ\ums\UMS
2020/10/05 10:25:35.001 [DEBUG] [UMS.Controllers.LogsController] [usermanagement2020@gmail.com] Index:LogsController.cs:63 | Getting top 100 from all logs.
2020/10/05 10:26:36.552 [DEBUG] [UMS.Controllers.LogsController] [usermanagement2020@gmail.com] Search:LogsController.cs:90 | Input Date Input: 10/05/2020 12:00 AM - 10/05/2020 11:59 PM
2020/10/05 10:26:51.184 [DEBUG] [UMS.Controllers.LogsController] [usermanagement2020@gmail.com] Search:LogsController.cs:91 | Input Message: -
2020/10/05 10:26:51.329 [DEBUG] [UMS.Controllers.LogsController] [usermanagement2020@gmail.com] Search:LogsController.cs:103 | Getting log by 10/05/2020 12:00 AM - 10/05/2020 11:59 PM.
2020/10/05 10:27:06.426 [DEBUG] [UMS.Controllers.LogsController] [usermanagement2020@gmail.com] Search:LogsController.cs:90 | Input Date Input: 10/5/2020 10:27 AM - 10/5/2020 11:57 AM
2020/10/05 10:27:06.426 [DEBUG] [UMS.Controllers.LogsController] [usermanagement2020@gmail.com] Search:LogsController.cs:91 | Input Message: -
2020/10/05 10:27:06.442 [DEBUG] [UMS.Controllers.LogsController] [usermanagement2020@gmail.com] Search:LogsController.cs:103 | Getting log by 10/5/2020 10:27 AM - 10/5/2020 11:57 AM.
2020/10/05 10:27:21.269 [DEBUG] [UMS.Controllers.LogsController] [usermanagement2020@gmail.com] Search:LogsController.cs:90 | Input Date Input: 10/05/2020 12:00 AM - 10/05/2020 11:00 PM
2020/10/05 10:27:35.875 [DEBUG] [UMS.Controllers.LogsController] [usermanagement2020@gmail.com] Search:LogsController.cs:91 | Input Message: -
2020/10/05 10:27:35.925 [DEBUG] [UMS.Controllers.LogsController] [usermanagement2020@gmail.com] Search:LogsController.cs:103 | Getting log by 10/05/2020 12:00 AM - 10/05/2020 11:00 PM.
2020/10/05 10:37:45.095 [INFO] [Microsoft.Hosting.Lifetime]   | Now listening on: https://localhost:44346
2020/10/05 10:37:47.968 [INFO] [UMS.Controllers.HomeController] [usermanagement2020@gmail.com] Index:HomeController.cs:58 | Welcome usermanagement2020@gmail.com to UMS.
2020/10/05 10:37:59.512 [INFO] [Microsoft.Hosting.Lifetime]   | Application started. Press Ctrl+C to shut down.
2020/10/05 10:37:59.581 [INFO] [Microsoft.Hosting.Lifetime]   | Hosting environment: Development
2020/10/05 10:37:59.581 [INFO] [Microsoft.Hosting.Lifetime]   | Content root path: C:\Users\Namchok\Desktop\สหกิจ\ums\UMS
2020/10/05 10:38:08.057 [DEBUG] [UMS.Controllers.LogsController] [usermanagement2020@gmail.com] Index:LogsController.cs:63 | Getting top 100 from all logs.
2020/10/05 10:38:39.846 [DEBUG] [UMS.Controllers.LogsController] [usermanagement2020@gmail.com] Search:LogsController.cs:90 | Input Date Input: 10/05/2020 12:00 AM - 10/05/2020 11:59 PM
2020/10/05 10:38:54.423 [DEBUG] [UMS.Controllers.LogsController] [usermanagement2020@gmail.com] Search:LogsController.cs:91 | Input Message: -
2020/10/05 10:38:54.784 [DEBUG] [UMS.Controllers.LogsController] [usermanagement2020@gmail.com] Search:LogsController.cs:103 | Getting log by 10/05/2020 12:00 AM - 10/05/2020 11:59 PM.
2020/10/05 10:41:51.679 [INFO] [Microsoft.Hosting.Lifetime]   | Now listening on: https://localhost:44346
2020/10/05 10:41:54.447 [INFO] [UMS.Controllers.HomeController] [usermanagement2020@gmail.com] Index:HomeController.cs:58 | Welcome usermanagement2020@gmail.com to UMS.
2020/10/05 10:42:06.703 [INFO] [Microsoft.Hosting.Lifetime]   | Application started. Press Ctrl+C to shut down.
2020/10/05 10:42:06.714 [INFO] [Microsoft.Hosting.Lifetime]   | Hosting environment: Development
2020/10/05 10:42:06.719 [INFO] [Microsoft.Hosting.Lifetime]   | Content root path: C:\Users\Namchok\Desktop\สหกิจ\ums\UMS
2020/10/05 10:43:09.625 [DEBUG] [UMS.Controllers.LogsController] [usermanagement2020@gmail.com] Index:LogsController.cs:63 | Getting top 100 from all logs.
2020/10/05 10:47:14.730 [INFO] [Microsoft.Hosting.Lifetime]   | Now listening on: https://localhost:44346
2020/10/05 10:47:16.560 [INFO] [UMS.Controllers.HomeController] [usermanagement2020@gmail.com] Index:HomeController.cs:58 | Welcome usermanagement2020@gmail.com to UMS.
2020/10/05 10:47:29.843 [INFO] [Microsoft.Hosting.Lifetime]   | Application started. Press Ctrl+C to shut down.
2020/10/05 10:47:29.850 [INFO] [Microsoft.Hosting.Lifetime]   | Hosting environment: Development
2020/10/05 10:47:29.850 [INFO] [Microsoft.Hosting.Lifetime]   | Content root path: C:\Users\Namchok\Desktop\สหกิจ\ums\UMS
2020/10/05 10:47:54.601 [DEBUG] [UMS.Controllers.LogsController] [usermanagement2020@gmail.com] Index:LogsController.cs:63 | Getting top 100 from all logs.
2020/10/05 10:49:15.328 [DEBUG] [UMS.Controllers.LogsController] [usermanagement2020@gmail.com] Search:LogsController.cs:90 | Input Date Input: 10/05/2020 12:00 AM - 10/05/2020 11:59 PM
2020/10/05 10:49:29.893 [DEBUG] [UMS.Controllers.LogsController] [usermanagement2020@gmail.com] Search:LogsController.cs:91 | Input Message: -
2020/10/05 10:49:29.893 [DEBUG] [UMS.Controllers.LogsController] [usermanagement2020@gmail.com] Search:LogsController.cs:103 | Getting log by 10/05/2020 12:00 AM - 10/05/2020 11:59 PM.
2020/10/05 10:49:49.490 [DEBUG] [UMS.Controllers.LogsController] [usermanagement2020@gmail.com] Search:LogsController.cs:90 | Input Date Input: 09/27/2020 12:00 AM - 10/11/2020 11:00 PM
2020/10/05 10:49:49.505 [DEBUG] [UMS.Controllers.LogsController] [usermanagement2020@gmail.com] Search:LogsController.cs:91 | Input Message: -
2020/10/05 10:49:49.526 [DEBUG] [UMS.Controllers.LogsController] [usermanagement2020@gmail.com] Search:LogsController.cs:103 | Getting log by 09/27/2020 12:00 AM - 10/11/2020 11:00 PM.
2020/10/05 10:50:22.957 [DEBUG] [UMS.Controllers.LogsController] [usermanagement2020@gmail.com] Search:LogsController.cs:90 | Input Date Input: 09/27/2020 12:00 AM - 10/11/2020 11:00 PM
2020/10/05 10:50:37.521 [DEBUG] [UMS.Controllers.LogsController] [usermanagement2020@gmail.com] Search:LogsController.cs:91 | Input Message: Welcome 
2020/10/05 10:50:37.521 [DEBUG] [UMS.Controllers.LogsController] [usermanagement2020@gmail.com] Search:LogsController.cs:103 | Getting log by 09/27/2020 12:00 AM - 10/11/2020 11:00 PM or Welcome .
2020/10/05 10:52:30.674 [DEBUG] [UMS.Controllers.LogsController] [usermanagement2020@gmail.com] Search:LogsController.cs:90 | Input Date Input: 09/27/2020 12:00 AM - 10/11/2020 11:00 PM
2020/10/05 10:52:45.234 [DEBUG] [UMS.Controllers.LogsController] [usermanagement2020@gmail.com] Search:LogsController.cs:91 | Input Message: Welcome 
2020/10/05 10:52:59.490 [DEBUG] [UMS.Controllers.LogsController] [usermanagement2020@gmail.com] Index:LogsController.cs:63 | Getting top 100 from all logs.
2020/10/05 10:52:59.812 [DEBUG] [UMS.Controllers.LogsController] [usermanagement2020@gmail.com] Search:LogsController.cs:103 | Getting log by 09/27/2020 12:00 AM - 10/11/2020 11:00 PM or Welcome .
2020/10/05 10:53:35.580 [DEBUG] [UMS.Controllers.LogsController] [usermanagement2020@gmail.com] Index:LogsController.cs:63 | Getting top 100 from all logs.
2020/10/05 10:53:54.079 [DEBUG] [UMS.Controllers.LogsController] [usermanagement2020@gmail.com] Search:LogsController.cs:90 | Input Date Input: 10/05/2020 12:00 AM - 10/05/2020 11:59 PM
2020/10/05 10:54:08.640 [DEBUG] [UMS.Controllers.LogsController] [usermanagement2020@gmail.com] Search:LogsController.cs:91 | Input Message: -
2020/10/05 10:54:08.648 [DEBUG] [UMS.Controllers.LogsController] [usermanagement2020@gmail.com] Search:LogsController.cs:103 | Getting log by 10/05/2020 12:00 AM - 10/05/2020 11:59 PM.
2020/10/05 11:18:32.647 [INFO] [Microsoft.Hosting.Lifetime]   | Now listening on: https://localhost:44346
2020/10/05 11:18:41.217 [INFO] [UMS.Controllers.HomeController] [usermanagement2020@gmail.com] Index:HomeController.cs:58 | Welcome usermanagement2020@gmail.com to UMS.
2020/10/05 11:18:47.890 [INFO] [Microsoft.Hosting.Lifetime]   | Application started. Press Ctrl+C to shut down.
2020/10/05 11:18:47.896 [INFO] [Microsoft.Hosting.Lifetime]   | Hosting environment: Development
2020/10/05 11:18:47.896 [INFO] [Microsoft.Hosting.Lifetime]   | Content root path: C:\Users\Namchok\Desktop\สหกิจ\ums\UMS
2020/10/05 11:18:53.253 [DEBUG] [UMS.Controllers.LogsController] [usermanagement2020@gmail.com] Index:LogsController.cs:63 | Getting top 100 from all logs.
2020/10/05 11:20:38.606 [INFO] [Microsoft.Hosting.Lifetime]   | Application is shutting down...
2020/10/05 11:20:57.259 [INFO] [Microsoft.Hosting.Lifetime]   | Now listening on: https://localhost:44346
2020/10/05 11:20:58.637 [INFO] [Microsoft.Hosting.Lifetime]   | Application started. Press Ctrl+C to shut down.
2020/10/05 11:20:58.674 [INFO] [Microsoft.Hosting.Lifetime]   | Hosting environment: Development
2020/10/05 11:20:58.705 [INFO] [Microsoft.Hosting.Lifetime]   | Content root path: C:\Users\Namchok\Desktop\สหกิจ\ums\UMS
2020/10/05 11:20:59.080 [INFO] [UMS.Controllers.HomeController] [usermanagement2020@gmail.com] Index:HomeController.cs:58 | Welcome usermanagement2020@gmail.com to UMS.
2020/10/05 11:23:30.645 [DEBUG] [UMS.Controllers.LogsController] [usermanagement2020@gmail.com] Index:LogsController.cs:63 | Getting top 100 from all logs.
2020/10/05 11:23:47.853 [INFO] [Microsoft.Hosting.Lifetime]   | Application is shutting down...
2020/10/05 11:41:47.020 [INFO] [Microsoft.Hosting.Lifetime]   | Now listening on: https://localhost:44346
2020/10/05 11:41:48.089 [INFO] [Microsoft.Hosting.Lifetime]   | Application started. Press Ctrl+C to shut down.
2020/10/05 11:41:48.215 [INFO] [Microsoft.Hosting.Lifetime]   | Hosting environment: Development
2020/10/05 11:41:48.250 [INFO] [Microsoft.Hosting.Lifetime]   | Content root path: C:\Users\Namchok\Desktop\สหกิจ\ums\UMS
2020/10/05 11:41:48.760 [INFO] [UMS.Controllers.HomeController] [usermanagement2020@gmail.com] Index:HomeController.cs:58 | Welcome usermanagement2020@gmail.com to UMS.
2020/10/05 11:41:53.583 [DEBUG] [UMS.Controllers.LogsController] [usermanagement2020@gmail.com] Index:LogsController.cs:63 | Getting top 100 from all logs.
2020/10/05 11:46:35.677 [INFO] [Microsoft.Hosting.Lifetime]   | Now listening on: https://localhost:44346
2020/10/05 11:46:37.011 [INFO] [Microsoft.Hosting.Lifetime]   | Application started. Press Ctrl+C to shut down.
2020/10/05 11:46:37.086 [INFO] [Microsoft.Hosting.Lifetime]   | Hosting environment: Development
2020/10/05 11:46:37.138 [INFO] [Microsoft.Hosting.Lifetime]   | Content root path: C:\Users\Namchok\Desktop\สหกิจ\ums\UMS
2020/10/05 11:46:37.914 [INFO] [UMS.Controllers.HomeController] [usermanagement2020@gmail.com] Index:HomeController.cs:58 | Welcome usermanagement2020@gmail.com to UMS.
2020/10/05 11:46:43.174 [DEBUG] [UMS.Controllers.LogsController] [usermanagement2020@gmail.com] Index:LogsController.cs:63 | Getting top 100 from all logs.
2020/10/05 11:47:29.179 [INFO] [Microsoft.Hosting.Lifetime]   | Now listening on: https://localhost:44346
2020/10/05 11:47:30.273 [INFO] [Microsoft.Hosting.Lifetime]   | Application started. Press Ctrl+C to shut down.
2020/10/05 11:47:30.385 [INFO] [Microsoft.Hosting.Lifetime]   | Hosting environment: Development
2020/10/05 11:47:30.431 [INFO] [Microsoft.Hosting.Lifetime]   | Content root path: C:\Users\Namchok\Desktop\สหกิจ\ums\UMS
2020/10/05 11:47:31.090 [INFO] [UMS.Controllers.HomeController] [usermanagement2020@gmail.com] Index:HomeController.cs:58 | Welcome usermanagement2020@gmail.com to UMS.
2020/10/05 11:47:35.033 [DEBUG] [UMS.Controllers.LogsController] [usermanagement2020@gmail.com] Index:LogsController.cs:63 | Getting top 100 from all logs.
2020/10/05 11:48:06.617 [DEBUG] [UMS.Controllers.LogsController] [usermanagement2020@gmail.com] Search:LogsController.cs:90 | Input Date Input: 10/5/2020 11:48 AM - 10/5/2020 1:18 PM
2020/10/05 11:48:06.617 [DEBUG] [UMS.Controllers.LogsController] [usermanagement2020@gmail.com] Search:LogsController.cs:91 | Input Message: -
2020/10/05 11:48:06.632 [DEBUG] [UMS.Controllers.LogsController] [usermanagement2020@gmail.com] Search:LogsController.cs:103 | Getting log by 10/5/2020 11:48 AM - 10/5/2020 1:18 PM.
2020/10/05 11:48:50.885 [DEBUG] [UMS.Areas.Identity.Pages.Account.LogoutModel] [usermanagement2020@gmail.com] Logout.cshtml.cs:30 | Starting Logout model.
2020/10/05 11:48:50.936 [INFO] [UMS.Areas.Identity.Pages.Account.LogoutModel] [usermanagement2020@gmail.com] Logout.cshtml.cs:64 | User logged out.
2020/10/05 11:48:50.972 [DEBUG] [UMS.Areas.Identity.Pages.Account.LogoutModel]  Logout.cshtml.cs:30 | Starting Logout model.
2020/10/05 11:48:50.984 [INFO] [UMS.Areas.Identity.Pages.Account.LogoutModel]  Logout.cshtml.cs:42 | User logged out.
2020/10/05 11:48:53.101 [DEBUG] [UMS.Models.EditAccountContext]  EditAccountContext.cs:24 | Start Edit Account Context.
2020/10/05 11:48:53.117 [DEBUG] [UMS.Models.AccountContext]  AccountContext.cs:24 | Start Account Context.
2020/10/05 11:48:53.162 [DEBUG] [UMS.Areas.Identity.Pages.Account.LoginModel]  Login.cshtml.cs:51 | Start Login model.
2020/10/05 11:48:53.196 [DEBUG] [UMS.Areas.Identity.Pages.Account.LoginModel]  Login.cshtml.cs:117 | Getting external authentication scheme.
2020/10/05 11:49:05.419 [DEBUG] [UMS.Models.EditAccountContext]  EditAccountContext.cs:24 | Start Edit Account Context.
2020/10/05 11:49:05.451 [DEBUG] [UMS.Models.AccountContext]  AccountContext.cs:24 | Start Account Context.
2020/10/05 11:49:05.490 [DEBUG] [UMS.Areas.Identity.Pages.Account.LoginModel]  Login.cshtml.cs:51 | Start Login model.
2020/10/05 11:49:05.695 [INFO] [UMS.Areas.Identity.Pages.Account.LoginModel]  Login.cshtml.cs:149 | User logged in.
2020/10/05 11:49:05.799 [INFO] [UMS.Controllers.HomeController] [usermanagement2020@gmail.com] Index:HomeController.cs:58 | Welcome usermanagement2020@gmail.com to UMS.
2020/10/05 11:49:07.144 [DEBUG] [UMS.Controllers.LogsController] [usermanagement2020@gmail.com] Index:LogsController.cs:63 | Getting top 100 from all logs.
2020/10/05 11:50:00.563 [DEBUG] [UMS.Controllers.LogsController] [usermanagement2020@gmail.com] Search:LogsController.cs:90 | Input Date Input: 10/05/2020 12:00 AM - 10/05/2020 11:59 PM
2020/10/05 11:50:00.599 [DEBUG] [UMS.Controllers.LogsController] [usermanagement2020@gmail.com] Search:LogsController.cs:91 | Input Message: -
2020/10/05 11:50:00.615 [DEBUG] [UMS.Controllers.LogsController] [usermanagement2020@gmail.com] Search:LogsController.cs:103 | Getting log by 10/05/2020 12:00 AM - 10/05/2020 11:59 PM.
2020/10/05 12:02:19.192 [INFO] [Microsoft.Hosting.Lifetime]   | Now listening on: https://localhost:44346
2020/10/05 12:02:20.490 [INFO] [Microsoft.Hosting.Lifetime]   | Application started. Press Ctrl+C to shut down.
2020/10/05 12:02:20.535 [INFO] [Microsoft.Hosting.Lifetime]   | Hosting environment: Development
2020/10/05 12:02:20.560 [INFO] [Microsoft.Hosting.Lifetime]   | Content root path: C:\Users\Namchok\Desktop\สหกิจ\ums\UMS
2020/10/05 12:02:21.110 [INFO] [UMS.Controllers.HomeController] [usermanagement2020@gmail.com] Index:HomeController.cs:58 | Welcome usermanagement2020@gmail.com to UMS.
2020/10/05 12:02:28.059 [DEBUG] [UMS.Controllers.LogsController] [usermanagement2020@gmail.com] Index:LogsController.cs:63 | Getting top 100 from all logs.
2020/10/05 12:03:31.489 [DEBUG] [UMS.Controllers.LogsController] [usermanagement2020@gmail.com] Search:LogsController.cs:90 | Input Date Input: 10/5/2020 12:03 PM - 10/5/2020 1:33 PM
2020/10/05 12:03:31.489 [DEBUG] [UMS.Controllers.LogsController] [usermanagement2020@gmail.com] Search:LogsController.cs:91 | Input Message: -
2020/10/05 12:03:31.519 [DEBUG] [UMS.Controllers.LogsController] [usermanagement2020@gmail.com] Search:LogsController.cs:103 | Getting log by 10/5/2020 12:03 PM - 10/5/2020 1:33 PM.
2020/10/05 12:03:50.314 [DEBUG] [UMS.Areas.Identity.Pages.Account.LogoutModel] [usermanagement2020@gmail.com] Logout.cshtml.cs:30 | Starting Logout model.
2020/10/05 12:03:50.403 [INFO] [UMS.Areas.Identity.Pages.Account.LogoutModel] [usermanagement2020@gmail.com] Logout.cshtml.cs:64 | User logged out.
2020/10/05 12:03:50.459 [DEBUG] [UMS.Areas.Identity.Pages.Account.LogoutModel]  Logout.cshtml.cs:30 | Starting Logout model.
2020/10/05 12:03:50.471 [INFO] [UMS.Areas.Identity.Pages.Account.LogoutModel]  Logout.cshtml.cs:42 | User logged out.
2020/10/05 12:03:52.613 [DEBUG] [UMS.Models.EditAccountContext]  EditAccountContext.cs:24 | Start Edit Account Context.
2020/10/05 12:03:52.663 [DEBUG] [UMS.Models.AccountContext]  AccountContext.cs:24 | Start Account Context.
2020/10/05 12:03:52.674 [DEBUG] [UMS.Areas.Identity.Pages.Account.LoginModel]  Login.cshtml.cs:51 | Start Login model.
2020/10/05 12:03:52.693 [DEBUG] [UMS.Areas.Identity.Pages.Account.LoginModel]  Login.cshtml.cs:117 | Getting external authentication scheme.
2020/10/05 12:03:56.845 [INFO] [Microsoft.Hosting.Lifetime]   | Application is shutting down...
2020/10/05 12:06:55.457 [INFO] [Microsoft.Hosting.Lifetime]   | Now listening on: https://localhost:44346
2020/10/05 12:06:56.706 [INFO] [Microsoft.Hosting.Lifetime]   | Application started. Press Ctrl+C to shut down.
2020/10/05 12:06:56.739 [INFO] [Microsoft.Hosting.Lifetime]   | Hosting environment: Development
2020/10/05 12:06:56.754 [INFO] [Microsoft.Hosting.Lifetime]   | Content root path: C:\Users\Namchok\Desktop\สหกิจ\ums\UMS
2020/10/05 12:06:57.603 [DEBUG] [UMS.Models.EditAccountContext]  EditAccountContext.cs:24 | Start Edit Account Context.
2020/10/05 12:06:57.620 [DEBUG] [UMS.Models.AccountContext]  AccountContext.cs:24 | Start Account Context.
2020/10/05 12:06:57.650 [DEBUG] [UMS.Areas.Identity.Pages.Account.LoginModel]  Login.cshtml.cs:51 | Start Login model.
2020/10/05 12:06:57.733 [DEBUG] [UMS.Areas.Identity.Pages.Account.LoginModel]  Login.cshtml.cs:117 | Getting external authentication scheme.
2020/10/05 12:07:01.239 [DEBUG] [UMS.Models.EditAccountContext]  EditAccountContext.cs:24 | Start Edit Account Context.
2020/10/05 12:07:01.267 [DEBUG] [UMS.Models.AccountContext]  AccountContext.cs:24 | Start Account Context.
2020/10/05 12:07:01.318 [DEBUG] [UMS.Areas.Identity.Pages.Account.LoginModel]  Login.cshtml.cs:51 | Start Login model.
2020/10/05 12:07:03.639 [INFO] [UMS.Areas.Identity.Pages.Account.LoginModel]  Login.cshtml.cs:149 | User logged in.
2020/10/05 12:07:03.742 [INFO] [UMS.Controllers.HomeController] [usermanagement2020@gmail.com] Index:HomeController.cs:58 | Welcome usermanagement2020@gmail.com to UMS.
2020/10/05 12:07:05.189 [DEBUG] [UMS.Controllers.LogsController] [usermanagement2020@gmail.com] Index:LogsController.cs:63 | Getting top 100 from all logs.
2020/10/05 12:07:42.871 [DEBUG] [UMS.Controllers.LogsController] [usermanagement2020@gmail.com] Search:LogsController.cs:90 | Input Date Input: 10/05/2020 12:00 AM - 10/05/2020 11:59 PM
2020/10/05 12:07:42.891 [DEBUG] [UMS.Controllers.LogsController] [usermanagement2020@gmail.com] Search:LogsController.cs:91 | Input Message: -
2020/10/05 12:07:42.914 [DEBUG] [UMS.Controllers.LogsController] [usermanagement2020@gmail.com] Search:LogsController.cs:103 | Getting log by 10/05/2020 12:00 AM - 10/05/2020 11:59 PM.
2020/10/05 12:08:14.144 [INFO] [Microsoft.Hosting.Lifetime]   | Application is shutting down...
2020/10/05 12:10:19.103 [INFO] [Microsoft.Hosting.Lifetime]   | Now listening on: https://localhost:44346
2020/10/05 12:10:20.353 [INFO] [Microsoft.Hosting.Lifetime]   | Application started. Press Ctrl+C to shut down.
2020/10/05 12:10:20.406 [INFO] [Microsoft.Hosting.Lifetime]   | Hosting environment: Development
2020/10/05 12:10:20.442 [INFO] [Microsoft.Hosting.Lifetime]   | Content root path: C:\Users\Namchok\Desktop\สหกิจ\ums\UMS
2020/10/05 12:10:20.792 [INFO] [UMS.Controllers.HomeController] [usermanagement2020@gmail.com] Index:HomeController.cs:58 | Welcome usermanagement2020@gmail.com to UMS.
2020/10/05 12:10:25.427 [DEBUG] [UMS.Controllers.LogsController] [usermanagement2020@gmail.com] Index:LogsController.cs:63 | Getting top 100 from all logs.
2020/10/05 14:21:22.644 [INFO] [Microsoft.Hosting.Lifetime]   | Now listening on: https://localhost:44346
2020/10/05 14:21:27.407 [INFO] [Microsoft.Hosting.Lifetime]   | Application started. Press Ctrl+C to shut down.
2020/10/05 14:21:27.493 [INFO] [Microsoft.Hosting.Lifetime]   | Hosting environment: Development
2020/10/05 14:21:27.508 [INFO] [Microsoft.Hosting.Lifetime]   | Content root path: C:\Users\Namchok\Desktop\สหกิจ\ums\UMS
2020/10/05 14:21:31.290 [INFO] [UMS.Controllers.HomeController] [usermanagement2020@gmail.com] Index:HomeController.cs:58 | Welcome usermanagement2020@gmail.com to UMS.
2020/10/05 14:21:46.854 [DEBUG] [UMS.Controllers.LogsController] [usermanagement2020@gmail.com] Index:LogsController.cs:63 | Getting top 100 from all logs.
2020/10/05 14:22:05.218 [DEBUG] [UMS.Controllers.LogsController] [usermanagement2020@gmail.com] Search:LogsController.cs:90 | Input Date Input: 10/05/2020 12:00 AM - 10/05/2020 11:59 PM
2020/10/05 14:22:05.223 [DEBUG] [UMS.Controllers.LogsController] [usermanagement2020@gmail.com] Search:LogsController.cs:91 | Input Message: -
2020/10/05 14:22:05.249 [DEBUG] [UMS.Controllers.LogsController] [usermanagement2020@gmail.com] Search:LogsController.cs:103 | Getting log by 10/05/2020 12:00 AM - 10/05/2020 11:59 PM.
2020/10/05 14:22:05.861 [DEBUG] [UMS.Controllers.LogsController] [usermanagement2020@gmail.com] Search:LogsController.cs:90 | Input Date Input: 10/05/2020 12:00 AM - 10/05/2020 11:59 PM
2020/10/05 14:22:05.861 [DEBUG] [UMS.Controllers.LogsController] [usermanagement2020@gmail.com] Search:LogsController.cs:91 | Input Message: -
2020/10/05 14:22:05.879 [DEBUG] [UMS.Controllers.LogsController] [usermanagement2020@gmail.com] Search:LogsController.cs:103 | Getting log by 10/05/2020 12:00 AM - 10/05/2020 11:59 PM.
2020/10/05 14:22:10.112 [DEBUG] [UMS.Controllers.LogsController] [usermanagement2020@gmail.com] Index:LogsController.cs:63 | Getting top 100 from all logs.
2020/10/05 14:27:50.081 [INFO] [Microsoft.Hosting.Lifetime]   | Now listening on: https://localhost:44346
2020/10/05 14:27:50.488 [INFO] [Microsoft.Hosting.Lifetime]   | Application started. Press Ctrl+C to shut down.
2020/10/05 14:27:50.511 [INFO] [Microsoft.Hosting.Lifetime]   | Hosting environment: Development
2020/10/05 14:27:50.527 [INFO] [Microsoft.Hosting.Lifetime]   | Content root path: C:\Users\Namchok\Desktop\สหกิจ\ums\UMS
2020/10/05 14:27:51.816 [INFO] [UMS.Controllers.HomeController] [usermanagement2020@gmail.com] Index:HomeController.cs:58 | Welcome usermanagement2020@gmail.com to UMS.
2020/10/05 14:27:55.443 [DEBUG] [UMS.Controllers.LogsController] [usermanagement2020@gmail.com] Index:LogsController.cs:63 | Getting top 100 from all logs.
2020/10/05 14:28:03.630 [DEBUG] [UMS.Controllers.LogsController] [usermanagement2020@gmail.com] Search:LogsController.cs:90 | Input Date Input: 10/05/2020 12:00 AM - 10/05/2020 11:59 PM
2020/10/05 14:28:03.645 [DEBUG] [UMS.Controllers.LogsController] [usermanagement2020@gmail.com] Search:LogsController.cs:91 | Input Message: -
2020/10/05 14:28:03.645 [DEBUG] [UMS.Controllers.LogsController] [usermanagement2020@gmail.com] Search:LogsController.cs:103 | Getting log by 10/05/2020 12:00 AM - 10/05/2020 11:59 PM.
2020/10/05 14:28:16.033 [DEBUG] [UMS.Controllers.LogsController] [usermanagement2020@gmail.com] Search:LogsController.cs:90 | Input Date Input: 10/05/2020 12:00 AM - 10/05/2020 11:59 PM
2020/10/05 14:28:16.033 [DEBUG] [UMS.Controllers.LogsController] [usermanagement2020@gmail.com] Search:LogsController.cs:91 | Input Message: -
2020/10/05 14:28:16.063 [DEBUG] [UMS.Controllers.LogsController] [usermanagement2020@gmail.com] Search:LogsController.cs:103 | Getting log by 10/05/2020 12:00 AM - 10/05/2020 11:59 PM.
2020/10/05 14:29:16.494 [INFO] [Microsoft.Hosting.Lifetime]   | Now listening on: https://localhost:44346
2020/10/05 14:29:17.540 [INFO] [Microsoft.Hosting.Lifetime]   | Application started. Press Ctrl+C to shut down.
2020/10/05 14:29:17.745 [INFO] [Microsoft.Hosting.Lifetime]   | Hosting environment: Development
2020/10/05 14:29:18.062 [INFO] [Microsoft.Hosting.Lifetime]   | Content root path: C:\Users\Namchok\Desktop\สหกิจ\ums\UMS
2020/10/05 14:29:18.669 [INFO] [UMS.Controllers.HomeController] [usermanagement2020@gmail.com] Index:HomeController.cs:58 | Welcome usermanagement2020@gmail.com to UMS.
2020/10/05 14:29:20.493 [DEBUG] [UMS.Controllers.LogsController] [usermanagement2020@gmail.com] Index:LogsController.cs:63 | Getting top 100 from all logs.
2020/10/05 14:29:24.554 [DEBUG] [UMS.Controllers.LogsController] [usermanagement2020@gmail.com] Search:LogsController.cs:90 | Input Date Input: 10/05/2020 12:00 AM - 10/05/2020 11:59 PM
2020/10/05 14:29:24.571 [DEBUG] [UMS.Controllers.LogsController] [usermanagement2020@gmail.com] Search:LogsController.cs:91 | Input Message: -
2020/10/05 14:29:24.581 [DEBUG] [UMS.Controllers.LogsController] [usermanagement2020@gmail.com] Search:LogsController.cs:103 | Getting log by 10/05/2020 12:00 AM - 10/05/2020 11:59 PM.
2020/10/05 14:40:31.812 [INFO] [Microsoft.Hosting.Lifetime]   | Now listening on: https://localhost:44346
2020/10/05 14:40:32.894 [INFO] [Microsoft.Hosting.Lifetime]   | Application started. Press Ctrl+C to shut down.
2020/10/05 14:40:32.941 [INFO] [Microsoft.Hosting.Lifetime]   | Hosting environment: Development
2020/10/05 14:40:32.991 [INFO] [Microsoft.Hosting.Lifetime]   | Content root path: C:\Users\Namchok\Desktop\สหกิจ\ums\UMS
2020/10/05 14:40:34.031 [INFO] [UMS.Controllers.HomeController] [usermanagement2020@gmail.com] Index:HomeController.cs:58 | Welcome usermanagement2020@gmail.com to UMS.
2020/10/05 14:40:37.643 [DEBUG] [UMS.Controllers.LogsController] [usermanagement2020@gmail.com] Index:LogsController.cs:63 | Getting top 100 from all logs.
2020/10/05 14:40:44.469 [DEBUG] [UMS.Controllers.LogsController] [usermanagement2020@gmail.com] Search:LogsController.cs:90 | Input Date Input: 10/05/2020 12:00 AM - 10/05/2020 11:59 PM
2020/10/05 14:40:44.510 [DEBUG] [UMS.Controllers.LogsController] [usermanagement2020@gmail.com] Search:LogsController.cs:91 | Input Message: -
2020/10/05 14:40:44.534 [DEBUG] [UMS.Controllers.LogsController] [usermanagement2020@gmail.com] Search:LogsController.cs:103 | Getting log by 10/05/2020 12:00 AM - 10/05/2020 11:59 PM.
2020/10/05 14:40:46.487 [DEBUG] [UMS.Controllers.LogsController] [usermanagement2020@gmail.com] Search:LogsController.cs:90 | Input Date Input: 10/05/2020 12:00 AM - 10/05/2020 11:59 PM
2020/10/05 14:40:46.487 [DEBUG] [UMS.Controllers.LogsController] [usermanagement2020@gmail.com] Search:LogsController.cs:91 | Input Message: -
2020/10/05 14:40:46.487 [DEBUG] [UMS.Controllers.LogsController] [usermanagement2020@gmail.com] Search:LogsController.cs:103 | Getting log by 10/05/2020 12:00 AM - 10/05/2020 11:59 PM.
2020/10/05 14:40:49.911 [DEBUG] [UMS.Controllers.LogsController] [usermanagement2020@gmail.com] Search:LogsController.cs:90 | Input Date Input: 10/05/2020 12:00 AM - 10/05/2020 11:59 PM
2020/10/05 14:40:49.936 [DEBUG] [UMS.Controllers.LogsController] [usermanagement2020@gmail.com] Search:LogsController.cs:91 | Input Message: -
2020/10/05 14:40:49.963 [DEBUG] [UMS.Controllers.LogsController] [usermanagement2020@gmail.com] Search:LogsController.cs:103 | Getting log by 10/05/2020 12:00 AM - 10/05/2020 11:59 PM.
2020/10/05 14:41:01.423 [DEBUG] [UMS.Controllers.LogsController] [usermanagement2020@gmail.com] Search:LogsController.cs:90 | Input Date Input: 10/01/2020 12:00 AM - 10/02/2020 11:00 PM
2020/10/05 14:41:01.457 [DEBUG] [UMS.Controllers.LogsController] [usermanagement2020@gmail.com] Search:LogsController.cs:91 | Input Message: -
2020/10/05 14:41:01.475 [DEBUG] [UMS.Controllers.LogsController] [usermanagement2020@gmail.com] Search:LogsController.cs:103 | Getting log by 10/01/2020 12:00 AM - 10/02/2020 11:00 PM.
2020/10/05 14:41:03.753 [DEBUG] [UMS.Controllers.LogsController] [usermanagement2020@gmail.com] Search:LogsController.cs:90 | Input Date Input: 10/01/2020 12:00 AM - 10/02/2020 11:00 PM
2020/10/05 14:41:03.753 [DEBUG] [UMS.Controllers.LogsController] [usermanagement2020@gmail.com] Search:LogsController.cs:91 | Input Message: -
2020/10/05 14:41:03.775 [DEBUG] [UMS.Controllers.LogsController] [usermanagement2020@gmail.com] Search:LogsController.cs:103 | Getting log by 10/01/2020 12:00 AM - 10/02/2020 11:00 PM.
2020/10/05 14:41:09.672 [DEBUG] [UMS.Controllers.LogsController] [usermanagement2020@gmail.com] Search:LogsController.cs:90 | Input Date Input: 10/5/2020 2:41 PM - 10/5/2020 4:11 PM
2020/10/05 14:41:09.706 [DEBUG] [UMS.Controllers.LogsController] [usermanagement2020@gmail.com] Search:LogsController.cs:91 | Input Message: -
2020/10/05 14:41:09.739 [DEBUG] [UMS.Controllers.LogsController] [usermanagement2020@gmail.com] Search:LogsController.cs:103 | Getting log by 10/5/2020 2:41 PM - 10/5/2020 4:11 PM.
2020/10/05 14:41:21.840 [DEBUG] [UMS.Models.AccountContext] [usermanagement2020@gmail.com] Index:AccountContext.cs:24 | Start Account Context.
2020/10/05 14:41:21.874 [DEBUG] [UMS.Models.EditAccountContext] [usermanagement2020@gmail.com] Index:EditAccountContext.cs:24 | Start Edit Account Context.
2020/10/05 14:41:22.136 [DEBUG] [UMS.Controllers.ManageUserController] [usermanagement2020@gmail.com] Index:ManageUserController.cs:78 | Get all active user.
2020/10/05 14:41:24.433 [DEBUG] [UMS.Models.AccountContext] [usermanagement2020@gmail.com] getUser:AccountContext.cs:24 | Start Account Context.
2020/10/05 14:41:24.446 [DEBUG] [UMS.Models.EditAccountContext] [usermanagement2020@gmail.com] getUser:EditAccountContext.cs:24 | Start Edit Account Context.
2020/10/05 14:41:24.572 [DEBUG] [UMS.Controllers.ManageUserController] [usermanagement2020@gmail.com] getUser:ManageUserController.cs:113 | Get user by ID
2020/10/05 14:41:25.966 [DEBUG] [UMS.Models.AccountContext] [usermanagement2020@gmail.com] editUser:AccountContext.cs:24 | Start Account Context.
2020/10/05 14:41:25.984 [DEBUG] [UMS.Models.EditAccountContext] [usermanagement2020@gmail.com] editUser:EditAccountContext.cs:24 | Start Edit Account Context.
2020/10/05 14:41:26.162 [DEBUG] [UMS.Controllers.ManageUserController] [usermanagement2020@gmail.com] editUser:ManageUserController.cs:151 | Set role ID.
2020/10/05 14:41:26.316 [DEBUG] [UMS.Controllers.ManageUserController] [usermanagement2020@gmail.com] editUser:ManageUserController.cs:163 | Update name'user.
2020/10/05 14:41:26.438 [DEBUG] [UMS.Controllers.ManageUserController] [usermanagement2020@gmail.com] editUser:ManageUserController.cs:165 | Update role'user.
2020/10/05 14:41:26.459 [DEBUG] [UMS.Controllers.ManageUserController] [usermanagement2020@gmail.com] editUser:ManageUserController.cs:173 | Save changes: Update user.
2020/10/05 14:41:26.505 [DEBUG] [UMS.Models.AccountContext] [usermanagement2020@gmail.com] Index:AccountContext.cs:24 | Start Account Context.
2020/10/05 14:41:26.521 [DEBUG] [UMS.Models.EditAccountContext] [usermanagement2020@gmail.com] Index:EditAccountContext.cs:24 | Start Edit Account Context.
2020/10/05 14:41:26.568 [DEBUG] [UMS.Controllers.ManageUserController] [usermanagement2020@gmail.com] Index:ManageUserController.cs:78 | Get all active user.
2020/10/05 14:41:37.752 [INFO] [Microsoft.Hosting.Lifetime]   | Application is shutting down...
