############################################## User Management System log ##############################################
2020/09/22 09:20:54.669 [INFO] [Microsoft.Hosting.Lifetime]   | Application started. Press Ctrl+C to shut down.
2020/09/22 09:20:56.009 [INFO] [Microsoft.Hosting.Lifetime]   | Hosting environment: Development
2020/09/22 09:20:56.027 [INFO] [Microsoft.Hosting.Lifetime]   | Content root path: C:\Users\Wannapa\source\repos\ums\UMS
2020/09/22 09:20:56.323 [DEBUG] [UMS.Models.EditAccountContext]  EditAccountContext.cs:24 | Start Edit Account Context.
2020/09/22 09:20:56.358 [DEBUG] [UMS.Models.AccountContext]  AccountContext.cs:24 | Start Account Context.
2020/09/22 09:20:56.400 [DEBUG] [UMS.Areas.Identity.Pages.Account.LoginModel]  Login.cshtml.cs:46 | Starting Login model.
2020/09/22 09:20:56.468 [DEBUG] [UMS.Areas.Identity.Pages.Account.LoginModel]  Login.cshtml.cs:111 | Getting external authentication scheme.
2020/09/22 09:21:07.597 [DEBUG] [UMS.Models.AccountContext]  AccountContext.cs:24 | Start Account Context.
2020/09/22 09:21:07.597 [DEBUG] [UMS.Areas.Identity.Pages.Account.RegisterModel]  Register.cshtml.cs:62 | Starting Register model.
2020/09/22 09:21:51.784 [DEBUG] [UMS.Models.AccountContext]  CheckUserExist:AccountContext.cs:24 | Start Account Context.
2020/09/22 09:21:51.784 [DEBUG] [UMS.Models.EditAccountContext]  CheckUserExist:EditAccountContext.cs:24 | Start Edit Account Context.
2020/09/22 09:21:52.679 [DEBUG] [UMS.Models.AccountContext]  CheckUserExist:AccountContext.cs:24 | Start Account Context.
2020/09/22 09:21:52.697 [DEBUG] [UMS.Models.EditAccountContext]  CheckUserExist:EditAccountContext.cs:24 | Start Edit Account Context.
2020/09/22 09:21:53.523 [DEBUG] [UMS.Controllers.ManageUserController]  CheckUserExist:ManageUserController.cs:270 | Check user is exist.
2020/09/22 09:21:53.523 [DEBUG] [UMS.Controllers.ManageUserController]  CheckUserExist:ManageUserController.cs:270 | Check user is exist.
2020/09/22 09:21:53.569 [DEBUG] [UMS.Controllers.ManageUserController]  CheckUserExist:ManageUserController.cs:277 | Save changes: Check user is exist.
2020/09/22 09:21:53.569 [DEBUG] [UMS.Controllers.ManageUserController]  CheckUserExist:ManageUserController.cs:277 | Save changes: Check user is exist.
2020/09/22 09:22:03.155 [DEBUG] [UMS.Models.AccountContext]  CheckUserExist:AccountContext.cs:24 | Start Account Context.
2020/09/22 09:22:03.178 [DEBUG] [UMS.Models.EditAccountContext]  CheckUserExist:EditAccountContext.cs:24 | Start Edit Account Context.
2020/09/22 09:22:03.345 [DEBUG] [UMS.Controllers.ManageUserController]  CheckUserExist:ManageUserController.cs:270 | Check user is exist.
2020/09/22 09:22:03.345 [DEBUG] [UMS.Controllers.ManageUserController]  CheckUserExist:ManageUserController.cs:277 | Save changes: Check user is exist.
2020/09/22 09:23:15.788 [DEBUG] [UMS.Models.AccountContext]  CheckUserExist:AccountContext.cs:24 | Start Account Context.
2020/09/22 09:23:15.828 [DEBUG] [UMS.Models.EditAccountContext]  CheckUserExist:EditAccountContext.cs:24 | Start Edit Account Context.
2020/09/22 09:23:15.878 [DEBUG] [UMS.Controllers.ManageUserController]  CheckUserExist:ManageUserController.cs:270 | Check user is exist.
2020/09/22 09:23:15.878 [DEBUG] [UMS.Controllers.ManageUserController]  CheckUserExist:ManageUserController.cs:277 | Save changes: Check user is exist.
2020/09/22 09:23:17.177 [DEBUG] [UMS.Models.AccountContext]  GetStatusUser:AccountContext.cs:24 | Start Account Context.
2020/09/22 09:23:17.177 [DEBUG] [UMS.Models.EditAccountContext]  GetStatusUser:EditAccountContext.cs:24 | Start Edit Account Context.
2020/09/22 09:23:17.342 [ERROR] [UMS.Controllers.ManageUserController]  GetStatusUser:ManageUserController.cs:327 | Calling a method on a null object reference.
2020/09/22 09:23:40.111 [DEBUG] [UMS.Models.AccountContext]  CheckUserExist:AccountContext.cs:24 | Start Account Context.
2020/09/22 09:23:40.117 [DEBUG] [UMS.Models.EditAccountContext]  CheckUserExist:EditAccountContext.cs:24 | Start Edit Account Context.
2020/09/22 09:23:40.143 [DEBUG] [UMS.Controllers.ManageUserController]  CheckUserExist:ManageUserController.cs:270 | Check user is exist.
2020/09/22 09:23:40.159 [DEBUG] [UMS.Controllers.ManageUserController]  CheckUserExist:ManageUserController.cs:277 | Save changes: Check user is exist.
2020/09/22 09:25:47.079 [DEBUG] [UMS.Models.AccountContext]  CheckUserExist:AccountContext.cs:24 | Start Account Context.
2020/09/22 09:25:47.098 [DEBUG] [UMS.Models.EditAccountContext]  CheckUserExist:EditAccountContext.cs:24 | Start Edit Account Context.
2020/09/22 09:25:47.169 [DEBUG] [UMS.Controllers.ManageUserController]  CheckUserExist:ManageUserController.cs:270 | Check user is exist.
2020/09/22 09:25:47.176 [DEBUG] [UMS.Controllers.ManageUserController]  CheckUserExist:ManageUserController.cs:277 | Save changes: Check user is exist.
2020/09/22 09:25:47.445 [DEBUG] [UMS.Models.AccountContext]  CheckUserExist:AccountContext.cs:24 | Start Account Context.
2020/09/22 09:25:47.445 [DEBUG] [UMS.Models.EditAccountContext]  CheckUserExist:EditAccountContext.cs:24 | Start Edit Account Context.
2020/09/22 09:25:47.470 [DEBUG] [UMS.Controllers.ManageUserController]  CheckUserExist:ManageUserController.cs:270 | Check user is exist.
2020/09/22 09:25:47.470 [DEBUG] [UMS.Controllers.ManageUserController]  CheckUserExist:ManageUserController.cs:277 | Save changes: Check user is exist.
2020/09/22 09:25:47.861 [DEBUG] [UMS.Models.AccountContext]  CheckUserExist:AccountContext.cs:24 | Start Account Context.
2020/09/22 09:25:47.861 [DEBUG] [UMS.Models.EditAccountContext]  CheckUserExist:EditAccountContext.cs:24 | Start Edit Account Context.
2020/09/22 09:25:47.892 [DEBUG] [UMS.Controllers.ManageUserController]  CheckUserExist:ManageUserController.cs:270 | Check user is exist.
2020/09/22 09:25:47.921 [DEBUG] [UMS.Controllers.ManageUserController]  CheckUserExist:ManageUserController.cs:277 | Save changes: Check user is exist.
2020/09/22 09:28:06.223 [DEBUG] [UMS.Models.AccountContext]  CheckUserExist:AccountContext.cs:24 | Start Account Context.
2020/09/22 09:28:06.236 [DEBUG] [UMS.Models.EditAccountContext]  CheckUserExist:EditAccountContext.cs:24 | Start Edit Account Context.
2020/09/22 09:28:06.312 [DEBUG] [UMS.Controllers.ManageUserController]  CheckUserExist:ManageUserController.cs:270 | Check user is exist.
2020/09/22 09:28:06.323 [DEBUG] [UMS.Controllers.ManageUserController]  CheckUserExist:ManageUserController.cs:277 | Save changes: Check user is exist.
2020/09/22 09:28:07.923 [DEBUG] [UMS.Models.AccountContext]  GetStatusUser:AccountContext.cs:24 | Start Account Context.
2020/09/22 09:28:07.923 [DEBUG] [UMS.Models.EditAccountContext]  GetStatusUser:EditAccountContext.cs:24 | Start Edit Account Context.
2020/09/22 09:28:08.005 [ERROR] [UMS.Controllers.ManageUserController]  GetStatusUser:ManageUserController.cs:327 | Calling a method on a null object reference.
2020/09/22 09:28:47.975 [DEBUG] [UMS.Models.AccountContext]  GetStatusUser:AccountContext.cs:24 | Start Account Context.
2020/09/22 09:28:47.999 [DEBUG] [UMS.Models.EditAccountContext]  GetStatusUser:EditAccountContext.cs:24 | Start Edit Account Context.
2020/09/22 09:28:48.139 [ERROR] [UMS.Controllers.ManageUserController]  GetStatusUser:ManageUserController.cs:327 | Calling a method on a null object reference.
2020/09/22 10:59:04.704 [DEBUG] [UMS.Models.AccountContext]  GetStatusUser:AccountContext.cs:24 | Start Account Context.
2020/09/22 10:59:04.717 [DEBUG] [UMS.Models.EditAccountContext]  GetStatusUser:EditAccountContext.cs:24 | Start Edit Account Context.
2020/09/22 10:59:04.813 [ERROR] [UMS.Controllers.ManageUserController]  GetStatusUser:ManageUserController.cs:327 | Calling a method on a null object reference.
2020/09/22 10:59:20.848 [DEBUG] [UMS.Models.AccountContext]  GetStatusUser:AccountContext.cs:24 | Start Account Context.
2020/09/22 10:59:20.848 [DEBUG] [UMS.Models.EditAccountContext]  GetStatusUser:EditAccountContext.cs:24 | Start Edit Account Context.
2020/09/22 10:59:20.914 [ERROR] [UMS.Controllers.ManageUserController]  GetStatusUser:ManageUserController.cs:327 | Calling a method on a null object reference.
2020/09/22 10:59:37.622 [DEBUG] [UMS.Models.AccountContext]  CheckUserExist:AccountContext.cs:24 | Start Account Context.
2020/09/22 10:59:37.636 [DEBUG] [UMS.Models.EditAccountContext]  CheckUserExist:EditAccountContext.cs:24 | Start Edit Account Context.
2020/09/22 10:59:37.675 [DEBUG] [UMS.Controllers.ManageUserController]  CheckUserExist:ManageUserController.cs:270 | Check user is exist.
2020/09/22 10:59:37.689 [DEBUG] [UMS.Controllers.ManageUserController]  CheckUserExist:ManageUserController.cs:277 | Save changes: Check user is exist.
2020/09/22 11:00:25.505 [INFO] [Microsoft.Hosting.Lifetime]   | Application started. Press Ctrl+C to shut down.
2020/09/22 11:00:26.907 [INFO] [Microsoft.Hosting.Lifetime]   | Hosting environment: Development
2020/09/22 11:00:26.935 [INFO] [Microsoft.Hosting.Lifetime]   | Content root path: C:\Users\Wannapa\source\repos\ums\UMS
2020/09/22 11:00:27.065 [DEBUG] [UMS.Models.EditAccountContext]  EditAccountContext.cs:24 | Start Edit Account Context.
2020/09/22 11:00:27.065 [DEBUG] [UMS.Models.AccountContext]  AccountContext.cs:24 | Start Account Context.
2020/09/22 11:00:27.081 [DEBUG] [UMS.Areas.Identity.Pages.Account.LoginModel]  Login.cshtml.cs:46 | Starting Login model.
2020/09/22 11:00:27.128 [DEBUG] [UMS.Areas.Identity.Pages.Account.LoginModel]  Login.cshtml.cs:111 | Getting external authentication scheme.
2020/09/22 11:00:30.142 [DEBUG] [UMS.Models.AccountContext]  AccountContext.cs:24 | Start Account Context.
2020/09/22 11:00:30.184 [DEBUG] [UMS.Areas.Identity.Pages.Account.RegisterModel]  Register.cshtml.cs:62 | Starting Register model.
2020/09/22 11:00:41.627 [DEBUG] [UMS.Models.AccountContext]  CheckUserExist:AccountContext.cs:24 | Start Account Context.
2020/09/22 11:00:41.627 [DEBUG] [UMS.Models.EditAccountContext]  CheckUserExist:EditAccountContext.cs:24 | Start Edit Account Context.
2020/09/22 11:00:42.831 [DEBUG] [UMS.Controllers.ManageUserController]  CheckUserExist:ManageUserController.cs:270 | Check user is exist.
2020/09/22 11:00:42.866 [DEBUG] [UMS.Controllers.ManageUserController]  CheckUserExist:ManageUserController.cs:277 | Save changes: Check user is exist.
2020/09/22 11:00:46.295 [DEBUG] [UMS.Models.AccountContext]  CheckUserExist:AccountContext.cs:24 | Start Account Context.
2020/09/22 11:00:46.311 [DEBUG] [UMS.Models.EditAccountContext]  CheckUserExist:EditAccountContext.cs:24 | Start Edit Account Context.
2020/09/22 11:00:46.365 [DEBUG] [UMS.Controllers.ManageUserController]  CheckUserExist:ManageUserController.cs:270 | Check user is exist.
2020/09/22 11:00:46.365 [DEBUG] [UMS.Controllers.ManageUserController]  CheckUserExist:ManageUserController.cs:277 | Save changes: Check user is exist.
2020/09/22 11:00:46.455 [DEBUG] [UMS.Models.AccountContext]  CheckUserExist:AccountContext.cs:24 | Start Account Context.
2020/09/22 11:00:46.473 [DEBUG] [UMS.Models.EditAccountContext]  CheckUserExist:EditAccountContext.cs:24 | Start Edit Account Context.
2020/09/22 11:00:46.561 [DEBUG] [UMS.Controllers.ManageUserController]  CheckUserExist:ManageUserController.cs:270 | Check user is exist.
2020/09/22 11:00:46.568 [DEBUG] [UMS.Controllers.ManageUserController]  CheckUserExist:ManageUserController.cs:277 | Save changes: Check user is exist.
2020/09/22 11:00:53.922 [DEBUG] [UMS.Models.AccountContext]  GetStatusUser:AccountContext.cs:24 | Start Account Context.
2020/09/22 11:00:53.930 [DEBUG] [UMS.Models.EditAccountContext]  GetStatusUser:EditAccountContext.cs:24 | Start Edit Account Context.
2020/09/22 11:00:54.059 [ERROR] [UMS.Controllers.ManageUserController]  GetStatusUser:ManageUserController.cs:327 | Calling a method on a null object reference.
2020/09/22 11:05:15.968 [INFO] [Microsoft.Hosting.Lifetime]   | Application started. Press Ctrl+C to shut down.
2020/09/22 11:05:17.071 [INFO] [Microsoft.Hosting.Lifetime]   | Hosting environment: Development
2020/09/22 11:05:17.101 [INFO] [Microsoft.Hosting.Lifetime]   | Content root path: C:\Users\Wannapa\source\repos\ums\UMS
2020/09/22 11:05:17.251 [DEBUG] [UMS.Models.EditAccountContext]  EditAccountContext.cs:24 | Start Edit Account Context.
2020/09/22 11:05:17.251 [DEBUG] [UMS.Models.AccountContext]  AccountContext.cs:24 | Start Account Context.
2020/09/22 11:05:17.267 [DEBUG] [UMS.Areas.Identity.Pages.Account.LoginModel]  Login.cshtml.cs:46 | Starting Login model.
2020/09/22 11:05:17.318 [DEBUG] [UMS.Areas.Identity.Pages.Account.LoginModel]  Login.cshtml.cs:111 | Getting external authentication scheme.
2020/09/22 11:05:19.880 [DEBUG] [UMS.Models.AccountContext]  AccountContext.cs:24 | Start Account Context.
2020/09/22 11:05:19.880 [DEBUG] [UMS.Areas.Identity.Pages.Account.RegisterModel]  Register.cshtml.cs:62 | Starting Register model.
2020/09/22 11:05:28.871 [DEBUG] [UMS.Models.AccountContext]  CheckUserExist:AccountContext.cs:24 | Start Account Context.
2020/09/22 11:05:28.883 [DEBUG] [UMS.Models.EditAccountContext]  CheckUserExist:EditAccountContext.cs:24 | Start Edit Account Context.
2020/09/22 11:05:29.878 [DEBUG] [UMS.Controllers.ManageUserController]  CheckUserExist:ManageUserController.cs:270 | Check user is exist.
2020/09/22 11:05:29.901 [DEBUG] [UMS.Controllers.ManageUserController]  CheckUserExist:ManageUserController.cs:277 | Save changes: Check user is exist.
2020/09/22 11:05:37.018 [DEBUG] [UMS.Models.AccountContext]  CheckUserExist:AccountContext.cs:24 | Start Account Context.
2020/09/22 11:05:37.018 [DEBUG] [UMS.Models.EditAccountContext]  CheckUserExist:EditAccountContext.cs:24 | Start Edit Account Context.
2020/09/22 11:05:37.074 [DEBUG] [UMS.Controllers.ManageUserController]  CheckUserExist:ManageUserController.cs:270 | Check user is exist.
2020/09/22 11:05:37.074 [DEBUG] [UMS.Controllers.ManageUserController]  CheckUserExist:ManageUserController.cs:277 | Save changes: Check user is exist.
2020/09/22 11:05:37.617 [DEBUG] [UMS.Models.AccountContext]  GetStatusUser:AccountContext.cs:24 | Start Account Context.
2020/09/22 11:05:37.627 [DEBUG] [UMS.Models.EditAccountContext]  GetStatusUser:EditAccountContext.cs:24 | Start Edit Account Context.
2020/09/22 11:05:37.823 [DEBUG] [UMS.Models.AccountContext]  AccountContext.cs:24 | Start Account Context.
2020/09/22 11:05:37.842 [DEBUG] [UMS.Areas.Identity.Pages.Account.RegisterModel]  Register.cshtml.cs:62 | Starting Register model.
2020/09/22 11:05:45.802 [INFO] [UMS.Areas.Identity.Pages.Account.RegisterModel]  Register.cshtml.cs:156 | User created a new account with password.
2020/09/22 11:05:45.849 [DEBUG] [UMS.Areas.Identity.Pages.Account.RegisterModel]  Register.cshtml.cs:157 | Generating provider key.
2020/09/22 11:05:46.039 [DEBUG] [UMS.Areas.Identity.Pages.Account.RegisterModel]  Register.cshtml.cs:164 | Add default role to user.
2020/09/22 11:05:46.132 [INFO] [UMS.Areas.Identity.Pages.Account.RegisterModel]  Register.cshtml.cs:166 | User created a new login.
2020/09/22 11:05:46.132 [DEBUG] [UMS.Areas.Identity.Pages.Account.RegisterModel]  Register.cshtml.cs:167 | Signing in.
2020/09/22 11:05:46.392 [INFO] [UMS.Controllers.HomeController] [h@hotmail.com] Index:HomeController.cs:60 | Welcome h@hotmail.com to UMS.
2020/09/22 11:05:49.378 [DEBUG] [UMS.Areas.Identity.Pages.Account.LogoutModel] [h@hotmail.com] Logout.cshtml.cs:30 | Starting Log out model.
2020/09/22 11:05:49.397 [INFO] [UMS.Areas.Identity.Pages.Account.LogoutModel] [h@hotmail.com] Logout.cshtml.cs:50 | User logged out.
2020/09/22 11:05:49.430 [DEBUG] [UMS.Models.EditAccountContext]  EditAccountContext.cs:24 | Start Edit Account Context.
2020/09/22 11:05:49.451 [DEBUG] [UMS.Models.AccountContext]  AccountContext.cs:24 | Start Account Context.
2020/09/22 11:05:49.473 [DEBUG] [UMS.Areas.Identity.Pages.Account.LoginModel]  Login.cshtml.cs:46 | Starting Login model.
2020/09/22 11:05:49.473 [DEBUG] [UMS.Areas.Identity.Pages.Account.LoginModel]  Login.cshtml.cs:111 | Getting external authentication scheme.
