############################################## User Management System log ##############################################
2020/09/20 00:02:04.143 [INFO] [Microsoft.Hosting.Lifetime]   | Now listening on: https://localhost:44346
2020/09/20 00:02:04.378 [INFO] [Microsoft.Hosting.Lifetime]   | Application started. Press Ctrl+C to shut down.
2020/09/20 00:02:04.378 [INFO] [Microsoft.Hosting.Lifetime]   | Hosting environment: Development
2020/09/20 00:02:04.378 [INFO] [Microsoft.Hosting.Lifetime]   | Content root path: C:\Users\Namchok\Desktop\สหกิจ\ums\UMS
2020/09/20 00:02:05.412 [DEBUG] [UMS.Models.EditAccountContext]  EditAccountContext.cs:24 | Start Edit Account Context.
2020/09/20 00:02:05.412 [DEBUG] [UMS.Models.AccountContext]  AccountContext.cs:24 | Start Account Context.
2020/09/20 00:02:05.423 [DEBUG] [UMS.Areas.Identity.Pages.Account.LoginModel]  Login.cshtml.cs:46 | Starting Login model.
2020/09/20 00:02:05.457 [DEBUG] [UMS.Areas.Identity.Pages.Account.LoginModel]  Login.cshtml.cs:111 | Getting external authentication scheme.
2020/09/20 00:04:31.441 [DEBUG] [UMS.Models.AccountContext]  AccountContext.cs:24 | Start Account Context.
2020/09/20 00:04:31.441 [DEBUG] [UMS.Areas.Identity.Pages.Account.RegisterModel]  Register.cshtml.cs:62 | Starting Register model.
2020/09/20 00:04:31.679 [DEBUG] [UMS.Models.AccountContext]  CheckUserExist:AccountContext.cs:24 | Start Account Context.
2020/09/20 00:04:31.679 [DEBUG] [UMS.Models.EditAccountContext]  CheckUserExist:EditAccountContext.cs:24 | Start Edit Account Context.
2020/09/20 00:04:32.094 [DEBUG] [UMS.Models.AccountContext]  CheckUserExist:AccountContext.cs:24 | Start Account Context.
2020/09/20 00:04:32.097 [DEBUG] [UMS.Models.EditAccountContext]  CheckUserExist:EditAccountContext.cs:24 | Start Edit Account Context.
2020/09/20 00:04:32.312 [DEBUG] [UMS.Controllers.ManageUserController]  CheckUserExist:ManageUserController.cs:270 | Check user is exist.
2020/09/20 00:04:32.312 [DEBUG] [UMS.Controllers.ManageUserController]  CheckUserExist:ManageUserController.cs:270 | Check user is exist.
2020/09/20 00:04:32.326 [DEBUG] [UMS.Controllers.ManageUserController]  CheckUserExist:ManageUserController.cs:277 | Save changes: Check user is exist.
2020/09/20 00:04:32.326 [DEBUG] [UMS.Controllers.ManageUserController]  CheckUserExist:ManageUserController.cs:277 | Save changes: Check user is exist.
2020/09/20 00:04:48.100 [DEBUG] [UMS.Models.EditAccountContext]  EditAccountContext.cs:24 | Start Edit Account Context.
2020/09/20 00:04:48.100 [DEBUG] [UMS.Models.AccountContext]  AccountContext.cs:24 | Start Account Context.
2020/09/20 00:04:48.135 [DEBUG] [UMS.Areas.Identity.Pages.Account.LoginModel]  Login.cshtml.cs:46 | Starting Login model.
2020/09/20 00:04:48.143 [DEBUG] [UMS.Areas.Identity.Pages.Account.LoginModel]  Login.cshtml.cs:111 | Getting external authentication scheme.
2020/09/20 00:28:40.370 [INFO] [Microsoft.Hosting.Lifetime]   | Now listening on: https://localhost:44346
2020/09/20 00:28:40.576 [INFO] [Microsoft.Hosting.Lifetime]   | Application started. Press Ctrl+C to shut down.
2020/09/20 00:28:40.586 [INFO] [Microsoft.Hosting.Lifetime]   | Hosting environment: Development
2020/09/20 00:28:40.586 [INFO] [Microsoft.Hosting.Lifetime]   | Content root path: C:\Users\Namchok\Desktop\สหกิจ\ums\UMS
2020/09/20 00:28:41.175 [DEBUG] [UMS.Models.EditAccountContext]  EditAccountContext.cs:24 | Start Edit Account Context.
2020/09/20 00:28:41.175 [DEBUG] [UMS.Models.AccountContext]  AccountContext.cs:24 | Start Account Context.
2020/09/20 00:28:41.175 [DEBUG] [UMS.Areas.Identity.Pages.Account.LoginModel]  Login.cshtml.cs:46 | Starting Login model.
2020/09/20 00:28:41.206 [DEBUG] [UMS.Areas.Identity.Pages.Account.LoginModel]  Login.cshtml.cs:111 | Getting external authentication scheme.
2020/09/20 00:29:39.674 [DEBUG] [UMS.Models.AccountContext]  AccountContext.cs:24 | Start Account Context.
2020/09/20 00:29:39.674 [DEBUG] [UMS.Areas.Identity.Pages.Account.RegisterModel]  Register.cshtml.cs:62 | Starting Register model.
2020/09/20 00:29:39.941 [DEBUG] [UMS.Models.AccountContext]  CheckUserExist:AccountContext.cs:24 | Start Account Context.
2020/09/20 00:29:39.941 [DEBUG] [UMS.Models.EditAccountContext]  CheckUserExist:EditAccountContext.cs:24 | Start Edit Account Context.
2020/09/20 00:29:40.550 [DEBUG] [UMS.Controllers.ManageUserController]  CheckUserExist:ManageUserController.cs:270 | Check user is exist.
2020/09/20 00:29:40.550 [DEBUG] [UMS.Controllers.ManageUserController]  CheckUserExist:ManageUserController.cs:277 | Save changes: Check user is exist.
2020/09/20 00:29:40.581 [DEBUG] [UMS.Models.AccountContext]  CheckUserExist:AccountContext.cs:24 | Start Account Context.
2020/09/20 00:29:40.581 [DEBUG] [UMS.Models.EditAccountContext]  CheckUserExist:EditAccountContext.cs:24 | Start Edit Account Context.
2020/09/20 00:29:40.596 [DEBUG] [UMS.Controllers.ManageUserController]  CheckUserExist:ManageUserController.cs:270 | Check user is exist.
2020/09/20 00:29:40.596 [DEBUG] [UMS.Controllers.ManageUserController]  CheckUserExist:ManageUserController.cs:277 | Save changes: Check user is exist.
2020/09/20 00:31:14.360 [INFO] [Microsoft.Hosting.Lifetime]   | Now listening on: https://localhost:44346
2020/09/20 00:31:14.569 [INFO] [Microsoft.Hosting.Lifetime]   | Application started. Press Ctrl+C to shut down.
2020/09/20 00:31:14.569 [INFO] [Microsoft.Hosting.Lifetime]   | Hosting environment: Development
2020/09/20 00:31:14.569 [INFO] [Microsoft.Hosting.Lifetime]   | Content root path: C:\Users\Namchok\Desktop\สหกิจ\ums\UMS
2020/09/20 00:31:15.231 [DEBUG] [UMS.Models.EditAccountContext]  EditAccountContext.cs:24 | Start Edit Account Context.
2020/09/20 00:31:15.236 [DEBUG] [UMS.Models.AccountContext]  AccountContext.cs:24 | Start Account Context.
2020/09/20 00:31:15.236 [DEBUG] [UMS.Areas.Identity.Pages.Account.LoginModel]  Login.cshtml.cs:46 | Starting Login model.
2020/09/20 00:31:15.270 [DEBUG] [UMS.Areas.Identity.Pages.Account.LoginModel]  Login.cshtml.cs:111 | Getting external authentication scheme.
2020/09/20 00:34:01.614 [INFO] [Microsoft.Hosting.Lifetime]   | Now listening on: https://localhost:44346
2020/09/20 00:34:01.850 [INFO] [Microsoft.Hosting.Lifetime]   | Application started. Press Ctrl+C to shut down.
2020/09/20 00:34:01.850 [INFO] [Microsoft.Hosting.Lifetime]   | Hosting environment: Development
2020/09/20 00:34:01.850 [INFO] [Microsoft.Hosting.Lifetime]   | Content root path: C:\Users\Namchok\Desktop\สหกิจ\ums\UMS
2020/09/20 00:34:02.364 [DEBUG] [UMS.Models.EditAccountContext]  EditAccountContext.cs:24 | Start Edit Account Context.
2020/09/20 00:34:02.364 [DEBUG] [UMS.Models.AccountContext]  AccountContext.cs:24 | Start Account Context.
2020/09/20 00:34:02.376 [DEBUG] [UMS.Areas.Identity.Pages.Account.LoginModel]  Login.cshtml.cs:46 | Starting Login model.
2020/09/20 00:34:02.396 [DEBUG] [UMS.Areas.Identity.Pages.Account.LoginModel]  Login.cshtml.cs:111 | Getting external authentication scheme.
2020/09/20 00:34:49.833 [INFO] [Microsoft.Hosting.Lifetime]   | Application is shutting down...
2020/09/20 00:35:32.725 [INFO] [Microsoft.Hosting.Lifetime]   | Now listening on: https://localhost:44346
2020/09/20 00:35:32.968 [INFO] [Microsoft.Hosting.Lifetime]   | Application started. Press Ctrl+C to shut down.
2020/09/20 00:35:32.975 [INFO] [Microsoft.Hosting.Lifetime]   | Hosting environment: Development
2020/09/20 00:35:32.975 [INFO] [Microsoft.Hosting.Lifetime]   | Content root path: C:\Users\Namchok\Desktop\สหกิจ\ums\UMS
2020/09/20 00:35:33.552 [DEBUG] [UMS.Models.EditAccountContext]  EditAccountContext.cs:24 | Start Edit Account Context.
2020/09/20 00:35:33.552 [DEBUG] [UMS.Models.AccountContext]  AccountContext.cs:24 | Start Account Context.
2020/09/20 00:35:33.564 [DEBUG] [UMS.Areas.Identity.Pages.Account.LoginModel]  Login.cshtml.cs:46 | Starting Login model.
2020/09/20 00:35:33.600 [DEBUG] [UMS.Areas.Identity.Pages.Account.LoginModel]  Login.cshtml.cs:111 | Getting external authentication scheme.
2020/09/20 00:38:27.375 [INFO] [Microsoft.Hosting.Lifetime]   | Application is shutting down...
2020/09/20 00:39:04.336 [INFO] [Microsoft.Hosting.Lifetime]   | Now listening on: https://localhost:44346
2020/09/20 00:39:04.544 [INFO] [Microsoft.Hosting.Lifetime]   | Application started. Press Ctrl+C to shut down.
2020/09/20 00:39:04.544 [INFO] [Microsoft.Hosting.Lifetime]   | Hosting environment: Development
2020/09/20 00:39:04.550 [INFO] [Microsoft.Hosting.Lifetime]   | Content root path: C:\Users\Namchok\Desktop\สหกิจ\ums\UMS
2020/09/20 00:39:05.145 [DEBUG] [UMS.Models.EditAccountContext]  EditAccountContext.cs:24 | Start Edit Account Context.
2020/09/20 00:39:05.161 [DEBUG] [UMS.Models.AccountContext]  AccountContext.cs:24 | Start Account Context.
2020/09/20 00:39:05.161 [DEBUG] [UMS.Areas.Identity.Pages.Account.LoginModel]  Login.cshtml.cs:46 | Starting Login model.
2020/09/20 00:39:05.190 [DEBUG] [UMS.Areas.Identity.Pages.Account.LoginModel]  Login.cshtml.cs:111 | Getting external authentication scheme.
2020/09/20 00:41:06.762 [INFO] [Microsoft.Hosting.Lifetime]   | Now listening on: https://localhost:44346
2020/09/20 00:41:06.967 [INFO] [Microsoft.Hosting.Lifetime]   | Application started. Press Ctrl+C to shut down.
2020/09/20 00:41:06.975 [INFO] [Microsoft.Hosting.Lifetime]   | Hosting environment: Development
2020/09/20 00:41:06.975 [INFO] [Microsoft.Hosting.Lifetime]   | Content root path: C:\Users\Namchok\Desktop\สหกิจ\ums\UMS
2020/09/20 00:41:07.535 [DEBUG] [UMS.Models.EditAccountContext]  EditAccountContext.cs:24 | Start Edit Account Context.
2020/09/20 00:41:07.551 [DEBUG] [UMS.Models.AccountContext]  AccountContext.cs:24 | Start Account Context.
2020/09/20 00:41:07.551 [DEBUG] [UMS.Areas.Identity.Pages.Account.LoginModel]  Login.cshtml.cs:46 | Starting Login model.
2020/09/20 00:41:07.579 [DEBUG] [UMS.Areas.Identity.Pages.Account.LoginModel]  Login.cshtml.cs:111 | Getting external authentication scheme.
2020/09/20 15:49:38.547 [INFO] [Microsoft.Hosting.Lifetime]   | Now listening on: https://localhost:44346
2020/09/20 15:49:38.849 [INFO] [Microsoft.Hosting.Lifetime]   | Application started. Press Ctrl+C to shut down.
2020/09/20 15:49:38.849 [INFO] [Microsoft.Hosting.Lifetime]   | Hosting environment: Development
2020/09/20 15:49:38.849 [INFO] [Microsoft.Hosting.Lifetime]   | Content root path: C:\Users\Namchok\Desktop\สหกิจ\ums\UMS
2020/09/20 15:49:39.519 [DEBUG] [UMS.Models.EditAccountContext]  EditAccountContext.cs:24 | Start Edit Account Context.
2020/09/20 15:49:39.519 [DEBUG] [UMS.Models.AccountContext]  AccountContext.cs:24 | Start Account Context.
2020/09/20 15:49:39.533 [DEBUG] [UMS.Areas.Identity.Pages.Account.LoginModel]  Login.cshtml.cs:46 | Starting Login model.
2020/09/20 15:49:39.553 [DEBUG] [UMS.Areas.Identity.Pages.Account.LoginModel]  Login.cshtml.cs:111 | Getting external authentication scheme.
2020/09/20 15:49:58.112 [DEBUG] [UMS.Areas.Identity.Pages.Account.ForgotPasswordModel]  ForgotPassword.cshtml.cs:37 | Start Forgot Password model.
2020/09/20 15:50:02.428 [DEBUG] [UMS.Areas.Identity.Pages.Account.ForgotPasswordModel]  ForgotPassword.cshtml.cs:37 | Start Forgot Password model.
2020/09/20 15:50:10.447 [DEBUG] [UMS.Areas.Identity.Pages.Account.ForgotPasswordModel]  ForgotPassword.cshtml.cs:68 | Finding user.
2020/09/20 15:50:12.342 [WARN] [UMS.Areas.Identity.Pages.Account.ForgotPasswordModel]  ForgotPassword.cshtml.cs:72 | User Not found.
2020/09/20 15:50:13.654 [DEBUG] [UMS.Models.EditAccountContext]  EditAccountContext.cs:24 | Start Edit Account Context.
2020/09/20 15:50:13.659 [DEBUG] [UMS.Models.AccountContext]  AccountContext.cs:24 | Start Account Context.
2020/09/20 15:50:13.659 [DEBUG] [UMS.Areas.Identity.Pages.Account.LoginModel]  Login.cshtml.cs:46 | Starting Login model.
2020/09/20 15:50:13.673 [DEBUG] [UMS.Areas.Identity.Pages.Account.LoginModel]  Login.cshtml.cs:111 | Getting external authentication scheme.
2020/09/20 15:50:19.443 [DEBUG] [UMS.Areas.Identity.Pages.Account.ForgotPasswordModel]  ForgotPassword.cshtml.cs:37 | Start Forgot Password model.
2020/09/20 15:50:27.382 [DEBUG] [UMS.Models.EditAccountContext]  EditAccountContext.cs:24 | Start Edit Account Context.
2020/09/20 15:50:27.382 [DEBUG] [UMS.Models.AccountContext]  AccountContext.cs:24 | Start Account Context.
2020/09/20 15:50:27.393 [DEBUG] [UMS.Areas.Identity.Pages.Account.LoginModel]  Login.cshtml.cs:46 | Starting Login model.
2020/09/20 15:50:27.409 [DEBUG] [UMS.Areas.Identity.Pages.Account.LoginModel]  Login.cshtml.cs:111 | Getting external authentication scheme.
2020/09/20 15:50:30.601 [DEBUG] [UMS.Models.EditAccountContext]  EditAccountContext.cs:24 | Start Edit Account Context.
2020/09/20 15:50:30.601 [DEBUG] [UMS.Models.AccountContext]  AccountContext.cs:24 | Start Account Context.
2020/09/20 15:50:30.611 [DEBUG] [UMS.Areas.Identity.Pages.Account.LoginModel]  Login.cshtml.cs:46 | Starting Login model.
2020/09/20 15:50:30.632 [DEBUG] [UMS.Areas.Identity.Pages.Account.LoginModel]  Login.cshtml.cs:111 | Getting external authentication scheme.
2020/09/20 15:50:32.579 [DEBUG] [UMS.Models.EditAccountContext]  EditAccountContext.cs:24 | Start Edit Account Context.
2020/09/20 15:50:32.579 [DEBUG] [UMS.Models.AccountContext]  AccountContext.cs:24 | Start Account Context.
2020/09/20 15:50:32.579 [DEBUG] [UMS.Areas.Identity.Pages.Account.LoginModel]  Login.cshtml.cs:46 | Starting Login model.
2020/09/20 15:50:32.596 [DEBUG] [UMS.Areas.Identity.Pages.Account.LoginModel]  Login.cshtml.cs:111 | Getting external authentication scheme.
2020/09/20 15:50:33.254 [DEBUG] [UMS.Models.EditAccountContext]  EditAccountContext.cs:24 | Start Edit Account Context.
2020/09/20 15:50:33.254 [DEBUG] [UMS.Models.AccountContext]  AccountContext.cs:24 | Start Account Context.
2020/09/20 15:50:33.282 [DEBUG] [UMS.Areas.Identity.Pages.Account.LoginModel]  Login.cshtml.cs:46 | Starting Login model.
2020/09/20 15:50:33.282 [DEBUG] [UMS.Areas.Identity.Pages.Account.LoginModel]  Login.cshtml.cs:111 | Getting external authentication scheme.
2020/09/20 15:51:14.786 [INFO] [Microsoft.Hosting.Lifetime]   | Now listening on: https://localhost:44346
2020/09/20 15:51:14.955 [INFO] [Microsoft.Hosting.Lifetime]   | Application started. Press Ctrl+C to shut down.
2020/09/20 15:51:14.955 [INFO] [Microsoft.Hosting.Lifetime]   | Hosting environment: Development
2020/09/20 15:51:14.955 [INFO] [Microsoft.Hosting.Lifetime]   | Content root path: C:\Users\Namchok\Desktop\สหกิจ\ums\UMS
2020/09/20 15:51:15.611 [DEBUG] [UMS.Models.EditAccountContext]  EditAccountContext.cs:24 | Start Edit Account Context.
2020/09/20 15:51:15.628 [DEBUG] [UMS.Models.AccountContext]  AccountContext.cs:24 | Start Account Context.
2020/09/20 15:51:15.628 [DEBUG] [UMS.Areas.Identity.Pages.Account.LoginModel]  Login.cshtml.cs:46 | Starting Login model.
2020/09/20 15:51:15.659 [DEBUG] [UMS.Areas.Identity.Pages.Account.LoginModel]  Login.cshtml.cs:111 | Getting external authentication scheme.
2020/09/20 15:51:17.598 [DEBUG] [UMS.Areas.Identity.Pages.Account.ForgotPasswordModel]  ForgotPassword.cshtml.cs:37 | Start Forgot Password model.
2020/09/20 15:51:19.642 [DEBUG] [UMS.Areas.Identity.Pages.Account.ForgotPasswordModel]  ForgotPassword.cshtml.cs:37 | Start Forgot Password model.
2020/09/20 15:51:21.903 [DEBUG] [UMS.Areas.Identity.Pages.Account.ForgotPasswordModel]  ForgotPassword.cshtml.cs:68 | Finding user.
2020/09/20 15:51:21.903 [WARN] [UMS.Areas.Identity.Pages.Account.ForgotPasswordModel]  ForgotPassword.cshtml.cs:71 | User Not found.
2020/09/20 15:53:51.577 [INFO] [Microsoft.Hosting.Lifetime]   | Now listening on: https://localhost:44346
2020/09/20 15:53:51.747 [INFO] [Microsoft.Hosting.Lifetime]   | Application started. Press Ctrl+C to shut down.
2020/09/20 15:53:51.747 [INFO] [Microsoft.Hosting.Lifetime]   | Hosting environment: Development
2020/09/20 15:53:51.753 [INFO] [Microsoft.Hosting.Lifetime]   | Content root path: C:\Users\Namchok\Desktop\สหกิจ\ums\UMS
2020/09/20 15:53:52.353 [DEBUG] [UMS.Models.EditAccountContext]  EditAccountContext.cs:24 | Start Edit Account Context.
2020/09/20 15:53:52.353 [DEBUG] [UMS.Models.AccountContext]  AccountContext.cs:24 | Start Account Context.
2020/09/20 15:53:52.362 [DEBUG] [UMS.Areas.Identity.Pages.Account.LoginModel]  Login.cshtml.cs:46 | Starting Login model.
2020/09/20 15:53:52.393 [DEBUG] [UMS.Areas.Identity.Pages.Account.LoginModel]  Login.cshtml.cs:111 | Getting external authentication scheme.
2020/09/20 15:54:00.692 [DEBUG] [UMS.Areas.Identity.Pages.Account.ForgotPasswordModel]  ForgotPassword.cshtml.cs:37 | Start Forgot Password model.
2020/09/20 15:54:03.086 [DEBUG] [UMS.Areas.Identity.Pages.Account.ForgotPasswordModel]  ForgotPassword.cshtml.cs:37 | Start Forgot Password model.
2020/09/20 15:54:04.002 [DEBUG] [UMS.Areas.Identity.Pages.Account.ForgotPasswordModel]  ForgotPassword.cshtml.cs:68 | Finding user.
2020/09/20 15:54:04.002 [WARN] [UMS.Areas.Identity.Pages.Account.ForgotPasswordModel]  ForgotPassword.cshtml.cs:71 | The user was not found.
2020/09/20 15:54:11.239 [INFO] [Microsoft.Hosting.Lifetime]   | Application is shutting down...
2020/09/20 15:56:26.309 [INFO] [Microsoft.Hosting.Lifetime]   | Now listening on: https://localhost:44346
2020/09/20 15:56:26.478 [INFO] [Microsoft.Hosting.Lifetime]   | Application started. Press Ctrl+C to shut down.
2020/09/20 15:56:26.478 [INFO] [Microsoft.Hosting.Lifetime]   | Hosting environment: Development
2020/09/20 15:56:26.478 [INFO] [Microsoft.Hosting.Lifetime]   | Content root path: C:\Users\Namchok\Desktop\สหกิจ\ums\UMS
2020/09/20 15:56:27.146 [DEBUG] [UMS.Models.EditAccountContext]  EditAccountContext.cs:24 | Start Edit Account Context.
2020/09/20 15:56:27.146 [DEBUG] [UMS.Models.AccountContext]  AccountContext.cs:24 | Start Account Context.
2020/09/20 15:56:27.157 [DEBUG] [UMS.Areas.Identity.Pages.Account.LoginModel]  Login.cshtml.cs:46 | Starting Login model.
2020/09/20 15:56:27.180 [DEBUG] [UMS.Areas.Identity.Pages.Account.LoginModel]  Login.cshtml.cs:111 | Getting external authentication scheme.
2020/09/20 15:56:33.256 [DEBUG] [UMS.Areas.Identity.Pages.Account.ForgotPasswordModel]  ForgotPassword.cshtml.cs:37 | Start Forgot Password model.
2020/09/20 15:57:27.007 [INFO] [Microsoft.Hosting.Lifetime]   | Now listening on: https://localhost:44346
2020/09/20 15:57:27.207 [INFO] [Microsoft.Hosting.Lifetime]   | Application started. Press Ctrl+C to shut down.
2020/09/20 15:57:27.207 [INFO] [Microsoft.Hosting.Lifetime]   | Hosting environment: Development
2020/09/20 15:57:27.207 [INFO] [Microsoft.Hosting.Lifetime]   | Content root path: C:\Users\Namchok\Desktop\สหกิจ\ums\UMS
2020/09/20 15:57:27.643 [DEBUG] [UMS.Models.EditAccountContext]  EditAccountContext.cs:24 | Start Edit Account Context.
2020/09/20 15:57:27.659 [DEBUG] [UMS.Models.AccountContext]  AccountContext.cs:24 | Start Account Context.
2020/09/20 15:57:27.659 [DEBUG] [UMS.Areas.Identity.Pages.Account.LoginModel]  Login.cshtml.cs:46 | Starting Login model.
2020/09/20 15:57:27.692 [DEBUG] [UMS.Areas.Identity.Pages.Account.LoginModel]  Login.cshtml.cs:111 | Getting external authentication scheme.
2020/09/20 15:57:29.434 [DEBUG] [UMS.Models.AccountContext]  AccountContext.cs:24 | Start Account Context.
2020/09/20 15:57:29.443 [DEBUG] [UMS.Areas.Identity.Pages.Account.RegisterModel]  Register.cshtml.cs:62 | Starting Register model.
2020/09/20 15:57:29.607 [DEBUG] [UMS.Models.AccountContext]  CheckUserExist:AccountContext.cs:24 | Start Account Context.
2020/09/20 15:57:29.611 [DEBUG] [UMS.Models.EditAccountContext]  CheckUserExist:EditAccountContext.cs:24 | Start Edit Account Context.
2020/09/20 15:57:30.196 [DEBUG] [UMS.Controllers.ManageUserController]  CheckUserExist:ManageUserController.cs:270 | Check user is exist.
2020/09/20 15:57:30.207 [DEBUG] [UMS.Controllers.ManageUserController]  CheckUserExist:ManageUserController.cs:277 | Save changes: Check user is exist.
2020/09/20 15:57:30.819 [DEBUG] [UMS.Models.AccountContext]  CheckUserExist:AccountContext.cs:24 | Start Account Context.
2020/09/20 15:57:30.819 [DEBUG] [UMS.Models.EditAccountContext]  CheckUserExist:EditAccountContext.cs:24 | Start Edit Account Context.
2020/09/20 15:57:30.829 [DEBUG] [UMS.Controllers.ManageUserController]  CheckUserExist:ManageUserController.cs:270 | Check user is exist.
2020/09/20 15:57:30.847 [DEBUG] [UMS.Controllers.ManageUserController]  CheckUserExist:ManageUserController.cs:277 | Save changes: Check user is exist.
2020/09/20 15:57:31.799 [DEBUG] [UMS.Models.EditAccountContext]  EditAccountContext.cs:24 | Start Edit Account Context.
2020/09/20 15:57:31.799 [DEBUG] [UMS.Models.AccountContext]  AccountContext.cs:24 | Start Account Context.
2020/09/20 15:57:31.814 [DEBUG] [UMS.Areas.Identity.Pages.Account.LoginModel]  Login.cshtml.cs:46 | Starting Login model.
2020/09/20 15:57:31.831 [DEBUG] [UMS.Areas.Identity.Pages.Account.LoginModel]  Login.cshtml.cs:111 | Getting external authentication scheme.
2020/09/20 15:57:32.879 [DEBUG] [UMS.Areas.Identity.Pages.Account.ForgotPasswordModel]  ForgotPassword.cshtml.cs:37 | Start Forgot Password model.
2020/09/20 15:57:34.152 [DEBUG] [UMS.Models.AccountContext]  CheckUserExist:AccountContext.cs:24 | Start Account Context.
2020/09/20 15:57:34.152 [DEBUG] [UMS.Models.EditAccountContext]  CheckUserExist:EditAccountContext.cs:24 | Start Edit Account Context.
2020/09/20 15:57:34.219 [DEBUG] [UMS.Controllers.ManageUserController]  CheckUserExist:ManageUserController.cs:270 | Check user is exist.
2020/09/20 15:57:34.223 [DEBUG] [UMS.Controllers.ManageUserController]  CheckUserExist:ManageUserController.cs:277 | Save changes: Check user is exist.
2020/09/20 15:57:35.766 [DEBUG] [UMS.Models.AccountContext]  CheckUserExist:AccountContext.cs:24 | Start Account Context.
2020/09/20 15:57:35.766 [DEBUG] [UMS.Models.EditAccountContext]  CheckUserExist:EditAccountContext.cs:24 | Start Edit Account Context.
2020/09/20 15:57:35.784 [DEBUG] [UMS.Controllers.ManageUserController]  CheckUserExist:ManageUserController.cs:270 | Check user is exist.
2020/09/20 15:57:35.801 [DEBUG] [UMS.Controllers.ManageUserController]  CheckUserExist:ManageUserController.cs:277 | Save changes: Check user is exist.
2020/09/20 15:57:36.709 [DEBUG] [UMS.Models.AccountContext]  CheckUserExist:AccountContext.cs:24 | Start Account Context.
2020/09/20 15:57:36.709 [DEBUG] [UMS.Models.EditAccountContext]  CheckUserExist:EditAccountContext.cs:24 | Start Edit Account Context.
2020/09/20 15:57:36.735 [DEBUG] [UMS.Controllers.ManageUserController]  CheckUserExist:ManageUserController.cs:270 | Check user is exist.
2020/09/20 15:57:36.735 [DEBUG] [UMS.Controllers.ManageUserController]  CheckUserExist:ManageUserController.cs:277 | Save changes: Check user is exist.
2020/09/20 15:57:37.081 [DEBUG] [UMS.Models.AccountContext]  CheckUserExist:AccountContext.cs:24 | Start Account Context.
2020/09/20 15:57:37.081 [DEBUG] [UMS.Models.EditAccountContext]  CheckUserExist:EditAccountContext.cs:24 | Start Edit Account Context.
2020/09/20 15:57:37.111 [DEBUG] [UMS.Controllers.ManageUserController]  CheckUserExist:ManageUserController.cs:270 | Check user is exist.
2020/09/20 15:57:37.111 [DEBUG] [UMS.Controllers.ManageUserController]  CheckUserExist:ManageUserController.cs:277 | Save changes: Check user is exist.
2020/09/20 15:57:37.373 [DEBUG] [UMS.Models.AccountContext]  CheckUserExist:AccountContext.cs:24 | Start Account Context.
2020/09/20 15:57:37.376 [DEBUG] [UMS.Models.EditAccountContext]  CheckUserExist:EditAccountContext.cs:24 | Start Edit Account Context.
2020/09/20 15:57:37.395 [DEBUG] [UMS.Controllers.ManageUserController]  CheckUserExist:ManageUserController.cs:270 | Check user is exist.
2020/09/20 15:57:37.408 [DEBUG] [UMS.Controllers.ManageUserController]  CheckUserExist:ManageUserController.cs:277 | Save changes: Check user is exist.
2020/09/20 15:57:37.819 [DEBUG] [UMS.Models.AccountContext]  CheckUserExist:AccountContext.cs:24 | Start Account Context.
2020/09/20 15:57:37.819 [DEBUG] [UMS.Models.EditAccountContext]  CheckUserExist:EditAccountContext.cs:24 | Start Edit Account Context.
2020/09/20 15:57:37.847 [DEBUG] [UMS.Controllers.ManageUserController]  CheckUserExist:ManageUserController.cs:270 | Check user is exist.
2020/09/20 15:57:37.847 [DEBUG] [UMS.Controllers.ManageUserController]  CheckUserExist:ManageUserController.cs:277 | Save changes: Check user is exist.
2020/09/20 15:57:45.860 [DEBUG] [UMS.Models.AccountContext]  CheckUserExist:AccountContext.cs:24 | Start Account Context.
2020/09/20 15:57:45.863 [DEBUG] [UMS.Models.EditAccountContext]  CheckUserExist:EditAccountContext.cs:24 | Start Edit Account Context.
2020/09/20 15:57:45.894 [DEBUG] [UMS.Controllers.ManageUserController]  CheckUserExist:ManageUserController.cs:270 | Check user is exist.
2020/09/20 15:57:45.894 [DEBUG] [UMS.Controllers.ManageUserController]  CheckUserExist:ManageUserController.cs:277 | Save changes: Check user is exist.
2020/09/20 15:57:46.473 [DEBUG] [UMS.Models.AccountContext]  CheckUserExist:AccountContext.cs:24 | Start Account Context.
2020/09/20 15:57:46.473 [DEBUG] [UMS.Models.EditAccountContext]  CheckUserExist:EditAccountContext.cs:24 | Start Edit Account Context.
2020/09/20 15:57:46.487 [DEBUG] [UMS.Controllers.ManageUserController]  CheckUserExist:ManageUserController.cs:270 | Check user is exist.
2020/09/20 15:57:46.501 [DEBUG] [UMS.Controllers.ManageUserController]  CheckUserExist:ManageUserController.cs:277 | Save changes: Check user is exist.
2020/09/20 15:57:47.420 [DEBUG] [UMS.Models.AccountContext]  CheckUserExist:AccountContext.cs:24 | Start Account Context.
2020/09/20 15:57:47.423 [DEBUG] [UMS.Models.EditAccountContext]  CheckUserExist:EditAccountContext.cs:24 | Start Edit Account Context.
2020/09/20 15:57:47.438 [DEBUG] [UMS.Controllers.ManageUserController]  CheckUserExist:ManageUserController.cs:270 | Check user is exist.
2020/09/20 15:57:47.438 [DEBUG] [UMS.Controllers.ManageUserController]  CheckUserExist:ManageUserController.cs:277 | Save changes: Check user is exist.
2020/09/20 15:57:47.888 [DEBUG] [UMS.Models.AccountContext]  CheckUserExist:AccountContext.cs:24 | Start Account Context.
2020/09/20 15:57:47.888 [DEBUG] [UMS.Models.EditAccountContext]  CheckUserExist:EditAccountContext.cs:24 | Start Edit Account Context.
2020/09/20 15:57:47.907 [DEBUG] [UMS.Controllers.ManageUserController]  CheckUserExist:ManageUserController.cs:270 | Check user is exist.
2020/09/20 15:57:47.907 [DEBUG] [UMS.Controllers.ManageUserController]  CheckUserExist:ManageUserController.cs:277 | Save changes: Check user is exist.
2020/09/20 15:57:48.670 [DEBUG] [UMS.Models.AccountContext]  CheckUserExist:AccountContext.cs:24 | Start Account Context.
2020/09/20 15:57:48.670 [DEBUG] [UMS.Models.EditAccountContext]  CheckUserExist:EditAccountContext.cs:24 | Start Edit Account Context.
2020/09/20 15:57:48.690 [DEBUG] [UMS.Controllers.ManageUserController]  CheckUserExist:ManageUserController.cs:270 | Check user is exist.
2020/09/20 15:57:48.690 [DEBUG] [UMS.Controllers.ManageUserController]  CheckUserExist:ManageUserController.cs:277 | Save changes: Check user is exist.
2020/09/20 15:57:49.121 [DEBUG] [UMS.Models.AccountContext]  CheckUserExist:AccountContext.cs:24 | Start Account Context.
2020/09/20 15:57:49.121 [DEBUG] [UMS.Models.EditAccountContext]  CheckUserExist:EditAccountContext.cs:24 | Start Edit Account Context.
2020/09/20 15:57:49.141 [DEBUG] [UMS.Controllers.ManageUserController]  CheckUserExist:ManageUserController.cs:270 | Check user is exist.
2020/09/20 15:57:49.141 [DEBUG] [UMS.Controllers.ManageUserController]  CheckUserExist:ManageUserController.cs:277 | Save changes: Check user is exist.
2020/09/20 15:57:49.333 [DEBUG] [UMS.Models.AccountContext]  CheckUserExist:AccountContext.cs:24 | Start Account Context.
2020/09/20 15:57:49.333 [DEBUG] [UMS.Models.EditAccountContext]  CheckUserExist:EditAccountContext.cs:24 | Start Edit Account Context.
2020/09/20 15:57:49.346 [DEBUG] [UMS.Controllers.ManageUserController]  CheckUserExist:ManageUserController.cs:270 | Check user is exist.
2020/09/20 15:57:49.346 [DEBUG] [UMS.Controllers.ManageUserController]  CheckUserExist:ManageUserController.cs:277 | Save changes: Check user is exist.
2020/09/20 15:57:49.805 [DEBUG] [UMS.Models.AccountContext]  CheckUserExist:AccountContext.cs:24 | Start Account Context.
2020/09/20 15:57:49.805 [DEBUG] [UMS.Models.EditAccountContext]  CheckUserExist:EditAccountContext.cs:24 | Start Edit Account Context.
2020/09/20 15:57:49.831 [DEBUG] [UMS.Controllers.ManageUserController]  CheckUserExist:ManageUserController.cs:270 | Check user is exist.
2020/09/20 15:57:49.831 [DEBUG] [UMS.Controllers.ManageUserController]  CheckUserExist:ManageUserController.cs:277 | Save changes: Check user is exist.
2020/09/20 15:57:50.009 [DEBUG] [UMS.Models.AccountContext]  CheckUserExist:AccountContext.cs:24 | Start Account Context.
2020/09/20 15:57:50.009 [DEBUG] [UMS.Models.EditAccountContext]  CheckUserExist:EditAccountContext.cs:24 | Start Edit Account Context.
2020/09/20 15:57:50.036 [DEBUG] [UMS.Controllers.ManageUserController]  CheckUserExist:ManageUserController.cs:270 | Check user is exist.
2020/09/20 15:57:50.036 [DEBUG] [UMS.Controllers.ManageUserController]  CheckUserExist:ManageUserController.cs:277 | Save changes: Check user is exist.
2020/09/20 15:57:55.949 [DEBUG] [UMS.Models.AccountContext]  CheckUserExist:AccountContext.cs:24 | Start Account Context.
2020/09/20 15:57:55.949 [DEBUG] [UMS.Models.EditAccountContext]  CheckUserExist:EditAccountContext.cs:24 | Start Edit Account Context.
2020/09/20 15:57:56.003 [DEBUG] [UMS.Controllers.ManageUserController]  CheckUserExist:ManageUserController.cs:270 | Check user is exist.
2020/09/20 15:57:56.003 [DEBUG] [UMS.Controllers.ManageUserController]  CheckUserExist:ManageUserController.cs:277 | Save changes: Check user is exist.
2020/09/20 15:57:56.544 [INFO] [Microsoft.Hosting.Lifetime]   | Application is shutting down...
2020/09/20 15:58:26.762 [INFO] [Microsoft.Hosting.Lifetime]   | Now listening on: https://localhost:44346
2020/09/20 15:58:26.969 [INFO] [Microsoft.Hosting.Lifetime]   | Application started. Press Ctrl+C to shut down.
2020/09/20 15:58:26.977 [INFO] [Microsoft.Hosting.Lifetime]   | Hosting environment: Development
2020/09/20 15:58:26.977 [INFO] [Microsoft.Hosting.Lifetime]   | Content root path: C:\Users\Namchok\Desktop\สหกิจ\ums\UMS
2020/09/20 15:58:27.489 [DEBUG] [UMS.Models.EditAccountContext]  EditAccountContext.cs:24 | Start Edit Account Context.
2020/09/20 15:58:27.489 [DEBUG] [UMS.Models.AccountContext]  AccountContext.cs:24 | Start Account Context.
2020/09/20 15:58:27.501 [DEBUG] [UMS.Areas.Identity.Pages.Account.LoginModel]  Login.cshtml.cs:46 | Starting Login model.
2020/09/20 15:58:27.524 [DEBUG] [UMS.Areas.Identity.Pages.Account.LoginModel]  Login.cshtml.cs:111 | Getting external authentication scheme.
2020/09/20 15:59:23.660 [DEBUG] [UMS.Areas.Identity.Pages.Account.ForgotPasswordModel]  ForgotPassword.cshtml.cs:37 | Start Forgot Password model.
2020/09/20 15:59:32.232 [DEBUG] [UMS.Models.AccountContext]  CheckUserExist:AccountContext.cs:24 | Start Account Context.
2020/09/20 15:59:32.236 [DEBUG] [UMS.Models.EditAccountContext]  CheckUserExist:EditAccountContext.cs:24 | Start Edit Account Context.
2020/09/20 15:59:32.805 [DEBUG] [UMS.Controllers.ManageUserController]  CheckUserExist:ManageUserController.cs:270 | Check user is exist.
2020/09/20 15:59:32.817 [DEBUG] [UMS.Controllers.ManageUserController]  CheckUserExist:ManageUserController.cs:277 | Save changes: Check user is exist.
2020/09/20 15:59:51.343 [DEBUG] [UMS.Models.AccountContext]  CheckUserExist:AccountContext.cs:24 | Start Account Context.
2020/09/20 15:59:51.350 [DEBUG] [UMS.Models.EditAccountContext]  CheckUserExist:EditAccountContext.cs:24 | Start Edit Account Context.
2020/09/20 15:59:51.379 [DEBUG] [UMS.Controllers.ManageUserController]  CheckUserExist:ManageUserController.cs:270 | Check user is exist.
2020/09/20 15:59:51.379 [DEBUG] [UMS.Controllers.ManageUserController]  CheckUserExist:ManageUserController.cs:277 | Save changes: Check user is exist.
2020/09/20 15:59:51.455 [DEBUG] [UMS.Areas.Identity.Pages.Account.ForgotPasswordModel]  ForgotPassword.cshtml.cs:37 | Start Forgot Password model.
2020/09/20 15:59:51.887 [DEBUG] [UMS.Areas.Identity.Pages.Account.ForgotPasswordModel]  ForgotPassword.cshtml.cs:68 | Finding user.
2020/09/20 15:59:51.887 [WARN] [UMS.Areas.Identity.Pages.Account.ForgotPasswordModel]  ForgotPassword.cshtml.cs:71 | The user was not found.
2020/09/20 15:59:57.279 [INFO] [Microsoft.Hosting.Lifetime]   | Application is shutting down...
2020/09/20 16:01:35.767 [INFO] [Microsoft.Hosting.Lifetime]   | Now listening on: https://localhost:44346
2020/09/20 16:01:35.947 [INFO] [Microsoft.Hosting.Lifetime]   | Application started. Press Ctrl+C to shut down.
2020/09/20 16:01:35.959 [INFO] [Microsoft.Hosting.Lifetime]   | Hosting environment: Development
2020/09/20 16:01:35.959 [INFO] [Microsoft.Hosting.Lifetime]   | Content root path: C:\Users\Namchok\Desktop\สหกิจ\ums\UMS
2020/09/20 16:01:36.512 [DEBUG] [UMS.Models.EditAccountContext]  EditAccountContext.cs:24 | Start Edit Account Context.
2020/09/20 16:01:36.516 [DEBUG] [UMS.Models.AccountContext]  AccountContext.cs:24 | Start Account Context.
2020/09/20 16:01:36.516 [DEBUG] [UMS.Areas.Identity.Pages.Account.LoginModel]  Login.cshtml.cs:46 | Starting Login model.
2020/09/20 16:01:36.551 [DEBUG] [UMS.Areas.Identity.Pages.Account.LoginModel]  Login.cshtml.cs:111 | Getting external authentication scheme.
2020/09/20 16:01:40.408 [DEBUG] [UMS.Areas.Identity.Pages.Account.ForgotPasswordModel]  ForgotPassword.cshtml.cs:37 | Start Forgot Password model.
2020/09/20 16:01:45.180 [DEBUG] [UMS.Models.AccountContext]  CheckUserExist:AccountContext.cs:24 | Start Account Context.
2020/09/20 16:01:45.180 [DEBUG] [UMS.Models.EditAccountContext]  CheckUserExist:EditAccountContext.cs:24 | Start Edit Account Context.
2020/09/20 16:01:45.734 [DEBUG] [UMS.Controllers.ManageUserController]  CheckUserExist:ManageUserController.cs:270 | Check user is exist.
2020/09/20 16:01:45.745 [DEBUG] [UMS.Controllers.ManageUserController]  CheckUserExist:ManageUserController.cs:277 | Save changes: Check user is exist.
2020/09/20 16:01:48.955 [DEBUG] [UMS.Areas.Identity.Pages.Account.ForgotPasswordModel]  ForgotPassword.cshtml.cs:37 | Start Forgot Password model.
2020/09/20 16:01:49.358 [DEBUG] [UMS.Areas.Identity.Pages.Account.ForgotPasswordModel]  ForgotPassword.cshtml.cs:68 | Finding user.
2020/09/20 16:01:49.361 [WARN] [UMS.Areas.Identity.Pages.Account.ForgotPasswordModel]  ForgotPassword.cshtml.cs:71 | The user was not found.
2020/09/20 16:01:53.406 [DEBUG] [UMS.Models.AccountContext]  CheckUserExist:AccountContext.cs:24 | Start Account Context.
2020/09/20 16:01:53.415 [DEBUG] [UMS.Models.EditAccountContext]  CheckUserExist:EditAccountContext.cs:24 | Start Edit Account Context.
2020/09/20 16:01:53.467 [DEBUG] [UMS.Controllers.ManageUserController]  CheckUserExist:ManageUserController.cs:270 | Check user is exist.
2020/09/20 16:01:53.471 [DEBUG] [UMS.Controllers.ManageUserController]  CheckUserExist:ManageUserController.cs:277 | Save changes: Check user is exist.
2020/09/20 16:01:53.518 [DEBUG] [UMS.Areas.Identity.Pages.Account.ForgotPasswordModel]  ForgotPassword.cshtml.cs:37 | Start Forgot Password model.
2020/09/20 16:01:53.534 [DEBUG] [UMS.Areas.Identity.Pages.Account.ForgotPasswordModel]  ForgotPassword.cshtml.cs:68 | Finding user.
2020/09/20 16:01:53.534 [WARN] [UMS.Areas.Identity.Pages.Account.ForgotPasswordModel]  ForgotPassword.cshtml.cs:71 | The user was not found.
2020/09/20 16:01:58.290 [DEBUG] [UMS.Models.AccountContext]  CheckUserExist:AccountContext.cs:24 | Start Account Context.
2020/09/20 16:01:58.290 [DEBUG] [UMS.Models.EditAccountContext]  CheckUserExist:EditAccountContext.cs:24 | Start Edit Account Context.
2020/09/20 16:01:58.357 [DEBUG] [UMS.Controllers.ManageUserController]  CheckUserExist:ManageUserController.cs:270 | Check user is exist.
2020/09/20 16:01:58.361 [DEBUG] [UMS.Controllers.ManageUserController]  CheckUserExist:ManageUserController.cs:277 | Save changes: Check user is exist.
2020/09/20 16:02:00.658 [DEBUG] [UMS.Models.AccountContext]  CheckUserExist:AccountContext.cs:24 | Start Account Context.
2020/09/20 16:02:00.658 [DEBUG] [UMS.Models.EditAccountContext]  CheckUserExist:EditAccountContext.cs:24 | Start Edit Account Context.
2020/09/20 16:02:00.708 [DEBUG] [UMS.Controllers.ManageUserController]  CheckUserExist:ManageUserController.cs:270 | Check user is exist.
2020/09/20 16:02:00.708 [DEBUG] [UMS.Controllers.ManageUserController]  CheckUserExist:ManageUserController.cs:277 | Save changes: Check user is exist.
2020/09/20 16:02:01.902 [DEBUG] [UMS.Models.AccountContext]  CheckUserExist:AccountContext.cs:24 | Start Account Context.
2020/09/20 16:02:01.902 [DEBUG] [UMS.Models.EditAccountContext]  CheckUserExist:EditAccountContext.cs:24 | Start Edit Account Context.
2020/09/20 16:02:01.941 [DEBUG] [UMS.Controllers.ManageUserController]  CheckUserExist:ManageUserController.cs:270 | Check user is exist.
2020/09/20 16:02:01.941 [DEBUG] [UMS.Controllers.ManageUserController]  CheckUserExist:ManageUserController.cs:277 | Save changes: Check user is exist.
2020/09/20 16:02:04.013 [DEBUG] [UMS.Models.AccountContext]  CheckUserExist:AccountContext.cs:24 | Start Account Context.
2020/09/20 16:02:04.017 [DEBUG] [UMS.Models.EditAccountContext]  CheckUserExist:EditAccountContext.cs:24 | Start Edit Account Context.
2020/09/20 16:02:04.050 [DEBUG] [UMS.Controllers.ManageUserController]  CheckUserExist:ManageUserController.cs:270 | Check user is exist.
2020/09/20 16:02:04.050 [DEBUG] [UMS.Controllers.ManageUserController]  CheckUserExist:ManageUserController.cs:277 | Save changes: Check user is exist.
2020/09/20 16:02:05.168 [INFO] [Microsoft.Hosting.Lifetime]   | Application is shutting down...
2020/09/20 16:06:14.078 [INFO] [Microsoft.Hosting.Lifetime]   | Now listening on: https://localhost:44346
2020/09/20 16:06:14.287 [INFO] [Microsoft.Hosting.Lifetime]   | Application started. Press Ctrl+C to shut down.
2020/09/20 16:06:14.287 [INFO] [Microsoft.Hosting.Lifetime]   | Hosting environment: Development
2020/09/20 16:06:14.287 [INFO] [Microsoft.Hosting.Lifetime]   | Content root path: C:\Users\Namchok\Desktop\สหกิจ\ums\UMS
2020/09/20 16:06:14.804 [DEBUG] [UMS.Models.EditAccountContext]  EditAccountContext.cs:24 | Start Edit Account Context.
2020/09/20 16:06:14.804 [DEBUG] [UMS.Models.AccountContext]  AccountContext.cs:24 | Start Account Context.
2020/09/20 16:06:14.814 [DEBUG] [UMS.Areas.Identity.Pages.Account.LoginModel]  Login.cshtml.cs:46 | Starting Login model.
2020/09/20 16:06:14.837 [DEBUG] [UMS.Areas.Identity.Pages.Account.LoginModel]  Login.cshtml.cs:111 | Getting external authentication scheme.
2020/09/20 16:06:29.300 [DEBUG] [UMS.Areas.Identity.Pages.Account.ForgotPasswordModel]  ForgotPassword.cshtml.cs:37 | Start Forgot Password model.
2020/09/20 16:06:30.765 [DEBUG] [UMS.Models.AccountContext]  CheckUserExist:AccountContext.cs:24 | Start Account Context.
2020/09/20 16:06:30.771 [DEBUG] [UMS.Models.EditAccountContext]  CheckUserExist:EditAccountContext.cs:24 | Start Edit Account Context.
2020/09/20 16:06:30.962 [DEBUG] [UMS.Models.AccountContext]  CheckUserExist:AccountContext.cs:24 | Start Account Context.
2020/09/20 16:06:30.962 [DEBUG] [UMS.Models.EditAccountContext]  CheckUserExist:EditAccountContext.cs:24 | Start Edit Account Context.
2020/09/20 16:06:31.331 [DEBUG] [UMS.Controllers.ManageUserController]  CheckUserExist:ManageUserController.cs:270 | Check user is exist.
2020/09/20 16:06:31.331 [DEBUG] [UMS.Controllers.ManageUserController]  CheckUserExist:ManageUserController.cs:270 | Check user is exist.
2020/09/20 16:06:31.345 [DEBUG] [UMS.Controllers.ManageUserController]  CheckUserExist:ManageUserController.cs:277 | Save changes: Check user is exist.
2020/09/20 16:06:31.345 [DEBUG] [UMS.Controllers.ManageUserController]  CheckUserExist:ManageUserController.cs:277 | Save changes: Check user is exist.
2020/09/20 16:06:35.726 [DEBUG] [UMS.Models.AccountContext]  CheckUserExist:AccountContext.cs:24 | Start Account Context.
2020/09/20 16:06:35.726 [DEBUG] [UMS.Models.EditAccountContext]  CheckUserExist:EditAccountContext.cs:24 | Start Edit Account Context.
2020/09/20 16:06:35.797 [DEBUG] [UMS.Controllers.ManageUserController]  CheckUserExist:ManageUserController.cs:270 | Check user is exist.
2020/09/20 16:06:35.801 [DEBUG] [UMS.Controllers.ManageUserController]  CheckUserExist:ManageUserController.cs:277 | Save changes: Check user is exist.
2020/09/20 16:06:36.791 [DEBUG] [UMS.Models.AccountContext]  CheckUserExist:AccountContext.cs:24 | Start Account Context.
2020/09/20 16:06:36.791 [DEBUG] [UMS.Models.EditAccountContext]  CheckUserExist:EditAccountContext.cs:24 | Start Edit Account Context.
2020/09/20 16:06:36.813 [DEBUG] [UMS.Controllers.ManageUserController]  CheckUserExist:ManageUserController.cs:270 | Check user is exist.
2020/09/20 16:06:36.813 [DEBUG] [UMS.Controllers.ManageUserController]  CheckUserExist:ManageUserController.cs:277 | Save changes: Check user is exist.
2020/09/20 16:06:36.963 [DEBUG] [UMS.Models.AccountContext]  CheckUserExist:AccountContext.cs:24 | Start Account Context.
2020/09/20 16:06:36.963 [DEBUG] [UMS.Models.EditAccountContext]  CheckUserExist:EditAccountContext.cs:24 | Start Edit Account Context.
2020/09/20 16:06:36.973 [DEBUG] [UMS.Controllers.ManageUserController]  CheckUserExist:ManageUserController.cs:270 | Check user is exist.
2020/09/20 16:06:36.973 [DEBUG] [UMS.Controllers.ManageUserController]  CheckUserExist:ManageUserController.cs:277 | Save changes: Check user is exist.
2020/09/20 16:06:45.029 [DEBUG] [UMS.Models.AccountContext]  CheckUserExist:AccountContext.cs:24 | Start Account Context.
2020/09/20 16:06:45.033 [DEBUG] [UMS.Models.EditAccountContext]  CheckUserExist:EditAccountContext.cs:24 | Start Edit Account Context.
2020/09/20 16:06:45.048 [DEBUG] [UMS.Controllers.ManageUserController]  CheckUserExist:ManageUserController.cs:270 | Check user is exist.
2020/09/20 16:06:45.048 [DEBUG] [UMS.Controllers.ManageUserController]  CheckUserExist:ManageUserController.cs:277 | Save changes: Check user is exist.
2020/09/20 16:06:45.245 [DEBUG] [UMS.Models.AccountContext]  CheckUserExist:AccountContext.cs:24 | Start Account Context.
2020/09/20 16:06:45.245 [DEBUG] [UMS.Models.EditAccountContext]  CheckUserExist:EditAccountContext.cs:24 | Start Edit Account Context.
2020/09/20 16:06:45.267 [DEBUG] [UMS.Controllers.ManageUserController]  CheckUserExist:ManageUserController.cs:270 | Check user is exist.
2020/09/20 16:06:45.267 [DEBUG] [UMS.Controllers.ManageUserController]  CheckUserExist:ManageUserController.cs:277 | Save changes: Check user is exist.
2020/09/20 16:06:49.796 [DEBUG] [UMS.Models.AccountContext]  CheckUserExist:AccountContext.cs:24 | Start Account Context.
2020/09/20 16:06:49.799 [DEBUG] [UMS.Models.EditAccountContext]  CheckUserExist:EditAccountContext.cs:24 | Start Edit Account Context.
2020/09/20 16:06:49.817 [DEBUG] [UMS.Controllers.ManageUserController]  CheckUserExist:ManageUserController.cs:270 | Check user is exist.
2020/09/20 16:06:49.831 [DEBUG] [UMS.Controllers.ManageUserController]  CheckUserExist:ManageUserController.cs:277 | Save changes: Check user is exist.
2020/09/20 16:06:53.863 [INFO] [Microsoft.Hosting.Lifetime]   | Application is shutting down...
2020/09/20 16:10:43.050 [INFO] [Microsoft.Hosting.Lifetime]   | Now listening on: https://localhost:44346
2020/09/20 16:10:43.253 [INFO] [Microsoft.Hosting.Lifetime]   | Application started. Press Ctrl+C to shut down.
2020/09/20 16:10:43.253 [INFO] [Microsoft.Hosting.Lifetime]   | Hosting environment: Development
2020/09/20 16:10:43.253 [INFO] [Microsoft.Hosting.Lifetime]   | Content root path: C:\Users\Namchok\Desktop\สหกิจ\ums\UMS
2020/09/20 16:10:43.665 [DEBUG] [UMS.Models.EditAccountContext]  EditAccountContext.cs:24 | Start Edit Account Context.
2020/09/20 16:10:43.665 [DEBUG] [UMS.Models.AccountContext]  AccountContext.cs:24 | Start Account Context.
2020/09/20 16:10:43.674 [DEBUG] [UMS.Areas.Identity.Pages.Account.LoginModel]  Login.cshtml.cs:46 | Starting Login model.
2020/09/20 16:10:43.705 [DEBUG] [UMS.Areas.Identity.Pages.Account.LoginModel]  Login.cshtml.cs:111 | Getting external authentication scheme.
2020/09/20 16:10:45.502 [DEBUG] [UMS.Areas.Identity.Pages.Account.ForgotPasswordModel]  ForgotPassword.cshtml.cs:37 | Start Forgot Password model.
2020/09/20 16:10:46.012 [DEBUG] [UMS.Models.AccountContext]  CheckUserExist:AccountContext.cs:24 | Start Account Context.
2020/09/20 16:10:46.017 [DEBUG] [UMS.Models.EditAccountContext]  CheckUserExist:EditAccountContext.cs:24 | Start Edit Account Context.
2020/09/20 16:10:46.602 [DEBUG] [UMS.Controllers.ManageUserController]  CheckUserExist:ManageUserController.cs:270 | Check user is exist.
2020/09/20 16:10:46.613 [DEBUG] [UMS.Controllers.ManageUserController]  CheckUserExist:ManageUserController.cs:277 | Save changes: Check user is exist.
2020/09/20 16:10:51.308 [DEBUG] [UMS.Models.AccountContext]  CheckUserExist:AccountContext.cs:24 | Start Account Context.
2020/09/20 16:10:51.308 [DEBUG] [UMS.Models.EditAccountContext]  CheckUserExist:EditAccountContext.cs:24 | Start Edit Account Context.
2020/09/20 16:10:51.330 [DEBUG] [UMS.Controllers.ManageUserController]  CheckUserExist:ManageUserController.cs:270 | Check user is exist.
2020/09/20 16:10:51.330 [DEBUG] [UMS.Controllers.ManageUserController]  CheckUserExist:ManageUserController.cs:277 | Save changes: Check user is exist.
2020/09/20 16:11:42.991 [DEBUG] [UMS.Models.AccountContext]  CheckUserExist:AccountContext.cs:24 | Start Account Context.
2020/09/20 16:11:42.991 [DEBUG] [UMS.Models.EditAccountContext]  CheckUserExist:EditAccountContext.cs:24 | Start Edit Account Context.
2020/09/20 16:11:43.045 [DEBUG] [UMS.Controllers.ManageUserController]  CheckUserExist:ManageUserController.cs:270 | Check user is exist.
2020/09/20 16:11:43.048 [DEBUG] [UMS.Controllers.ManageUserController]  CheckUserExist:ManageUserController.cs:277 | Save changes: Check user is exist.
2020/09/20 16:11:45.969 [DEBUG] [UMS.Models.AccountContext]  CheckUserExist:AccountContext.cs:24 | Start Account Context.
2020/09/20 16:11:45.975 [DEBUG] [UMS.Models.EditAccountContext]  CheckUserExist:EditAccountContext.cs:24 | Start Edit Account Context.
2020/09/20 16:11:46.002 [DEBUG] [UMS.Controllers.ManageUserController]  CheckUserExist:ManageUserController.cs:270 | Check user is exist.
2020/09/20 16:11:46.002 [DEBUG] [UMS.Controllers.ManageUserController]  CheckUserExist:ManageUserController.cs:277 | Save changes: Check user is exist.
2020/09/20 16:11:46.303 [DEBUG] [UMS.Models.AccountContext]  CheckUserExist:AccountContext.cs:24 | Start Account Context.
2020/09/20 16:11:46.320 [DEBUG] [UMS.Models.EditAccountContext]  CheckUserExist:EditAccountContext.cs:24 | Start Edit Account Context.
2020/09/20 16:11:46.330 [DEBUG] [UMS.Controllers.ManageUserController]  CheckUserExist:ManageUserController.cs:270 | Check user is exist.
2020/09/20 16:11:46.345 [DEBUG] [UMS.Controllers.ManageUserController]  CheckUserExist:ManageUserController.cs:277 | Save changes: Check user is exist.
2020/09/20 16:11:47.986 [DEBUG] [UMS.Models.AccountContext]  CheckUserExist:AccountContext.cs:24 | Start Account Context.
2020/09/20 16:11:47.986 [DEBUG] [UMS.Models.EditAccountContext]  CheckUserExist:EditAccountContext.cs:24 | Start Edit Account Context.
2020/09/20 16:11:48.018 [DEBUG] [UMS.Controllers.ManageUserController]  CheckUserExist:ManageUserController.cs:270 | Check user is exist.
2020/09/20 16:11:48.018 [DEBUG] [UMS.Controllers.ManageUserController]  CheckUserExist:ManageUserController.cs:277 | Save changes: Check user is exist.
2020/09/20 16:11:50.818 [DEBUG] [UMS.Models.AccountContext]  CheckUserExist:AccountContext.cs:24 | Start Account Context.
2020/09/20 16:11:50.818 [DEBUG] [UMS.Models.EditAccountContext]  CheckUserExist:EditAccountContext.cs:24 | Start Edit Account Context.
2020/09/20 16:11:50.846 [DEBUG] [UMS.Controllers.ManageUserController]  CheckUserExist:ManageUserController.cs:270 | Check user is exist.
2020/09/20 16:11:50.846 [DEBUG] [UMS.Controllers.ManageUserController]  CheckUserExist:ManageUserController.cs:277 | Save changes: Check user is exist.
2020/09/20 16:11:54.250 [DEBUG] [UMS.Models.AccountContext]  CheckUserExist:AccountContext.cs:24 | Start Account Context.
2020/09/20 16:11:54.255 [DEBUG] [UMS.Models.EditAccountContext]  CheckUserExist:EditAccountContext.cs:24 | Start Edit Account Context.
2020/09/20 16:11:54.283 [DEBUG] [UMS.Controllers.ManageUserController]  CheckUserExist:ManageUserController.cs:270 | Check user is exist.
2020/09/20 16:11:54.283 [DEBUG] [UMS.Controllers.ManageUserController]  CheckUserExist:ManageUserController.cs:277 | Save changes: Check user is exist.
2020/09/20 16:11:55.845 [DEBUG] [UMS.Models.AccountContext]  CheckUserExist:AccountContext.cs:24 | Start Account Context.
2020/09/20 16:11:55.845 [DEBUG] [UMS.Models.EditAccountContext]  CheckUserExist:EditAccountContext.cs:24 | Start Edit Account Context.
2020/09/20 16:11:55.861 [DEBUG] [UMS.Controllers.ManageUserController]  CheckUserExist:ManageUserController.cs:270 | Check user is exist.
2020/09/20 16:11:55.877 [DEBUG] [UMS.Controllers.ManageUserController]  CheckUserExist:ManageUserController.cs:277 | Save changes: Check user is exist.
2020/09/20 16:11:56.963 [DEBUG] [UMS.Models.AccountContext]  CheckUserExist:AccountContext.cs:24 | Start Account Context.
2020/09/20 16:11:56.963 [DEBUG] [UMS.Models.EditAccountContext]  CheckUserExist:EditAccountContext.cs:24 | Start Edit Account Context.
2020/09/20 16:11:56.974 [DEBUG] [UMS.Controllers.ManageUserController]  CheckUserExist:ManageUserController.cs:270 | Check user is exist.
2020/09/20 16:11:56.987 [DEBUG] [UMS.Controllers.ManageUserController]  CheckUserExist:ManageUserController.cs:277 | Save changes: Check user is exist.
2020/09/20 16:12:02.182 [DEBUG] [UMS.Models.AccountContext]  CheckUserExist:AccountContext.cs:24 | Start Account Context.
2020/09/20 16:12:02.182 [DEBUG] [UMS.Models.EditAccountContext]  CheckUserExist:EditAccountContext.cs:24 | Start Edit Account Context.
2020/09/20 16:12:02.205 [DEBUG] [UMS.Controllers.ManageUserController]  CheckUserExist:ManageUserController.cs:270 | Check user is exist.
2020/09/20 16:12:02.205 [DEBUG] [UMS.Controllers.ManageUserController]  CheckUserExist:ManageUserController.cs:277 | Save changes: Check user is exist.
2020/09/20 16:12:05.566 [DEBUG] [UMS.Models.AccountContext]  CheckUserExist:AccountContext.cs:24 | Start Account Context.
2020/09/20 16:12:05.566 [DEBUG] [UMS.Models.EditAccountContext]  CheckUserExist:EditAccountContext.cs:24 | Start Edit Account Context.
2020/09/20 16:12:05.582 [DEBUG] [UMS.Controllers.ManageUserController]  CheckUserExist:ManageUserController.cs:270 | Check user is exist.
2020/09/20 16:12:05.582 [DEBUG] [UMS.Controllers.ManageUserController]  CheckUserExist:ManageUserController.cs:277 | Save changes: Check user is exist.
2020/09/20 16:13:11.033 [DEBUG] [UMS.Models.AccountContext]  CheckUserExist:AccountContext.cs:24 | Start Account Context.
2020/09/20 16:13:11.033 [DEBUG] [UMS.Models.EditAccountContext]  CheckUserExist:EditAccountContext.cs:24 | Start Edit Account Context.
2020/09/20 16:13:11.048 [DEBUG] [UMS.Controllers.ManageUserController]  CheckUserExist:ManageUserController.cs:270 | Check user is exist.
2020/09/20 16:13:11.048 [DEBUG] [UMS.Controllers.ManageUserController]  CheckUserExist:ManageUserController.cs:277 | Save changes: Check user is exist.
2020/09/20 16:13:12.332 [DEBUG] [UMS.Models.AccountContext]  CheckUserExist:AccountContext.cs:24 | Start Account Context.
2020/09/20 16:13:12.332 [DEBUG] [UMS.Models.EditAccountContext]  CheckUserExist:EditAccountContext.cs:24 | Start Edit Account Context.
2020/09/20 16:13:12.362 [DEBUG] [UMS.Controllers.ManageUserController]  CheckUserExist:ManageUserController.cs:270 | Check user is exist.
2020/09/20 16:13:12.362 [DEBUG] [UMS.Controllers.ManageUserController]  CheckUserExist:ManageUserController.cs:277 | Save changes: Check user is exist.
2020/09/20 16:13:14.305 [DEBUG] [UMS.Models.AccountContext]  CheckUserExist:AccountContext.cs:24 | Start Account Context.
2020/09/20 16:13:14.305 [DEBUG] [UMS.Models.EditAccountContext]  CheckUserExist:EditAccountContext.cs:24 | Start Edit Account Context.
2020/09/20 16:13:14.331 [DEBUG] [UMS.Controllers.ManageUserController]  CheckUserExist:ManageUserController.cs:270 | Check user is exist.
2020/09/20 16:13:14.331 [DEBUG] [UMS.Controllers.ManageUserController]  CheckUserExist:ManageUserController.cs:277 | Save changes: Check user is exist.
2020/09/20 16:13:14.362 [DEBUG] [UMS.Areas.Identity.Pages.Account.ForgotPasswordModel]  ForgotPassword.cshtml.cs:37 | Start Forgot Password model.
2020/09/20 16:13:14.818 [DEBUG] [UMS.Areas.Identity.Pages.Account.ForgotPasswordModel]  ForgotPassword.cshtml.cs:68 | Finding user.
2020/09/20 16:13:14.818 [DEBUG] [UMS.Areas.Identity.Pages.Account.ForgotPasswordModel]  ForgotPassword.cshtml.cs:75 | Generating code.
2020/09/20 16:13:14.932 [DEBUG] [EmailService.EmailSender]  EmailSender.cs:84 | Creating message.
2020/09/20 16:13:17.260 [DEBUG] [UMS.Models.AccountContext]  CheckUserExist:AccountContext.cs:24 | Start Account Context.
2020/09/20 16:13:17.260 [DEBUG] [UMS.Models.EditAccountContext]  CheckUserExist:EditAccountContext.cs:24 | Start Edit Account Context.
2020/09/20 16:13:17.285 [DEBUG] [UMS.Controllers.ManageUserController]  CheckUserExist:ManageUserController.cs:270 | Check user is exist.
2020/09/20 16:13:17.285 [DEBUG] [UMS.Controllers.ManageUserController]  CheckUserExist:ManageUserController.cs:277 | Save changes: Check user is exist.
2020/09/20 16:13:18.679 [INFO] [EmailService.EmailSender]  EmailSender.cs:177 | Sending email.
2020/09/20 16:13:18.952 [DEBUG] [UMS.Areas.Identity.Pages.Account.ForgotPasswordConfirmation]  ForgotPasswordConfirmation.cshtml.cs:25 | Start Forgot Password Confirmation.
2020/09/20 16:13:26.249 [DEBUG] [UMS.Areas.Identity.Pages.Account.ForgotPasswordConfirmation]  ForgotPasswordConfirmation.cshtml.cs:25 | Start Forgot Password Confirmation.
2020/09/20 16:13:26.269 [DEBUG] [UMS.Models.EditAccountContext]  EditAccountContext.cs:24 | Start Edit Account Context.
2020/09/20 16:13:26.269 [DEBUG] [UMS.Models.AccountContext]  AccountContext.cs:24 | Start Account Context.
2020/09/20 16:13:26.283 [DEBUG] [UMS.Areas.Identity.Pages.Account.LoginModel]  Login.cshtml.cs:46 | Starting Login model.
2020/09/20 16:13:26.299 [DEBUG] [UMS.Areas.Identity.Pages.Account.LoginModel]  Login.cshtml.cs:111 | Getting external authentication scheme.
2020/09/20 16:13:53.486 [INFO] [Microsoft.Hosting.Lifetime]   | Application is shutting down...
2020/09/20 16:36:32.055 [INFO] [Microsoft.Hosting.Lifetime]   | Now listening on: https://localhost:44346
2020/09/20 16:36:32.224 [INFO] [Microsoft.Hosting.Lifetime]   | Application started. Press Ctrl+C to shut down.
2020/09/20 16:36:32.224 [INFO] [Microsoft.Hosting.Lifetime]   | Hosting environment: Development
2020/09/20 16:36:32.224 [INFO] [Microsoft.Hosting.Lifetime]   | Content root path: C:\Users\Namchok\Desktop\สหกิจ\ums\UMS
2020/09/20 16:36:32.892 [DEBUG] [UMS.Models.EditAccountContext]  EditAccountContext.cs:24 | Start Edit Account Context.
2020/09/20 16:36:32.892 [DEBUG] [UMS.Models.AccountContext]  AccountContext.cs:24 | Start Account Context.
2020/09/20 16:36:32.892 [DEBUG] [UMS.Areas.Identity.Pages.Account.LoginModel]  Login.cshtml.cs:46 | Starting Login model.
2020/09/20 16:36:32.925 [DEBUG] [UMS.Areas.Identity.Pages.Account.LoginModel]  Login.cshtml.cs:111 | Getting external authentication scheme.
2020/09/20 16:36:40.735 [DEBUG] [UMS.Controllers.AccountController]  GoogleResponse:AccountController.cs:186 | Get external login info.
2020/09/20 16:36:40.735 [DEBUG] [UMS.Controllers.AccountController]  GoogleResponse:AccountController.cs:193 | Getting external login and sign in.
2020/09/20 16:36:41.690 [DEBUG] [UMS.Controllers.AccountController]  GoogleResponse:AccountController.cs:195 | Result: Failed
2020/09/20 16:36:41.977 [INFO] [UMS.Controllers.AccountController]  GoogleResponse:AccountController.cs:226 | Create user succeeded.
2020/09/20 16:36:41.977 [DEBUG] [UMS.Controllers.AccountController]  GoogleResponse:AccountController.cs:227 | Adding login.
2020/09/20 16:36:41.995 [DEBUG] [UMS.Controllers.AccountController]  GoogleResponse:AccountController.cs:231 | Signing in.
2020/09/20 16:36:42.073 [INFO] [UMS.Controllers.AccountController]  GoogleResponse:AccountController.cs:233 | Add login succeeded.
2020/09/20 16:36:42.098 [INFO] [UMS.Controllers.HomeController] [60160169@go.buu.ac.th] Index:HomeController.cs:60 | Welcome 60160169@go.buu.ac.th to UMS.
2020/09/20 16:36:44.470 [DEBUG] [UMS.Areas.Identity.Pages.Account.LogoutModel] [60160169@go.buu.ac.th] Logout.cshtml.cs:30 | Starting Log out model.
2020/09/20 16:36:44.489 [INFO] [UMS.Areas.Identity.Pages.Account.LogoutModel] [60160169@go.buu.ac.th] Logout.cshtml.cs:50 | User logged out.
2020/09/20 16:36:44.513 [DEBUG] [UMS.Models.EditAccountContext]  EditAccountContext.cs:24 | Start Edit Account Context.
2020/09/20 16:36:44.518 [DEBUG] [UMS.Models.AccountContext]  AccountContext.cs:24 | Start Account Context.
2020/09/20 16:36:44.532 [DEBUG] [UMS.Areas.Identity.Pages.Account.LoginModel]  Login.cshtml.cs:46 | Starting Login model.
2020/09/20 16:36:44.532 [DEBUG] [UMS.Areas.Identity.Pages.Account.LoginModel]  Login.cshtml.cs:111 | Getting external authentication scheme.
2020/09/20 16:36:46.101 [DEBUG] [UMS.Areas.Identity.Pages.Account.ForgotPasswordModel]  ForgotPassword.cshtml.cs:44 | Start Forgot Password model.
2020/09/20 16:36:47.543 [DEBUG] [UMS.Models.AccountContext]  CheckUserExist:AccountContext.cs:24 | Start Account Context.
2020/09/20 16:36:47.548 [DEBUG] [UMS.Models.EditAccountContext]  CheckUserExist:EditAccountContext.cs:24 | Start Edit Account Context.
2020/09/20 16:36:47.608 [DEBUG] [UMS.Controllers.ManageUserController]  CheckUserExist:ManageUserController.cs:270 | Check user is exist.
2020/09/20 16:36:47.613 [DEBUG] [UMS.Controllers.ManageUserController]  CheckUserExist:ManageUserController.cs:277 | Save changes: Check user is exist.
2020/09/20 16:36:48.136 [DEBUG] [UMS.Models.AccountContext]  CheckUserExist:AccountContext.cs:24 | Start Account Context.
2020/09/20 16:36:48.136 [DEBUG] [UMS.Models.EditAccountContext]  CheckUserExist:EditAccountContext.cs:24 | Start Edit Account Context.
2020/09/20 16:36:48.177 [DEBUG] [UMS.Controllers.ManageUserController]  CheckUserExist:ManageUserController.cs:270 | Check user is exist.
2020/09/20 16:36:48.177 [DEBUG] [UMS.Controllers.ManageUserController]  CheckUserExist:ManageUserController.cs:277 | Save changes: Check user is exist.
2020/09/20 16:36:49.498 [DEBUG] [UMS.Models.AccountContext]  CheckUserExist:AccountContext.cs:24 | Start Account Context.
2020/09/20 16:36:49.501 [DEBUG] [UMS.Models.EditAccountContext]  CheckUserExist:EditAccountContext.cs:24 | Start Edit Account Context.
2020/09/20 16:36:49.519 [DEBUG] [UMS.Controllers.ManageUserController]  CheckUserExist:ManageUserController.cs:270 | Check user is exist.
2020/09/20 16:36:49.519 [DEBUG] [UMS.Controllers.ManageUserController]  CheckUserExist:ManageUserController.cs:277 | Save changes: Check user is exist.
2020/09/20 16:36:51.215 [DEBUG] [UMS.Models.AccountContext]  CheckUserExist:AccountContext.cs:24 | Start Account Context.
2020/09/20 16:36:51.215 [DEBUG] [UMS.Models.EditAccountContext]  CheckUserExist:EditAccountContext.cs:24 | Start Edit Account Context.
2020/09/20 16:36:51.238 [DEBUG] [UMS.Controllers.ManageUserController]  CheckUserExist:ManageUserController.cs:270 | Check user is exist.
2020/09/20 16:36:51.238 [DEBUG] [UMS.Controllers.ManageUserController]  CheckUserExist:ManageUserController.cs:277 | Save changes: Check user is exist.
2020/09/20 16:36:53.818 [DEBUG] [UMS.Models.AccountContext]  CheckUserExist:AccountContext.cs:24 | Start Account Context.
2020/09/20 16:36:53.818 [DEBUG] [UMS.Models.EditAccountContext]  CheckUserExist:EditAccountContext.cs:24 | Start Edit Account Context.
2020/09/20 16:36:53.870 [DEBUG] [UMS.Controllers.ManageUserController]  CheckUserExist:ManageUserController.cs:270 | Check user is exist.
2020/09/20 16:36:53.870 [DEBUG] [UMS.Controllers.ManageUserController]  CheckUserExist:ManageUserController.cs:277 | Save changes: Check user is exist.
2020/09/20 16:37:03.671 [DEBUG] [UMS.Models.AccountContext]  CheckUserExist:AccountContext.cs:24 | Start Account Context.
2020/09/20 16:37:03.674 [DEBUG] [UMS.Models.EditAccountContext]  CheckUserExist:EditAccountContext.cs:24 | Start Edit Account Context.
2020/09/20 16:37:03.689 [DEBUG] [UMS.Areas.Identity.Pages.Account.ForgotPasswordModel]  ForgotPassword.cshtml.cs:44 | Start Forgot Password model.
2020/09/20 16:37:03.705 [DEBUG] [UMS.Controllers.ManageUserController]  CheckUserExist:ManageUserController.cs:270 | Check user is exist.
2020/09/20 16:37:03.705 [DEBUG] [UMS.Controllers.ManageUserController]  CheckUserExist:ManageUserController.cs:277 | Save changes: Check user is exist.
2020/09/20 16:37:03.723 [DEBUG] [UMS.Areas.Identity.Pages.Account.ForgotPasswordModel]  ForgotPassword.cshtml.cs:75 | Finding user.
2020/09/20 16:37:03.743 [ERROR] [Microsoft.EntityFrameworkCore.Query]   | An exception occurred while iterating over the results of a query for context type 'UMS.Models.EditProfileContext'.
System.InvalidOperationException: FromSqlRaw or FromSqlInterpolated was called with non-composable SQL and with a query composing over it. Consider calling `AsEnumerable` after the FromSqlRaw or FromSqlInterpolated method to perform the composition on the client side.
   at Microsoft.EntityFrameworkCore.Query.QuerySqlGenerator.VisitFromSql(FromSqlExpression fromSqlExpression)
   at Microsoft.EntityFrameworkCore.Query.SqlExpressionVisitor.VisitExtension(Expression extensionExpression)
   at System.Linq.Expressions.Expression.Accept(ExpressionVisitor visitor)
   at Microsoft.EntityFrameworkCore.Query.QuerySqlGenerator.<VisitSelect>b__18_1(TableExpressionBase e)
   at Microsoft.EntityFrameworkCore.Query.QuerySqlGenerator.GenerateList[T](IReadOnlyList`1 items, Action`1 generationAction, Action`1 joinAction)
   at Microsoft.EntityFrameworkCore.Query.QuerySqlGenerator.VisitSelect(SelectExpression selectExpression)
   at Microsoft.EntityFrameworkCore.Query.QuerySqlGenerator.GetCommand(SelectExpression selectExpression)
   at Microsoft.EntityFrameworkCore.Query.Internal.RelationalCommandCache.GetRelationalCommand(IReadOnlyDictionary`2 parameters)
   at Microsoft.EntityFrameworkCore.Query.Internal.QueryingEnumerable`1.Enumerator.InitializeReader(DbContext _, Boolean result)
   at Microsoft.EntityFrameworkCore.SqlServer.Storage.Internal.SqlServerExecutionStrategy.Execute[TState,TResult](TState state, Func`3 operation, Func`3 verifySucceeded)
   at Microsoft.EntityFrameworkCore.Query.Internal.QueryingEnumerable`1.Enumerator.MoveNext()System.InvalidOperationException: FromSqlRaw or FromSqlInterpolated was called with non-composable SQL and with a query composing over it. Consider calling `AsEnumerable` after the FromSqlRaw or FromSqlInterpolated method to perform the composition on the client side.
   at Microsoft.EntityFrameworkCore.Query.QuerySqlGenerator.VisitFromSql(FromSqlExpression fromSqlExpression)
   at Microsoft.EntityFrameworkCore.Query.SqlExpressionVisitor.VisitExtension(Expression extensionExpression)
   at System.Linq.Expressions.Expression.Accept(ExpressionVisitor visitor)
   at Microsoft.EntityFrameworkCore.Query.QuerySqlGenerator.<VisitSelect>b__18_1(TableExpressionBase e)
   at Microsoft.EntityFrameworkCore.Query.QuerySqlGenerator.GenerateList[T](IReadOnlyList`1 items, Action`1 generationAction, Action`1 joinAction)
   at Microsoft.EntityFrameworkCore.Query.QuerySqlGenerator.VisitSelect(SelectExpression selectExpression)
   at Microsoft.EntityFrameworkCore.Query.QuerySqlGenerator.GetCommand(SelectExpression selectExpression)
   at Microsoft.EntityFrameworkCore.Query.Internal.RelationalCommandCache.GetRelationalCommand(IReadOnlyDictionary`2 parameters)
   at Microsoft.EntityFrameworkCore.Query.Internal.QueryingEnumerable`1.Enumerator.InitializeReader(DbContext _, Boolean result)
   at Microsoft.EntityFrameworkCore.SqlServer.Storage.Internal.SqlServerExecutionStrategy.Execute[TState,TResult](TState state, Func`3 operation, Func`3 verifySucceeded)
   at Microsoft.EntityFrameworkCore.Query.Internal.QueryingEnumerable`1.Enumerator.MoveNext()
2020/09/20 16:37:03.859 [ERROR] [UMS.Areas.Identity.Pages.Account.ForgotPasswordModel]  ForgotPassword.cshtml.cs:85 | FromSqlRaw or FromSqlInterpolated was called with non-composable SQL and with a query composing over it. Consider calling `AsEnumerable` after the FromSqlRaw or FromSqlInterpolated method to perform the composition on the client side.
2020/09/20 16:37:45.120 [INFO] [Microsoft.Hosting.Lifetime]   | Application is shutting down...
2020/09/20 16:38:53.625 [INFO] [Microsoft.Hosting.Lifetime]   | Now listening on: https://localhost:44346
2020/09/20 16:38:53.820 [INFO] [Microsoft.Hosting.Lifetime]   | Application started. Press Ctrl+C to shut down.
2020/09/20 16:38:53.820 [INFO] [Microsoft.Hosting.Lifetime]   | Hosting environment: Development
2020/09/20 16:38:53.820 [INFO] [Microsoft.Hosting.Lifetime]   | Content root path: C:\Users\Namchok\Desktop\สหกิจ\ums\UMS
2020/09/20 16:38:54.291 [DEBUG] [UMS.Models.EditAccountContext]  EditAccountContext.cs:24 | Start Edit Account Context.
2020/09/20 16:38:54.291 [DEBUG] [UMS.Models.AccountContext]  AccountContext.cs:24 | Start Account Context.
2020/09/20 16:38:54.299 [DEBUG] [UMS.Areas.Identity.Pages.Account.LoginModel]  Login.cshtml.cs:46 | Starting Login model.
2020/09/20 16:38:54.330 [DEBUG] [UMS.Areas.Identity.Pages.Account.LoginModel]  Login.cshtml.cs:111 | Getting external authentication scheme.
2020/09/20 16:39:21.174 [DEBUG] [UMS.Areas.Identity.Pages.Account.ForgotPasswordModel]  ForgotPassword.cshtml.cs:44 | Start Forgot Password model.
2020/09/20 16:39:23.584 [DEBUG] [UMS.Models.AccountContext]  CheckUserExist:AccountContext.cs:24 | Start Account Context.
2020/09/20 16:39:23.584 [DEBUG] [UMS.Models.EditAccountContext]  CheckUserExist:EditAccountContext.cs:24 | Start Edit Account Context.
2020/09/20 16:39:24.153 [DEBUG] [UMS.Controllers.ManageUserController]  CheckUserExist:ManageUserController.cs:270 | Check user is exist.
2020/09/20 16:39:24.165 [DEBUG] [UMS.Controllers.ManageUserController]  CheckUserExist:ManageUserController.cs:277 | Save changes: Check user is exist.
2020/09/20 16:39:26.494 [DEBUG] [UMS.Models.AccountContext]  CheckUserExist:AccountContext.cs:24 | Start Account Context.
2020/09/20 16:39:26.494 [DEBUG] [UMS.Models.EditAccountContext]  CheckUserExist:EditAccountContext.cs:24 | Start Edit Account Context.
2020/09/20 16:39:26.523 [DEBUG] [UMS.Controllers.ManageUserController]  CheckUserExist:ManageUserController.cs:270 | Check user is exist.
2020/09/20 16:39:26.523 [DEBUG] [UMS.Controllers.ManageUserController]  CheckUserExist:ManageUserController.cs:277 | Save changes: Check user is exist.
2020/09/20 16:39:27.904 [DEBUG] [UMS.Models.AccountContext]  CheckUserExist:AccountContext.cs:24 | Start Account Context.
2020/09/20 16:39:27.910 [DEBUG] [UMS.Models.EditAccountContext]  CheckUserExist:EditAccountContext.cs:24 | Start Edit Account Context.
2020/09/20 16:39:27.965 [DEBUG] [UMS.Controllers.ManageUserController]  CheckUserExist:ManageUserController.cs:270 | Check user is exist.
2020/09/20 16:39:27.965 [DEBUG] [UMS.Controllers.ManageUserController]  CheckUserExist:ManageUserController.cs:277 | Save changes: Check user is exist.
2020/09/20 16:39:28.001 [DEBUG] [UMS.Areas.Identity.Pages.Account.ForgotPasswordModel]  ForgotPassword.cshtml.cs:44 | Start Forgot Password model.
2020/09/20 16:39:28.307 [DEBUG] [UMS.Models.AccountContext]  CheckUserExist:AccountContext.cs:24 | Start Account Context.
2020/09/20 16:39:28.307 [DEBUG] [UMS.Models.EditAccountContext]  CheckUserExist:EditAccountContext.cs:24 | Start Edit Account Context.
2020/09/20 16:39:28.330 [DEBUG] [UMS.Controllers.ManageUserController]  CheckUserExist:ManageUserController.cs:270 | Check user is exist.
2020/09/20 16:39:28.346 [DEBUG] [UMS.Controllers.ManageUserController]  CheckUserExist:ManageUserController.cs:277 | Save changes: Check user is exist.
2020/09/20 16:39:30.883 [DEBUG] [UMS.Areas.Identity.Pages.Account.ForgotPasswordModel]  ForgotPassword.cshtml.cs:75 | Finding user.
2020/09/20 16:40:10.943 [INFO] [Microsoft.Hosting.Lifetime]   | Application is shutting down...
2020/09/20 16:40:25.810 [INFO] [Microsoft.Hosting.Lifetime]   | Now listening on: https://localhost:44346
2020/09/20 16:40:25.980 [INFO] [Microsoft.Hosting.Lifetime]   | Application started. Press Ctrl+C to shut down.
2020/09/20 16:40:25.992 [INFO] [Microsoft.Hosting.Lifetime]   | Hosting environment: Development
2020/09/20 16:40:25.992 [INFO] [Microsoft.Hosting.Lifetime]   | Content root path: C:\Users\Namchok\Desktop\สหกิจ\ums\UMS
2020/09/20 16:40:26.584 [DEBUG] [UMS.Models.EditAccountContext]  EditAccountContext.cs:24 | Start Edit Account Context.
2020/09/20 16:40:26.584 [DEBUG] [UMS.Models.AccountContext]  AccountContext.cs:24 | Start Account Context.
2020/09/20 16:40:26.596 [DEBUG] [UMS.Areas.Identity.Pages.Account.LoginModel]  Login.cshtml.cs:46 | Starting Login model.
2020/09/20 16:40:26.629 [DEBUG] [UMS.Areas.Identity.Pages.Account.LoginModel]  Login.cshtml.cs:111 | Getting external authentication scheme.
2020/09/20 16:40:32.941 [DEBUG] [UMS.Areas.Identity.Pages.Account.ForgotPasswordModel]  ForgotPassword.cshtml.cs:44 | Start Forgot Password model.
2020/09/20 16:40:36.508 [DEBUG] [UMS.Models.AccountContext]  CheckUserExist:AccountContext.cs:24 | Start Account Context.
2020/09/20 16:40:36.508 [DEBUG] [UMS.Models.EditAccountContext]  CheckUserExist:EditAccountContext.cs:24 | Start Edit Account Context.
2020/09/20 16:40:37.098 [DEBUG] [UMS.Controllers.ManageUserController]  CheckUserExist:ManageUserController.cs:270 | Check user is exist.
2020/09/20 16:40:37.098 [DEBUG] [UMS.Controllers.ManageUserController]  CheckUserExist:ManageUserController.cs:277 | Save changes: Check user is exist.
2020/09/20 16:40:40.562 [DEBUG] [UMS.Models.AccountContext]  CheckUserExist:AccountContext.cs:24 | Start Account Context.
2020/09/20 16:40:40.567 [DEBUG] [UMS.Models.EditAccountContext]  CheckUserExist:EditAccountContext.cs:24 | Start Edit Account Context.
2020/09/20 16:40:40.581 [DEBUG] [UMS.Controllers.ManageUserController]  CheckUserExist:ManageUserController.cs:270 | Check user is exist.
2020/09/20 16:40:40.581 [DEBUG] [UMS.Controllers.ManageUserController]  CheckUserExist:ManageUserController.cs:277 | Save changes: Check user is exist.
2020/09/20 16:40:42.168 [DEBUG] [UMS.Models.AccountContext]  CheckUserExist:AccountContext.cs:24 | Start Account Context.
2020/09/20 16:40:42.174 [DEBUG] [UMS.Models.EditAccountContext]  CheckUserExist:EditAccountContext.cs:24 | Start Edit Account Context.
2020/09/20 16:40:42.224 [DEBUG] [UMS.Controllers.ManageUserController]  CheckUserExist:ManageUserController.cs:270 | Check user is exist.
2020/09/20 16:40:42.224 [DEBUG] [UMS.Controllers.ManageUserController]  CheckUserExist:ManageUserController.cs:277 | Save changes: Check user is exist.
2020/09/20 16:40:42.256 [DEBUG] [UMS.Areas.Identity.Pages.Account.ForgotPasswordModel]  ForgotPassword.cshtml.cs:44 | Start Forgot Password model.
2020/09/20 16:40:44.361 [DEBUG] [UMS.Areas.Identity.Pages.Account.ForgotPasswordModel]  ForgotPassword.cshtml.cs:75 | Finding user.
2020/09/20 16:40:46.935 [WARN] [UMS.Areas.Identity.Pages.Account.ForgotPasswordModel]  ForgotPassword.cshtml.cs:88 | This user can not change password.
2020/09/20 16:41:52.332 [INFO] [Microsoft.Hosting.Lifetime]   | Now listening on: https://localhost:44346
2020/09/20 16:41:52.513 [INFO] [Microsoft.Hosting.Lifetime]   | Application started. Press Ctrl+C to shut down.
2020/09/20 16:41:52.520 [INFO] [Microsoft.Hosting.Lifetime]   | Hosting environment: Development
2020/09/20 16:41:52.520 [INFO] [Microsoft.Hosting.Lifetime]   | Content root path: C:\Users\Namchok\Desktop\สหกิจ\ums\UMS
2020/09/20 16:41:53.069 [DEBUG] [UMS.Models.EditAccountContext]  EditAccountContext.cs:24 | Start Edit Account Context.
2020/09/20 16:41:53.069 [DEBUG] [UMS.Models.AccountContext]  AccountContext.cs:24 | Start Account Context.
2020/09/20 16:41:53.080 [DEBUG] [UMS.Areas.Identity.Pages.Account.LoginModel]  Login.cshtml.cs:46 | Starting Login model.
2020/09/20 16:41:53.114 [DEBUG] [UMS.Areas.Identity.Pages.Account.LoginModel]  Login.cshtml.cs:111 | Getting external authentication scheme.
2020/09/20 16:41:54.877 [DEBUG] [UMS.Areas.Identity.Pages.Account.ForgotPasswordModel]  ForgotPassword.cshtml.cs:44 | Start Forgot Password model.
2020/09/20 16:41:57.853 [DEBUG] [UMS.Models.AccountContext]  CheckUserExist:AccountContext.cs:24 | Start Account Context.
2020/09/20 16:41:57.853 [DEBUG] [UMS.Models.EditAccountContext]  CheckUserExist:EditAccountContext.cs:24 | Start Edit Account Context.
2020/09/20 16:41:58.420 [DEBUG] [UMS.Controllers.ManageUserController]  CheckUserExist:ManageUserController.cs:270 | Check user is exist.
2020/09/20 16:41:58.431 [DEBUG] [UMS.Controllers.ManageUserController]  CheckUserExist:ManageUserController.cs:277 | Save changes: Check user is exist.
2020/09/20 16:41:59.195 [DEBUG] [UMS.Models.AccountContext]  CheckUserExist:AccountContext.cs:24 | Start Account Context.
2020/09/20 16:41:59.195 [DEBUG] [UMS.Models.EditAccountContext]  CheckUserExist:EditAccountContext.cs:24 | Start Edit Account Context.
2020/09/20 16:41:59.224 [DEBUG] [UMS.Controllers.ManageUserController]  CheckUserExist:ManageUserController.cs:270 | Check user is exist.
2020/09/20 16:41:59.224 [DEBUG] [UMS.Controllers.ManageUserController]  CheckUserExist:ManageUserController.cs:277 | Save changes: Check user is exist.
2020/09/20 16:41:59.252 [DEBUG] [UMS.Areas.Identity.Pages.Account.ForgotPasswordModel]  ForgotPassword.cshtml.cs:44 | Start Forgot Password model.
2020/09/20 16:41:59.749 [DEBUG] [UMS.Areas.Identity.Pages.Account.ForgotPasswordModel]  ForgotPassword.cshtml.cs:75 | Finding user.
2020/09/20 16:41:59.769 [WARN] [UMS.Areas.Identity.Pages.Account.ForgotPasswordModel]  ForgotPassword.cshtml.cs:88 | This user can not change password.
2020/09/20 16:42:27.483 [INFO] [Microsoft.Hosting.Lifetime]   | Now listening on: https://localhost:44346
2020/09/20 16:42:27.656 [INFO] [Microsoft.Hosting.Lifetime]   | Application started. Press Ctrl+C to shut down.
2020/09/20 16:42:27.658 [INFO] [Microsoft.Hosting.Lifetime]   | Hosting environment: Development
2020/09/20 16:42:27.658 [INFO] [Microsoft.Hosting.Lifetime]   | Content root path: C:\Users\Namchok\Desktop\สหกิจ\ums\UMS
2020/09/20 16:42:28.324 [DEBUG] [UMS.Models.EditAccountContext]  EditAccountContext.cs:24 | Start Edit Account Context.
2020/09/20 16:42:28.329 [DEBUG] [UMS.Models.AccountContext]  AccountContext.cs:24 | Start Account Context.
2020/09/20 16:42:28.329 [DEBUG] [UMS.Areas.Identity.Pages.Account.LoginModel]  Login.cshtml.cs:46 | Starting Login model.
2020/09/20 16:42:28.361 [DEBUG] [UMS.Areas.Identity.Pages.Account.LoginModel]  Login.cshtml.cs:111 | Getting external authentication scheme.
2020/09/20 16:42:37.055 [DEBUG] [UMS.Models.AccountContext]  AccountContext.cs:24 | Start Account Context.
2020/09/20 16:42:37.065 [DEBUG] [UMS.Areas.Identity.Pages.Account.RegisterModel]  Register.cshtml.cs:62 | Starting Register model.
2020/09/20 16:42:37.257 [DEBUG] [UMS.Models.AccountContext]  CheckUserExist:AccountContext.cs:24 | Start Account Context.
2020/09/20 16:42:37.257 [DEBUG] [UMS.Models.EditAccountContext]  CheckUserExist:EditAccountContext.cs:24 | Start Edit Account Context.
2020/09/20 16:42:37.868 [DEBUG] [UMS.Controllers.ManageUserController]  CheckUserExist:ManageUserController.cs:270 | Check user is exist.
2020/09/20 16:42:37.882 [DEBUG] [UMS.Controllers.ManageUserController]  CheckUserExist:ManageUserController.cs:277 | Save changes: Check user is exist.
2020/09/20 16:42:41.551 [DEBUG] [UMS.Models.AccountContext]  CheckUserExist:AccountContext.cs:24 | Start Account Context.
2020/09/20 16:42:41.551 [DEBUG] [UMS.Models.EditAccountContext]  CheckUserExist:EditAccountContext.cs:24 | Start Edit Account Context.
2020/09/20 16:42:41.564 [DEBUG] [UMS.Controllers.ManageUserController]  CheckUserExist:ManageUserController.cs:270 | Check user is exist.
2020/09/20 16:42:41.564 [DEBUG] [UMS.Controllers.ManageUserController]  CheckUserExist:ManageUserController.cs:277 | Save changes: Check user is exist.
2020/09/20 16:42:42.739 [DEBUG] [UMS.Models.EditAccountContext]  EditAccountContext.cs:24 | Start Edit Account Context.
2020/09/20 16:42:42.739 [DEBUG] [UMS.Models.AccountContext]  AccountContext.cs:24 | Start Account Context.
2020/09/20 16:42:42.755 [DEBUG] [UMS.Areas.Identity.Pages.Account.LoginModel]  Login.cshtml.cs:46 | Starting Login model.
2020/09/20 16:42:42.768 [DEBUG] [UMS.Areas.Identity.Pages.Account.LoginModel]  Login.cshtml.cs:111 | Getting external authentication scheme.
2020/09/20 16:42:44.268 [DEBUG] [UMS.Areas.Identity.Pages.Account.ForgotPasswordModel]  ForgotPassword.cshtml.cs:44 | Start Forgot Password model.
2020/09/20 16:42:47.266 [DEBUG] [UMS.Models.AccountContext]  CheckUserExist:AccountContext.cs:24 | Start Account Context.
2020/09/20 16:42:47.269 [DEBUG] [UMS.Models.EditAccountContext]  CheckUserExist:EditAccountContext.cs:24 | Start Edit Account Context.
2020/09/20 16:42:47.326 [DEBUG] [UMS.Controllers.ManageUserController]  CheckUserExist:ManageUserController.cs:270 | Check user is exist.
2020/09/20 16:42:47.330 [DEBUG] [UMS.Controllers.ManageUserController]  CheckUserExist:ManageUserController.cs:277 | Save changes: Check user is exist.
2020/09/20 16:42:48.503 [DEBUG] [UMS.Models.AccountContext]  CheckUserExist:AccountContext.cs:24 | Start Account Context.
2020/09/20 16:42:48.503 [DEBUG] [UMS.Models.EditAccountContext]  CheckUserExist:EditAccountContext.cs:24 | Start Edit Account Context.
2020/09/20 16:42:48.516 [DEBUG] [UMS.Controllers.ManageUserController]  CheckUserExist:ManageUserController.cs:270 | Check user is exist.
2020/09/20 16:42:48.516 [DEBUG] [UMS.Controllers.ManageUserController]  CheckUserExist:ManageUserController.cs:277 | Save changes: Check user is exist.
2020/09/20 16:42:48.574 [DEBUG] [UMS.Areas.Identity.Pages.Account.ForgotPasswordModel]  ForgotPassword.cshtml.cs:44 | Start Forgot Password model.
2020/09/20 16:42:49.035 [DEBUG] [UMS.Areas.Identity.Pages.Account.ForgotPasswordModel]  ForgotPassword.cshtml.cs:75 | Finding user.
2020/09/20 16:42:49.056 [WARN] [UMS.Areas.Identity.Pages.Account.ForgotPasswordModel]  ForgotPassword.cshtml.cs:88 | This user can not change password.
2020/09/20 16:42:55.281 [INFO] [Microsoft.Hosting.Lifetime]   | Application is shutting down...
2020/09/20 16:43:53.005 [INFO] [Microsoft.Hosting.Lifetime]   | Now listening on: https://localhost:44346
2020/09/20 16:43:53.184 [INFO] [Microsoft.Hosting.Lifetime]   | Application started. Press Ctrl+C to shut down.
2020/09/20 16:43:53.197 [INFO] [Microsoft.Hosting.Lifetime]   | Hosting environment: Development
2020/09/20 16:43:53.197 [INFO] [Microsoft.Hosting.Lifetime]   | Content root path: C:\Users\Namchok\Desktop\สหกิจ\ums\UMS
2020/09/20 16:43:53.735 [DEBUG] [UMS.Models.EditAccountContext]  EditAccountContext.cs:24 | Start Edit Account Context.
2020/09/20 16:43:53.752 [DEBUG] [UMS.Models.AccountContext]  AccountContext.cs:24 | Start Account Context.
2020/09/20 16:43:53.752 [DEBUG] [UMS.Areas.Identity.Pages.Account.LoginModel]  Login.cshtml.cs:46 | Starting Login model.
2020/09/20 16:43:53.783 [DEBUG] [UMS.Areas.Identity.Pages.Account.LoginModel]  Login.cshtml.cs:111 | Getting external authentication scheme.
2020/09/20 16:43:56.344 [DEBUG] [UMS.Areas.Identity.Pages.Account.ForgotPasswordModel]  ForgotPassword.cshtml.cs:44 | Start Forgot Password model.
2020/09/20 16:43:59.068 [DEBUG] [UMS.Models.AccountContext]  CheckUserExist:AccountContext.cs:24 | Start Account Context.
2020/09/20 16:43:59.068 [DEBUG] [UMS.Models.EditAccountContext]  CheckUserExist:EditAccountContext.cs:24 | Start Edit Account Context.
2020/09/20 16:43:59.648 [DEBUG] [UMS.Controllers.ManageUserController]  CheckUserExist:ManageUserController.cs:270 | Check user is exist.
2020/09/20 16:43:59.660 [DEBUG] [UMS.Controllers.ManageUserController]  CheckUserExist:ManageUserController.cs:277 | Save changes: Check user is exist.
2020/09/20 16:43:59.660 [DEBUG] [UMS.Models.AccountContext]  CheckUserExist:AccountContext.cs:24 | Start Account Context.
2020/09/20 16:43:59.660 [DEBUG] [UMS.Models.EditAccountContext]  CheckUserExist:EditAccountContext.cs:24 | Start Edit Account Context.
2020/09/20 16:43:59.690 [DEBUG] [UMS.Controllers.ManageUserController]  CheckUserExist:ManageUserController.cs:270 | Check user is exist.
2020/09/20 16:43:59.690 [DEBUG] [UMS.Controllers.ManageUserController]  CheckUserExist:ManageUserController.cs:277 | Save changes: Check user is exist.
2020/09/20 16:43:59.715 [DEBUG] [UMS.Areas.Identity.Pages.Account.ForgotPasswordModel]  ForgotPassword.cshtml.cs:44 | Start Forgot Password model.
2020/09/20 16:44:00.228 [DEBUG] [UMS.Areas.Identity.Pages.Account.ForgotPasswordModel]  ForgotPassword.cshtml.cs:75 | Finding user.
2020/09/20 16:44:00.248 [WARN] [UMS.Areas.Identity.Pages.Account.ForgotPasswordModel]  ForgotPassword.cshtml.cs:88 | This user can not change password.
2020/09/20 16:44:10.901 [INFO] [Microsoft.Hosting.Lifetime]   | Application is shutting down...
