############################################## User Management System log ##############################################
2020/09/19 22:40:21.878 [INFO] [Microsoft.Hosting.Lifetime]   | Now listening on: https://localhost:44346
2020/09/19 22:40:22.109 [INFO] [Microsoft.Hosting.Lifetime]   | Application started. Press Ctrl+C to shut down.
2020/09/19 22:40:22.114 [INFO] [Microsoft.Hosting.Lifetime]   | Hosting environment: Development
2020/09/19 22:40:22.114 [INFO] [Microsoft.Hosting.Lifetime]   | Content root path: C:\Users\Namchok\Desktop\สหกิจ\ums\UMS
2020/09/19 22:40:22.814 [DEBUG] [UMS.Models.EditAccountContext]  EditAccountContext.cs:24 | Start Edit Account Context.
2020/09/19 22:40:22.814 [DEBUG] [UMS.Models.AccountContext]  AccountContext.cs:24 | Start Account Context.
2020/09/19 22:40:22.814 [DEBUG] [UMS.Areas.Identity.Pages.Account.LoginModel]  Login.cshtml.cs:46 | Starting Login model.
2020/09/19 22:40:22.847 [DEBUG] [UMS.Areas.Identity.Pages.Account.LoginModel]  Login.cshtml.cs:111 | Getting external authentication scheme.
2020/09/19 22:42:55.941 [DEBUG] [UMS.Models.EditAccountContext]  EditAccountContext.cs:24 | Start Edit Account Context.
2020/09/19 22:42:55.941 [DEBUG] [UMS.Models.AccountContext]  AccountContext.cs:24 | Start Account Context.
2020/09/19 22:42:55.956 [DEBUG] [UMS.Areas.Identity.Pages.Account.LoginModel]  Login.cshtml.cs:46 | Starting Login model.
2020/09/19 22:42:57.147 [INFO] [UMS.Areas.Identity.Pages.Account.LoginModel]  Login.cshtml.cs:142 | User logged in.
2020/09/19 22:42:57.189 [INFO] [UMS.Controllers.HomeController] [usermanagement2020@gmail.com] Index:HomeController.cs:60 | Welcome usermanagement2020@gmail.com to UMS.
2020/09/19 22:42:58.879 [DEBUG] [UMS.Models.AccountContext] [usermanagement2020@gmail.com] Index:AccountContext.cs:24 | Start Account Context.
2020/09/19 22:42:58.879 [DEBUG] [UMS.Models.EditAccountContext] [usermanagement2020@gmail.com] Index:EditAccountContext.cs:24 | Start Edit Account Context.
2020/09/19 22:42:58.946 [DEBUG] [UMS.Controllers.ManageUserController] [usermanagement2020@gmail.com] Index:ManageUserController.cs:82 | Get all active user.
2020/09/19 22:43:00.627 [DEBUG] [UMS.Controllers.LogsController] [usermanagement2020@gmail.com] Index:LogsController.cs:64 | Getting top 100 from all logs.
2020/09/19 22:43:02.027 [DEBUG] [UMS.Controllers.EditProfileController] [usermanagement2020@gmail.com] Index:EditProfileController.cs:70 | Get user by ID.
2020/09/19 22:43:03.160 [INFO] [UMS.Controllers.HomeController] [usermanagement2020@gmail.com] Index:HomeController.cs:60 | Welcome usermanagement2020@gmail.com to UMS.
2020/09/19 22:43:05.299 [DEBUG] [UMS.Areas.Identity.Pages.Account.LogoutModel] [usermanagement2020@gmail.com] Logout.cshtml.cs:30 | Starting Log out model.
2020/09/19 22:43:05.315 [INFO] [UMS.Areas.Identity.Pages.Account.LogoutModel] [usermanagement2020@gmail.com] Logout.cshtml.cs:50 | User logged out.
2020/09/19 22:43:05.350 [DEBUG] [UMS.Models.EditAccountContext]  EditAccountContext.cs:24 | Start Edit Account Context.
2020/09/19 22:43:05.350 [DEBUG] [UMS.Models.AccountContext]  AccountContext.cs:24 | Start Account Context.
2020/09/19 22:43:05.376 [DEBUG] [UMS.Areas.Identity.Pages.Account.LoginModel]  Login.cshtml.cs:46 | Starting Login model.
2020/09/19 22:43:05.376 [DEBUG] [UMS.Areas.Identity.Pages.Account.LoginModel]  Login.cshtml.cs:111 | Getting external authentication scheme.
2020/09/19 22:43:44.152 [INFO] [Microsoft.Hosting.Lifetime]   | Application is shutting down...
