############################################## User Management System log ##############################################
2020/09/16 00:25:01.075 [ERROR] [Microsoft.EntityFrameworkCore.Database.Command]   | Failed executing DbCommand (11ms) [Parameters=[], CommandType='Text', CommandTimeout='30']
CREATE TABLE [Account] (
    [acc_Id] nvarchar(450) NOT NULL,
    [acc_User] nvarchar(256) NULL,
    [acc_NormalizedUserName] nvarchar(256) NULL,
    [acc_Email] nvarchar(256) NULL,
    [acc_NormalizedEmail] nvarchar(256) NULL,
    [acc_PasswordHash] nvarchar(max) NULL,
    [acc_SecurityStamp] nvarchar(max) NULL,
    [acc_ConcurrencyStamp] nvarchar(max) NULL,
    [acc_Firstname] nvarchar(256) NULL,
    [acc_Lastname] nvarchar(256) NULL,
    [acc_IsActive] char(10) NOT NULL,
    CONSTRAINT [PK_Account] PRIMARY KEY ([acc_Id])
);
DECLARE @defaultSchema AS sysname;
SET @defaultSchema = SCHEMA_NAME();
EXEC sp_addextendedproperty 'MS_Description', N'User ID', 'SCHEMA', @defaultSchema, 'TABLE', N'Account', 'COLUMN', N'acc_Id';
EXEC sp_addextendedproperty 'MS_Description', N'Username', 'SCHEMA', @defaultSchema, 'TABLE', N'Account', 'COLUMN', N'acc_User';
EXEC sp_addextendedproperty 'MS_Description', N'Normalized UserName', 'SCHEMA', @defaultSchema, 'TABLE', N'Account', 'COLUMN', N'acc_NormalizedUserName';
EXEC sp_addextendedproperty 'MS_Description', N'User email', 'SCHEMA', @defaultSchema, 'TABLE', N'Account', 'COLUMN', N'acc_Email';
EXEC sp_addextendedproperty 'MS_Description', N'Normalized user email', 'SCHEMA', @defaultSchema, 'TABLE', N'Account', 'COLUMN', N'acc_NormalizedEmail';
EXEC sp_addextendedproperty 'MS_Description', N'Password hash', 'SCHEMA', @defaultSchema, 'TABLE', N'Account', 'COLUMN', N'acc_PasswordHash';
EXEC sp_addextendedproperty 'MS_Description', N'Security Stamp', 'SCHEMA', @defaultSchema, 'TABLE', N'Account', 'COLUMN', N'acc_SecurityStamp';
EXEC sp_addextendedproperty 'MS_Description', N'Concurrency Stamp', 'SCHEMA', @defaultSchema, 'TABLE', N'Account', 'COLUMN', N'acc_ConcurrencyStamp';
EXEC sp_addextendedproperty 'MS_Description', N'Firstname', 'SCHEMA', @defaultSchema, 'TABLE', N'Account', 'COLUMN', N'acc_Firstname';
EXEC sp_addextendedproperty 'MS_Description', N'Lastname', 'SCHEMA', @defaultSchema, 'TABLE', N'Account', 'COLUMN', N'acc_Lastname';
EXEC sp_addextendedproperty 'MS_Description', N'Status of account', 'SCHEMA', @defaultSchema, 'TABLE', N'Account', 'COLUMN', N'acc_IsActive';
2020/09/16 00:25:50.657 [ERROR] [Microsoft.EntityFrameworkCore.Database.Command]   | Failed executing DbCommand (9ms) [Parameters=[], CommandType='Text', CommandTimeout='30']
-- =============================================
                        -- Author:		Namchok Singhachai
                        -- Create date: 2020-09-14
                        -- Description:	Search log by text or date
                        -- =============================================
                        ALTER PROCEDURE ums_Search_log
                            @param_dateFirst Date,
                            @param_dateEnd Date,
                            @param_text NVARCHAR(MAX)
                        AS
                        BEGIN
                            IF @param_text = '' OR @param_text = null 
                                SELECT
                                    [dbo].[Logs].[log_Id]
                                    , [dbo].[Logs].[log_datetime]
                                    , CONVERT(VARCHAR(10), [dbo].[Logs].[log_datetime], 111) AS [log_date]
                                    , CONVERT(VARCHAR(10), CAST([dbo].[Logs].[log_datetime] AS TIME	), 0) AS [log_time]
                                    , [dbo].[Logs].[log_level]
                                    , [dbo].[Logs].[log_logger]
                                    , CONCAT([dbo].[Logs].[log_message], ' ', [dbo].[Logs].[log_exception]) AS [log_message]
                                    , [dbo].[Logs].[log_exception]
                                    , [dbo].[Logs].[log_user_identity]
                                    , [dbo].[Logs].[log_mvc_action]
                                    , [dbo].[Logs].[log_filename]
                                    , [dbo].[Logs].[log_linenumber]
                                FROM [dbo].[Logs]
                                WHERE 
                                    CONVERT(date, [dbo].[Logs].[log_datetime], 121) BETWEEN CONVERT(date, @param_dateFirst, 121) AND CONVERT(date, @param_dateEnd, 121)
                                ORDER BY [dbo].[Logs].[log_Id] DESC
                            ELSE IF @param_dateFirst = '' OR @param_dateEnd = ''
                                SELECT
                                    [dbo].[Logs].[log_Id]
                                    , [dbo].[Logs].[log_datetime]
                                    , CONVERT(VARCHAR(10), [dbo].[Logs].[log_datetime], 111) AS [log_date]
                                    , CONVERT(VARCHAR(10), CAST([dbo].[Logs].[log_datetime] AS TIME	), 0) AS [log_time]
                                    , [dbo].[Logs].[log_level]
                                    , [dbo].[Logs].[log_logger]
                                    , CONCAT([dbo].[Logs].[log_message], ' ', [dbo].[Logs].[log_exception]) AS [log_message]
                                    , [dbo].[Logs].[log_exception]
                                    , [dbo].[Logs].[log_user_identity]
                                    , [dbo].[Logs].[log_mvc_action]
                                    , [dbo].[Logs].[log_filename]
                                    , [dbo].[Logs].[log_linenumber]
                                FROM [dbo].[Logs]
                                WHERE 
                                    [log_message] LIKE '%'+@param_text+'%'
                                ORDER BY [dbo].[Logs].[log_Id] DESC
                            ELSE 
                                SELECT
                                    [dbo].[Logs].[log_Id]
                                    , [dbo].[Logs].[log_datetime]
                                    , CONVERT(VARCHAR(10), [dbo].[Logs].[log_datetime], 111) AS [log_date]
                                    , CONVERT(VARCHAR(10), CAST([dbo].[Logs].[log_datetime] AS TIME	), 0) AS [log_time]
                                    , [dbo].[Logs].[log_level]
                                    , [dbo].[Logs].[log_logger]
                                    , CONCAT([dbo].[Logs].[log_message], ' ', [dbo].[Logs].[log_exception]) AS [log_message]
                                    , [dbo].[Logs].[log_exception]
                                    , [dbo].[Logs].[log_user_identity]
                                    , [dbo].[Logs].[log_mvc_action]
                                    , [dbo].[Logs].[log_filename]
                                    , [dbo].[Logs].[log_linenumber]
                                FROM [dbo].[Logs]
                                WHERE 
                                    [log_message] LIKE '%'+@param_text+'%' OR [log_message] LIKE @param_text+'%' OR [log_message] LIKE '%'+@param_text
                                    AND CONVERT(date, [dbo].[Logs].[log_datetime], 121) BETWEEN CONVERT(date, @param_dateFirst, 121) AND CONVERT(date, @param_dateEnd, 121)
                                ORDER BY [dbo].[Logs].[log_Id] DESC
                        END
2020/09/16 00:29:04.583 [ERROR] [Microsoft.EntityFrameworkCore.Database.Command]   | Failed executing DbCommand (8ms) [Parameters=[], CommandType='Text', CommandTimeout='30']
-- =============================================
                        -- Author:		Namchok Singhachai
                        -- Create date: 2020-09-14
                        -- Description:	Search log by text or date
                        -- =============================================
                        ALTER PROCEDURE ums_Search_log
                            @param_dateFirst Date,
                            @param_dateEnd Date,
                            @param_text NVARCHAR(MAX)
                        AS
                        BEGIN
                            IF @param_text = '' OR @param_text = null 
                                SELECT
                                    [dbo].[Logs].[log_Id]
                                    , [dbo].[Logs].[log_datetime]
                                    , CONVERT(VARCHAR(10), [dbo].[Logs].[log_datetime], 111) AS [log_date]
                                    , CONVERT(VARCHAR(10), CAST([dbo].[Logs].[log_datetime] AS TIME	), 0) AS [log_time]
                                    , [dbo].[Logs].[log_level]
                                    , [dbo].[Logs].[log_logger]
                                    , CONCAT([dbo].[Logs].[log_message], ' ', [dbo].[Logs].[log_exception]) AS [log_message]
                                    , [dbo].[Logs].[log_exception]
                                    , [dbo].[Logs].[log_user_identity]
                                    , [dbo].[Logs].[log_mvc_action]
                                    , [dbo].[Logs].[log_filename]
                                    , [dbo].[Logs].[log_linenumber]
                                FROM [dbo].[Logs]
                                WHERE 
                                    CONVERT(date, [dbo].[Logs].[log_datetime], 121) BETWEEN CONVERT(date, @param_dateFirst, 121) AND CONVERT(date, @param_dateEnd, 121)
                                ORDER BY [dbo].[Logs].[log_Id] DESC
                            ELSE IF @param_dateFirst = '' OR @param_dateEnd = ''
                                SELECT
                                    [dbo].[Logs].[log_Id]
                                    , [dbo].[Logs].[log_datetime]
                                    , CONVERT(VARCHAR(10), [dbo].[Logs].[log_datetime], 111) AS [log_date]
                                    , CONVERT(VARCHAR(10), CAST([dbo].[Logs].[log_datetime] AS TIME	), 0) AS [log_time]
                                    , [dbo].[Logs].[log_level]
                                    , [dbo].[Logs].[log_logger]
                                    , CONCAT([dbo].[Logs].[log_message], ' ', [dbo].[Logs].[log_exception]) AS [log_message]
                                    , [dbo].[Logs].[log_exception]
                                    , [dbo].[Logs].[log_user_identity]
                                    , [dbo].[Logs].[log_mvc_action]
                                    , [dbo].[Logs].[log_filename]
                                    , [dbo].[Logs].[log_linenumber]
                                FROM [dbo].[Logs]
                                WHERE 
                                    [log_message] LIKE '%'+@param_text+'%'
                                ORDER BY [dbo].[Logs].[log_Id] DESC
                            ELSE 
                                SELECT
                                    [dbo].[Logs].[log_Id]
                                    , [dbo].[Logs].[log_datetime]
                                    , CONVERT(VARCHAR(10), [dbo].[Logs].[log_datetime], 111) AS [log_date]
                                    , CONVERT(VARCHAR(10), CAST([dbo].[Logs].[log_datetime] AS TIME	), 0) AS [log_time]
                                    , [dbo].[Logs].[log_level]
                                    , [dbo].[Logs].[log_logger]
                                    , CONCAT([dbo].[Logs].[log_message], ' ', [dbo].[Logs].[log_exception]) AS [log_message]
                                    , [dbo].[Logs].[log_exception]
                                    , [dbo].[Logs].[log_user_identity]
                                    , [dbo].[Logs].[log_mvc_action]
                                    , [dbo].[Logs].[log_filename]
                                    , [dbo].[Logs].[log_linenumber]
                                FROM [dbo].[Logs]
                                WHERE 
                                    [log_message] LIKE '%'+@param_text+'%' OR [log_message] LIKE @param_text+'%' OR [log_message] LIKE '%'+@param_text
                                    AND CONVERT(date, [dbo].[Logs].[log_datetime], 121) BETWEEN CONVERT(date, @param_dateFirst, 121) AND CONVERT(date, @param_dateEnd, 121)
                                ORDER BY [dbo].[Logs].[log_Id] DESC
                        END
2020/09/16 00:30:43.350 [ERROR] [Microsoft.EntityFrameworkCore.Database.Command]   | Failed executing DbCommand (8ms) [Parameters=[], CommandType='Text', CommandTimeout='30']
INSERT INTO [dbo].[UserRoles] ([UserId] ,[RoleId])
                            VALUES ('adminidtempfortestsystem2020', 1)
2020/09/16 00:32:33.865 [ERROR] [Microsoft.EntityFrameworkCore.Database.Command]   | Failed executing DbCommand (1ms) [Parameters=[], CommandType='Text', CommandTimeout='30']
INSERT INTO [dbo].[Account] ([acc_Id] ,[acc_User] ,[acc_NormalizedUserName] ,[acc_Email] ,[acc_NormalizedEmail] ,[acc_PasswordHash] ,[acc_SecurityStamp] 
                            ,[acc_ConcurrencyStamp], [acc_Firstname], [acc_Lastname] ,[acc_IsActive]) VALUES ('adminidtempfortestsystem2020' , 'usermanagement2020@gmail.com', 'USERMANAGEMENT2020@GMAIL.com' , 'usermanagement2020@gmail.com', 'USERMANAGEMENT2020@GMAIL.com' , 'AQAAAAEAACcQAAAAEKuboZS9XFQZJ2w6n+Iv/h9lNb/SKUH1AtUwrzPleRfBClrIUQsfNYQCChpGx6MoDQ==' ,'OWWI2VTYV564YBQIUK3PI75QL7DA6NPJ' , 'dc294a4b-8d8a-49b0-8966-e23ff87778b0' , 'Namchok' , 'Singhachai' , 'Y'
2020/09/16 00:36:08.818 [INFO] [Microsoft.Hosting.Lifetime]   | Application started. Press Ctrl+C to shut down.
2020/09/16 00:36:09.093 [INFO] [Microsoft.Hosting.Lifetime]   | Hosting environment: Development
2020/09/16 00:36:09.093 [INFO] [Microsoft.Hosting.Lifetime]   | Content root path: C:\Users\Namchok\Desktop\สหกิจ\ums\UMS
2020/09/16 00:36:10.195 [DEBUG] [UMS.Areas.Identity.Pages.Account.LoginModel]  Login.cshtml.cs:36 | Log in model.
2020/09/16 00:36:10.219 [DEBUG] [UMS.Areas.Identity.Pages.Account.LoginModel]  Login.cshtml.cs:96 | Getting external authentication scheme.
2020/09/16 00:36:13.901 [DEBUG] [UMS.Areas.Identity.Pages.Account.LoginModel]  Login.cshtml.cs:36 | Log in model.
2020/09/16 00:36:14.147 [INFO] [UMS.Areas.Identity.Pages.Account.LoginModel]  Login.cshtml.cs:129 | User logged in.
2020/09/16 00:36:14.180 [INFO] [UMS.Controllers.HomeController] [usermanagement2020@gmail.com] Index:HomeController.cs:60 | Welcome usermanagement2020@gmail.com to UMS.
2020/09/16 00:36:18.512 [DEBUG] [UMS.Controllers.LogsController] [usermanagement2020@gmail.com] Index:LogsController.cs:64 | Getting top 100 from all logs.
2020/09/16 00:36:25.405 [DEBUG] [UMS.Controllers.LogsController] [usermanagement2020@gmail.com] Index:LogsController.cs:64 | Getting top 100 from all logs.
2020/09/16 00:37:50.654 [INFO] [Microsoft.Hosting.Lifetime]   | Now listening on: https://localhost:44346
2020/09/16 00:37:50.860 [INFO] [Microsoft.Hosting.Lifetime]   | Application started. Press Ctrl+C to shut down.
2020/09/16 00:37:50.866 [INFO] [Microsoft.Hosting.Lifetime]   | Hosting environment: Development
2020/09/16 00:37:50.866 [INFO] [Microsoft.Hosting.Lifetime]   | Content root path: C:\Users\Namchok\Desktop\สหกิจ\ums\UMS
2020/09/16 00:37:51.743 [INFO] [UMS.Controllers.HomeController] [usermanagement2020@gmail.com] Index:HomeController.cs:60 | Welcome usermanagement2020@gmail.com to UMS.
2020/09/16 00:37:54.888 [DEBUG] [UMS.Controllers.LogsController] [usermanagement2020@gmail.com] Index:LogsController.cs:64 | Getting top 100 from all logs.
2020/09/16 00:41:17.910 [INFO] [Microsoft.Hosting.Lifetime]   | Now listening on: https://localhost:44346
2020/09/16 00:41:18.115 [INFO] [Microsoft.Hosting.Lifetime]   | Application started. Press Ctrl+C to shut down.
2020/09/16 00:41:18.120 [INFO] [Microsoft.Hosting.Lifetime]   | Hosting environment: Development
2020/09/16 00:41:18.120 [INFO] [Microsoft.Hosting.Lifetime]   | Content root path: C:\Users\Namchok\Desktop\สหกิจ\ums\UMS
2020/09/16 00:41:18.588 [INFO] [UMS.Controllers.HomeController] [usermanagement2020@gmail.com] Index:HomeController.cs:60 | Welcome usermanagement2020@gmail.com to UMS.
2020/09/16 00:41:20.261 [DEBUG] [UMS.Controllers.LogsController] [usermanagement2020@gmail.com] Index:LogsController.cs:64 | Getting top 100 from all logs.
2020/09/16 00:41:35.357 [DEBUG] [UMS.Controllers.LogsController] [usermanagement2020@gmail.com] Search:LogsController.cs:91 | Input Date Input: 09/15/2020 12:00 AM - 09/15/2020 11:00 PM
2020/09/16 00:41:35.357 [DEBUG] [UMS.Controllers.LogsController] [usermanagement2020@gmail.com] Search:LogsController.cs:92 | Input Message: -
2020/09/16 00:41:35.368 [DEBUG] [UMS.Controllers.LogsController] [usermanagement2020@gmail.com] Search:LogsController.cs:104 | Getting log by 09/15/2020 12:00 AM - 09/15/2020 11:00 PM.
2020/09/16 00:43:16.790 [DEBUG] [UMS.Models.AccountContext] [usermanagement2020@gmail.com] Index:AccountContext.cs:24 | Start Account Context.
2020/09/16 00:43:16.790 [DEBUG] [UMS.Models.EditAccountContext] [usermanagement2020@gmail.com] Index:EditAccountContext.cs:24 | Start Edit Account Context.
2020/09/16 00:43:16.886 [DEBUG] [UMS.Controllers.ManageUserController] [usermanagement2020@gmail.com] Index:ManageUserController.cs:81 | Get all active user.
2020/09/16 00:43:18.658 [DEBUG] [UMS.Controllers.EditProfileController] [usermanagement2020@gmail.com] Index:EditProfileController.cs:71 | Get user by ID.
2020/09/16 00:44:12.904 [INFO] [Microsoft.Hosting.Lifetime]   | Application is shutting down...
2020/09/16 01:15:50.630 [ERROR] [Microsoft.EntityFrameworkCore.Database.Command]   | Failed executing DbCommand (7ms) [Parameters=[], CommandType='Text', CommandTimeout='30']
-- =============================================
                        -- Author:		Namchok Singhachai
                        -- Create date: 2020-09-14
                        -- Description:	Search log by text or date
                        -- =============================================
                        ALTER PROCEDURE ums_Search_log
                            @param_dateFirst Date,
                            @param_dateEnd Date,
                            @param_text NVARCHAR(MAX)
                        AS
                        BEGIN
                            IF @param_text = '' OR @param_text = null 
                                SELECT
                                    [dbo].[Logs].[log_Id]
                                    , [dbo].[Logs].[log_datetime]
                                    , CONVERT(VARCHAR(10), [dbo].[Logs].[log_datetime], 111) AS [log_date]
                                    , CONVERT(VARCHAR(10), CAST([dbo].[Logs].[log_datetime] AS TIME	), 0) AS [log_time]
                                    , [dbo].[Logs].[log_level]
                                    , [dbo].[Logs].[log_logger]
                                    , CONCAT([dbo].[Logs].[log_message], ' ', [dbo].[Logs].[log_exception]) AS [log_message]
                                    , [dbo].[Logs].[log_exception]
                                    , [dbo].[Logs].[log_user_identity]
                                    , [dbo].[Logs].[log_mvc_action]
                                    , [dbo].[Logs].[log_filename]
                                    , [dbo].[Logs].[log_linenumber]
                                FROM [dbo].[Logs]
                                WHERE 
                                    CONVERT(date, [dbo].[Logs].[log_datetime], 121) BETWEEN CONVERT(date, @param_dateFirst, 121) AND CONVERT(date, @param_dateEnd, 121)
                                ORDER BY [dbo].[Logs].[log_Id] DESC
                            ELSE IF @param_dateFirst = '' OR @param_dateEnd = ''
                                SELECT
                                    [dbo].[Logs].[log_Id]
                                    , [dbo].[Logs].[log_datetime]
                                    , CONVERT(VARCHAR(10), [dbo].[Logs].[log_datetime], 111) AS [log_date]
                                    , CONVERT(VARCHAR(10), CAST([dbo].[Logs].[log_datetime] AS TIME	), 0) AS [log_time]
                                    , [dbo].[Logs].[log_level]
                                    , [dbo].[Logs].[log_logger]
                                    , CONCAT([dbo].[Logs].[log_message], ' ', [dbo].[Logs].[log_exception]) AS [log_message]
                                    , [dbo].[Logs].[log_exception]
                                    , [dbo].[Logs].[log_user_identity]
                                    , [dbo].[Logs].[log_mvc_action]
                                    , [dbo].[Logs].[log_filename]
                                    , [dbo].[Logs].[log_linenumber]
                                FROM [dbo].[Logs]
                                WHERE 
                                    [log_message] LIKE '%'+@param_text+'%'
                                ORDER BY [dbo].[Logs].[log_Id] DESC
                            ELSE 
                                SELECT
                                    [dbo].[Logs].[log_Id]
                                    , [dbo].[Logs].[log_datetime]
                                    , CONVERT(VARCHAR(10), [dbo].[Logs].[log_datetime], 111) AS [log_date]
                                    , CONVERT(VARCHAR(10), CAST([dbo].[Logs].[log_datetime] AS TIME	), 0) AS [log_time]
                                    , [dbo].[Logs].[log_level]
                                    , [dbo].[Logs].[log_logger]
                                    , CONCAT([dbo].[Logs].[log_message], ' ', [dbo].[Logs].[log_exception]) AS [log_message]
                                    , [dbo].[Logs].[log_exception]
                                    , [dbo].[Logs].[log_user_identity]
                                    , [dbo].[Logs].[log_mvc_action]
                                    , [dbo].[Logs].[log_filename]
                                    , [dbo].[Logs].[log_linenumber]
                                FROM [dbo].[Logs]
                                WHERE 
                                    [log_message] LIKE '%'+@param_text+'%' OR [log_message] LIKE @param_text+'%' OR [log_message] LIKE '%'+@param_text
                                    AND CONVERT(date, [dbo].[Logs].[log_datetime], 121) BETWEEN CONVERT(date, @param_dateFirst, 121) AND CONVERT(date, @param_dateEnd, 121)
                                ORDER BY [dbo].[Logs].[log_Id] DESC
                        END
2020/09/16 01:17:40.603 [INFO] [Microsoft.Hosting.Lifetime]   | Now listening on: https://localhost:44346
2020/09/16 01:17:40.835 [INFO] [Microsoft.Hosting.Lifetime]   | Application started. Press Ctrl+C to shut down.
2020/09/16 01:17:40.835 [INFO] [Microsoft.Hosting.Lifetime]   | Hosting environment: Development
2020/09/16 01:17:40.835 [INFO] [Microsoft.Hosting.Lifetime]   | Content root path: C:\Users\Namchok\Desktop\สหกิจ\ums\UMS
2020/09/16 01:17:42.508 [INFO] [UMS.Controllers.HomeController] [usermanagement2020@gmail.com] Index:HomeController.cs:60 | Welcome usermanagement2020@gmail.com to UMS.
2020/09/16 01:17:45.711 [DEBUG] [UMS.Controllers.LogsController] [usermanagement2020@gmail.com] Index:LogsController.cs:64 | Getting top 100 from all logs.
2020/09/16 01:18:09.116 [DEBUG] [UMS.Controllers.LogsController] [usermanagement2020@gmail.com] Search:LogsController.cs:91 | Input Date Input: 09/16/2020 12:00 AM - 09/16/2020 11:59 PM
2020/09/16 01:18:09.116 [DEBUG] [UMS.Controllers.LogsController] [usermanagement2020@gmail.com] Search:LogsController.cs:92 | Input Message: -
2020/09/16 01:18:09.116 [DEBUG] [UMS.Controllers.LogsController] [usermanagement2020@gmail.com] Search:LogsController.cs:104 | Getting log by 09/16/2020 12:00 AM - 09/16/2020 11:59 PM.
2020/09/16 01:18:25.147 [DEBUG] [UMS.Models.AccountContext] [usermanagement2020@gmail.com] Index:AccountContext.cs:24 | Start Account Context.
2020/09/16 01:18:25.167 [DEBUG] [UMS.Models.EditAccountContext] [usermanagement2020@gmail.com] Index:EditAccountContext.cs:24 | Start Edit Account Context.
2020/09/16 01:18:25.213 [DEBUG] [UMS.Controllers.ManageUserController] [usermanagement2020@gmail.com] Index:ManageUserController.cs:81 | Get all active user.
2020/09/16 01:18:27.758 [DEBUG] [UMS.Models.AccountContext] [usermanagement2020@gmail.com] getUser:AccountContext.cs:24 | Start Account Context.
2020/09/16 01:18:27.758 [DEBUG] [UMS.Models.EditAccountContext] [usermanagement2020@gmail.com] getUser:EditAccountContext.cs:24 | Start Edit Account Context.
2020/09/16 01:18:27.796 [DEBUG] [UMS.Controllers.ManageUserController] [usermanagement2020@gmail.com] getUser:ManageUserController.cs:116 | Get user by ID
2020/09/16 01:18:31.344 [DEBUG] [UMS.Controllers.EditProfileController] [usermanagement2020@gmail.com] Index:EditProfileController.cs:71 | Get user by ID.
2020/09/16 01:18:32.569 [INFO] [UMS.Controllers.HomeController] [usermanagement2020@gmail.com] Index:HomeController.cs:60 | Welcome usermanagement2020@gmail.com to UMS.
2020/09/16 01:18:33.809 [DEBUG] [UMS.Controllers.EditProfileController] [usermanagement2020@gmail.com] Index:EditProfileController.cs:71 | Get user by ID.
2020/09/16 01:18:41.694 [DEBUG] [UMS.Controllers.EditProfileController] [usermanagement2020@gmail.com] editProfile:EditProfileController.cs:98 | Getting value from httpcontext request.
2020/09/16 01:18:41.726 [DEBUG] [UMS.Controllers.EditProfileController] [usermanagement2020@gmail.com] editProfile:EditProfileController.cs:158 | Update name's user.
2020/09/16 01:18:41.726 [DEBUG] [UMS.Controllers.EditProfileController] [usermanagement2020@gmail.com] editProfile:EditProfileController.cs:165 | Save changes: Check update user.
2020/09/16 01:18:41.788 [DEBUG] [UMS.Controllers.EditProfileController] [usermanagement2020@gmail.com] Index:EditProfileController.cs:71 | Get user by ID.
2020/09/16 01:18:44.632 [DEBUG] [UMS.Models.AccountContext] [usermanagement2020@gmail.com] Index:AccountContext.cs:24 | Start Account Context.
2020/09/16 01:18:44.632 [DEBUG] [UMS.Models.EditAccountContext] [usermanagement2020@gmail.com] Index:EditAccountContext.cs:24 | Start Edit Account Context.
2020/09/16 01:18:44.684 [DEBUG] [UMS.Controllers.ManageUserController] [usermanagement2020@gmail.com] Index:ManageUserController.cs:81 | Get all active user.
2020/09/16 01:18:52.055 [DEBUG] [UMS.Controllers.EditProfileController] [usermanagement2020@gmail.com] Index:EditProfileController.cs:71 | Get user by ID.
2020/09/16 01:18:56.212 [DEBUG] [UMS.Controllers.EditProfileController] [usermanagement2020@gmail.com] editProfile:EditProfileController.cs:98 | Getting value from httpcontext request.
2020/09/16 01:18:56.229 [DEBUG] [UMS.Controllers.EditProfileController] [usermanagement2020@gmail.com] editProfile:EditProfileController.cs:158 | Update name's user.
2020/09/16 01:18:56.229 [DEBUG] [UMS.Controllers.EditProfileController] [usermanagement2020@gmail.com] editProfile:EditProfileController.cs:165 | Save changes: Check update user.
2020/09/16 01:18:56.292 [DEBUG] [UMS.Controllers.EditProfileController] [usermanagement2020@gmail.com] Index:EditProfileController.cs:71 | Get user by ID.
2020/09/16 01:21:05.973 [INFO] [Microsoft.Hosting.Lifetime]   | Now listening on: https://localhost:44346
2020/09/16 01:21:06.204 [INFO] [Microsoft.Hosting.Lifetime]   | Application started. Press Ctrl+C to shut down.
2020/09/16 01:21:06.204 [INFO] [Microsoft.Hosting.Lifetime]   | Hosting environment: Development
2020/09/16 01:21:06.212 [INFO] [Microsoft.Hosting.Lifetime]   | Content root path: C:\Users\Namchok\Desktop\สหกิจ\ums\UMS
2020/09/16 01:21:06.726 [INFO] [UMS.Controllers.HomeController] [usermanagement2020@gmail.com] Index:HomeController.cs:60 | Welcome usermanagement2020@gmail.com to UMS.
2020/09/16 01:21:34.985 [DEBUG] [UMS.Areas.Identity.Pages.Account.LogoutModel] [usermanagement2020@gmail.com] Logout.cshtml.cs:30 | Log out model.
2020/09/16 01:21:35.009 [INFO] [UMS.Areas.Identity.Pages.Account.LogoutModel] [usermanagement2020@gmail.com] Logout.cshtml.cs:49 | User logged out.
2020/09/16 01:21:35.056 [DEBUG] [UMS.Areas.Identity.Pages.Account.LoginModel]  Login.cshtml.cs:36 | Log in model.
2020/09/16 01:21:35.071 [DEBUG] [UMS.Areas.Identity.Pages.Account.LoginModel]  Login.cshtml.cs:96 | Getting external authentication scheme.
2020/09/16 01:21:36.868 [DEBUG] [UMS.Models.AccountContext]  AccountContext.cs:24 | Start Account Context.
2020/09/16 01:21:36.868 [DEBUG] [UMS.Areas.Identity.Pages.Account.RegisterModel]  Register.cshtml.cs:57 | Register model.
2020/09/16 01:21:37.040 [DEBUG] [UMS.Models.AccountContext]  checkUserExist:AccountContext.cs:24 | Start Account Context.
2020/09/16 01:21:37.040 [DEBUG] [UMS.Models.EditAccountContext]  checkUserExist:EditAccountContext.cs:24 | Start Edit Account Context.
2020/09/16 01:21:37.646 [DEBUG] [UMS.Controllers.ManageUserController]  checkUserExist:ManageUserController.cs:268 | Check user is exist.
2020/09/16 01:21:37.657 [DEBUG] [UMS.Controllers.ManageUserController]  checkUserExist:ManageUserController.cs:275 | Save changes: Check user is exist.
2020/09/16 01:21:44.347 [DEBUG] [UMS.Models.AccountContext]  checkUserExist:AccountContext.cs:24 | Start Account Context.
2020/09/16 01:21:44.352 [DEBUG] [UMS.Models.EditAccountContext]  checkUserExist:EditAccountContext.cs:24 | Start Edit Account Context.
2020/09/16 01:21:44.369 [DEBUG] [UMS.Controllers.ManageUserController]  checkUserExist:ManageUserController.cs:268 | Check user is exist.
2020/09/16 01:21:44.369 [DEBUG] [UMS.Controllers.ManageUserController]  checkUserExist:ManageUserController.cs:275 | Save changes: Check user is exist.
2020/09/16 01:21:48.344 [DEBUG] [UMS.Models.AccountContext]  AccountContext.cs:24 | Start Account Context.
2020/09/16 01:21:48.351 [DEBUG] [UMS.Areas.Identity.Pages.Account.RegisterModel]  Register.cshtml.cs:57 | Register model.
2020/09/16 01:21:49.099 [INFO] [UMS.Areas.Identity.Pages.Account.RegisterModel]  Register.cshtml.cs:143 | User created a new account with password.
2020/09/16 01:21:49.107 [DEBUG] [UMS.Areas.Identity.Pages.Account.RegisterModel]  Register.cshtml.cs:144 | Generating provider key.
2020/09/16 01:21:49.133 [INFO] [UMS.Areas.Identity.Pages.Account.RegisterModel]  Register.cshtml.cs:150 | User created a new log in.
2020/09/16 01:21:49.257 [INFO] [UMS.Controllers.HomeController] [1@gmail.com] Index:HomeController.cs:60 | Welcome 1@gmail.com to UMS.
2020/09/16 01:21:52.666 [DEBUG] [UMS.Areas.Identity.Pages.Account.LogoutModel] [1@gmail.com] Logout.cshtml.cs:30 | Log out model.
2020/09/16 01:21:52.680 [INFO] [UMS.Areas.Identity.Pages.Account.LogoutModel] [1@gmail.com] Logout.cshtml.cs:49 | User logged out.
2020/09/16 01:21:52.714 [DEBUG] [UMS.Areas.Identity.Pages.Account.LoginModel]  Login.cshtml.cs:36 | Log in model.
2020/09/16 01:21:52.733 [DEBUG] [UMS.Areas.Identity.Pages.Account.LoginModel]  Login.cshtml.cs:96 | Getting external authentication scheme.
2020/09/16 01:21:54.241 [DEBUG] [UMS.Models.AccountContext]  AccountContext.cs:24 | Start Account Context.
2020/09/16 01:21:54.241 [DEBUG] [UMS.Areas.Identity.Pages.Account.RegisterModel]  Register.cshtml.cs:57 | Register model.
2020/09/16 01:21:54.391 [DEBUG] [UMS.Models.AccountContext]  checkUserExist:AccountContext.cs:24 | Start Account Context.
2020/09/16 01:21:54.391 [DEBUG] [UMS.Models.EditAccountContext]  checkUserExist:EditAccountContext.cs:24 | Start Edit Account Context.
2020/09/16 01:21:54.433 [DEBUG] [UMS.Controllers.ManageUserController]  checkUserExist:ManageUserController.cs:268 | Check user is exist.
2020/09/16 01:21:54.448 [DEBUG] [UMS.Controllers.ManageUserController]  checkUserExist:ManageUserController.cs:275 | Save changes: Check user is exist.
2020/09/16 01:21:58.928 [DEBUG] [UMS.Models.AccountContext]  checkUserExist:AccountContext.cs:24 | Start Account Context.
2020/09/16 01:21:58.934 [DEBUG] [UMS.Models.EditAccountContext]  checkUserExist:EditAccountContext.cs:24 | Start Edit Account Context.
2020/09/16 01:21:58.960 [DEBUG] [UMS.Controllers.ManageUserController]  checkUserExist:ManageUserController.cs:268 | Check user is exist.
2020/09/16 01:21:58.976 [DEBUG] [UMS.Controllers.ManageUserController]  checkUserExist:ManageUserController.cs:275 | Save changes: Check user is exist.
2020/09/16 01:22:02.197 [DEBUG] [UMS.Models.AccountContext]  AccountContext.cs:24 | Start Account Context.
2020/09/16 01:22:02.197 [DEBUG] [UMS.Areas.Identity.Pages.Account.RegisterModel]  Register.cshtml.cs:57 | Register model.
2020/09/16 01:22:02.243 [INFO] [UMS.Areas.Identity.Pages.Account.RegisterModel]  Register.cshtml.cs:143 | User created a new account with password.
2020/09/16 01:22:02.243 [DEBUG] [UMS.Areas.Identity.Pages.Account.RegisterModel]  Register.cshtml.cs:144 | Generating provider key.
2020/09/16 01:22:02.258 [INFO] [UMS.Areas.Identity.Pages.Account.RegisterModel]  Register.cshtml.cs:150 | User created a new log in.
2020/09/16 01:22:02.290 [INFO] [UMS.Controllers.HomeController] [2@gmail.com] Index:HomeController.cs:60 | Welcome 2@gmail.com to UMS.
2020/09/16 01:22:04.351 [DEBUG] [UMS.Areas.Identity.Pages.Account.LogoutModel] [2@gmail.com] Logout.cshtml.cs:30 | Log out model.
2020/09/16 01:22:04.351 [INFO] [UMS.Areas.Identity.Pages.Account.LogoutModel] [2@gmail.com] Logout.cshtml.cs:49 | User logged out.
2020/09/16 01:22:04.387 [DEBUG] [UMS.Areas.Identity.Pages.Account.LoginModel]  Login.cshtml.cs:36 | Log in model.
2020/09/16 01:22:04.398 [DEBUG] [UMS.Areas.Identity.Pages.Account.LoginModel]  Login.cshtml.cs:96 | Getting external authentication scheme.
2020/09/16 01:22:06.744 [DEBUG] [UMS.Models.AccountContext]  AccountContext.cs:24 | Start Account Context.
2020/09/16 01:22:06.744 [DEBUG] [UMS.Areas.Identity.Pages.Account.RegisterModel]  Register.cshtml.cs:57 | Register model.
2020/09/16 01:22:06.905 [DEBUG] [UMS.Models.AccountContext]  checkUserExist:AccountContext.cs:24 | Start Account Context.
2020/09/16 01:22:06.905 [DEBUG] [UMS.Models.EditAccountContext]  checkUserExist:EditAccountContext.cs:24 | Start Edit Account Context.
2020/09/16 01:22:06.950 [DEBUG] [UMS.Controllers.ManageUserController]  checkUserExist:ManageUserController.cs:268 | Check user is exist.
2020/09/16 01:22:06.950 [DEBUG] [UMS.Controllers.ManageUserController]  checkUserExist:ManageUserController.cs:275 | Save changes: Check user is exist.
2020/09/16 01:22:17.260 [DEBUG] [UMS.Models.AccountContext]  checkUserExist:AccountContext.cs:24 | Start Account Context.
2020/09/16 01:22:17.260 [DEBUG] [UMS.Models.EditAccountContext]  checkUserExist:EditAccountContext.cs:24 | Start Edit Account Context.
2020/09/16 01:22:17.310 [DEBUG] [UMS.Controllers.ManageUserController]  checkUserExist:ManageUserController.cs:268 | Check user is exist.
2020/09/16 01:22:17.310 [DEBUG] [UMS.Controllers.ManageUserController]  checkUserExist:ManageUserController.cs:275 | Save changes: Check user is exist.
2020/09/16 01:22:19.165 [DEBUG] [UMS.Models.AccountContext]  AccountContext.cs:24 | Start Account Context.
2020/09/16 01:22:19.165 [DEBUG] [UMS.Areas.Identity.Pages.Account.RegisterModel]  Register.cshtml.cs:57 | Register model.
2020/09/16 01:22:19.233 [INFO] [UMS.Areas.Identity.Pages.Account.RegisterModel]  Register.cshtml.cs:143 | User created a new account with password.
2020/09/16 01:22:19.233 [DEBUG] [UMS.Areas.Identity.Pages.Account.RegisterModel]  Register.cshtml.cs:144 | Generating provider key.
2020/09/16 01:22:19.250 [INFO] [UMS.Areas.Identity.Pages.Account.RegisterModel]  Register.cshtml.cs:150 | User created a new log in.
2020/09/16 01:22:19.292 [INFO] [UMS.Controllers.HomeController] [3@gmail.com] Index:HomeController.cs:60 | Welcome 3@gmail.com to UMS.
2020/09/16 01:22:21.732 [DEBUG] [UMS.Areas.Identity.Pages.Account.LogoutModel] [3@gmail.com] Logout.cshtml.cs:30 | Log out model.
2020/09/16 01:22:21.745 [INFO] [UMS.Areas.Identity.Pages.Account.LogoutModel] [3@gmail.com] Logout.cshtml.cs:49 | User logged out.
2020/09/16 01:22:21.777 [DEBUG] [UMS.Areas.Identity.Pages.Account.LoginModel]  Login.cshtml.cs:36 | Log in model.
2020/09/16 01:22:21.793 [DEBUG] [UMS.Areas.Identity.Pages.Account.LoginModel]  Login.cshtml.cs:96 | Getting external authentication scheme.
2020/09/16 01:22:22.726 [DEBUG] [UMS.Areas.Identity.Pages.Account.LoginModel]  Login.cshtml.cs:36 | Log in model.
2020/09/16 01:22:22.768 [INFO] [UMS.Areas.Identity.Pages.Account.LoginModel]  Login.cshtml.cs:129 | User logged in.
2020/09/16 01:22:22.805 [INFO] [UMS.Controllers.HomeController] [usermanagement2020@gmail.com] Index:HomeController.cs:60 | Welcome usermanagement2020@gmail.com to UMS.
2020/09/16 01:22:24.230 [DEBUG] [UMS.Models.AccountContext] [usermanagement2020@gmail.com] Index:AccountContext.cs:24 | Start Account Context.
2020/09/16 01:22:24.230 [DEBUG] [UMS.Models.EditAccountContext] [usermanagement2020@gmail.com] Index:EditAccountContext.cs:24 | Start Edit Account Context.
2020/09/16 01:22:24.283 [DEBUG] [UMS.Controllers.ManageUserController] [usermanagement2020@gmail.com] Index:ManageUserController.cs:81 | Get all active user.
2020/09/16 01:25:00.798 [INFO] [Microsoft.Hosting.Lifetime]   | Now listening on: https://localhost:44346
2020/09/16 01:25:01.054 [INFO] [Microsoft.Hosting.Lifetime]   | Application started. Press Ctrl+C to shut down.
2020/09/16 01:25:01.054 [INFO] [Microsoft.Hosting.Lifetime]   | Hosting environment: Development
2020/09/16 01:25:01.054 [INFO] [Microsoft.Hosting.Lifetime]   | Content root path: C:\Users\Namchok\Desktop\สหกิจ\ums\UMS
2020/09/16 01:25:01.446 [INFO] [UMS.Controllers.HomeController] [usermanagement2020@gmail.com] Index:HomeController.cs:60 | Welcome usermanagement2020@gmail.com to UMS.
2020/09/16 01:25:11.913 [DEBUG] [UMS.Controllers.LogsController] [usermanagement2020@gmail.com] Index:LogsController.cs:64 | Getting top 100 from all logs.
2020/09/16 01:25:15.269 [DEBUG] [UMS.Models.AccountContext] [usermanagement2020@gmail.com] Index:AccountContext.cs:24 | Start Account Context.
2020/09/16 01:25:15.277 [DEBUG] [UMS.Models.EditAccountContext] [usermanagement2020@gmail.com] Index:EditAccountContext.cs:24 | Start Edit Account Context.
2020/09/16 01:25:15.396 [DEBUG] [UMS.Controllers.ManageUserController] [usermanagement2020@gmail.com] Index:ManageUserController.cs:81 | Get all active user.
2020/09/16 01:25:29.001 [DEBUG] [UMS.Models.AccountContext] [usermanagement2020@gmail.com] getUser:AccountContext.cs:24 | Start Account Context.
2020/09/16 01:25:29.001 [DEBUG] [UMS.Models.EditAccountContext] [usermanagement2020@gmail.com] getUser:EditAccountContext.cs:24 | Start Edit Account Context.
2020/09/16 01:25:29.064 [DEBUG] [UMS.Controllers.ManageUserController] [usermanagement2020@gmail.com] getUser:ManageUserController.cs:116 | Get user by ID
2020/09/16 01:25:31.884 [DEBUG] [UMS.Models.AccountContext] [usermanagement2020@gmail.com] editUser:AccountContext.cs:24 | Start Account Context.
2020/09/16 01:25:31.884 [DEBUG] [UMS.Models.EditAccountContext] [usermanagement2020@gmail.com] editUser:EditAccountContext.cs:24 | Start Edit Account Context.
2020/09/16 01:25:31.916 [DEBUG] [UMS.Controllers.ManageUserController] [usermanagement2020@gmail.com] editUser:ManageUserController.cs:154 | Set role ID.
2020/09/16 01:25:31.933 [DEBUG] [UMS.Controllers.ManageUserController] [usermanagement2020@gmail.com] editUser:ManageUserController.cs:166 | Update name'user.
2020/09/16 01:25:31.933 [DEBUG] [UMS.Controllers.ManageUserController] [usermanagement2020@gmail.com] editUser:ManageUserController.cs:168 | Update role'user.
2020/09/16 01:25:31.953 [DEBUG] [UMS.Controllers.ManageUserController] [usermanagement2020@gmail.com] editUser:ManageUserController.cs:176 | Save changes: Update user.
2020/09/16 01:25:31.966 [DEBUG] [UMS.Models.AccountContext] [usermanagement2020@gmail.com] Index:AccountContext.cs:24 | Start Account Context.
2020/09/16 01:25:31.966 [DEBUG] [UMS.Models.EditAccountContext] [usermanagement2020@gmail.com] Index:EditAccountContext.cs:24 | Start Edit Account Context.
2020/09/16 01:25:31.992 [DEBUG] [UMS.Controllers.ManageUserController] [usermanagement2020@gmail.com] Index:ManageUserController.cs:81 | Get all active user.
2020/09/16 01:25:38.372 [DEBUG] [UMS.Areas.Identity.Pages.Account.LogoutModel] [usermanagement2020@gmail.com] Logout.cshtml.cs:30 | Log out model.
2020/09/16 01:25:38.385 [INFO] [UMS.Areas.Identity.Pages.Account.LogoutModel] [usermanagement2020@gmail.com] Logout.cshtml.cs:49 | User logged out.
2020/09/16 01:25:38.443 [DEBUG] [UMS.Areas.Identity.Pages.Account.LoginModel]  Login.cshtml.cs:36 | Log in model.
2020/09/16 01:25:38.461 [DEBUG] [UMS.Areas.Identity.Pages.Account.LoginModel]  Login.cshtml.cs:96 | Getting external authentication scheme.
2020/09/16 01:25:44.870 [DEBUG] [UMS.Areas.Identity.Pages.Account.LoginModel]  Login.cshtml.cs:36 | Log in model.
2020/09/16 01:25:45.282 [INFO] [UMS.Areas.Identity.Pages.Account.LoginModel]  Login.cshtml.cs:129 | User logged in.
2020/09/16 01:25:45.320 [INFO] [UMS.Controllers.HomeController] [1@gmail.com] Index:HomeController.cs:60 | Welcome 1@gmail.com to UMS.
2020/09/16 01:25:48.353 [DEBUG] [UMS.Controllers.LogsController] [1@gmail.com] Index:LogsController.cs:64 | Getting top 100 from all logs.
2020/09/16 01:25:50.196 [DEBUG] [UMS.Models.AccountContext] [1@gmail.com] Index:AccountContext.cs:24 | Start Account Context.
2020/09/16 01:25:50.196 [DEBUG] [UMS.Models.EditAccountContext] [1@gmail.com] Index:EditAccountContext.cs:24 | Start Edit Account Context.
2020/09/16 01:25:50.244 [DEBUG] [UMS.Controllers.ManageUserController] [1@gmail.com] Index:ManageUserController.cs:81 | Get all active user.
2020/09/16 01:25:54.759 [DEBUG] [UMS.Areas.Identity.Pages.Account.LogoutModel] [1@gmail.com] Logout.cshtml.cs:30 | Log out model.
2020/09/16 01:25:54.773 [INFO] [UMS.Areas.Identity.Pages.Account.LogoutModel] [1@gmail.com] Logout.cshtml.cs:49 | User logged out.
2020/09/16 01:25:54.792 [DEBUG] [UMS.Areas.Identity.Pages.Account.LoginModel]  Login.cshtml.cs:36 | Log in model.
2020/09/16 01:25:54.807 [DEBUG] [UMS.Areas.Identity.Pages.Account.LoginModel]  Login.cshtml.cs:96 | Getting external authentication scheme.
2020/09/16 01:25:55.886 [DEBUG] [UMS.Areas.Identity.Pages.Account.LoginModel]  Login.cshtml.cs:36 | Log in model.
2020/09/16 01:25:55.918 [INFO] [UMS.Areas.Identity.Pages.Account.LoginModel]  Login.cshtml.cs:129 | User logged in.
2020/09/16 01:25:55.959 [INFO] [UMS.Controllers.HomeController] [usermanagement2020@gmail.com] Index:HomeController.cs:60 | Welcome usermanagement2020@gmail.com to UMS.
