######################################## User Management System log All Trace #########################################
2020/11/05 09:28:23.572 [TRACE] [UMS.Program]  Program.cs:27 | Starting Program.
2020/11/05 09:28:25.667 [INFO] [Microsoft.Hosting.Lifetime]   | Now listening on: https://localhost:44346
2020/11/05 09:28:26.014 [INFO] [Microsoft.Hosting.Lifetime]   | Application started. Press Ctrl+C to shut down.
2020/11/05 09:28:26.021 [INFO] [Microsoft.Hosting.Lifetime]   | Hosting environment: Development
2020/11/05 09:28:26.021 [INFO] [Microsoft.Hosting.Lifetime]   | Content root path: C:\Users\Namchok\Desktop\สหกิจ\ums\UMS
2020/11/05 09:28:26.476 [TRACE] [UMS.Data.AuthDbContext]  Index:AuthDbContext.cs:27 | Start application context.
2020/11/05 09:28:27.786 [INFO] [UMS.Controllers.HomeController] [usermanagement2020@gmail.com] Index:HomeController.cs:29 | Start home controller.
2020/11/05 09:28:27.799 [TRACE] [UMS.Controllers.HomeController] [usermanagement2020@gmail.com] Index:HomeController.cs:41 | Start home index.
2020/11/05 09:28:27.799 [INFO] [UMS.Controllers.HomeController] [usermanagement2020@gmail.com] Index:HomeController.cs:42 | Welcome, usermanagement2020@gmail.com.
2020/11/05 09:28:27.799 [TRACE] [UMS.Controllers.HomeController] [usermanagement2020@gmail.com] Index:HomeController.cs:43 | Finding a user ID.
2020/11/05 09:28:27.799 [TRACE] [UMS.Controllers.HomeController] [usermanagement2020@gmail.com] Index:HomeController.cs:45 | End home index.
2020/11/05 09:28:30.628 [TRACE] [UMS.Data.AuthDbContext]  Index:AuthDbContext.cs:27 | Start application context.
2020/11/05 09:28:30.628 [INFO] [UMS.Controllers.ProjectController] [usermanagement2020@gmail.com] Index:ProjectController.cs:32 | Start project controller.
2020/11/05 09:29:19.727 [TRACE] [UMS.Data.AuthDbContext]  Index:AuthDbContext.cs:27 | Start application context.
2020/11/05 09:29:19.749 [INFO] [UMS.Controllers.LogsController] [usermanagement2020@gmail.com] Index:LogsController.cs:31 | Start logs controller.
2020/11/05 09:29:19.760 [TRACE] [UMS.Controllers.LogsController] [usermanagement2020@gmail.com] Index:LogsController.cs:43 | Start logs index.
2020/11/05 09:29:19.760 [TRACE] [UMS.Controllers.LogsController] [usermanagement2020@gmail.com] Index:LogsController.cs:44 | Finding user ID.
2020/11/05 09:29:19.760 [DEBUG] [UMS.Controllers.LogsController] [usermanagement2020@gmail.com] Index:LogsController.cs:46 | Getting top 100 from all logs.
2020/11/05 09:29:19.833 [TRACE] [UMS.Controllers.LogsController] [usermanagement2020@gmail.com] Index:LogsController.cs:49 | End logs index.
2020/11/05 09:29:21.465 [TRACE] [UMS.Data.AuthDbContext]  Index:AuthDbContext.cs:27 | Start application context.
2020/11/05 09:29:21.471 [INFO] [UMS.Controllers.ProjectController] [usermanagement2020@gmail.com] Index:ProjectController.cs:32 | Start project controller.
2020/11/05 09:29:22.734 [TRACE] [UMS.Data.AuthDbContext]  Member:AuthDbContext.cs:27 | Start application context.
2020/11/05 09:29:22.740 [INFO] [UMS.Controllers.ExamplePage] [usermanagement2020@gmail.com] Member:ExamplePage.cs:27 | Start example page controller.
2020/11/05 09:29:24.378 [TRACE] [UMS.Data.AuthDbContext]  Index:AuthDbContext.cs:27 | Start application context.
2020/11/05 09:29:24.378 [INFO] [UMS.Controllers.ProjectController] [usermanagement2020@gmail.com] Index:ProjectController.cs:32 | Start project controller.
2020/11/05 09:47:24.943 [TRACE] [UMS.Program]  Program.cs:27 | Starting Program.
2020/11/05 09:47:26.550 [INFO] [Microsoft.Hosting.Lifetime]   | Now listening on: https://localhost:44346
2020/11/05 09:47:26.813 [INFO] [Microsoft.Hosting.Lifetime]   | Application started. Press Ctrl+C to shut down.
2020/11/05 09:47:26.818 [INFO] [Microsoft.Hosting.Lifetime]   | Hosting environment: Development
2020/11/05 09:47:26.818 [INFO] [Microsoft.Hosting.Lifetime]   | Content root path: C:\Users\Namchok\Desktop\สหกิจ\ums\UMS
2020/11/05 09:47:27.240 [TRACE] [UMS.Data.AuthDbContext]  Index:AuthDbContext.cs:27 | Start application context.
2020/11/05 09:47:27.282 [INFO] [UMS.Controllers.HomeController] [usermanagement2020@gmail.com] Index:HomeController.cs:29 | Start home controller.
2020/11/05 09:47:27.290 [TRACE] [UMS.Controllers.HomeController] [usermanagement2020@gmail.com] Index:HomeController.cs:41 | Start home index.
2020/11/05 09:47:27.290 [INFO] [UMS.Controllers.HomeController] [usermanagement2020@gmail.com] Index:HomeController.cs:42 | Welcome, usermanagement2020@gmail.com.
2020/11/05 09:47:27.290 [TRACE] [UMS.Controllers.HomeController] [usermanagement2020@gmail.com] Index:HomeController.cs:43 | Finding a user ID.
2020/11/05 09:47:27.290 [TRACE] [UMS.Controllers.HomeController] [usermanagement2020@gmail.com] Index:HomeController.cs:45 | End home index.
2020/11/05 09:57:12.549 [TRACE] [UMS.Data.AuthDbContext]  EditProfile:AuthDbContext.cs:27 | Start application context.
2020/11/05 09:57:12.576 [INFO] [UMS.Controllers.ManageUserController] [usermanagement2020@gmail.com] EditProfile:ManageUserController.cs:42 | Start manage user controller.
2020/11/05 09:57:12.583 [TRACE] [UMS.Controllers.ManageUserController] [usermanagement2020@gmail.com] EditProfile:ManageUserController.cs:272 | Start edit profile index.
2020/11/05 09:57:12.583 [DEBUG] [UMS.Controllers.ManageUserController] [usermanagement2020@gmail.com] EditProfile:ManageUserController.cs:275 | Getting a user by ID.
2020/11/05 09:57:13.660 [TRACE] [UMS.Controllers.ManageUserController] [usermanagement2020@gmail.com] EditProfile:ManageUserController.cs:278 | End edit profile controller index.
2020/11/05 09:59:21.082 [TRACE] [UMS.Data.AuthDbContext]  EditProfile:AuthDbContext.cs:27 | Start application context.
2020/11/05 09:59:21.313 [INFO] [UMS.Controllers.ManageUserController] [usermanagement2020@gmail.com] EditProfile:ManageUserController.cs:42 | Start manage user controller.
2020/11/05 09:59:21.320 [TRACE] [UMS.Controllers.ManageUserController] [usermanagement2020@gmail.com] EditProfile:ManageUserController.cs:272 | Start edit profile index.
2020/11/05 09:59:21.320 [DEBUG] [UMS.Controllers.ManageUserController] [usermanagement2020@gmail.com] EditProfile:ManageUserController.cs:275 | Getting a user by ID.
2020/11/05 09:59:21.332 [TRACE] [UMS.Controllers.ManageUserController] [usermanagement2020@gmail.com] EditProfile:ManageUserController.cs:278 | End edit profile controller index.
2020/11/05 10:00:24.744 [TRACE] [UMS.Data.AuthDbContext]  EditProfile:AuthDbContext.cs:27 | Start application context.
2020/11/05 10:00:24.754 [INFO] [UMS.Controllers.ManageUserController] [usermanagement2020@gmail.com] EditProfile:ManageUserController.cs:42 | Start manage user controller.
2020/11/05 10:00:24.754 [TRACE] [UMS.Controllers.ManageUserController] [usermanagement2020@gmail.com] EditProfile:ManageUserController.cs:272 | Start edit profile index.
2020/11/05 10:00:24.770 [DEBUG] [UMS.Controllers.ManageUserController] [usermanagement2020@gmail.com] EditProfile:ManageUserController.cs:275 | Getting a user by ID.
2020/11/05 10:00:24.792 [TRACE] [UMS.Controllers.ManageUserController] [usermanagement2020@gmail.com] EditProfile:ManageUserController.cs:278 | End edit profile controller index.
2020/11/05 10:02:06.598 [TRACE] [UMS.Data.AuthDbContext]  EditProfile:AuthDbContext.cs:27 | Start application context.
2020/11/05 10:02:06.598 [INFO] [UMS.Controllers.ManageUserController] [usermanagement2020@gmail.com] EditProfile:ManageUserController.cs:42 | Start manage user controller.
2020/11/05 10:02:06.598 [TRACE] [UMS.Controllers.ManageUserController] [usermanagement2020@gmail.com] EditProfile:ManageUserController.cs:272 | Start edit profile index.
2020/11/05 10:02:06.611 [DEBUG] [UMS.Controllers.ManageUserController] [usermanagement2020@gmail.com] EditProfile:ManageUserController.cs:275 | Getting a user by ID.
2020/11/05 10:02:06.611 [TRACE] [UMS.Controllers.ManageUserController] [usermanagement2020@gmail.com] EditProfile:ManageUserController.cs:278 | End edit profile controller index.
2020/11/05 10:03:24.473 [TRACE] [UMS.Data.AuthDbContext]  EditProfile:AuthDbContext.cs:27 | Start application context.
2020/11/05 10:03:24.473 [INFO] [UMS.Controllers.ManageUserController] [usermanagement2020@gmail.com] EditProfile:ManageUserController.cs:42 | Start manage user controller.
2020/11/05 10:03:24.473 [TRACE] [UMS.Controllers.ManageUserController] [usermanagement2020@gmail.com] EditProfile:ManageUserController.cs:272 | Start edit profile index.
2020/11/05 10:03:24.487 [DEBUG] [UMS.Controllers.ManageUserController] [usermanagement2020@gmail.com] EditProfile:ManageUserController.cs:275 | Getting a user by ID.
2020/11/05 10:03:24.487 [TRACE] [UMS.Controllers.ManageUserController] [usermanagement2020@gmail.com] EditProfile:ManageUserController.cs:278 | End edit profile controller index.
2020/11/05 10:03:50.125 [TRACE] [UMS.Data.AuthDbContext]  EditProfile:AuthDbContext.cs:27 | Start application context.
2020/11/05 10:03:50.128 [INFO] [UMS.Controllers.ManageUserController] [usermanagement2020@gmail.com] EditProfile:ManageUserController.cs:42 | Start manage user controller.
2020/11/05 10:03:50.128 [TRACE] [UMS.Controllers.ManageUserController] [usermanagement2020@gmail.com] EditProfile:ManageUserController.cs:272 | Start edit profile index.
2020/11/05 10:03:50.128 [DEBUG] [UMS.Controllers.ManageUserController] [usermanagement2020@gmail.com] EditProfile:ManageUserController.cs:275 | Getting a user by ID.
2020/11/05 10:03:50.146 [TRACE] [UMS.Controllers.ManageUserController] [usermanagement2020@gmail.com] EditProfile:ManageUserController.cs:278 | End edit profile controller index.
2020/11/05 12:06:11.479 [TRACE] [UMS.Program]  Program.cs:27 | Starting Program.
2020/11/05 12:06:13.291 [INFO] [Microsoft.Hosting.Lifetime]   | Now listening on: https://localhost:44346
2020/11/05 12:06:13.492 [INFO] [Microsoft.Hosting.Lifetime]   | Application started. Press Ctrl+C to shut down.
2020/11/05 12:06:13.492 [INFO] [Microsoft.Hosting.Lifetime]   | Hosting environment: Development
2020/11/05 12:06:13.492 [INFO] [Microsoft.Hosting.Lifetime]   | Content root path: C:\Users\Namchok\Desktop\สหกิจ\ums\UMS
2020/11/05 12:06:14.238 [ERROR] [Microsoft.AspNetCore.Diagnostics.DeveloperExceptionPageMiddleware]  Index: | An unhandled exception has occurred while executing the request.System.Reflection.TargetInvocationException: Exception has been thrown by the target of an invocation.
 ---> System.TypeLoadException: Could not load type 'Microsoft.AspNetCore.Authentication.Internal.RequestPathBaseCookieBuilder' from assembly 'Microsoft.AspNetCore.Authentication, Version=3.1.9.0, Culture=neutral, PublicKeyToken=adb9793829ddae60'.
   at Microsoft.AspNetCore.Authentication.OpenIdConnect.OpenIdConnectOptions..ctor()
   --- End of inner exception stack trace ---
   at System.RuntimeTypeHandle.CreateInstance(RuntimeType type, Boolean publicOnly, Boolean wrapExceptions, Boolean& canBeCached, RuntimeMethodHandleInternal& ctor, Boolean& hasNoDefaultCtor)
   at System.RuntimeType.CreateInstanceDefaultCtorSlow(Boolean publicOnly, Boolean wrapExceptions, Boolean fillCache)
   at System.RuntimeType.CreateInstanceDefaultCtor(Boolean publicOnly, Boolean skipCheckThis, Boolean fillCache, Boolean wrapExceptions)
   at System.Activator.CreateInstance[T]()
   at Microsoft.Extensions.Options.OptionsFactory`1.Create(String name)
   at Microsoft.Extensions.Options.OptionsMonitor`1.<>c__DisplayClass11_0.<Get>b__0()
   at System.Lazy`1.ViaFactory(LazyThreadSafetyMode mode)
   at System.Lazy`1.ExecutionAndPublication(LazyHelper executionAndPublication, Boolean useDefaultConstructor)
   at System.Lazy`1.CreateValue()
   at System.Lazy`1.get_Value()
   at Microsoft.Extensions.Options.OptionsCache`1.GetOrAdd(String name, Func`1 createOptions)
   at Microsoft.Extensions.Options.OptionsMonitor`1.Get(String name)
   at Microsoft.AspNetCore.Authentication.AuthenticationHandler`1.InitializeAsync(AuthenticationScheme scheme, HttpContext context)
   at Microsoft.AspNetCore.Authentication.AuthenticationHandlerProvider.GetHandlerAsync(HttpContext context, String authenticationScheme)
   at Microsoft.AspNetCore.Authentication.AuthenticationMiddleware.Invoke(HttpContext context)
   at Microsoft.AspNetCore.Diagnostics.DeveloperExceptionPageMiddleware.Invoke(HttpContext context)
2020/11/05 12:07:51.604 [TRACE] [UMS.Program]  Program.cs:27 | Starting Program.
2020/11/05 12:07:53.127 [INFO] [Microsoft.Hosting.Lifetime]   | Now listening on: https://localhost:44346
2020/11/05 12:07:53.305 [INFO] [Microsoft.Hosting.Lifetime]   | Application started. Press Ctrl+C to shut down.
2020/11/05 12:07:53.305 [INFO] [Microsoft.Hosting.Lifetime]   | Hosting environment: Development
2020/11/05 12:07:53.305 [INFO] [Microsoft.Hosting.Lifetime]   | Content root path: C:\Users\Namchok\Desktop\สหกิจ\ums\UMS
2020/11/05 12:07:53.907 [ERROR] [Microsoft.AspNetCore.Diagnostics.DeveloperExceptionPageMiddleware]  Index: | An unhandled exception has occurred while executing the request.System.Reflection.TargetInvocationException: Exception has been thrown by the target of an invocation.
 ---> System.TypeLoadException: Could not load type 'Microsoft.AspNetCore.Authentication.Internal.RequestPathBaseCookieBuilder' from assembly 'Microsoft.AspNetCore.Authentication, Version=3.1.9.0, Culture=neutral, PublicKeyToken=adb9793829ddae60'.
   at Microsoft.AspNetCore.Authentication.OpenIdConnect.OpenIdConnectOptions..ctor()
   --- End of inner exception stack trace ---
   at System.RuntimeTypeHandle.CreateInstance(RuntimeType type, Boolean publicOnly, Boolean wrapExceptions, Boolean& canBeCached, RuntimeMethodHandleInternal& ctor, Boolean& hasNoDefaultCtor)
   at System.RuntimeType.CreateInstanceDefaultCtorSlow(Boolean publicOnly, Boolean wrapExceptions, Boolean fillCache)
   at System.RuntimeType.CreateInstanceDefaultCtor(Boolean publicOnly, Boolean skipCheckThis, Boolean fillCache, Boolean wrapExceptions)
   at System.Activator.CreateInstance[T]()
   at Microsoft.Extensions.Options.OptionsFactory`1.Create(String name)
   at Microsoft.Extensions.Options.OptionsMonitor`1.<>c__DisplayClass11_0.<Get>b__0()
   at System.Lazy`1.ViaFactory(LazyThreadSafetyMode mode)
   at System.Lazy`1.ExecutionAndPublication(LazyHelper executionAndPublication, Boolean useDefaultConstructor)
   at System.Lazy`1.CreateValue()
   at System.Lazy`1.get_Value()
   at Microsoft.Extensions.Options.OptionsCache`1.GetOrAdd(String name, Func`1 createOptions)
   at Microsoft.Extensions.Options.OptionsMonitor`1.Get(String name)
   at Microsoft.AspNetCore.Authentication.AuthenticationHandler`1.InitializeAsync(AuthenticationScheme scheme, HttpContext context)
   at Microsoft.AspNetCore.Authentication.AuthenticationHandlerProvider.GetHandlerAsync(HttpContext context, String authenticationScheme)
   at Microsoft.AspNetCore.Authentication.AuthenticationMiddleware.Invoke(HttpContext context)
   at Microsoft.AspNetCore.Diagnostics.DeveloperExceptionPageMiddleware.Invoke(HttpContext context)
2020/11/05 12:08:13.329 [TRACE] [UMS.Program]  Program.cs:27 | Starting Program.
2020/11/05 12:08:14.838 [INFO] [Microsoft.Hosting.Lifetime]   | Now listening on: https://localhost:44346
2020/11/05 12:08:15.016 [INFO] [Microsoft.Hosting.Lifetime]   | Application started. Press Ctrl+C to shut down.
2020/11/05 12:08:15.025 [INFO] [Microsoft.Hosting.Lifetime]   | Hosting environment: Development
2020/11/05 12:08:15.033 [INFO] [Microsoft.Hosting.Lifetime]   | Content root path: C:\Users\Namchok\Desktop\สหกิจ\ums\UMS
2020/11/05 12:08:15.684 [TRACE] [UMS.Data.AuthDbContext]  Index:AuthDbContext.cs:27 | Start application context.
2020/11/05 12:08:16.953 [INFO] [UMS.Controllers.HomeController] [usermanagement2020@gmail.com] Index:HomeController.cs:29 | Start home controller.
2020/11/05 12:08:16.964 [TRACE] [UMS.Controllers.HomeController] [usermanagement2020@gmail.com] Index:HomeController.cs:41 | Start home index.
2020/11/05 12:08:16.964 [INFO] [UMS.Controllers.HomeController] [usermanagement2020@gmail.com] Index:HomeController.cs:42 | Welcome, usermanagement2020@gmail.com.
2020/11/05 12:08:16.973 [TRACE] [UMS.Controllers.HomeController] [usermanagement2020@gmail.com] Index:HomeController.cs:43 | Finding a user ID.
2020/11/05 12:08:16.973 [TRACE] [UMS.Controllers.HomeController] [usermanagement2020@gmail.com] Index:HomeController.cs:45 | End home index.
2020/11/05 12:23:16.229 [TRACE] [UMS.Program]  Program.cs:27 | Starting Program.
2020/11/05 12:23:17.869 [INFO] [Microsoft.Hosting.Lifetime]   | Now listening on: https://localhost:44346
2020/11/05 12:23:18.104 [INFO] [Microsoft.Hosting.Lifetime]   | Application started. Press Ctrl+C to shut down.
2020/11/05 12:23:18.104 [INFO] [Microsoft.Hosting.Lifetime]   | Hosting environment: Development
2020/11/05 12:23:18.113 [INFO] [Microsoft.Hosting.Lifetime]   | Content root path: C:\Users\Namchok\Desktop\สหกิจ\ums\UMS
2020/11/05 12:23:18.498 [ERROR] [Microsoft.AspNetCore.Diagnostics.DeveloperExceptionPageMiddleware]  Index: | An unhandled exception has occurred while executing the request.System.Reflection.TargetInvocationException: Exception has been thrown by the target of an invocation.
 ---> System.TypeLoadException: Could not load type 'Microsoft.AspNetCore.Authentication.Internal.RequestPathBaseCookieBuilder' from assembly 'Microsoft.AspNetCore.Authentication, Version=3.1.9.0, Culture=neutral, PublicKeyToken=adb9793829ddae60'.
   at Microsoft.AspNetCore.Authentication.OpenIdConnect.OpenIdConnectOptions..ctor()
   --- End of inner exception stack trace ---
   at System.RuntimeTypeHandle.CreateInstance(RuntimeType type, Boolean publicOnly, Boolean wrapExceptions, Boolean& canBeCached, RuntimeMethodHandleInternal& ctor, Boolean& hasNoDefaultCtor)
   at System.RuntimeType.CreateInstanceDefaultCtorSlow(Boolean publicOnly, Boolean wrapExceptions, Boolean fillCache)
   at System.RuntimeType.CreateInstanceDefaultCtor(Boolean publicOnly, Boolean skipCheckThis, Boolean fillCache, Boolean wrapExceptions)
   at System.Activator.CreateInstance[T]()
   at Microsoft.Extensions.Options.OptionsFactory`1.Create(String name)
   at Microsoft.Extensions.Options.OptionsMonitor`1.<>c__DisplayClass11_0.<Get>b__0()
   at System.Lazy`1.ViaFactory(LazyThreadSafetyMode mode)
   at System.Lazy`1.ExecutionAndPublication(LazyHelper executionAndPublication, Boolean useDefaultConstructor)
   at System.Lazy`1.CreateValue()
   at System.Lazy`1.get_Value()
   at Microsoft.Extensions.Options.OptionsCache`1.GetOrAdd(String name, Func`1 createOptions)
   at Microsoft.Extensions.Options.OptionsMonitor`1.Get(String name)
   at Microsoft.AspNetCore.Authentication.AuthenticationHandler`1.InitializeAsync(AuthenticationScheme scheme, HttpContext context)
   at Microsoft.AspNetCore.Authentication.AuthenticationHandlerProvider.GetHandlerAsync(HttpContext context, String authenticationScheme)
   at Microsoft.AspNetCore.Authentication.AuthenticationMiddleware.Invoke(HttpContext context)
   at Microsoft.AspNetCore.Diagnostics.DeveloperExceptionPageMiddleware.Invoke(HttpContext context)
2020/11/05 12:24:03.998 [TRACE] [UMS.Program]  Program.cs:27 | Starting Program.
2020/11/05 12:24:05.599 [INFO] [Microsoft.Hosting.Lifetime]   | Now listening on: https://localhost:44346
2020/11/05 12:24:05.781 [INFO] [Microsoft.Hosting.Lifetime]   | Application started. Press Ctrl+C to shut down.
2020/11/05 12:24:05.786 [INFO] [Microsoft.Hosting.Lifetime]   | Hosting environment: Development
2020/11/05 12:24:05.786 [INFO] [Microsoft.Hosting.Lifetime]   | Content root path: C:\Users\Namchok\Desktop\สหกิจ\ums\UMS
2020/11/05 12:24:06.417 [ERROR] [Microsoft.AspNetCore.Diagnostics.DeveloperExceptionPageMiddleware]  Index: | An unhandled exception has occurred while executing the request.System.Reflection.TargetInvocationException: Exception has been thrown by the target of an invocation.
 ---> System.TypeLoadException: Could not load type 'Microsoft.AspNetCore.Authentication.Internal.RequestPathBaseCookieBuilder' from assembly 'Microsoft.AspNetCore.Authentication, Version=3.1.9.0, Culture=neutral, PublicKeyToken=adb9793829ddae60'.
   at Microsoft.AspNetCore.Authentication.OpenIdConnect.OpenIdConnectOptions..ctor()
   --- End of inner exception stack trace ---
   at System.RuntimeTypeHandle.CreateInstance(RuntimeType type, Boolean publicOnly, Boolean wrapExceptions, Boolean& canBeCached, RuntimeMethodHandleInternal& ctor, Boolean& hasNoDefaultCtor)
   at System.RuntimeType.CreateInstanceDefaultCtorSlow(Boolean publicOnly, Boolean wrapExceptions, Boolean fillCache)
   at System.RuntimeType.CreateInstanceDefaultCtor(Boolean publicOnly, Boolean skipCheckThis, Boolean fillCache, Boolean wrapExceptions)
   at System.Activator.CreateInstance[T]()
   at Microsoft.Extensions.Options.OptionsFactory`1.Create(String name)
   at Microsoft.Extensions.Options.OptionsMonitor`1.<>c__DisplayClass11_0.<Get>b__0()
   at System.Lazy`1.ViaFactory(LazyThreadSafetyMode mode)
   at System.Lazy`1.ExecutionAndPublication(LazyHelper executionAndPublication, Boolean useDefaultConstructor)
   at System.Lazy`1.CreateValue()
   at System.Lazy`1.get_Value()
   at Microsoft.Extensions.Options.OptionsCache`1.GetOrAdd(String name, Func`1 createOptions)
   at Microsoft.Extensions.Options.OptionsMonitor`1.Get(String name)
   at Microsoft.AspNetCore.Authentication.AuthenticationHandler`1.InitializeAsync(AuthenticationScheme scheme, HttpContext context)
   at Microsoft.AspNetCore.Authentication.AuthenticationHandlerProvider.GetHandlerAsync(HttpContext context, String authenticationScheme)
   at Microsoft.AspNetCore.Authentication.AuthenticationMiddleware.Invoke(HttpContext context)
   at Microsoft.AspNetCore.Diagnostics.DeveloperExceptionPageMiddleware.Invoke(HttpContext context)
2020/11/05 12:26:05.529 [TRACE] [UMS.Program]  Program.cs:27 | Starting Program.
2020/11/05 12:26:07.072 [INFO] [Microsoft.Hosting.Lifetime]   | Now listening on: https://localhost:44346
2020/11/05 12:26:07.283 [INFO] [Microsoft.Hosting.Lifetime]   | Application started. Press Ctrl+C to shut down.
2020/11/05 12:26:07.283 [INFO] [Microsoft.Hosting.Lifetime]   | Hosting environment: Development
2020/11/05 12:26:07.283 [INFO] [Microsoft.Hosting.Lifetime]   | Content root path: C:\Users\Namchok\Desktop\สหกิจ\ums\UMS
2020/11/05 12:26:07.719 [ERROR] [Microsoft.AspNetCore.Diagnostics.DeveloperExceptionPageMiddleware]  Index: | An unhandled exception has occurred while executing the request.System.Reflection.TargetInvocationException: Exception has been thrown by the target of an invocation.
 ---> System.TypeLoadException: Could not load type 'Microsoft.AspNetCore.Authentication.Internal.RequestPathBaseCookieBuilder' from assembly 'Microsoft.AspNetCore.Authentication, Version=3.1.9.0, Culture=neutral, PublicKeyToken=adb9793829ddae60'.
   at Microsoft.AspNetCore.Authentication.OpenIdConnect.OpenIdConnectOptions..ctor()
   --- End of inner exception stack trace ---
   at System.RuntimeTypeHandle.CreateInstance(RuntimeType type, Boolean publicOnly, Boolean wrapExceptions, Boolean& canBeCached, RuntimeMethodHandleInternal& ctor, Boolean& hasNoDefaultCtor)
   at System.RuntimeType.CreateInstanceDefaultCtorSlow(Boolean publicOnly, Boolean wrapExceptions, Boolean fillCache)
   at System.RuntimeType.CreateInstanceDefaultCtor(Boolean publicOnly, Boolean skipCheckThis, Boolean fillCache, Boolean wrapExceptions)
   at System.Activator.CreateInstance[T]()
   at Microsoft.Extensions.Options.OptionsFactory`1.Create(String name)
   at Microsoft.Extensions.Options.OptionsMonitor`1.<>c__DisplayClass11_0.<Get>b__0()
   at System.Lazy`1.ViaFactory(LazyThreadSafetyMode mode)
   at System.Lazy`1.ExecutionAndPublication(LazyHelper executionAndPublication, Boolean useDefaultConstructor)
   at System.Lazy`1.CreateValue()
   at System.Lazy`1.get_Value()
   at Microsoft.Extensions.Options.OptionsCache`1.GetOrAdd(String name, Func`1 createOptions)
   at Microsoft.Extensions.Options.OptionsMonitor`1.Get(String name)
   at Microsoft.AspNetCore.Authentication.AuthenticationHandler`1.InitializeAsync(AuthenticationScheme scheme, HttpContext context)
   at Microsoft.AspNetCore.Authentication.AuthenticationHandlerProvider.GetHandlerAsync(HttpContext context, String authenticationScheme)
   at Microsoft.AspNetCore.Authentication.AuthenticationMiddleware.Invoke(HttpContext context)
   at Microsoft.AspNetCore.Diagnostics.DeveloperExceptionPageMiddleware.Invoke(HttpContext context)
2020/11/05 12:27:27.168 [TRACE] [UMS.Program]  Program.cs:27 | Starting Program.
2020/11/05 12:27:28.715 [INFO] [Microsoft.Hosting.Lifetime]   | Now listening on: https://localhost:44346
2020/11/05 12:27:28.907 [INFO] [Microsoft.Hosting.Lifetime]   | Application started. Press Ctrl+C to shut down.
2020/11/05 12:27:28.907 [INFO] [Microsoft.Hosting.Lifetime]   | Hosting environment: Development
2020/11/05 12:27:28.907 [INFO] [Microsoft.Hosting.Lifetime]   | Content root path: C:\Users\Namchok\Desktop\สหกิจ\ums\UMS
2020/11/05 12:27:29.429 [ERROR] [Microsoft.AspNetCore.Diagnostics.DeveloperExceptionPageMiddleware]  Index: | An unhandled exception has occurred while executing the request.System.Reflection.TargetInvocationException: Exception has been thrown by the target of an invocation.
 ---> System.TypeLoadException: Could not load type 'Microsoft.AspNetCore.Authentication.Internal.RequestPathBaseCookieBuilder' from assembly 'Microsoft.AspNetCore.Authentication, Version=3.1.9.0, Culture=neutral, PublicKeyToken=adb9793829ddae60'.
   at Microsoft.AspNetCore.Authentication.OpenIdConnect.OpenIdConnectOptions..ctor()
   --- End of inner exception stack trace ---
   at System.RuntimeTypeHandle.CreateInstance(RuntimeType type, Boolean publicOnly, Boolean wrapExceptions, Boolean& canBeCached, RuntimeMethodHandleInternal& ctor, Boolean& hasNoDefaultCtor)
   at System.RuntimeType.CreateInstanceDefaultCtorSlow(Boolean publicOnly, Boolean wrapExceptions, Boolean fillCache)
   at System.RuntimeType.CreateInstanceDefaultCtor(Boolean publicOnly, Boolean skipCheckThis, Boolean fillCache, Boolean wrapExceptions)
   at System.Activator.CreateInstance[T]()
   at Microsoft.Extensions.Options.OptionsFactory`1.Create(String name)
   at Microsoft.Extensions.Options.OptionsMonitor`1.<>c__DisplayClass11_0.<Get>b__0()
   at System.Lazy`1.ViaFactory(LazyThreadSafetyMode mode)
   at System.Lazy`1.ExecutionAndPublication(LazyHelper executionAndPublication, Boolean useDefaultConstructor)
   at System.Lazy`1.CreateValue()
   at System.Lazy`1.get_Value()
   at Microsoft.Extensions.Options.OptionsCache`1.GetOrAdd(String name, Func`1 createOptions)
   at Microsoft.Extensions.Options.OptionsMonitor`1.Get(String name)
   at Microsoft.AspNetCore.Authentication.AuthenticationHandler`1.InitializeAsync(AuthenticationScheme scheme, HttpContext context)
   at Microsoft.AspNetCore.Authentication.AuthenticationHandlerProvider.GetHandlerAsync(HttpContext context, String authenticationScheme)
   at Microsoft.AspNetCore.Authentication.AuthenticationMiddleware.Invoke(HttpContext context)
   at Microsoft.AspNetCore.Diagnostics.DeveloperExceptionPageMiddleware.Invoke(HttpContext context)
2020/11/05 12:27:50.447 [INFO] [Microsoft.Hosting.Lifetime]   | Application is shutting down...
2020/11/05 12:28:54.460 [TRACE] [UMS.Program]  Program.cs:27 | Starting Program.
2020/11/05 12:28:56.009 [INFO] [Microsoft.Hosting.Lifetime]   | Now listening on: https://localhost:44346
2020/11/05 12:28:56.215 [INFO] [Microsoft.Hosting.Lifetime]   | Application started. Press Ctrl+C to shut down.
2020/11/05 12:28:56.220 [INFO] [Microsoft.Hosting.Lifetime]   | Hosting environment: Development
2020/11/05 12:28:56.220 [INFO] [Microsoft.Hosting.Lifetime]   | Content root path: C:\Users\Namchok\Desktop\สหกิจ\ums\UMS
2020/11/05 12:28:56.610 [ERROR] [Microsoft.AspNetCore.Diagnostics.DeveloperExceptionPageMiddleware]  Index: | An unhandled exception has occurred while executing the request.System.Reflection.TargetInvocationException: Exception has been thrown by the target of an invocation.
 ---> System.TypeLoadException: Could not load type 'Microsoft.AspNetCore.Authentication.Internal.RequestPathBaseCookieBuilder' from assembly 'Microsoft.AspNetCore.Authentication, Version=3.1.9.0, Culture=neutral, PublicKeyToken=adb9793829ddae60'.
   at Microsoft.AspNetCore.Authentication.OpenIdConnect.OpenIdConnectOptions..ctor()
   --- End of inner exception stack trace ---
   at System.RuntimeTypeHandle.CreateInstance(RuntimeType type, Boolean publicOnly, Boolean wrapExceptions, Boolean& canBeCached, RuntimeMethodHandleInternal& ctor, Boolean& hasNoDefaultCtor)
   at System.RuntimeType.CreateInstanceDefaultCtorSlow(Boolean publicOnly, Boolean wrapExceptions, Boolean fillCache)
   at System.RuntimeType.CreateInstanceDefaultCtor(Boolean publicOnly, Boolean skipCheckThis, Boolean fillCache, Boolean wrapExceptions)
   at System.Activator.CreateInstance[T]()
   at Microsoft.Extensions.Options.OptionsFactory`1.Create(String name)
   at Microsoft.Extensions.Options.OptionsMonitor`1.<>c__DisplayClass11_0.<Get>b__0()
   at System.Lazy`1.ViaFactory(LazyThreadSafetyMode mode)
   at System.Lazy`1.ExecutionAndPublication(LazyHelper executionAndPublication, Boolean useDefaultConstructor)
   at System.Lazy`1.CreateValue()
   at System.Lazy`1.get_Value()
   at Microsoft.Extensions.Options.OptionsCache`1.GetOrAdd(String name, Func`1 createOptions)
   at Microsoft.Extensions.Options.OptionsMonitor`1.Get(String name)
   at Microsoft.AspNetCore.Authentication.AuthenticationHandler`1.InitializeAsync(AuthenticationScheme scheme, HttpContext context)
   at Microsoft.AspNetCore.Authentication.AuthenticationHandlerProvider.GetHandlerAsync(HttpContext context, String authenticationScheme)
   at Microsoft.AspNetCore.Authentication.AuthenticationMiddleware.Invoke(HttpContext context)
   at Microsoft.AspNetCore.Diagnostics.DeveloperExceptionPageMiddleware.Invoke(HttpContext context)
2020/11/05 12:32:08.297 [TRACE] [UMS.Program]  Program.cs:27 | Starting Program.
2020/11/05 12:32:09.861 [INFO] [Microsoft.Hosting.Lifetime]   | Now listening on: https://localhost:44346
2020/11/05 12:32:10.061 [INFO] [Microsoft.Hosting.Lifetime]   | Application started. Press Ctrl+C to shut down.
2020/11/05 12:32:10.066 [INFO] [Microsoft.Hosting.Lifetime]   | Hosting environment: Development
2020/11/05 12:32:10.066 [INFO] [Microsoft.Hosting.Lifetime]   | Content root path: C:\Users\Namchok\Desktop\สหกิจ\ums\UMS
2020/11/05 12:32:10.547 [ERROR] [Microsoft.AspNetCore.Diagnostics.DeveloperExceptionPageMiddleware]  Index: | An unhandled exception has occurred while executing the request.System.Reflection.TargetInvocationException: Exception has been thrown by the target of an invocation.
 ---> System.TypeLoadException: Could not load type 'Microsoft.AspNetCore.Authentication.Internal.RequestPathBaseCookieBuilder' from assembly 'Microsoft.AspNetCore.Authentication, Version=3.1.9.0, Culture=neutral, PublicKeyToken=adb9793829ddae60'.
   at Microsoft.AspNetCore.Authentication.OpenIdConnect.OpenIdConnectOptions..ctor()
   --- End of inner exception stack trace ---
   at System.RuntimeTypeHandle.CreateInstance(RuntimeType type, Boolean publicOnly, Boolean wrapExceptions, Boolean& canBeCached, RuntimeMethodHandleInternal& ctor, Boolean& hasNoDefaultCtor)
   at System.RuntimeType.CreateInstanceDefaultCtorSlow(Boolean publicOnly, Boolean wrapExceptions, Boolean fillCache)
   at System.RuntimeType.CreateInstanceDefaultCtor(Boolean publicOnly, Boolean skipCheckThis, Boolean fillCache, Boolean wrapExceptions)
   at System.Activator.CreateInstance[T]()
   at Microsoft.Extensions.Options.OptionsFactory`1.Create(String name)
   at Microsoft.Extensions.Options.OptionsMonitor`1.<>c__DisplayClass11_0.<Get>b__0()
   at System.Lazy`1.ViaFactory(LazyThreadSafetyMode mode)
   at System.Lazy`1.ExecutionAndPublication(LazyHelper executionAndPublication, Boolean useDefaultConstructor)
   at System.Lazy`1.CreateValue()
   at System.Lazy`1.get_Value()
   at Microsoft.Extensions.Options.OptionsCache`1.GetOrAdd(String name, Func`1 createOptions)
   at Microsoft.Extensions.Options.OptionsMonitor`1.Get(String name)
   at Microsoft.AspNetCore.Authentication.AuthenticationHandler`1.InitializeAsync(AuthenticationScheme scheme, HttpContext context)
   at Microsoft.AspNetCore.Authentication.AuthenticationHandlerProvider.GetHandlerAsync(HttpContext context, String authenticationScheme)
   at Microsoft.AspNetCore.Authentication.AuthenticationMiddleware.Invoke(HttpContext context)
   at Microsoft.AspNetCore.Diagnostics.DeveloperExceptionPageMiddleware.Invoke(HttpContext context)
2020/11/05 12:32:18.292 [INFO] [Microsoft.Hosting.Lifetime]   | Application is shutting down...
2020/11/05 12:34:53.411 [TRACE] [UMS.Program]  Program.cs:27 | Starting Program.
2020/11/05 12:34:55.076 [INFO] [Microsoft.Hosting.Lifetime]   | Now listening on: https://localhost:44346
2020/11/05 12:34:55.259 [INFO] [Microsoft.Hosting.Lifetime]   | Application started. Press Ctrl+C to shut down.
2020/11/05 12:34:55.259 [INFO] [Microsoft.Hosting.Lifetime]   | Hosting environment: Development
2020/11/05 12:34:55.269 [INFO] [Microsoft.Hosting.Lifetime]   | Content root path: C:\Users\Namchok\Desktop\สหกิจ\ums\UMS
2020/11/05 12:50:12.096 [TRACE] [UMS.Program]  Program.cs:27 | Starting Program.
2020/11/05 12:50:13.660 [INFO] [Microsoft.Hosting.Lifetime]   | Now listening on: https://localhost:44346
2020/11/05 12:50:13.935 [INFO] [Microsoft.Hosting.Lifetime]   | Application started. Press Ctrl+C to shut down.
2020/11/05 12:50:13.935 [INFO] [Microsoft.Hosting.Lifetime]   | Hosting environment: Development
2020/11/05 12:50:13.943 [INFO] [Microsoft.Hosting.Lifetime]   | Content root path: C:\Users\Namchok\Desktop\สหกิจ\ums\UMS
2020/11/05 12:50:14.426 [TRACE] [UMS.Data.AuthDbContext]  AuthDbContext.cs:27 | Start application context.
2020/11/05 12:50:14.443 [INFO] [UMS.Controllers.ManageUserController]  ManageUserController.cs:42 | Start manage user controller.
2020/11/05 12:50:14.443 [INFO] [UMS.Areas.Identity.Pages.Account.LoginModel]  Login.cshtml.cs:49 | Start login model.
2020/11/05 12:50:14.469 [TRACE] [UMS.Areas.Identity.Pages.Account.LoginModel]  Login.cshtml.cs:91 | Start login on get.
2020/11/05 12:50:14.472 [TRACE] [UMS.Areas.Identity.Pages.Account.LoginModel]  Login.cshtml.cs:104 | Signing out.
2020/11/05 12:50:14.472 [DEBUG] [UMS.Areas.Identity.Pages.Account.LoginModel]  Login.cshtml.cs:106 | Getting external authentication scheme.
2020/11/05 12:50:14.472 [TRACE] [UMS.Areas.Identity.Pages.Account.LoginModel]  Login.cshtml.cs:109 | End login on get.
2020/11/05 12:50:36.146 [TRACE] [UMS.Data.AuthDbContext]  AuthDbContext.cs:27 | Start application context.
2020/11/05 12:50:36.146 [INFO] [UMS.Controllers.ManageUserController]  ManageUserController.cs:42 | Start manage user controller.
2020/11/05 12:50:36.146 [INFO] [UMS.Areas.Identity.Pages.Account.LoginModel]  Login.cshtml.cs:49 | Start login model.
2020/11/05 12:50:36.183 [TRACE] [UMS.Areas.Identity.Pages.Account.LoginModel]  Login.cshtml.cs:128 | Start login on post.
2020/11/05 12:50:36.183 [TRACE] [UMS.Areas.Identity.Pages.Account.LoginModel]  Login.cshtml.cs:133 | Signing in with password.
2020/11/05 12:50:37.413 [INFO] [UMS.Areas.Identity.Pages.Account.LoginModel]  Login.cshtml.cs:143 | User logged in successfully.
2020/11/05 12:50:37.413 [INFO] [UMS.Areas.Identity.Pages.Account.LoginModel]  Login.cshtml.cs:158 | Adding cookie into the browser.
2020/11/05 12:50:37.428 [TRACE] [UMS.Areas.Identity.Pages.Account.LoginModel]  Login.cshtml.cs:161 | End login on post.
2020/11/05 12:50:37.445 [TRACE] [UMS.Data.AuthDbContext]  Index:AuthDbContext.cs:27 | Start application context.
2020/11/05 12:50:37.456 [INFO] [UMS.Controllers.HomeController] [usermanagement2020@gmail.com] Index:HomeController.cs:29 | Start home controller.
2020/11/05 12:50:37.456 [TRACE] [UMS.Controllers.HomeController] [usermanagement2020@gmail.com] Index:HomeController.cs:41 | Start home index.
2020/11/05 12:50:37.456 [INFO] [UMS.Controllers.HomeController] [usermanagement2020@gmail.com] Index:HomeController.cs:42 | Welcome, usermanagement2020@gmail.com.
2020/11/05 12:50:37.456 [TRACE] [UMS.Controllers.HomeController] [usermanagement2020@gmail.com] Index:HomeController.cs:43 | Finding a user ID.
2020/11/05 12:50:37.456 [TRACE] [UMS.Controllers.HomeController] [usermanagement2020@gmail.com] Index:HomeController.cs:45 | End home index.
2020/11/05 12:50:39.082 [TRACE] [UMS.Data.AuthDbContext]  AuthDbContext.cs:27 | Start application context.
2020/11/05 12:50:39.082 [INFO] [UMS.Areas.Identity.Pages.Account.LogoutModel] [usermanagement2020@gmail.com] Logout.cshtml.cs:31 | Start logout.
2020/11/05 12:50:39.097 [TRACE] [UMS.Areas.Identity.Pages.Account.LogoutModel] [usermanagement2020@gmail.com] Logout.cshtml.cs:66 | Start Logout on post.
2020/11/05 12:50:39.097 [INFO] [UMS.Areas.Identity.Pages.Account.LogoutModel] [usermanagement2020@gmail.com] Logout.cshtml.cs:70 | User logged out.
2020/11/05 12:50:39.097 [TRACE] [UMS.Areas.Identity.Pages.Account.LogoutModel] [usermanagement2020@gmail.com] Logout.cshtml.cs:72 | The destruction of cookies AspNetCore Identity Application.
2020/11/05 12:50:39.097 [TRACE] [UMS.Areas.Identity.Pages.Account.LogoutModel] [usermanagement2020@gmail.com] Logout.cshtml.cs:74 | End Log out model On Post.
2020/11/05 12:50:39.117 [TRACE] [UMS.Data.AuthDbContext]  AuthDbContext.cs:27 | Start application context.
2020/11/05 12:50:39.117 [INFO] [UMS.Areas.Identity.Pages.Account.LogoutModel]  Logout.cshtml.cs:31 | Start logout.
2020/11/05 12:50:39.131 [TRACE] [UMS.Areas.Identity.Pages.Account.LogoutModel]  Logout.cshtml.cs:42 | Start logout on get.
2020/11/05 12:50:39.131 [INFO] [UMS.Areas.Identity.Pages.Account.LogoutModel]  Logout.cshtml.cs:46 | User logged out.
2020/11/05 12:50:39.131 [TRACE] [UMS.Areas.Identity.Pages.Account.LogoutModel]  Logout.cshtml.cs:48 | The destruction of cookies AspNetCore Identity Application.
2020/11/05 12:50:39.131 [TRACE] [UMS.Areas.Identity.Pages.Account.LogoutModel]  Logout.cshtml.cs:50 | End logout model on get.
2020/11/05 12:50:39.942 [TRACE] [UMS.Data.AuthDbContext]  AuthDbContext.cs:27 | Start application context.
2020/11/05 12:50:39.942 [INFO] [UMS.Controllers.ManageUserController]  ManageUserController.cs:42 | Start manage user controller.
2020/11/05 12:50:39.942 [INFO] [UMS.Areas.Identity.Pages.Account.LoginModel]  Login.cshtml.cs:49 | Start login model.
2020/11/05 12:50:39.958 [TRACE] [UMS.Areas.Identity.Pages.Account.LoginModel]  Login.cshtml.cs:91 | Start login on get.
2020/11/05 12:50:39.958 [TRACE] [UMS.Areas.Identity.Pages.Account.LoginModel]  Login.cshtml.cs:104 | Signing out.
2020/11/05 12:50:39.958 [DEBUG] [UMS.Areas.Identity.Pages.Account.LoginModel]  Login.cshtml.cs:106 | Getting external authentication scheme.
2020/11/05 12:50:39.958 [TRACE] [UMS.Areas.Identity.Pages.Account.LoginModel]  Login.cshtml.cs:109 | End login on get.
