######################################## User Management System log All Trace #########################################
2020/11/03 20:49:09.588 [TRACE] [UMS.Program]  Program.cs:27 | Starting Program.
2020/11/03 20:49:12.262 [INFO] [Microsoft.Hosting.Lifetime]   | Now listening on: https://localhost:44346
2020/11/03 20:49:12.823 [INFO] [Microsoft.Hosting.Lifetime]   | Application started. Press Ctrl+C to shut down.
2020/11/03 20:49:12.842 [INFO] [Microsoft.Hosting.Lifetime]   | Hosting environment: Development
2020/11/03 20:49:12.875 [INFO] [Microsoft.Hosting.Lifetime]   | Content root path: C:\Users\Namchok\Desktop\สหกิจ\ums\UMS
2020/11/03 20:49:13.415 [TRACE] [UMS.Data.AuthDbContext]  Index:AuthDbContext.cs:27 | Start application context.
2020/11/03 20:49:15.168 [INFO] [UMS.Controllers.HomeController] [usermanagement2020@gmail.com] Index:HomeController.cs:29 | Start home controller.
2020/11/03 20:49:15.193 [TRACE] [UMS.Controllers.HomeController] [usermanagement2020@gmail.com] Index:HomeController.cs:41 | Start home index.
2020/11/03 20:49:15.193 [INFO] [UMS.Controllers.HomeController] [usermanagement2020@gmail.com] Index:HomeController.cs:42 | Welcome, usermanagement2020@gmail.com.
2020/11/03 20:49:15.208 [TRACE] [UMS.Controllers.HomeController] [usermanagement2020@gmail.com] Index:HomeController.cs:43 | Finding a user ID.
2020/11/03 20:49:15.208 [TRACE] [UMS.Controllers.HomeController] [usermanagement2020@gmail.com] Index:HomeController.cs:45 | End home index.
2020/11/03 20:49:44.381 [TRACE] [UMS.Data.AuthDbContext]  AuthDbContext.cs:27 | Start application context.
2020/11/03 20:49:44.412 [INFO] [UMS.Areas.Identity.Pages.Account.LogoutModel] [usermanagement2020@gmail.com] Logout.cshtml.cs:31 | Start logout.
2020/11/03 20:49:44.429 [TRACE] [UMS.Areas.Identity.Pages.Account.LogoutModel] [usermanagement2020@gmail.com] Logout.cshtml.cs:66 | Start Logout on post.
2020/11/03 20:49:44.429 [INFO] [UMS.Areas.Identity.Pages.Account.LogoutModel] [usermanagement2020@gmail.com] Logout.cshtml.cs:70 | User logged out.
2020/11/03 20:49:44.444 [TRACE] [UMS.Areas.Identity.Pages.Account.LogoutModel] [usermanagement2020@gmail.com] Logout.cshtml.cs:72 | The destruction of cookies AspNetCore Identity Application.
2020/11/03 20:49:44.444 [TRACE] [UMS.Areas.Identity.Pages.Account.LogoutModel] [usermanagement2020@gmail.com] Logout.cshtml.cs:74 | End Log out model On Post.
2020/11/03 20:49:44.462 [TRACE] [UMS.Data.AuthDbContext]  AuthDbContext.cs:27 | Start application context.
2020/11/03 20:49:44.462 [INFO] [UMS.Areas.Identity.Pages.Account.LogoutModel]  Logout.cshtml.cs:31 | Start logout.
2020/11/03 20:49:44.470 [TRACE] [UMS.Areas.Identity.Pages.Account.LogoutModel]  Logout.cshtml.cs:42 | Start logout on get.
2020/11/03 20:49:44.470 [INFO] [UMS.Areas.Identity.Pages.Account.LogoutModel]  Logout.cshtml.cs:46 | User logged out.
2020/11/03 20:49:44.470 [TRACE] [UMS.Areas.Identity.Pages.Account.LogoutModel]  Logout.cshtml.cs:48 | The destruction of cookies AspNetCore Identity Application.
2020/11/03 20:49:44.470 [TRACE] [UMS.Areas.Identity.Pages.Account.LogoutModel]  Logout.cshtml.cs:50 | End logout model on get.
2020/11/03 20:49:49.095 [TRACE] [UMS.Data.AuthDbContext]  AuthDbContext.cs:27 | Start application context.
2020/11/03 20:49:49.110 [INFO] [UMS.Controllers.ManageUserController]  ManageUserController.cs:42 | Start manage user controller.
2020/11/03 20:49:49.116 [INFO] [UMS.Areas.Identity.Pages.Account.LoginModel]  Login.cshtml.cs:49 | Start login model.
2020/11/03 20:49:49.135 [TRACE] [UMS.Areas.Identity.Pages.Account.LoginModel]  Login.cshtml.cs:91 | Start login on get.
2020/11/03 20:49:49.135 [TRACE] [UMS.Areas.Identity.Pages.Account.LoginModel]  Login.cshtml.cs:104 | Signing out.
2020/11/03 20:49:49.135 [DEBUG] [UMS.Areas.Identity.Pages.Account.LoginModel]  Login.cshtml.cs:106 | Getting external authentication scheme.
2020/11/03 20:49:49.145 [TRACE] [UMS.Areas.Identity.Pages.Account.LoginModel]  Login.cshtml.cs:109 | End login on get.
2020/11/03 20:49:51.351 [TRACE] [UMS.Data.AuthDbContext]  AuthDbContext.cs:27 | Start application context.
2020/11/03 20:49:51.351 [INFO] [UMS.Areas.Identity.Pages.Account.RegisterModel]  Register.cshtml.cs:48 | Start register model.
2020/11/03 20:49:51.365 [TRACE] [UMS.Areas.Identity.Pages.Account.RegisterModel]  Register.cshtml.cs:102 | Getting external login.
2020/11/03 20:49:51.365 [TRACE] [UMS.Areas.Identity.Pages.Account.RegisterModel]  Register.cshtml.cs:104 | Register on get.
2020/11/03 21:12:50.688 [TRACE] [UMS.Data.AuthDbContext]  AuthDbContext.cs:27 | Start application context.
2020/11/03 21:12:50.695 [INFO] [UMS.Controllers.ManageUserController]  ManageUserController.cs:42 | Start manage user controller.
2020/11/03 21:12:50.737 [INFO] [UMS.Areas.Identity.Pages.Account.LoginModel]  Login.cshtml.cs:49 | Start login model.
2020/11/03 21:12:50.737 [TRACE] [UMS.Areas.Identity.Pages.Account.LoginModel]  Login.cshtml.cs:91 | Start login on get.
2020/11/03 21:12:50.737 [TRACE] [UMS.Areas.Identity.Pages.Account.LoginModel]  Login.cshtml.cs:104 | Signing out.
2020/11/03 21:12:50.737 [DEBUG] [UMS.Areas.Identity.Pages.Account.LoginModel]  Login.cshtml.cs:106 | Getting external authentication scheme.
2020/11/03 21:12:50.754 [TRACE] [UMS.Areas.Identity.Pages.Account.LoginModel]  Login.cshtml.cs:109 | End login on get.
2020/11/03 21:12:52.055 [TRACE] [UMS.Data.AuthDbContext]  AuthDbContext.cs:27 | Start application context.
2020/11/03 21:12:52.055 [INFO] [UMS.Controllers.ManageUserController]  ManageUserController.cs:42 | Start manage user controller.
2020/11/03 21:12:52.055 [INFO] [UMS.Areas.Identity.Pages.Account.LoginModel]  Login.cshtml.cs:49 | Start login model.
2020/11/03 21:12:52.086 [TRACE] [UMS.Areas.Identity.Pages.Account.LoginModel]  Login.cshtml.cs:128 | Start login on post.
2020/11/03 21:12:52.086 [TRACE] [UMS.Areas.Identity.Pages.Account.LoginModel]  Login.cshtml.cs:133 | Signing in with password.
2020/11/03 21:12:52.192 [INFO] [UMS.Areas.Identity.Pages.Account.LoginModel]  Login.cshtml.cs:143 | User logged in successfully.
2020/11/03 21:12:52.192 [INFO] [UMS.Areas.Identity.Pages.Account.LoginModel]  Login.cshtml.cs:158 | Adding cookie into the browser.
2020/11/03 21:12:52.192 [TRACE] [UMS.Areas.Identity.Pages.Account.LoginModel]  Login.cshtml.cs:161 | End login on post.
2020/11/03 21:12:52.217 [TRACE] [UMS.Data.AuthDbContext]  Index:AuthDbContext.cs:27 | Start application context.
2020/11/03 21:12:52.217 [INFO] [UMS.Controllers.HomeController] [usermanagement2020@gmail.com] Index:HomeController.cs:29 | Start home controller.
2020/11/03 21:12:52.224 [TRACE] [UMS.Controllers.HomeController] [usermanagement2020@gmail.com] Index:HomeController.cs:41 | Start home index.
2020/11/03 21:12:52.224 [INFO] [UMS.Controllers.HomeController] [usermanagement2020@gmail.com] Index:HomeController.cs:42 | Welcome, usermanagement2020@gmail.com.
2020/11/03 21:12:52.224 [TRACE] [UMS.Controllers.HomeController] [usermanagement2020@gmail.com] Index:HomeController.cs:43 | Finding a user ID.
2020/11/03 21:12:52.224 [TRACE] [UMS.Controllers.HomeController] [usermanagement2020@gmail.com] Index:HomeController.cs:45 | End home index.
2020/11/03 21:12:55.107 [TRACE] [UMS.Data.AuthDbContext]  Index:AuthDbContext.cs:27 | Start application context.
2020/11/03 21:12:55.123 [INFO] [UMS.Controllers.ManageUserController] [usermanagement2020@gmail.com] Index:ManageUserController.cs:42 | Start manage user controller.
2020/11/03 21:12:55.130 [TRACE] [UMS.Controllers.ManageUserController] [usermanagement2020@gmail.com] Index:ManageUserController.cs:54 | Start manage user index.
2020/11/03 21:12:55.130 [TRACE] [UMS.Controllers.ManageUserController] [usermanagement2020@gmail.com] Index:ManageUserController.cs:55 | Finding user ID.
2020/11/03 21:12:55.130 [DEBUG] [UMS.Controllers.ManageUserController] [usermanagement2020@gmail.com] Index:ManageUserController.cs:57 | Getting all active users.
2020/11/03 21:12:55.183 [TRACE] [UMS.Controllers.ManageUserController] [usermanagement2020@gmail.com] Index:ManageUserController.cs:60 | End manage user index.
2020/11/03 21:25:15.111 [TRACE] [UMS.Data.AuthDbContext]  GetUser:AuthDbContext.cs:27 | Start application context.
2020/11/03 21:25:15.128 [INFO] [UMS.Controllers.ManageUserController] [usermanagement2020@gmail.com] GetUser:ManageUserController.cs:42 | Start manage user controller.
2020/11/03 21:25:15.128 [TRACE] [UMS.Controllers.ManageUserController] [usermanagement2020@gmail.com] GetUser:ManageUserController.cs:83 | Start get user.
2020/11/03 21:25:15.149 [INFO] [UMS.Controllers.ManageUserController] [usermanagement2020@gmail.com] GetUser:ManageUserController.cs:85 | Getting user.
2020/11/03 21:25:15.149 [TRACE] [UMS.Controllers.ManageUserController] [usermanagement2020@gmail.com] GetUser:ManageUserController.cs:86 | End get user.
2020/11/03 21:38:55.804 [TRACE] [UMS.Data.AuthDbContext]  Index:AuthDbContext.cs:27 | Start application context.
2020/11/03 21:38:55.817 [INFO] [UMS.Controllers.LogsController] [usermanagement2020@gmail.com] Index:LogsController.cs:31 | Start logs controller.
2020/11/03 21:38:55.817 [TRACE] [UMS.Controllers.LogsController] [usermanagement2020@gmail.com] Index:LogsController.cs:43 | Start logs index.
2020/11/03 21:38:55.817 [TRACE] [UMS.Controllers.LogsController] [usermanagement2020@gmail.com] Index:LogsController.cs:44 | Finding user ID.
2020/11/03 21:38:55.834 [DEBUG] [UMS.Controllers.LogsController] [usermanagement2020@gmail.com] Index:LogsController.cs:46 | Getting top 100 from all logs.
2020/11/03 21:38:55.907 [TRACE] [UMS.Controllers.LogsController] [usermanagement2020@gmail.com] Index:LogsController.cs:49 | End logs index.
2020/11/03 22:04:50.055 [TRACE] [UMS.Data.AuthDbContext]  Index:AuthDbContext.cs:27 | Start application context.
2020/11/03 22:04:50.511 [INFO] [UMS.Controllers.LogsController] [usermanagement2020@gmail.com] Index:LogsController.cs:31 | Start logs controller.
2020/11/03 22:04:50.569 [TRACE] [UMS.Controllers.LogsController] [usermanagement2020@gmail.com] Index:LogsController.cs:43 | Start logs index.
2020/11/03 22:04:50.581 [TRACE] [UMS.Controllers.LogsController] [usermanagement2020@gmail.com] Index:LogsController.cs:44 | Finding user ID.
2020/11/03 22:04:50.581 [DEBUG] [UMS.Controllers.LogsController] [usermanagement2020@gmail.com] Index:LogsController.cs:46 | Getting top 100 from all logs.
2020/11/03 22:04:50.626 [TRACE] [UMS.Controllers.LogsController] [usermanagement2020@gmail.com] Index:LogsController.cs:49 | End logs index.
