############################################## User Management System log ##############################################
2020/09/24 12:15:37.311 [TRACE] [UMS.Program]  Program.cs:27 | Starting Program.
2020/09/24 12:15:39.075 [INFO] [Microsoft.Hosting.Lifetime]   | Now listening on: https://localhost:44346
2020/09/24 12:15:39.327 [INFO] [Microsoft.Hosting.Lifetime]   | Application started. Press Ctrl+C to shut down.
2020/09/24 12:15:39.327 [INFO] [Microsoft.Hosting.Lifetime]   | Hosting environment: Development
2020/09/24 12:15:39.335 [INFO] [Microsoft.Hosting.Lifetime]   | Content root path: C:\Users\Namchok\Desktop\สหกิจ\ums\UMS
2020/09/24 12:15:40.079 [TRACE] [UMS.Data.AuthDbContext]  Index:AuthDbContext.cs:28 | Start Auth Database Context.
2020/09/24 12:15:40.475 [TRACE] [UMS.Data.AuthDbContext]  Index:AuthDbContext.cs:76 | Creating applications user models.
2020/09/24 12:15:40.475 [TRACE] [UMS.Data.AuthDbContext]  Index:AuthDbContext.cs:84 | Creating Identity models.
2020/09/24 12:15:40.490 [TRACE] [UMS.Data.AuthDbContext]  Index:AuthDbContext.cs:108 | Creating log models.
2020/09/24 12:15:40.490 [TRACE] [UMS.Data.AuthDbContext]  Index:AuthDbContext.cs:110 | End creating on model.
2020/09/24 12:15:41.404 [TRACE] [UMS.Controllers.HomeController] [usermanagement2020@gmail.com] Index:HomeController.cs:37 | NLog injected into HomeController.
2020/09/24 12:15:41.404 [TRACE] [UMS.Controllers.HomeController] [usermanagement2020@gmail.com] Index:HomeController.cs:39 | User manager injected into HomeController.
2020/09/24 12:15:41.412 [TRACE] [UMS.Controllers.HomeController] [usermanagement2020@gmail.com] Index:HomeController.cs:40 | Start HomeController Constructor.
2020/09/24 12:15:41.412 [TRACE] [UMS.Controllers.HomeController] [usermanagement2020@gmail.com] Index:HomeController.cs:59 | Start Index.
2020/09/24 12:15:41.412 [INFO] [UMS.Controllers.HomeController] [usermanagement2020@gmail.com] Index:HomeController.cs:60 | Welcome usermanagement2020@gmail.com to UMS.
2020/09/24 12:15:41.412 [TRACE] [UMS.Controllers.HomeController] [usermanagement2020@gmail.com] Index:HomeController.cs:65 | Find first value from user.
2020/09/24 12:15:41.412 [TRACE] [UMS.Controllers.HomeController] [usermanagement2020@gmail.com] Index:HomeController.cs:68 | End Index.
2020/09/24 13:14:11.056 [TRACE] [UMS.Program]  Program.cs:27 | Starting Program.
2020/09/24 13:14:12.313 [INFO] [Microsoft.Hosting.Lifetime]   | Now listening on: https://localhost:44346
2020/09/24 13:14:12.578 [INFO] [Microsoft.Hosting.Lifetime]   | Application started. Press Ctrl+C to shut down.
2020/09/24 13:14:12.583 [INFO] [Microsoft.Hosting.Lifetime]   | Hosting environment: Development
2020/09/24 13:14:12.583 [INFO] [Microsoft.Hosting.Lifetime]   | Content root path: C:\Users\Namchok\Desktop\สหกิจ\ums\UMS
2020/09/24 13:14:12.830 [TRACE] [UMS.Data.AuthDbContext]  Index:AuthDbContext.cs:28 | Start Auth Database Context.
2020/09/24 13:14:13.170 [TRACE] [UMS.Data.AuthDbContext]  Index:AuthDbContext.cs:76 | Creating applications user models.
2020/09/24 13:14:13.170 [TRACE] [UMS.Data.AuthDbContext]  Index:AuthDbContext.cs:84 | Creating Identity models.
2020/09/24 13:14:13.185 [TRACE] [UMS.Data.AuthDbContext]  Index:AuthDbContext.cs:108 | Creating log models.
2020/09/24 13:14:13.185 [TRACE] [UMS.Data.AuthDbContext]  Index:AuthDbContext.cs:110 | End creating on model.
2020/09/24 13:14:13.969 [TRACE] [UMS.Controllers.HomeController] [usermanagement2020@gmail.com] Index:HomeController.cs:37 | NLog injected into HomeController.
2020/09/24 13:14:13.969 [TRACE] [UMS.Controllers.HomeController] [usermanagement2020@gmail.com] Index:HomeController.cs:39 | User manager injected into HomeController.
2020/09/24 13:14:13.976 [TRACE] [UMS.Controllers.HomeController] [usermanagement2020@gmail.com] Index:HomeController.cs:40 | Start HomeController Constructor.
2020/09/24 13:14:13.976 [TRACE] [UMS.Controllers.HomeController] [usermanagement2020@gmail.com] Index:HomeController.cs:59 | Start Index.
2020/09/24 13:14:13.976 [INFO] [UMS.Controllers.HomeController] [usermanagement2020@gmail.com] Index:HomeController.cs:60 | Welcome usermanagement2020@gmail.com to UMS.
2020/09/24 13:14:13.976 [TRACE] [UMS.Controllers.HomeController] [usermanagement2020@gmail.com] Index:HomeController.cs:65 | Find first value from user.
2020/09/24 13:14:13.991 [TRACE] [UMS.Controllers.HomeController] [usermanagement2020@gmail.com] Index:HomeController.cs:68 | End Index.
2020/09/24 13:14:18.061 [TRACE] [UMS.Data.AuthDbContext]  AuthDbContext.cs:28 | Start Auth Database Context.
2020/09/24 13:14:18.086 [DEBUG] [UMS.Areas.Identity.Pages.Account.LogoutModel] [usermanagement2020@gmail.com] Logout.cshtml.cs:30 | Starting Log out model.
2020/09/24 13:14:18.108 [TRACE] [UMS.Areas.Identity.Pages.Account.LogoutModel] [usermanagement2020@gmail.com] Logout.cshtml.cs:47 | Start Log out model On Post.
2020/09/24 13:14:18.108 [TRACE] [UMS.Areas.Identity.Pages.Account.LogoutModel] [usermanagement2020@gmail.com] Logout.cshtml.cs:48 | Signing out.
2020/09/24 13:14:18.117 [INFO] [UMS.Areas.Identity.Pages.Account.LogoutModel] [usermanagement2020@gmail.com] Logout.cshtml.cs:51 | User logged out.
2020/09/24 13:14:18.117 [TRACE] [UMS.Areas.Identity.Pages.Account.LogoutModel] [usermanagement2020@gmail.com] Logout.cshtml.cs:54 | End Log out model On Post.
2020/09/24 13:14:18.163 [TRACE] [UMS.Data.AuthDbContext]  AuthDbContext.cs:28 | Start Auth Database Context.
2020/09/24 13:14:18.163 [DEBUG] [UMS.Models.EditAccountContext]  EditAccountContext.cs:24 | Start Edit Account Context.
2020/09/24 13:14:18.177 [DEBUG] [UMS.Models.AccountContext]  AccountContext.cs:24 | Start Account Context.
2020/09/24 13:14:18.177 [TRACE] [UMS.Controllers.ManageUserController]  ManageUserController.cs:44 | NLog injected into EditProfileController.
2020/09/24 13:14:18.177 [TRACE] [UMS.Controllers.ManageUserController]  ManageUserController.cs:46 | Account Context injected into EditProfileController.
2020/09/24 13:14:18.177 [TRACE] [UMS.Controllers.ManageUserController]  ManageUserController.cs:48 | Edit Profile Context injected into EditProfileController.
2020/09/24 13:14:18.177 [TRACE] [UMS.Controllers.ManageUserController]  ManageUserController.cs:50 | Sign In Manager injected into EditProfileController.
2020/09/24 13:14:18.177 [TRACE] [UMS.Controllers.ManageUserController]  ManageUserController.cs:51 | Start EditProfileController Constructor.
2020/09/24 13:14:18.177 [DEBUG] [UMS.Areas.Identity.Pages.Account.LoginModel]  Login.cshtml.cs:51 | Starting Login model.
2020/09/24 13:14:18.195 [TRACE] [UMS.Areas.Identity.Pages.Account.LoginModel]  Login.cshtml.cs:102 | Start login on get.
2020/09/24 13:14:18.195 [TRACE] [UMS.Areas.Identity.Pages.Account.LoginModel]  Login.cshtml.cs:114 | Signing out.
2020/09/24 13:14:18.195 [DEBUG] [UMS.Areas.Identity.Pages.Account.LoginModel]  Login.cshtml.cs:116 | Getting external authentication scheme.
2020/09/24 13:14:18.195 [TRACE] [UMS.Areas.Identity.Pages.Account.LoginModel]  Login.cshtml.cs:119 | End login on get.
2020/09/24 13:14:22.922 [TRACE] [UMS.Data.AuthDbContext]  AuthDbContext.cs:28 | Start Auth Database Context.
2020/09/24 13:14:22.922 [DEBUG] [UMS.Models.EditAccountContext]  EditAccountContext.cs:24 | Start Edit Account Context.
2020/09/24 13:14:22.929 [DEBUG] [UMS.Models.AccountContext]  AccountContext.cs:24 | Start Account Context.
2020/09/24 13:14:22.929 [TRACE] [UMS.Controllers.ManageUserController]  ManageUserController.cs:44 | NLog injected into EditProfileController.
2020/09/24 13:14:22.929 [TRACE] [UMS.Controllers.ManageUserController]  ManageUserController.cs:46 | Account Context injected into EditProfileController.
2020/09/24 13:14:22.929 [TRACE] [UMS.Controllers.ManageUserController]  ManageUserController.cs:48 | Edit Profile Context injected into EditProfileController.
2020/09/24 13:14:22.929 [TRACE] [UMS.Controllers.ManageUserController]  ManageUserController.cs:50 | Sign In Manager injected into EditProfileController.
2020/09/24 13:14:22.929 [TRACE] [UMS.Controllers.ManageUserController]  ManageUserController.cs:51 | Start EditProfileController Constructor.
2020/09/24 13:14:22.929 [DEBUG] [UMS.Areas.Identity.Pages.Account.LoginModel]  Login.cshtml.cs:51 | Starting Login model.
2020/09/24 13:14:22.955 [TRACE] [UMS.Areas.Identity.Pages.Account.LoginModel]  Login.cshtml.cs:139 | Start login on post.
2020/09/24 13:14:22.955 [TRACE] [UMS.Areas.Identity.Pages.Account.LoginModel]  Login.cshtml.cs:143 | Signing in with password.
2020/09/24 13:14:22.992 [WARN] [UMS.Areas.Identity.Pages.Account.LoginModel]  Login.cshtml.cs:181 | Your email or password is not valid.
2020/09/24 13:14:22.992 [TRACE] [UMS.Areas.Identity.Pages.Account.LoginModel]  Login.cshtml.cs:186 | End login on post.
2020/09/24 13:15:12.635 [TRACE] [UMS.Data.AuthDbContext]  AuthDbContext.cs:28 | Start Auth Database Context.
2020/09/24 13:15:12.635 [DEBUG] [UMS.Models.EditAccountContext]  EditAccountContext.cs:24 | Start Edit Account Context.
2020/09/24 13:15:12.648 [DEBUG] [UMS.Models.AccountContext]  AccountContext.cs:24 | Start Account Context.
2020/09/24 13:15:12.648 [TRACE] [UMS.Controllers.ManageUserController]  ManageUserController.cs:44 | NLog injected into EditProfileController.
2020/09/24 13:15:12.648 [TRACE] [UMS.Controllers.ManageUserController]  ManageUserController.cs:46 | Account Context injected into EditProfileController.
2020/09/24 13:15:12.648 [TRACE] [UMS.Controllers.ManageUserController]  ManageUserController.cs:48 | Edit Profile Context injected into EditProfileController.
2020/09/24 13:15:12.648 [TRACE] [UMS.Controllers.ManageUserController]  ManageUserController.cs:50 | Sign In Manager injected into EditProfileController.
2020/09/24 13:15:12.648 [TRACE] [UMS.Controllers.ManageUserController]  ManageUserController.cs:51 | Start EditProfileController Constructor.
2020/09/24 13:15:12.661 [DEBUG] [UMS.Areas.Identity.Pages.Account.LoginModel]  Login.cshtml.cs:51 | Starting Login model.
2020/09/24 13:15:12.661 [TRACE] [UMS.Areas.Identity.Pages.Account.LoginModel]  Login.cshtml.cs:139 | Start login on post.
2020/09/24 13:15:12.661 [TRACE] [UMS.Areas.Identity.Pages.Account.LoginModel]  Login.cshtml.cs:143 | Signing in with password.
2020/09/24 13:15:12.746 [INFO] [UMS.Areas.Identity.Pages.Account.LoginModel]  Login.cshtml.cs:147 | User logged in.
2020/09/24 13:15:12.776 [TRACE] [UMS.Areas.Identity.Pages.Account.LoginModel]  Login.cshtml.cs:170 | End login on post.
2020/09/24 13:15:12.789 [TRACE] [UMS.Data.AuthDbContext]  Index:AuthDbContext.cs:28 | Start Auth Database Context.
2020/09/24 13:15:12.789 [TRACE] [UMS.Controllers.HomeController] [usermanagement2020@gmail.com] Index:HomeController.cs:37 | NLog injected into HomeController.
2020/09/24 13:15:12.789 [TRACE] [UMS.Controllers.HomeController] [usermanagement2020@gmail.com] Index:HomeController.cs:39 | User manager injected into HomeController.
2020/09/24 13:15:12.789 [TRACE] [UMS.Controllers.HomeController] [usermanagement2020@gmail.com] Index:HomeController.cs:40 | Start HomeController Constructor.
2020/09/24 13:15:12.789 [TRACE] [UMS.Controllers.HomeController] [usermanagement2020@gmail.com] Index:HomeController.cs:59 | Start Index.
2020/09/24 13:15:12.802 [INFO] [UMS.Controllers.HomeController] [usermanagement2020@gmail.com] Index:HomeController.cs:60 | Welcome usermanagement2020@gmail.com to UMS.
2020/09/24 13:15:12.802 [TRACE] [UMS.Controllers.HomeController] [usermanagement2020@gmail.com] Index:HomeController.cs:65 | Find first value from user.
2020/09/24 13:15:12.802 [TRACE] [UMS.Controllers.HomeController] [usermanagement2020@gmail.com] Index:HomeController.cs:68 | End Index.
2020/09/24 13:15:14.833 [TRACE] [UMS.Data.AuthDbContext]  AuthDbContext.cs:28 | Start Auth Database Context.
2020/09/24 13:15:14.833 [DEBUG] [UMS.Areas.Identity.Pages.Account.LogoutModel] [usermanagement2020@gmail.com] Logout.cshtml.cs:30 | Starting Log out model.
2020/09/24 13:15:14.849 [TRACE] [UMS.Areas.Identity.Pages.Account.LogoutModel] [usermanagement2020@gmail.com] Logout.cshtml.cs:47 | Start Log out model On Post.
2020/09/24 13:15:14.849 [TRACE] [UMS.Areas.Identity.Pages.Account.LogoutModel] [usermanagement2020@gmail.com] Logout.cshtml.cs:48 | Signing out.
2020/09/24 13:15:14.849 [INFO] [UMS.Areas.Identity.Pages.Account.LogoutModel] [usermanagement2020@gmail.com] Logout.cshtml.cs:51 | User logged out.
2020/09/24 13:15:14.869 [TRACE] [UMS.Areas.Identity.Pages.Account.LogoutModel] [usermanagement2020@gmail.com] Logout.cshtml.cs:54 | End Log out model On Post.
2020/09/24 13:15:14.888 [TRACE] [UMS.Data.AuthDbContext]  AuthDbContext.cs:28 | Start Auth Database Context.
2020/09/24 13:15:14.888 [DEBUG] [UMS.Models.EditAccountContext]  EditAccountContext.cs:24 | Start Edit Account Context.
2020/09/24 13:15:14.898 [DEBUG] [UMS.Models.AccountContext]  AccountContext.cs:24 | Start Account Context.
2020/09/24 13:15:14.898 [TRACE] [UMS.Controllers.ManageUserController]  ManageUserController.cs:44 | NLog injected into EditProfileController.
2020/09/24 13:15:14.898 [TRACE] [UMS.Controllers.ManageUserController]  ManageUserController.cs:46 | Account Context injected into EditProfileController.
2020/09/24 13:15:14.898 [TRACE] [UMS.Controllers.ManageUserController]  ManageUserController.cs:48 | Edit Profile Context injected into EditProfileController.
2020/09/24 13:15:14.912 [TRACE] [UMS.Controllers.ManageUserController]  ManageUserController.cs:50 | Sign In Manager injected into EditProfileController.
2020/09/24 13:15:14.912 [TRACE] [UMS.Controllers.ManageUserController]  ManageUserController.cs:51 | Start EditProfileController Constructor.
2020/09/24 13:15:14.912 [DEBUG] [UMS.Areas.Identity.Pages.Account.LoginModel]  Login.cshtml.cs:51 | Starting Login model.
2020/09/24 13:15:14.912 [TRACE] [UMS.Areas.Identity.Pages.Account.LoginModel]  Login.cshtml.cs:102 | Start login on get.
2020/09/24 13:15:14.912 [TRACE] [UMS.Areas.Identity.Pages.Account.LoginModel]  Login.cshtml.cs:114 | Signing out.
2020/09/24 13:15:14.928 [DEBUG] [UMS.Areas.Identity.Pages.Account.LoginModel]  Login.cshtml.cs:116 | Getting external authentication scheme.
2020/09/24 13:15:14.928 [TRACE] [UMS.Areas.Identity.Pages.Account.LoginModel]  Login.cshtml.cs:119 | End login on get.
2020/09/24 13:15:17.081 [TRACE] [UMS.Data.AuthDbContext]  AuthDbContext.cs:28 | Start Auth Database Context.
2020/09/24 13:15:17.085 [DEBUG] [UMS.Models.EditAccountContext]  EditAccountContext.cs:24 | Start Edit Account Context.
2020/09/24 13:15:17.085 [DEBUG] [UMS.Models.AccountContext]  AccountContext.cs:24 | Start Account Context.
2020/09/24 13:15:17.085 [TRACE] [UMS.Controllers.ManageUserController]  ManageUserController.cs:44 | NLog injected into EditProfileController.
2020/09/24 13:15:17.085 [TRACE] [UMS.Controllers.ManageUserController]  ManageUserController.cs:46 | Account Context injected into EditProfileController.
2020/09/24 13:15:17.085 [TRACE] [UMS.Controllers.ManageUserController]  ManageUserController.cs:48 | Edit Profile Context injected into EditProfileController.
2020/09/24 13:15:17.085 [TRACE] [UMS.Controllers.ManageUserController]  ManageUserController.cs:50 | Sign In Manager injected into EditProfileController.
2020/09/24 13:15:17.102 [TRACE] [UMS.Controllers.ManageUserController]  ManageUserController.cs:51 | Start EditProfileController Constructor.
2020/09/24 13:15:17.102 [DEBUG] [UMS.Areas.Identity.Pages.Account.LoginModel]  Login.cshtml.cs:51 | Starting Login model.
2020/09/24 13:15:17.102 [TRACE] [UMS.Areas.Identity.Pages.Account.LoginModel]  Login.cshtml.cs:139 | Start login on post.
2020/09/24 13:15:17.114 [TRACE] [UMS.Areas.Identity.Pages.Account.LoginModel]  Login.cshtml.cs:143 | Signing in with password.
2020/09/24 13:15:17.114 [WARN] [UMS.Areas.Identity.Pages.Account.LoginModel]  Login.cshtml.cs:181 | Your email or password is not valid.
2020/09/24 13:15:17.114 [TRACE] [UMS.Areas.Identity.Pages.Account.LoginModel]  Login.cshtml.cs:186 | End login on post.
2020/09/24 13:15:32.747 [INFO] [Microsoft.Hosting.Lifetime]   | Application is shutting down...
2020/09/24 13:15:47.876 [TRACE] [UMS.Program]  Program.cs:27 | Starting Program.
2020/09/24 13:15:48.949 [INFO] [Microsoft.Hosting.Lifetime]   | Now listening on: https://localhost:44346
2020/09/24 13:15:49.167 [INFO] [Microsoft.Hosting.Lifetime]   | Application started. Press Ctrl+C to shut down.
2020/09/24 13:15:49.167 [INFO] [Microsoft.Hosting.Lifetime]   | Hosting environment: Development
2020/09/24 13:15:49.167 [INFO] [Microsoft.Hosting.Lifetime]   | Content root path: C:\Users\Namchok\Desktop\สหกิจ\ums\UMS
2020/09/24 13:15:49.758 [TRACE] [UMS.Data.AuthDbContext]  AuthDbContext.cs:28 | Start Auth Database Context.
2020/09/24 13:15:49.770 [DEBUG] [UMS.Models.EditAccountContext]  EditAccountContext.cs:24 | Start Edit Account Context.
2020/09/24 13:15:49.770 [DEBUG] [UMS.Models.AccountContext]  AccountContext.cs:24 | Start Account Context.
2020/09/24 13:15:49.770 [TRACE] [UMS.Controllers.ManageUserController]  ManageUserController.cs:44 | NLog injected into EditProfileController.
2020/09/24 13:15:49.770 [TRACE] [UMS.Controllers.ManageUserController]  ManageUserController.cs:46 | Account Context injected into EditProfileController.
2020/09/24 13:15:49.770 [TRACE] [UMS.Controllers.ManageUserController]  ManageUserController.cs:48 | Edit Profile Context injected into EditProfileController.
2020/09/24 13:15:49.770 [TRACE] [UMS.Controllers.ManageUserController]  ManageUserController.cs:50 | Sign In Manager injected into EditProfileController.
2020/09/24 13:15:49.770 [TRACE] [UMS.Controllers.ManageUserController]  ManageUserController.cs:51 | Start EditProfileController Constructor.
2020/09/24 13:15:49.786 [DEBUG] [UMS.Areas.Identity.Pages.Account.LoginModel]  Login.cshtml.cs:51 | Starting Login model.
2020/09/24 13:15:49.804 [TRACE] [UMS.Areas.Identity.Pages.Account.LoginModel]  Login.cshtml.cs:102 | Start login on get.
2020/09/24 13:15:49.804 [TRACE] [UMS.Areas.Identity.Pages.Account.LoginModel]  Login.cshtml.cs:114 | Signing out.
2020/09/24 13:15:49.804 [DEBUG] [UMS.Areas.Identity.Pages.Account.LoginModel]  Login.cshtml.cs:116 | Getting external authentication scheme.
2020/09/24 13:15:49.818 [TRACE] [UMS.Areas.Identity.Pages.Account.LoginModel]  Login.cshtml.cs:119 | End login on get.
2020/09/24 13:15:54.184 [TRACE] [UMS.Data.AuthDbContext]  AuthDbContext.cs:28 | Start Auth Database Context.
2020/09/24 13:15:54.184 [DEBUG] [UMS.Models.EditAccountContext]  EditAccountContext.cs:24 | Start Edit Account Context.
2020/09/24 13:15:54.184 [DEBUG] [UMS.Models.AccountContext]  AccountContext.cs:24 | Start Account Context.
2020/09/24 13:15:54.193 [TRACE] [UMS.Controllers.ManageUserController]  ManageUserController.cs:44 | NLog injected into EditProfileController.
2020/09/24 13:15:54.193 [TRACE] [UMS.Controllers.ManageUserController]  ManageUserController.cs:46 | Account Context injected into EditProfileController.
2020/09/24 13:15:54.193 [TRACE] [UMS.Controllers.ManageUserController]  ManageUserController.cs:48 | Edit Profile Context injected into EditProfileController.
2020/09/24 13:15:54.193 [TRACE] [UMS.Controllers.ManageUserController]  ManageUserController.cs:50 | Sign In Manager injected into EditProfileController.
2020/09/24 13:15:54.193 [TRACE] [UMS.Controllers.ManageUserController]  ManageUserController.cs:51 | Start EditProfileController Constructor.
2020/09/24 13:15:54.193 [DEBUG] [UMS.Areas.Identity.Pages.Account.LoginModel]  Login.cshtml.cs:51 | Starting Login model.
2020/09/24 13:15:54.220 [TRACE] [UMS.Areas.Identity.Pages.Account.LoginModel]  Login.cshtml.cs:139 | Start login on post.
2020/09/24 13:15:54.220 [TRACE] [UMS.Areas.Identity.Pages.Account.LoginModel]  Login.cshtml.cs:143 | Signing in with password.
2020/09/24 13:15:54.546 [TRACE] [UMS.Data.AuthDbContext]  AuthDbContext.cs:76 | Creating applications user models.
2020/09/24 13:15:54.546 [TRACE] [UMS.Data.AuthDbContext]  AuthDbContext.cs:84 | Creating Identity models.
2020/09/24 13:15:54.560 [TRACE] [UMS.Data.AuthDbContext]  AuthDbContext.cs:108 | Creating log models.
2020/09/24 13:15:54.560 [TRACE] [UMS.Data.AuthDbContext]  AuthDbContext.cs:110 | End creating on model.
2020/09/24 13:16:09.722 [ERROR] [Microsoft.EntityFrameworkCore.Database.Connection]   | An error occurred using the connection to database 'UMS' on server 'localhost\SQLEXPRESSs'.
2020/09/24 13:16:09.746 [ERROR] [Microsoft.EntityFrameworkCore.Query]   | An exception occurred while iterating over the results of a query for context type 'UMS.Data.AuthDbContext'.
Microsoft.Data.SqlClient.SqlException (0x80131904): A network-related or instance-specific error occurred while establishing a connection to SQL Server. The server was not found or was not accessible. Verify that the instance name is correct and that SQL Server is configured to allow remote connections. (provider: SQL Network Interfaces, error: 26 - Error Locating Server/Instance Specified)
   at Microsoft.Data.SqlClient.SqlInternalConnection.OnError(SqlException exception, Boolean breakConnection, Action`1 wrapCloseInAction)
   at Microsoft.Data.SqlClient.TdsParser.ThrowExceptionAndWarning(TdsParserStateObject stateObj, Boolean callerHasConnectionLock, Boolean asyncClose)
   at Microsoft.Data.SqlClient.TdsParser.Connect(ServerInfo serverInfo, SqlInternalConnectionTds connHandler, Boolean ignoreSniOpenTimeout, Int64 timerExpire, Boolean encrypt, Boolean trustServerCert, Boolean integratedSecurity, Boolean withFailover, SqlAuthenticationMethod authType, SqlAuthenticationProviderManager sqlAuthProviderManager)
   at Microsoft.Data.SqlClient.SqlInternalConnectionTds.AttemptOneLogin(ServerInfo serverInfo, String newPassword, SecureString newSecurePassword, Boolean ignoreSniOpenTimeout, TimeoutTimer timeout, Boolean withFailover)
   at Microsoft.Data.SqlClient.SqlInternalConnectionTds.LoginNoFailover(ServerInfo serverInfo, String newPassword, SecureString newSecurePassword, Boolean redirectedUserInstance, SqlConnectionString connectionOptions, SqlCredential credential, TimeoutTimer timeout)
   at Microsoft.Data.SqlClient.SqlInternalConnectionTds.OpenLoginEnlist(TimeoutTimer timeout, SqlConnectionString connectionOptions, SqlCredential credential, String newPassword, SecureString newSecurePassword, Boolean redirectedUserInstance)
   at Microsoft.Data.SqlClient.SqlInternalConnectionTds..ctor(DbConnectionPoolIdentity identity, SqlConnectionString connectionOptions, SqlCredential credential, Object providerInfo, String newPassword, SecureString newSecurePassword, Boolean redirectedUserInstance, SqlConnectionString userConnectionOptions, SessionData reconnectSessionData, Boolean applyTransientFaultHandling, String accessToken, DbConnectionPool pool, SqlAuthenticationProviderManager sqlAuthProviderManager)
   at Microsoft.Data.SqlClient.SqlConnectionFactory.CreateConnection(DbConnectionOptions options, DbConnectionPoolKey poolKey, Object poolGroupProviderInfo, DbConnectionPool pool, DbConnection owningConnection, DbConnectionOptions userOptions)
   at Microsoft.Data.ProviderBase.DbConnectionFactory.CreatePooledConnection(DbConnectionPool pool, DbConnection owningObject, DbConnectionOptions options, DbConnectionPoolKey poolKey, DbConnectionOptions userOptions)
   at Microsoft.Data.ProviderBase.DbConnectionPool.CreateObject(DbConnection owningObject, DbConnectionOptions userOptions, DbConnectionInternal oldConnection)
   at Microsoft.Data.ProviderBase.DbConnectionPool.UserCreateRequest(DbConnection owningObject, DbConnectionOptions userOptions, DbConnectionInternal oldConnection)
   at Microsoft.Data.ProviderBase.DbConnectionPool.TryGetConnection(DbConnection owningObject, UInt32 waitForMultipleObjectsTimeout, Boolean allowCreate, Boolean onlyOneCheckConnection, DbConnectionOptions userOptions, DbConnectionInternal& connection)
   at Microsoft.Data.ProviderBase.DbConnectionPool.WaitForPendingOpen()
--- End of stack trace from previous location where exception was thrown ---
   at Microsoft.EntityFrameworkCore.Storage.RelationalConnection.OpenDbConnectionAsync(Boolean errorsExpected, CancellationToken cancellationToken)
   at Microsoft.EntityFrameworkCore.Storage.RelationalConnection.OpenDbConnectionAsync(Boolean errorsExpected, CancellationToken cancellationToken)
   at Microsoft.EntityFrameworkCore.Storage.RelationalConnection.OpenAsync(CancellationToken cancellationToken, Boolean errorsExpected)
   at Microsoft.EntityFrameworkCore.Storage.RelationalCommand.ExecuteReaderAsync(RelationalCommandParameterObject parameterObject, CancellationToken cancellationToken)
   at Microsoft.EntityFrameworkCore.Query.Internal.QueryingEnumerable`1.AsyncEnumerator.InitializeReaderAsync(DbContext _, Boolean result, CancellationToken cancellationToken)
   at Microsoft.EntityFrameworkCore.SqlServer.Storage.Internal.SqlServerExecutionStrategy.ExecuteAsync[TState,TResult](TState state, Func`4 operation, Func`4 verifySucceeded, CancellationToken cancellationToken)
   at Microsoft.EntityFrameworkCore.Query.Internal.QueryingEnumerable`1.AsyncEnumerator.MoveNextAsync()
ClientConnectionId:00000000-0000-0000-0000-000000000000
Error Number:-1,State:0,Class:20Microsoft.Data.SqlClient.SqlException (0x80131904): A network-related or instance-specific error occurred while establishing a connection to SQL Server. The server was not found or was not accessible. Verify that the instance name is correct and that SQL Server is configured to allow remote connections. (provider: SQL Network Interfaces, error: 26 - Error Locating Server/Instance Specified)
   at Microsoft.Data.SqlClient.SqlInternalConnection.OnError(SqlException exception, Boolean breakConnection, Action`1 wrapCloseInAction)
   at Microsoft.Data.SqlClient.TdsParser.ThrowExceptionAndWarning(TdsParserStateObject stateObj, Boolean callerHasConnectionLock, Boolean asyncClose)
   at Microsoft.Data.SqlClient.TdsParser.Connect(ServerInfo serverInfo, SqlInternalConnectionTds connHandler, Boolean ignoreSniOpenTimeout, Int64 timerExpire, Boolean encrypt, Boolean trustServerCert, Boolean integratedSecurity, Boolean withFailover, SqlAuthenticationMethod authType, SqlAuthenticationProviderManager sqlAuthProviderManager)
   at Microsoft.Data.SqlClient.SqlInternalConnectionTds.AttemptOneLogin(ServerInfo serverInfo, String newPassword, SecureString newSecurePassword, Boolean ignoreSniOpenTimeout, TimeoutTimer timeout, Boolean withFailover)
   at Microsoft.Data.SqlClient.SqlInternalConnectionTds.LoginNoFailover(ServerInfo serverInfo, String newPassword, SecureString newSecurePassword, Boolean redirectedUserInstance, SqlConnectionString connectionOptions, SqlCredential credential, TimeoutTimer timeout)
   at Microsoft.Data.SqlClient.SqlInternalConnectionTds.OpenLoginEnlist(TimeoutTimer timeout, SqlConnectionString connectionOptions, SqlCredential credential, String newPassword, SecureString newSecurePassword, Boolean redirectedUserInstance)
   at Microsoft.Data.SqlClient.SqlInternalConnectionTds..ctor(DbConnectionPoolIdentity identity, SqlConnectionString connectionOptions, SqlCredential credential, Object providerInfo, String newPassword, SecureString newSecurePassword, Boolean redirectedUserInstance, SqlConnectionString userConnectionOptions, SessionData reconnectSessionData, Boolean applyTransientFaultHandling, String accessToken, DbConnectionPool pool, SqlAuthenticationProviderManager sqlAuthProviderManager)
   at Microsoft.Data.SqlClient.SqlConnectionFactory.CreateConnection(DbConnectionOptions options, DbConnectionPoolKey poolKey, Object poolGroupProviderInfo, DbConnectionPool pool, DbConnection owningConnection, DbConnectionOptions userOptions)
   at Microsoft.Data.ProviderBase.DbConnectionFactory.CreatePooledConnection(DbConnectionPool pool, DbConnection owningObject, DbConnectionOptions options, DbConnectionPoolKey poolKey, DbConnectionOptions userOptions)
   at Microsoft.Data.ProviderBase.DbConnectionPool.CreateObject(DbConnection owningObject, DbConnectionOptions userOptions, DbConnectionInternal oldConnection)
   at Microsoft.Data.ProviderBase.DbConnectionPool.UserCreateRequest(DbConnection owningObject, DbConnectionOptions userOptions, DbConnectionInternal oldConnection)
   at Microsoft.Data.ProviderBase.DbConnectionPool.TryGetConnection(DbConnection owningObject, UInt32 waitForMultipleObjectsTimeout, Boolean allowCreate, Boolean onlyOneCheckConnection, DbConnectionOptions userOptions, DbConnectionInternal& connection)
   at Microsoft.Data.ProviderBase.DbConnectionPool.WaitForPendingOpen()
--- End of stack trace from previous location where exception was thrown ---
   at Microsoft.EntityFrameworkCore.Storage.RelationalConnection.OpenDbConnectionAsync(Boolean errorsExpected, CancellationToken cancellationToken)
   at Microsoft.EntityFrameworkCore.Storage.RelationalConnection.OpenDbConnectionAsync(Boolean errorsExpected, CancellationToken cancellationToken)
   at Microsoft.EntityFrameworkCore.Storage.RelationalConnection.OpenAsync(CancellationToken cancellationToken, Boolean errorsExpected)
   at Microsoft.EntityFrameworkCore.Storage.RelationalCommand.ExecuteReaderAsync(RelationalCommandParameterObject parameterObject, CancellationToken cancellationToken)
   at Microsoft.EntityFrameworkCore.Query.Internal.QueryingEnumerable`1.AsyncEnumerator.InitializeReaderAsync(DbContext _, Boolean result, CancellationToken cancellationToken)
   at Microsoft.EntityFrameworkCore.SqlServer.Storage.Internal.SqlServerExecutionStrategy.ExecuteAsync[TState,TResult](TState state, Func`4 operation, Func`4 verifySucceeded, CancellationToken cancellationToken)
   at Microsoft.EntityFrameworkCore.Query.Internal.QueryingEnumerable`1.AsyncEnumerator.MoveNextAsync()
ClientConnectionId:00000000-0000-0000-0000-000000000000
Error Number:-1,State:0,Class:20
2020/09/24 13:16:09.890 [ERROR] [UMS.Areas.Identity.Pages.Account.LoginModel]  Login.cshtml.cs:144 | A network-related or instance-specific error occurred while establishing a connection to SQL Server. The server was not found or was not accessible. Verify that the instance name is correct and that SQL Server is configured to allow remote connections. (provider: SQL Network Interfaces, error: 26 - Error Locating Server/Instance Specified)
2020/09/24 13:16:09.904 [TRACE] [UMS.Areas.Identity.Pages.Account.LoginModel]  Login.cshtml.cs:144 | End login on post.
2020/09/24 13:16:16.676 [TRACE] [UMS.Data.AuthDbContext]  AuthDbContext.cs:28 | Start Auth Database Context.
2020/09/24 13:16:16.690 [DEBUG] [UMS.Models.EditAccountContext]  EditAccountContext.cs:24 | Start Edit Account Context.
2020/09/24 13:16:16.695 [DEBUG] [UMS.Models.AccountContext]  AccountContext.cs:24 | Start Account Context.
2020/09/24 13:16:16.695 [TRACE] [UMS.Controllers.ManageUserController]  ManageUserController.cs:44 | NLog injected into EditProfileController.
2020/09/24 13:16:16.695 [TRACE] [UMS.Controllers.ManageUserController]  ManageUserController.cs:46 | Account Context injected into EditProfileController.
2020/09/24 13:16:16.695 [TRACE] [UMS.Controllers.ManageUserController]  ManageUserController.cs:48 | Edit Profile Context injected into EditProfileController.
2020/09/24 13:16:16.695 [TRACE] [UMS.Controllers.ManageUserController]  ManageUserController.cs:50 | Sign In Manager injected into EditProfileController.
2020/09/24 13:16:16.695 [TRACE] [UMS.Controllers.ManageUserController]  ManageUserController.cs:51 | Start EditProfileController Constructor.
2020/09/24 13:16:16.710 [DEBUG] [UMS.Areas.Identity.Pages.Account.LoginModel]  Login.cshtml.cs:51 | Starting Login model.
2020/09/24 13:16:16.710 [TRACE] [UMS.Areas.Identity.Pages.Account.LoginModel]  Login.cshtml.cs:139 | Start login on post.
2020/09/24 13:16:16.710 [TRACE] [UMS.Areas.Identity.Pages.Account.LoginModel]  Login.cshtml.cs:143 | Signing in with password.
2020/09/24 13:16:31.401 [ERROR] [Microsoft.EntityFrameworkCore.Database.Connection]   | An error occurred using the connection to database 'UMS' on server 'localhost\SQLEXPRESSs'.
2020/09/24 13:16:31.401 [ERROR] [Microsoft.EntityFrameworkCore.Query]   | An exception occurred while iterating over the results of a query for context type 'UMS.Data.AuthDbContext'.
Microsoft.Data.SqlClient.SqlException (0x80131904): A network-related or instance-specific error occurred while establishing a connection to SQL Server. The server was not found or was not accessible. Verify that the instance name is correct and that SQL Server is configured to allow remote connections. (provider: SQL Network Interfaces, error: 26 - Error Locating Server/Instance Specified)
   at Microsoft.Data.SqlClient.SqlInternalConnection.OnError(SqlException exception, Boolean breakConnection, Action`1 wrapCloseInAction)
   at Microsoft.Data.SqlClient.TdsParser.ThrowExceptionAndWarning(TdsParserStateObject stateObj, Boolean callerHasConnectionLock, Boolean asyncClose)
   at Microsoft.Data.SqlClient.TdsParser.Connect(ServerInfo serverInfo, SqlInternalConnectionTds connHandler, Boolean ignoreSniOpenTimeout, Int64 timerExpire, Boolean encrypt, Boolean trustServerCert, Boolean integratedSecurity, Boolean withFailover, SqlAuthenticationMethod authType, SqlAuthenticationProviderManager sqlAuthProviderManager)
   at Microsoft.Data.SqlClient.SqlInternalConnectionTds.AttemptOneLogin(ServerInfo serverInfo, String newPassword, SecureString newSecurePassword, Boolean ignoreSniOpenTimeout, TimeoutTimer timeout, Boolean withFailover)
   at Microsoft.Data.SqlClient.SqlInternalConnectionTds.LoginNoFailover(ServerInfo serverInfo, String newPassword, SecureString newSecurePassword, Boolean redirectedUserInstance, SqlConnectionString connectionOptions, SqlCredential credential, TimeoutTimer timeout)
   at Microsoft.Data.SqlClient.SqlInternalConnectionTds.OpenLoginEnlist(TimeoutTimer timeout, SqlConnectionString connectionOptions, SqlCredential credential, String newPassword, SecureString newSecurePassword, Boolean redirectedUserInstance)
   at Microsoft.Data.SqlClient.SqlInternalConnectionTds..ctor(DbConnectionPoolIdentity identity, SqlConnectionString connectionOptions, SqlCredential credential, Object providerInfo, String newPassword, SecureString newSecurePassword, Boolean redirectedUserInstance, SqlConnectionString userConnectionOptions, SessionData reconnectSessionData, Boolean applyTransientFaultHandling, String accessToken, DbConnectionPool pool, SqlAuthenticationProviderManager sqlAuthProviderManager)
   at Microsoft.Data.SqlClient.SqlConnectionFactory.CreateConnection(DbConnectionOptions options, DbConnectionPoolKey poolKey, Object poolGroupProviderInfo, DbConnectionPool pool, DbConnection owningConnection, DbConnectionOptions userOptions)
   at Microsoft.Data.ProviderBase.DbConnectionFactory.CreatePooledConnection(DbConnectionPool pool, DbConnection owningObject, DbConnectionOptions options, DbConnectionPoolKey poolKey, DbConnectionOptions userOptions)
   at Microsoft.Data.ProviderBase.DbConnectionPool.CreateObject(DbConnection owningObject, DbConnectionOptions userOptions, DbConnectionInternal oldConnection)
   at Microsoft.Data.ProviderBase.DbConnectionPool.UserCreateRequest(DbConnection owningObject, DbConnectionOptions userOptions, DbConnectionInternal oldConnection)
   at Microsoft.Data.ProviderBase.DbConnectionPool.TryGetConnection(DbConnection owningObject, UInt32 waitForMultipleObjectsTimeout, Boolean allowCreate, Boolean onlyOneCheckConnection, DbConnectionOptions userOptions, DbConnectionInternal& connection)
   at Microsoft.Data.ProviderBase.DbConnectionPool.WaitForPendingOpen()
--- End of stack trace from previous location where exception was thrown ---
   at Microsoft.EntityFrameworkCore.Storage.RelationalConnection.OpenDbConnectionAsync(Boolean errorsExpected, CancellationToken cancellationToken)
   at Microsoft.EntityFrameworkCore.Storage.RelationalConnection.OpenDbConnectionAsync(Boolean errorsExpected, CancellationToken cancellationToken)
   at Microsoft.EntityFrameworkCore.Storage.RelationalConnection.OpenAsync(CancellationToken cancellationToken, Boolean errorsExpected)
   at Microsoft.EntityFrameworkCore.Storage.RelationalCommand.ExecuteReaderAsync(RelationalCommandParameterObject parameterObject, CancellationToken cancellationToken)
   at Microsoft.EntityFrameworkCore.Query.Internal.QueryingEnumerable`1.AsyncEnumerator.InitializeReaderAsync(DbContext _, Boolean result, CancellationToken cancellationToken)
   at Microsoft.EntityFrameworkCore.SqlServer.Storage.Internal.SqlServerExecutionStrategy.ExecuteAsync[TState,TResult](TState state, Func`4 operation, Func`4 verifySucceeded, CancellationToken cancellationToken)
   at Microsoft.EntityFrameworkCore.Query.Internal.QueryingEnumerable`1.AsyncEnumerator.MoveNextAsync()
ClientConnectionId:00000000-0000-0000-0000-000000000000
Error Number:-1,State:0,Class:20Microsoft.Data.SqlClient.SqlException (0x80131904): A network-related or instance-specific error occurred while establishing a connection to SQL Server. The server was not found or was not accessible. Verify that the instance name is correct and that SQL Server is configured to allow remote connections. (provider: SQL Network Interfaces, error: 26 - Error Locating Server/Instance Specified)
   at Microsoft.Data.SqlClient.SqlInternalConnection.OnError(SqlException exception, Boolean breakConnection, Action`1 wrapCloseInAction)
   at Microsoft.Data.SqlClient.TdsParser.ThrowExceptionAndWarning(TdsParserStateObject stateObj, Boolean callerHasConnectionLock, Boolean asyncClose)
   at Microsoft.Data.SqlClient.TdsParser.Connect(ServerInfo serverInfo, SqlInternalConnectionTds connHandler, Boolean ignoreSniOpenTimeout, Int64 timerExpire, Boolean encrypt, Boolean trustServerCert, Boolean integratedSecurity, Boolean withFailover, SqlAuthenticationMethod authType, SqlAuthenticationProviderManager sqlAuthProviderManager)
   at Microsoft.Data.SqlClient.SqlInternalConnectionTds.AttemptOneLogin(ServerInfo serverInfo, String newPassword, SecureString newSecurePassword, Boolean ignoreSniOpenTimeout, TimeoutTimer timeout, Boolean withFailover)
   at Microsoft.Data.SqlClient.SqlInternalConnectionTds.LoginNoFailover(ServerInfo serverInfo, String newPassword, SecureString newSecurePassword, Boolean redirectedUserInstance, SqlConnectionString connectionOptions, SqlCredential credential, TimeoutTimer timeout)
   at Microsoft.Data.SqlClient.SqlInternalConnectionTds.OpenLoginEnlist(TimeoutTimer timeout, SqlConnectionString connectionOptions, SqlCredential credential, String newPassword, SecureString newSecurePassword, Boolean redirectedUserInstance)
   at Microsoft.Data.SqlClient.SqlInternalConnectionTds..ctor(DbConnectionPoolIdentity identity, SqlConnectionString connectionOptions, SqlCredential credential, Object providerInfo, String newPassword, SecureString newSecurePassword, Boolean redirectedUserInstance, SqlConnectionString userConnectionOptions, SessionData reconnectSessionData, Boolean applyTransientFaultHandling, String accessToken, DbConnectionPool pool, SqlAuthenticationProviderManager sqlAuthProviderManager)
   at Microsoft.Data.SqlClient.SqlConnectionFactory.CreateConnection(DbConnectionOptions options, DbConnectionPoolKey poolKey, Object poolGroupProviderInfo, DbConnectionPool pool, DbConnection owningConnection, DbConnectionOptions userOptions)
   at Microsoft.Data.ProviderBase.DbConnectionFactory.CreatePooledConnection(DbConnectionPool pool, DbConnection owningObject, DbConnectionOptions options, DbConnectionPoolKey poolKey, DbConnectionOptions userOptions)
   at Microsoft.Data.ProviderBase.DbConnectionPool.CreateObject(DbConnection owningObject, DbConnectionOptions userOptions, DbConnectionInternal oldConnection)
   at Microsoft.Data.ProviderBase.DbConnectionPool.UserCreateRequest(DbConnection owningObject, DbConnectionOptions userOptions, DbConnectionInternal oldConnection)
   at Microsoft.Data.ProviderBase.DbConnectionPool.TryGetConnection(DbConnection owningObject, UInt32 waitForMultipleObjectsTimeout, Boolean allowCreate, Boolean onlyOneCheckConnection, DbConnectionOptions userOptions, DbConnectionInternal& connection)
   at Microsoft.Data.ProviderBase.DbConnectionPool.WaitForPendingOpen()
--- End of stack trace from previous location where exception was thrown ---
   at Microsoft.EntityFrameworkCore.Storage.RelationalConnection.OpenDbConnectionAsync(Boolean errorsExpected, CancellationToken cancellationToken)
   at Microsoft.EntityFrameworkCore.Storage.RelationalConnection.OpenDbConnectionAsync(Boolean errorsExpected, CancellationToken cancellationToken)
   at Microsoft.EntityFrameworkCore.Storage.RelationalConnection.OpenAsync(CancellationToken cancellationToken, Boolean errorsExpected)
   at Microsoft.EntityFrameworkCore.Storage.RelationalCommand.ExecuteReaderAsync(RelationalCommandParameterObject parameterObject, CancellationToken cancellationToken)
   at Microsoft.EntityFrameworkCore.Query.Internal.QueryingEnumerable`1.AsyncEnumerator.InitializeReaderAsync(DbContext _, Boolean result, CancellationToken cancellationToken)
   at Microsoft.EntityFrameworkCore.SqlServer.Storage.Internal.SqlServerExecutionStrategy.ExecuteAsync[TState,TResult](TState state, Func`4 operation, Func`4 verifySucceeded, CancellationToken cancellationToken)
   at Microsoft.EntityFrameworkCore.Query.Internal.QueryingEnumerable`1.AsyncEnumerator.MoveNextAsync()
ClientConnectionId:00000000-0000-0000-0000-000000000000
Error Number:-1,State:0,Class:20
2020/09/24 13:16:31.516 [ERROR] [UMS.Areas.Identity.Pages.Account.LoginModel]  Login.cshtml.cs:144 | A network-related or instance-specific error occurred while establishing a connection to SQL Server. The server was not found or was not accessible. Verify that the instance name is correct and that SQL Server is configured to allow remote connections. (provider: SQL Network Interfaces, error: 26 - Error Locating Server/Instance Specified)
2020/09/24 13:16:31.529 [TRACE] [UMS.Areas.Identity.Pages.Account.LoginModel]  Login.cshtml.cs:144 | End login on post.
2020/09/24 13:16:37.994 [INFO] [Microsoft.Hosting.Lifetime]   | Application is shutting down...
