############################################## User Management System log ##############################################
2020/09/23 09:09:10.942 [TRACE] [UMS.Program]  Program.cs:27 | Starting Program.
2020/09/23 09:09:12.479 [INFO] [Microsoft.Hosting.Lifetime]   | Now listening on: https://localhost:44346
2020/09/23 09:09:12.832 [INFO] [Microsoft.Hosting.Lifetime]   | Application started. Press Ctrl+C to shut down.
2020/09/23 09:09:12.838 [INFO] [Microsoft.Hosting.Lifetime]   | Hosting environment: Development
2020/09/23 09:09:12.838 [INFO] [Microsoft.Hosting.Lifetime]   | Content root path: C:\Users\Namchok\Desktop\สหกิจ\ums\UMS
2020/09/23 09:09:13.312 [TRACE] [UMS.Data.AuthDbContext]  AuthDbContext.cs:28 | Start Auth Database Context.
2020/09/23 09:09:13.328 [DEBUG] [UMS.Models.EditAccountContext]  EditAccountContext.cs:24 | Start Edit Account Context.
2020/09/23 09:09:13.334 [DEBUG] [UMS.Models.AccountContext]  AccountContext.cs:24 | Start Account Context.
2020/09/23 09:09:13.334 [TRACE] [UMS.Controllers.ManageUserController]  ManageUserController.cs:44 | NLog injected into EditProfileController.
2020/09/23 09:09:13.334 [TRACE] [UMS.Controllers.ManageUserController]  ManageUserController.cs:46 | Account Context injected into EditProfileController.
2020/09/23 09:09:13.334 [TRACE] [UMS.Controllers.ManageUserController]  ManageUserController.cs:48 | Edit Profile Context injected into EditProfileController.
2020/09/23 09:09:13.334 [TRACE] [UMS.Controllers.ManageUserController]  ManageUserController.cs:50 | Sign In Manager injected into EditProfileController.
2020/09/23 09:09:13.334 [TRACE] [UMS.Controllers.ManageUserController]  ManageUserController.cs:51 | Start EditProfileController Constructor.
2020/09/23 09:09:13.334 [DEBUG] [UMS.Areas.Identity.Pages.Account.LoginModel]  Login.cshtml.cs:46 | Starting Login model.
2020/09/23 09:09:13.370 [TRACE] [UMS.Areas.Identity.Pages.Account.LoginModel]  Login.cshtml.cs:97 | Start login on get.
2020/09/23 09:09:13.370 [TRACE] [UMS.Areas.Identity.Pages.Account.LoginModel]  Login.cshtml.cs:109 | Signing out.
2020/09/23 09:09:13.382 [DEBUG] [UMS.Areas.Identity.Pages.Account.LoginModel]  Login.cshtml.cs:111 | Getting external authentication scheme.
2020/09/23 09:09:13.382 [TRACE] [UMS.Areas.Identity.Pages.Account.LoginModel]  Login.cshtml.cs:114 | End login on get.
2020/09/23 09:20:10.148 [TRACE] [UMS.Program]  Program.cs:27 | Starting Program.
2020/09/23 09:20:11.251 [INFO] [Microsoft.Hosting.Lifetime]   | Now listening on: https://localhost:44346
2020/09/23 09:20:11.463 [INFO] [Microsoft.Hosting.Lifetime]   | Application started. Press Ctrl+C to shut down.
2020/09/23 09:20:11.463 [INFO] [Microsoft.Hosting.Lifetime]   | Hosting environment: Development
2020/09/23 09:20:11.463 [INFO] [Microsoft.Hosting.Lifetime]   | Content root path: C:\Users\Namchok\Desktop\สหกิจ\ums\UMS
2020/09/23 09:20:11.803 [TRACE] [UMS.Data.AuthDbContext]  AuthDbContext.cs:28 | Start Auth Database Context.
2020/09/23 09:20:11.803 [DEBUG] [UMS.Models.EditAccountContext]  EditAccountContext.cs:24 | Start Edit Account Context.
2020/09/23 09:20:11.820 [DEBUG] [UMS.Models.AccountContext]  AccountContext.cs:24 | Start Account Context.
2020/09/23 09:20:11.820 [TRACE] [UMS.Controllers.ManageUserController]  ManageUserController.cs:44 | NLog injected into EditProfileController.
2020/09/23 09:20:11.820 [TRACE] [UMS.Controllers.ManageUserController]  ManageUserController.cs:46 | Account Context injected into EditProfileController.
2020/09/23 09:20:11.820 [TRACE] [UMS.Controllers.ManageUserController]  ManageUserController.cs:48 | Edit Profile Context injected into EditProfileController.
2020/09/23 09:20:11.820 [TRACE] [UMS.Controllers.ManageUserController]  ManageUserController.cs:50 | Sign In Manager injected into EditProfileController.
2020/09/23 09:20:11.820 [TRACE] [UMS.Controllers.ManageUserController]  ManageUserController.cs:51 | Start EditProfileController Constructor.
2020/09/23 09:20:11.820 [DEBUG] [UMS.Areas.Identity.Pages.Account.LoginModel]  Login.cshtml.cs:46 | Starting Login model.
2020/09/23 09:20:11.851 [TRACE] [UMS.Areas.Identity.Pages.Account.LoginModel]  Login.cshtml.cs:97 | Start login on get.
2020/09/23 09:20:11.851 [TRACE] [UMS.Areas.Identity.Pages.Account.LoginModel]  Login.cshtml.cs:109 | Signing out.
2020/09/23 09:20:11.851 [DEBUG] [UMS.Areas.Identity.Pages.Account.LoginModel]  Login.cshtml.cs:111 | Getting external authentication scheme.
2020/09/23 09:20:11.864 [TRACE] [UMS.Areas.Identity.Pages.Account.LoginModel]  Login.cshtml.cs:114 | End login on get.
2020/09/23 09:20:14.153 [TRACE] [UMS.Data.AuthDbContext]  AuthDbContext.cs:28 | Start Auth Database Context.
2020/09/23 09:20:14.153 [DEBUG] [UMS.Models.EditAccountContext]  EditAccountContext.cs:24 | Start Edit Account Context.
2020/09/23 09:20:14.163 [DEBUG] [UMS.Models.AccountContext]  AccountContext.cs:24 | Start Account Context.
2020/09/23 09:20:14.163 [TRACE] [UMS.Controllers.ManageUserController]  ManageUserController.cs:44 | NLog injected into EditProfileController.
2020/09/23 09:20:14.163 [TRACE] [UMS.Controllers.ManageUserController]  ManageUserController.cs:46 | Account Context injected into EditProfileController.
2020/09/23 09:20:14.163 [TRACE] [UMS.Controllers.ManageUserController]  ManageUserController.cs:48 | Edit Profile Context injected into EditProfileController.
2020/09/23 09:20:14.163 [TRACE] [UMS.Controllers.ManageUserController]  ManageUserController.cs:50 | Sign In Manager injected into EditProfileController.
2020/09/23 09:20:14.163 [TRACE] [UMS.Controllers.ManageUserController]  ManageUserController.cs:51 | Start EditProfileController Constructor.
2020/09/23 09:20:14.163 [DEBUG] [UMS.Areas.Identity.Pages.Account.LoginModel]  Login.cshtml.cs:46 | Starting Login model.
2020/09/23 09:20:14.192 [TRACE] [UMS.Areas.Identity.Pages.Account.LoginModel]  Login.cshtml.cs:134 | Start login on post.
2020/09/23 09:20:14.192 [TRACE] [UMS.Areas.Identity.Pages.Account.LoginModel]  Login.cshtml.cs:138 | Signing in with password.
2020/09/23 09:20:14.525 [TRACE] [UMS.Data.AuthDbContext]  AuthDbContext.cs:76 | Creating applications user models.
2020/09/23 09:20:14.525 [TRACE] [UMS.Data.AuthDbContext]  AuthDbContext.cs:84 | Creating Identity models.
2020/09/23 09:20:14.542 [TRACE] [UMS.Data.AuthDbContext]  AuthDbContext.cs:108 | Creating log models.
2020/09/23 09:20:14.542 [TRACE] [UMS.Data.AuthDbContext]  AuthDbContext.cs:110 | End creating on model.
2020/09/23 09:20:15.339 [INFO] [UMS.Areas.Identity.Pages.Account.LoginModel]  Login.cshtml.cs:142 | User logged in.
2020/09/23 09:20:15.359 [TRACE] [UMS.Areas.Identity.Pages.Account.LoginModel]  Login.cshtml.cs:149 | End login on post.
2020/09/23 09:20:15.375 [TRACE] [UMS.Data.AuthDbContext]  Index:AuthDbContext.cs:28 | Start Auth Database Context.
2020/09/23 09:20:15.387 [TRACE] [UMS.Controllers.HomeController] [usermanagement2020@gmail.com] Index:HomeController.cs:37 | NLog injected into HomeController.
2020/09/23 09:20:15.387 [TRACE] [UMS.Controllers.HomeController] [usermanagement2020@gmail.com] Index:HomeController.cs:39 | User manager injected into HomeController.
2020/09/23 09:20:15.387 [TRACE] [UMS.Controllers.HomeController] [usermanagement2020@gmail.com] Index:HomeController.cs:40 | Start HomeController Constructor.
2020/09/23 09:20:15.387 [TRACE] [UMS.Controllers.HomeController] [usermanagement2020@gmail.com] Index:HomeController.cs:59 | Start Index.
2020/09/23 09:20:15.396 [INFO] [UMS.Controllers.HomeController] [usermanagement2020@gmail.com] Index:HomeController.cs:60 | Welcome usermanagement2020@gmail.com to UMS.
2020/09/23 09:20:15.396 [TRACE] [UMS.Controllers.HomeController] [usermanagement2020@gmail.com] Index:HomeController.cs:65 | Find first value from user.
2020/09/23 09:20:15.396 [TRACE] [UMS.Controllers.HomeController] [usermanagement2020@gmail.com] Index:HomeController.cs:68 | End Index.
2020/09/23 09:20:17.704 [TRACE] [UMS.Data.AuthDbContext]  Index:AuthDbContext.cs:28 | Start Auth Database Context.
2020/09/23 09:20:17.714 [TRACE] [UMS.Models.LogsContext] [usermanagement2020@gmail.com] Index:LogsContext.cs:24 | Start Edit Profile Context.
2020/09/23 09:20:17.714 [TRACE] [UMS.Controllers.LogsController] [usermanagement2020@gmail.com] Index:LogsController.cs:37 | Logs Context injected into Logs Controller.
2020/09/23 09:20:17.714 [TRACE] [UMS.Controllers.LogsController] [usermanagement2020@gmail.com] Index:LogsController.cs:38 | Start Logs Controllerl.
2020/09/23 09:20:17.714 [TRACE] [UMS.Controllers.LogsController] [usermanagement2020@gmail.com] Index:LogsController.cs:56 | Start Index.
2020/09/23 09:20:17.714 [TRACE] [UMS.Controllers.LogsController] [usermanagement2020@gmail.com] Index:LogsController.cs:58 | Find ID from first value.
2020/09/23 09:20:17.725 [DEBUG] [UMS.Controllers.LogsController] [usermanagement2020@gmail.com] Index:LogsController.cs:64 | Getting top 100 from all logs.
2020/09/23 09:20:17.788 [TRACE] [UMS.Controllers.LogsController] [usermanagement2020@gmail.com] Index:LogsController.cs:68 | End Index.
2020/09/23 09:22:23.870 [TRACE] [UMS.Program]  Program.cs:27 | Starting Program.
2020/09/23 09:22:24.975 [INFO] [Microsoft.Hosting.Lifetime]   | Now listening on: https://localhost:44346
2020/09/23 09:22:25.159 [INFO] [Microsoft.Hosting.Lifetime]   | Application started. Press Ctrl+C to shut down.
2020/09/23 09:22:25.164 [INFO] [Microsoft.Hosting.Lifetime]   | Hosting environment: Development
2020/09/23 09:22:25.164 [INFO] [Microsoft.Hosting.Lifetime]   | Content root path: C:\Users\Namchok\Desktop\สหกิจ\ums\UMS
2020/09/23 09:22:25.565 [TRACE] [UMS.Data.AuthDbContext]  Index:AuthDbContext.cs:28 | Start Auth Database Context.
2020/09/23 09:22:25.601 [TRACE] [UMS.Controllers.HomeController] [usermanagement2020@gmail.com] Index:HomeController.cs:37 | NLog injected into HomeController.
2020/09/23 09:22:25.601 [TRACE] [UMS.Controllers.HomeController] [usermanagement2020@gmail.com] Index:HomeController.cs:39 | User manager injected into HomeController.
2020/09/23 09:22:25.601 [TRACE] [UMS.Controllers.HomeController] [usermanagement2020@gmail.com] Index:HomeController.cs:40 | Start HomeController Constructor.
2020/09/23 09:22:25.601 [TRACE] [UMS.Controllers.HomeController] [usermanagement2020@gmail.com] Index:HomeController.cs:59 | Start Index.
2020/09/23 09:22:25.601 [INFO] [UMS.Controllers.HomeController] [usermanagement2020@gmail.com] Index:HomeController.cs:60 | Welcome usermanagement2020@gmail.com to UMS.
2020/09/23 09:22:25.615 [TRACE] [UMS.Controllers.HomeController] [usermanagement2020@gmail.com] Index:HomeController.cs:65 | Find first value from user.
2020/09/23 09:22:25.615 [TRACE] [UMS.Controllers.HomeController] [usermanagement2020@gmail.com] Index:HomeController.cs:68 | End Index.
2020/09/23 09:22:31.299 [TRACE] [UMS.Data.AuthDbContext]  Index:AuthDbContext.cs:28 | Start Auth Database Context.
2020/09/23 09:22:31.310 [TRACE] [UMS.Models.LogsContext] [usermanagement2020@gmail.com] Index:LogsContext.cs:24 | Start Edit Profile Context.
2020/09/23 09:22:31.310 [TRACE] [UMS.Controllers.LogsController] [usermanagement2020@gmail.com] Index:LogsController.cs:37 | Logs Context injected into Logs Controller.
2020/09/23 09:22:31.310 [TRACE] [UMS.Controllers.LogsController] [usermanagement2020@gmail.com] Index:LogsController.cs:38 | Start Logs Controllerl.
2020/09/23 09:22:31.310 [TRACE] [UMS.Controllers.LogsController] [usermanagement2020@gmail.com] Index:LogsController.cs:56 | Start Index.
2020/09/23 09:22:31.318 [TRACE] [UMS.Controllers.LogsController] [usermanagement2020@gmail.com] Index:LogsController.cs:58 | Find ID from first value.
2020/09/23 09:22:31.318 [DEBUG] [UMS.Controllers.LogsController] [usermanagement2020@gmail.com] Index:LogsController.cs:64 | Getting top 100 from all logs.
2020/09/23 09:22:32.026 [TRACE] [UMS.Controllers.LogsController] [usermanagement2020@gmail.com] Index:LogsController.cs:68 | End Index.
2020/09/23 09:23:13.523 [TRACE] [UMS.Data.AuthDbContext]  AuthDbContext.cs:28 | Start Auth Database Context.
2020/09/23 09:23:13.553 [DEBUG] [UMS.Areas.Identity.Pages.Account.LogoutModel] [usermanagement2020@gmail.com] Logout.cshtml.cs:30 | Starting Log out model.
2020/09/23 09:23:13.576 [TRACE] [UMS.Areas.Identity.Pages.Account.LogoutModel] [usermanagement2020@gmail.com] Logout.cshtml.cs:47 | Start Log out model On Post.
2020/09/23 09:23:13.576 [TRACE] [UMS.Areas.Identity.Pages.Account.LogoutModel] [usermanagement2020@gmail.com] Logout.cshtml.cs:48 | Signing out.
2020/09/23 09:23:13.583 [INFO] [UMS.Areas.Identity.Pages.Account.LogoutModel] [usermanagement2020@gmail.com] Logout.cshtml.cs:50 | User logged out.
2020/09/23 09:23:13.583 [TRACE] [UMS.Areas.Identity.Pages.Account.LogoutModel] [usermanagement2020@gmail.com] Logout.cshtml.cs:53 | End Log out model On Post.
2020/09/23 09:23:13.616 [TRACE] [UMS.Data.AuthDbContext]  AuthDbContext.cs:28 | Start Auth Database Context.
2020/09/23 09:23:13.616 [DEBUG] [UMS.Models.EditAccountContext]  EditAccountContext.cs:24 | Start Edit Account Context.
2020/09/23 09:23:13.616 [DEBUG] [UMS.Models.AccountContext]  AccountContext.cs:24 | Start Account Context.
2020/09/23 09:23:13.616 [TRACE] [UMS.Controllers.ManageUserController]  ManageUserController.cs:44 | NLog injected into EditProfileController.
2020/09/23 09:23:13.630 [TRACE] [UMS.Controllers.ManageUserController]  ManageUserController.cs:46 | Account Context injected into EditProfileController.
2020/09/23 09:23:13.630 [TRACE] [UMS.Controllers.ManageUserController]  ManageUserController.cs:48 | Edit Profile Context injected into EditProfileController.
2020/09/23 09:23:13.630 [TRACE] [UMS.Controllers.ManageUserController]  ManageUserController.cs:50 | Sign In Manager injected into EditProfileController.
2020/09/23 09:23:13.630 [TRACE] [UMS.Controllers.ManageUserController]  ManageUserController.cs:51 | Start EditProfileController Constructor.
2020/09/23 09:23:13.630 [DEBUG] [UMS.Areas.Identity.Pages.Account.LoginModel]  Login.cshtml.cs:46 | Starting Login model.
2020/09/23 09:23:13.630 [TRACE] [UMS.Areas.Identity.Pages.Account.LoginModel]  Login.cshtml.cs:97 | Start login on get.
2020/09/23 09:23:13.630 [TRACE] [UMS.Areas.Identity.Pages.Account.LoginModel]  Login.cshtml.cs:109 | Signing out.
2020/09/23 09:23:13.646 [DEBUG] [UMS.Areas.Identity.Pages.Account.LoginModel]  Login.cshtml.cs:111 | Getting external authentication scheme.
2020/09/23 09:23:13.646 [TRACE] [UMS.Areas.Identity.Pages.Account.LoginModel]  Login.cshtml.cs:114 | End login on get.
2020/09/23 09:23:46.737 [TRACE] [UMS.Data.AuthDbContext]  AuthDbContext.cs:28 | Start Auth Database Context.
2020/09/23 09:23:46.742 [DEBUG] [UMS.Models.EditAccountContext]  EditAccountContext.cs:24 | Start Edit Account Context.
2020/09/23 09:23:46.742 [DEBUG] [UMS.Models.AccountContext]  AccountContext.cs:24 | Start Account Context.
2020/09/23 09:23:46.757 [TRACE] [UMS.Controllers.ManageUserController]  ManageUserController.cs:44 | NLog injected into EditProfileController.
2020/09/23 09:23:46.757 [TRACE] [UMS.Controllers.ManageUserController]  ManageUserController.cs:46 | Account Context injected into EditProfileController.
2020/09/23 09:23:46.757 [TRACE] [UMS.Controllers.ManageUserController]  ManageUserController.cs:48 | Edit Profile Context injected into EditProfileController.
2020/09/23 09:23:46.757 [TRACE] [UMS.Controllers.ManageUserController]  ManageUserController.cs:50 | Sign In Manager injected into EditProfileController.
2020/09/23 09:23:46.757 [TRACE] [UMS.Controllers.ManageUserController]  ManageUserController.cs:51 | Start EditProfileController Constructor.
2020/09/23 09:23:46.772 [DEBUG] [UMS.Areas.Identity.Pages.Account.LoginModel]  Login.cshtml.cs:46 | Starting Login model.
2020/09/23 09:23:46.801 [TRACE] [UMS.Areas.Identity.Pages.Account.LoginModel]  Login.cshtml.cs:134 | Start login on post.
2020/09/23 09:23:46.805 [TRACE] [UMS.Areas.Identity.Pages.Account.LoginModel]  Login.cshtml.cs:138 | Signing in with password.
2020/09/23 09:23:47.104 [TRACE] [UMS.Data.AuthDbContext]  AuthDbContext.cs:76 | Creating applications user models.
2020/09/23 09:23:47.110 [TRACE] [UMS.Data.AuthDbContext]  AuthDbContext.cs:84 | Creating Identity models.
2020/09/23 09:23:47.122 [TRACE] [UMS.Data.AuthDbContext]  AuthDbContext.cs:108 | Creating log models.
2020/09/23 09:23:47.122 [TRACE] [UMS.Data.AuthDbContext]  AuthDbContext.cs:110 | End creating on model.
2020/09/23 09:23:47.599 [INFO] [UMS.Areas.Identity.Pages.Account.LoginModel]  Login.cshtml.cs:142 | User logged in.
2020/09/23 09:23:47.638 [TRACE] [UMS.Areas.Identity.Pages.Account.LoginModel]  Login.cshtml.cs:149 | End login on post.
2020/09/23 09:23:47.670 [TRACE] [UMS.Data.AuthDbContext]  Index:AuthDbContext.cs:28 | Start Auth Database Context.
2020/09/23 09:23:47.670 [TRACE] [UMS.Controllers.HomeController] [usermanagement2020@gmail.com] Index:HomeController.cs:37 | NLog injected into HomeController.
2020/09/23 09:23:47.678 [TRACE] [UMS.Controllers.HomeController] [usermanagement2020@gmail.com] Index:HomeController.cs:39 | User manager injected into HomeController.
2020/09/23 09:23:47.678 [TRACE] [UMS.Controllers.HomeController] [usermanagement2020@gmail.com] Index:HomeController.cs:40 | Start HomeController Constructor.
2020/09/23 09:23:47.678 [TRACE] [UMS.Controllers.HomeController] [usermanagement2020@gmail.com] Index:HomeController.cs:59 | Start Index.
2020/09/23 09:23:47.696 [INFO] [UMS.Controllers.HomeController] [usermanagement2020@gmail.com] Index:HomeController.cs:60 | Welcome usermanagement2020@gmail.com to UMS.
2020/09/23 09:23:47.696 [TRACE] [UMS.Controllers.HomeController] [usermanagement2020@gmail.com] Index:HomeController.cs:65 | Find first value from user.
2020/09/23 09:23:47.712 [TRACE] [UMS.Controllers.HomeController] [usermanagement2020@gmail.com] Index:HomeController.cs:68 | End Index.
2020/09/23 09:24:06.424 [TRACE] [UMS.Data.AuthDbContext]  AuthDbContext.cs:28 | Start Auth Database Context.
2020/09/23 09:24:06.439 [DEBUG] [UMS.Areas.Identity.Pages.Account.LogoutModel] [usermanagement2020@gmail.com] Logout.cshtml.cs:30 | Starting Log out model.
2020/09/23 09:24:06.451 [TRACE] [UMS.Areas.Identity.Pages.Account.LogoutModel] [usermanagement2020@gmail.com] Logout.cshtml.cs:47 | Start Log out model On Post.
2020/09/23 09:24:06.451 [TRACE] [UMS.Areas.Identity.Pages.Account.LogoutModel] [usermanagement2020@gmail.com] Logout.cshtml.cs:48 | Signing out.
2020/09/23 09:24:06.465 [INFO] [UMS.Areas.Identity.Pages.Account.LogoutModel] [usermanagement2020@gmail.com] Logout.cshtml.cs:50 | User logged out.
2020/09/23 09:24:06.476 [TRACE] [UMS.Areas.Identity.Pages.Account.LogoutModel] [usermanagement2020@gmail.com] Logout.cshtml.cs:53 | End Log out model On Post.
2020/09/23 09:24:06.512 [TRACE] [UMS.Data.AuthDbContext]  AuthDbContext.cs:28 | Start Auth Database Context.
2020/09/23 09:24:06.521 [DEBUG] [UMS.Models.EditAccountContext]  EditAccountContext.cs:24 | Start Edit Account Context.
2020/09/23 09:24:06.521 [DEBUG] [UMS.Models.AccountContext]  AccountContext.cs:24 | Start Account Context.
2020/09/23 09:24:06.538 [TRACE] [UMS.Controllers.ManageUserController]  ManageUserController.cs:44 | NLog injected into EditProfileController.
2020/09/23 09:24:06.538 [TRACE] [UMS.Controllers.ManageUserController]  ManageUserController.cs:46 | Account Context injected into EditProfileController.
2020/09/23 09:24:06.538 [TRACE] [UMS.Controllers.ManageUserController]  ManageUserController.cs:48 | Edit Profile Context injected into EditProfileController.
2020/09/23 09:24:06.557 [TRACE] [UMS.Controllers.ManageUserController]  ManageUserController.cs:50 | Sign In Manager injected into EditProfileController.
2020/09/23 09:24:06.557 [TRACE] [UMS.Controllers.ManageUserController]  ManageUserController.cs:51 | Start EditProfileController Constructor.
2020/09/23 09:24:06.557 [DEBUG] [UMS.Areas.Identity.Pages.Account.LoginModel]  Login.cshtml.cs:46 | Starting Login model.
2020/09/23 09:24:06.569 [TRACE] [UMS.Areas.Identity.Pages.Account.LoginModel]  Login.cshtml.cs:97 | Start login on get.
2020/09/23 09:24:06.569 [TRACE] [UMS.Areas.Identity.Pages.Account.LoginModel]  Login.cshtml.cs:109 | Signing out.
2020/09/23 09:24:06.569 [DEBUG] [UMS.Areas.Identity.Pages.Account.LoginModel]  Login.cshtml.cs:111 | Getting external authentication scheme.
2020/09/23 09:24:06.584 [TRACE] [UMS.Areas.Identity.Pages.Account.LoginModel]  Login.cshtml.cs:114 | End login on get.
2020/09/23 09:24:09.755 [TRACE] [UMS.Data.AuthDbContext]  AuthDbContext.cs:28 | Start Auth Database Context.
2020/09/23 09:24:09.755 [DEBUG] [UMS.Models.EditAccountContext]  EditAccountContext.cs:24 | Start Edit Account Context.
2020/09/23 09:24:09.755 [DEBUG] [UMS.Models.AccountContext]  AccountContext.cs:24 | Start Account Context.
2020/09/23 09:24:09.772 [TRACE] [UMS.Controllers.ManageUserController]  ManageUserController.cs:44 | NLog injected into EditProfileController.
2020/09/23 09:24:09.772 [TRACE] [UMS.Controllers.ManageUserController]  ManageUserController.cs:46 | Account Context injected into EditProfileController.
2020/09/23 09:24:09.772 [TRACE] [UMS.Controllers.ManageUserController]  ManageUserController.cs:48 | Edit Profile Context injected into EditProfileController.
2020/09/23 09:24:09.790 [TRACE] [UMS.Controllers.ManageUserController]  ManageUserController.cs:50 | Sign In Manager injected into EditProfileController.
2020/09/23 09:24:09.790 [TRACE] [UMS.Controllers.ManageUserController]  ManageUserController.cs:51 | Start EditProfileController Constructor.
2020/09/23 09:24:09.790 [DEBUG] [UMS.Areas.Identity.Pages.Account.LoginModel]  Login.cshtml.cs:46 | Starting Login model.
2020/09/23 09:24:09.808 [TRACE] [UMS.Areas.Identity.Pages.Account.LoginModel]  Login.cshtml.cs:134 | Start login on post.
2020/09/23 09:24:09.808 [TRACE] [UMS.Areas.Identity.Pages.Account.LoginModel]  Login.cshtml.cs:138 | Signing in with password.
2020/09/23 09:24:09.859 [INFO] [UMS.Areas.Identity.Pages.Account.LoginModel]  Login.cshtml.cs:142 | User logged in.
2020/09/23 09:24:09.871 [TRACE] [UMS.Areas.Identity.Pages.Account.LoginModel]  Login.cshtml.cs:149 | End login on post.
2020/09/23 09:24:09.885 [TRACE] [UMS.Data.AuthDbContext]  Index:AuthDbContext.cs:28 | Start Auth Database Context.
2020/09/23 09:24:09.885 [TRACE] [UMS.Controllers.HomeController] [usermanagement2020@gmail.com] Index:HomeController.cs:37 | NLog injected into HomeController.
2020/09/23 09:24:09.885 [TRACE] [UMS.Controllers.HomeController] [usermanagement2020@gmail.com] Index:HomeController.cs:39 | User manager injected into HomeController.
2020/09/23 09:24:09.898 [TRACE] [UMS.Controllers.HomeController] [usermanagement2020@gmail.com] Index:HomeController.cs:40 | Start HomeController Constructor.
2020/09/23 09:24:09.898 [TRACE] [UMS.Controllers.HomeController] [usermanagement2020@gmail.com] Index:HomeController.cs:59 | Start Index.
2020/09/23 09:24:09.898 [INFO] [UMS.Controllers.HomeController] [usermanagement2020@gmail.com] Index:HomeController.cs:60 | Welcome usermanagement2020@gmail.com to UMS.
2020/09/23 09:24:09.911 [TRACE] [UMS.Controllers.HomeController] [usermanagement2020@gmail.com] Index:HomeController.cs:65 | Find first value from user.
2020/09/23 09:24:09.911 [TRACE] [UMS.Controllers.HomeController] [usermanagement2020@gmail.com] Index:HomeController.cs:68 | End Index.
2020/09/23 09:24:22.138 [TRACE] [UMS.Data.AuthDbContext]  AuthDbContext.cs:28 | Start Auth Database Context.
2020/09/23 09:24:22.138 [DEBUG] [UMS.Models.EditAccountContext]  EditAccountContext.cs:24 | Start Edit Account Context.
2020/09/23 09:24:22.152 [DEBUG] [UMS.Models.AccountContext]  AccountContext.cs:24 | Start Account Context.
2020/09/23 09:24:22.152 [TRACE] [UMS.Controllers.ManageUserController]  ManageUserController.cs:44 | NLog injected into EditProfileController.
2020/09/23 09:24:22.166 [TRACE] [UMS.Controllers.ManageUserController]  ManageUserController.cs:46 | Account Context injected into EditProfileController.
2020/09/23 09:24:22.166 [TRACE] [UMS.Controllers.ManageUserController]  ManageUserController.cs:48 | Edit Profile Context injected into EditProfileController.
2020/09/23 09:24:22.166 [TRACE] [UMS.Controllers.ManageUserController]  ManageUserController.cs:50 | Sign In Manager injected into EditProfileController.
2020/09/23 09:24:22.177 [TRACE] [UMS.Controllers.ManageUserController]  ManageUserController.cs:51 | Start EditProfileController Constructor.
2020/09/23 09:24:22.177 [DEBUG] [UMS.Areas.Identity.Pages.Account.LoginModel]  Login.cshtml.cs:46 | Starting Login model.
2020/09/23 09:24:22.177 [TRACE] [UMS.Areas.Identity.Pages.Account.LoginModel]  Login.cshtml.cs:97 | Start login on get.
2020/09/23 09:24:22.195 [TRACE] [UMS.Areas.Identity.Pages.Account.LoginModel]  Login.cshtml.cs:109 | Signing out.
2020/09/23 09:24:22.195 [DEBUG] [UMS.Areas.Identity.Pages.Account.LoginModel]  Login.cshtml.cs:111 | Getting external authentication scheme.
2020/09/23 09:24:22.195 [TRACE] [UMS.Areas.Identity.Pages.Account.LoginModel]  Login.cshtml.cs:114 | End login on get.
2020/09/23 09:27:24.730 [TRACE] [UMS.Data.AuthDbContext]  AuthDbContext.cs:28 | Start Auth Database Context.
2020/09/23 09:27:24.730 [DEBUG] [UMS.Models.EditAccountContext]  EditAccountContext.cs:24 | Start Edit Account Context.
2020/09/23 09:27:24.746 [DEBUG] [UMS.Models.AccountContext]  AccountContext.cs:24 | Start Account Context.
2020/09/23 09:27:24.746 [TRACE] [UMS.Controllers.ManageUserController]  ManageUserController.cs:44 | NLog injected into EditProfileController.
2020/09/23 09:27:24.757 [TRACE] [UMS.Controllers.ManageUserController]  ManageUserController.cs:46 | Account Context injected into EditProfileController.
2020/09/23 09:27:24.757 [TRACE] [UMS.Controllers.ManageUserController]  ManageUserController.cs:48 | Edit Profile Context injected into EditProfileController.
2020/09/23 09:27:24.757 [TRACE] [UMS.Controllers.ManageUserController]  ManageUserController.cs:50 | Sign In Manager injected into EditProfileController.
2020/09/23 09:27:24.771 [TRACE] [UMS.Controllers.ManageUserController]  ManageUserController.cs:51 | Start EditProfileController Constructor.
2020/09/23 09:27:24.771 [DEBUG] [UMS.Areas.Identity.Pages.Account.LoginModel]  Login.cshtml.cs:46 | Starting Login model.
2020/09/23 09:27:24.771 [TRACE] [UMS.Areas.Identity.Pages.Account.LoginModel]  Login.cshtml.cs:134 | Start login on post.
2020/09/23 09:27:24.787 [TRACE] [UMS.Areas.Identity.Pages.Account.LoginModel]  Login.cshtml.cs:138 | Signing in with password.
2020/09/23 09:27:24.827 [INFO] [UMS.Areas.Identity.Pages.Account.LoginModel]  Login.cshtml.cs:142 | User logged in.
2020/09/23 09:27:24.840 [TRACE] [UMS.Areas.Identity.Pages.Account.LoginModel]  Login.cshtml.cs:149 | End login on post.
2020/09/23 09:27:24.855 [TRACE] [UMS.Data.AuthDbContext]  Index:AuthDbContext.cs:28 | Start Auth Database Context.
2020/09/23 09:27:24.869 [TRACE] [UMS.Controllers.HomeController] [usermanagement2020@gmail.com] Index:HomeController.cs:37 | NLog injected into HomeController.
2020/09/23 09:27:24.869 [TRACE] [UMS.Controllers.HomeController] [usermanagement2020@gmail.com] Index:HomeController.cs:39 | User manager injected into HomeController.
2020/09/23 09:27:24.869 [TRACE] [UMS.Controllers.HomeController] [usermanagement2020@gmail.com] Index:HomeController.cs:40 | Start HomeController Constructor.
2020/09/23 09:27:24.885 [TRACE] [UMS.Controllers.HomeController] [usermanagement2020@gmail.com] Index:HomeController.cs:59 | Start Index.
2020/09/23 09:27:24.885 [INFO] [UMS.Controllers.HomeController] [usermanagement2020@gmail.com] Index:HomeController.cs:60 | Welcome usermanagement2020@gmail.com to UMS.
2020/09/23 09:27:24.898 [TRACE] [UMS.Controllers.HomeController] [usermanagement2020@gmail.com] Index:HomeController.cs:65 | Find first value from user.
2020/09/23 09:27:24.898 [TRACE] [UMS.Controllers.HomeController] [usermanagement2020@gmail.com] Index:HomeController.cs:68 | End Index.
2020/09/23 09:27:37.044 [TRACE] [UMS.Data.AuthDbContext]  AuthDbContext.cs:28 | Start Auth Database Context.
2020/09/23 09:27:37.052 [DEBUG] [UMS.Areas.Identity.Pages.Account.LogoutModel] [usermanagement2020@gmail.com] Logout.cshtml.cs:30 | Starting Log out model.
2020/09/23 09:27:37.052 [TRACE] [UMS.Areas.Identity.Pages.Account.LogoutModel] [usermanagement2020@gmail.com] Logout.cshtml.cs:47 | Start Log out model On Post.
2020/09/23 09:27:37.052 [TRACE] [UMS.Areas.Identity.Pages.Account.LogoutModel] [usermanagement2020@gmail.com] Logout.cshtml.cs:48 | Signing out.
2020/09/23 09:27:37.073 [INFO] [UMS.Areas.Identity.Pages.Account.LogoutModel] [usermanagement2020@gmail.com] Logout.cshtml.cs:50 | User logged out.
2020/09/23 09:27:37.083 [TRACE] [UMS.Areas.Identity.Pages.Account.LogoutModel] [usermanagement2020@gmail.com] Logout.cshtml.cs:53 | End Log out model On Post.
2020/09/23 09:27:37.107 [TRACE] [UMS.Data.AuthDbContext]  AuthDbContext.cs:28 | Start Auth Database Context.
2020/09/23 09:27:37.107 [DEBUG] [UMS.Models.EditAccountContext]  EditAccountContext.cs:24 | Start Edit Account Context.
2020/09/23 09:27:37.118 [DEBUG] [UMS.Models.AccountContext]  AccountContext.cs:24 | Start Account Context.
2020/09/23 09:27:37.118 [TRACE] [UMS.Controllers.ManageUserController]  ManageUserController.cs:44 | NLog injected into EditProfileController.
2020/09/23 09:27:37.118 [TRACE] [UMS.Controllers.ManageUserController]  ManageUserController.cs:46 | Account Context injected into EditProfileController.
2020/09/23 09:27:37.118 [TRACE] [UMS.Controllers.ManageUserController]  ManageUserController.cs:48 | Edit Profile Context injected into EditProfileController.
2020/09/23 09:27:37.131 [TRACE] [UMS.Controllers.ManageUserController]  ManageUserController.cs:50 | Sign In Manager injected into EditProfileController.
2020/09/23 09:27:37.131 [TRACE] [UMS.Controllers.ManageUserController]  ManageUserController.cs:51 | Start EditProfileController Constructor.
2020/09/23 09:27:37.131 [DEBUG] [UMS.Areas.Identity.Pages.Account.LoginModel]  Login.cshtml.cs:46 | Starting Login model.
2020/09/23 09:27:37.131 [TRACE] [UMS.Areas.Identity.Pages.Account.LoginModel]  Login.cshtml.cs:97 | Start login on get.
2020/09/23 09:27:37.148 [TRACE] [UMS.Areas.Identity.Pages.Account.LoginModel]  Login.cshtml.cs:109 | Signing out.
2020/09/23 09:27:37.148 [DEBUG] [UMS.Areas.Identity.Pages.Account.LoginModel]  Login.cshtml.cs:111 | Getting external authentication scheme.
2020/09/23 09:27:37.148 [TRACE] [UMS.Areas.Identity.Pages.Account.LoginModel]  Login.cshtml.cs:114 | End login on get.
2020/09/23 09:27:40.842 [TRACE] [UMS.Data.AuthDbContext]  AuthDbContext.cs:28 | Start Auth Database Context.
2020/09/23 09:27:40.842 [DEBUG] [UMS.Models.EditAccountContext]  EditAccountContext.cs:24 | Start Edit Account Context.
2020/09/23 09:27:40.854 [DEBUG] [UMS.Models.AccountContext]  AccountContext.cs:24 | Start Account Context.
2020/09/23 09:27:40.854 [TRACE] [UMS.Controllers.ManageUserController]  ManageUserController.cs:44 | NLog injected into EditProfileController.
2020/09/23 09:27:40.854 [TRACE] [UMS.Controllers.ManageUserController]  ManageUserController.cs:46 | Account Context injected into EditProfileController.
2020/09/23 09:27:40.866 [TRACE] [UMS.Controllers.ManageUserController]  ManageUserController.cs:48 | Edit Profile Context injected into EditProfileController.
2020/09/23 09:27:40.866 [TRACE] [UMS.Controllers.ManageUserController]  ManageUserController.cs:50 | Sign In Manager injected into EditProfileController.
2020/09/23 09:27:40.866 [TRACE] [UMS.Controllers.ManageUserController]  ManageUserController.cs:51 | Start EditProfileController Constructor.
2020/09/23 09:27:40.880 [DEBUG] [UMS.Areas.Identity.Pages.Account.LoginModel]  Login.cshtml.cs:46 | Starting Login model.
2020/09/23 09:27:40.880 [TRACE] [UMS.Areas.Identity.Pages.Account.LoginModel]  Login.cshtml.cs:134 | Start login on post.
2020/09/23 09:27:40.880 [TRACE] [UMS.Areas.Identity.Pages.Account.LoginModel]  Login.cshtml.cs:138 | Signing in with password.
2020/09/23 09:27:40.942 [INFO] [UMS.Areas.Identity.Pages.Account.LoginModel]  Login.cshtml.cs:142 | User logged in.
2020/09/23 09:27:40.942 [TRACE] [UMS.Areas.Identity.Pages.Account.LoginModel]  Login.cshtml.cs:149 | End login on post.
2020/09/23 09:27:40.972 [TRACE] [UMS.Data.AuthDbContext]  Index:AuthDbContext.cs:28 | Start Auth Database Context.
2020/09/23 09:27:40.986 [TRACE] [UMS.Controllers.HomeController] [usermanagement2020@gmail.com] Index:HomeController.cs:37 | NLog injected into HomeController.
2020/09/23 09:27:40.990 [TRACE] [UMS.Controllers.HomeController] [usermanagement2020@gmail.com] Index:HomeController.cs:39 | User manager injected into HomeController.
2020/09/23 09:27:40.990 [TRACE] [UMS.Controllers.HomeController] [usermanagement2020@gmail.com] Index:HomeController.cs:40 | Start HomeController Constructor.
2020/09/23 09:27:40.990 [TRACE] [UMS.Controllers.HomeController] [usermanagement2020@gmail.com] Index:HomeController.cs:59 | Start Index.
2020/09/23 09:27:40.990 [INFO] [UMS.Controllers.HomeController] [usermanagement2020@gmail.com] Index:HomeController.cs:60 | Welcome usermanagement2020@gmail.com to UMS.
2020/09/23 09:27:41.010 [TRACE] [UMS.Controllers.HomeController] [usermanagement2020@gmail.com] Index:HomeController.cs:65 | Find first value from user.
2020/09/23 09:27:41.010 [TRACE] [UMS.Controllers.HomeController] [usermanagement2020@gmail.com] Index:HomeController.cs:68 | End Index.
2020/09/23 09:27:45.561 [TRACE] [UMS.Data.AuthDbContext]  AuthDbContext.cs:28 | Start Auth Database Context.
2020/09/23 09:27:45.573 [DEBUG] [UMS.Areas.Identity.Pages.Account.LogoutModel] [usermanagement2020@gmail.com] Logout.cshtml.cs:30 | Starting Log out model.
2020/09/23 09:27:45.573 [TRACE] [UMS.Areas.Identity.Pages.Account.LogoutModel] [usermanagement2020@gmail.com] Logout.cshtml.cs:47 | Start Log out model On Post.
2020/09/23 09:27:45.588 [TRACE] [UMS.Areas.Identity.Pages.Account.LogoutModel] [usermanagement2020@gmail.com] Logout.cshtml.cs:48 | Signing out.
2020/09/23 09:27:45.588 [INFO] [UMS.Areas.Identity.Pages.Account.LogoutModel] [usermanagement2020@gmail.com] Logout.cshtml.cs:50 | User logged out.
2020/09/23 09:27:45.602 [TRACE] [UMS.Areas.Identity.Pages.Account.LogoutModel] [usermanagement2020@gmail.com] Logout.cshtml.cs:53 | End Log out model On Post.
2020/09/23 09:27:45.628 [TRACE] [UMS.Data.AuthDbContext]  AuthDbContext.cs:28 | Start Auth Database Context.
2020/09/23 09:27:45.635 [DEBUG] [UMS.Models.EditAccountContext]  EditAccountContext.cs:24 | Start Edit Account Context.
2020/09/23 09:27:45.635 [DEBUG] [UMS.Models.AccountContext]  AccountContext.cs:24 | Start Account Context.
2020/09/23 09:27:45.651 [TRACE] [UMS.Controllers.ManageUserController]  ManageUserController.cs:44 | NLog injected into EditProfileController.
2020/09/23 09:27:45.651 [TRACE] [UMS.Controllers.ManageUserController]  ManageUserController.cs:46 | Account Context injected into EditProfileController.
2020/09/23 09:27:45.662 [TRACE] [UMS.Controllers.ManageUserController]  ManageUserController.cs:48 | Edit Profile Context injected into EditProfileController.
2020/09/23 09:27:45.662 [TRACE] [UMS.Controllers.ManageUserController]  ManageUserController.cs:50 | Sign In Manager injected into EditProfileController.
2020/09/23 09:27:45.662 [TRACE] [UMS.Controllers.ManageUserController]  ManageUserController.cs:51 | Start EditProfileController Constructor.
2020/09/23 09:27:45.662 [DEBUG] [UMS.Areas.Identity.Pages.Account.LoginModel]  Login.cshtml.cs:46 | Starting Login model.
2020/09/23 09:27:45.683 [TRACE] [UMS.Areas.Identity.Pages.Account.LoginModel]  Login.cshtml.cs:97 | Start login on get.
2020/09/23 09:27:45.683 [TRACE] [UMS.Areas.Identity.Pages.Account.LoginModel]  Login.cshtml.cs:109 | Signing out.
2020/09/23 09:27:45.694 [DEBUG] [UMS.Areas.Identity.Pages.Account.LoginModel]  Login.cshtml.cs:111 | Getting external authentication scheme.
2020/09/23 09:27:45.694 [TRACE] [UMS.Areas.Identity.Pages.Account.LoginModel]  Login.cshtml.cs:114 | End login on get.
2020/09/23 09:27:47.622 [TRACE] [UMS.Data.AuthDbContext]  AuthDbContext.cs:28 | Start Auth Database Context.
2020/09/23 09:27:47.622 [DEBUG] [UMS.Models.EditAccountContext]  EditAccountContext.cs:24 | Start Edit Account Context.
2020/09/23 09:27:47.634 [DEBUG] [UMS.Models.AccountContext]  AccountContext.cs:24 | Start Account Context.
2020/09/23 09:27:47.634 [TRACE] [UMS.Controllers.ManageUserController]  ManageUserController.cs:44 | NLog injected into EditProfileController.
2020/09/23 09:27:47.648 [TRACE] [UMS.Controllers.ManageUserController]  ManageUserController.cs:46 | Account Context injected into EditProfileController.
2020/09/23 09:27:47.648 [TRACE] [UMS.Controllers.ManageUserController]  ManageUserController.cs:48 | Edit Profile Context injected into EditProfileController.
2020/09/23 09:27:47.648 [TRACE] [UMS.Controllers.ManageUserController]  ManageUserController.cs:50 | Sign In Manager injected into EditProfileController.
2020/09/23 09:27:47.664 [TRACE] [UMS.Controllers.ManageUserController]  ManageUserController.cs:51 | Start EditProfileController Constructor.
2020/09/23 09:27:47.664 [DEBUG] [UMS.Areas.Identity.Pages.Account.LoginModel]  Login.cshtml.cs:46 | Starting Login model.
2020/09/23 09:27:47.680 [TRACE] [UMS.Areas.Identity.Pages.Account.LoginModel]  Login.cshtml.cs:134 | Start login on post.
2020/09/23 09:27:47.680 [TRACE] [UMS.Areas.Identity.Pages.Account.LoginModel]  Login.cshtml.cs:138 | Signing in with password.
2020/09/23 09:27:47.730 [INFO] [UMS.Areas.Identity.Pages.Account.LoginModel]  Login.cshtml.cs:142 | User logged in.
2020/09/23 09:27:47.743 [TRACE] [UMS.Areas.Identity.Pages.Account.LoginModel]  Login.cshtml.cs:149 | End login on post.
2020/09/23 09:27:47.758 [TRACE] [UMS.Data.AuthDbContext]  Index:AuthDbContext.cs:28 | Start Auth Database Context.
2020/09/23 09:27:47.758 [TRACE] [UMS.Controllers.HomeController] [usermanagement2020@gmail.com] Index:HomeController.cs:37 | NLog injected into HomeController.
2020/09/23 09:27:47.770 [TRACE] [UMS.Controllers.HomeController] [usermanagement2020@gmail.com] Index:HomeController.cs:39 | User manager injected into HomeController.
2020/09/23 09:27:47.770 [TRACE] [UMS.Controllers.HomeController] [usermanagement2020@gmail.com] Index:HomeController.cs:40 | Start HomeController Constructor.
2020/09/23 09:27:47.770 [TRACE] [UMS.Controllers.HomeController] [usermanagement2020@gmail.com] Index:HomeController.cs:59 | Start Index.
2020/09/23 09:27:47.770 [INFO] [UMS.Controllers.HomeController] [usermanagement2020@gmail.com] Index:HomeController.cs:60 | Welcome usermanagement2020@gmail.com to UMS.
2020/09/23 09:27:47.791 [TRACE] [UMS.Controllers.HomeController] [usermanagement2020@gmail.com] Index:HomeController.cs:65 | Find first value from user.
2020/09/23 09:27:47.791 [TRACE] [UMS.Controllers.HomeController] [usermanagement2020@gmail.com] Index:HomeController.cs:68 | End Index.
2020/09/23 09:27:53.645 [TRACE] [UMS.Data.AuthDbContext]  Index:AuthDbContext.cs:28 | Start Auth Database Context.
2020/09/23 09:27:53.652 [TRACE] [UMS.Controllers.HomeController] [usermanagement2020@gmail.com] Index:HomeController.cs:37 | NLog injected into HomeController.
2020/09/23 09:27:53.662 [TRACE] [UMS.Controllers.HomeController] [usermanagement2020@gmail.com] Index:HomeController.cs:39 | User manager injected into HomeController.
2020/09/23 09:27:53.662 [TRACE] [UMS.Controllers.HomeController] [usermanagement2020@gmail.com] Index:HomeController.cs:40 | Start HomeController Constructor.
2020/09/23 09:27:53.662 [TRACE] [UMS.Controllers.HomeController] [usermanagement2020@gmail.com] Index:HomeController.cs:59 | Start Index.
2020/09/23 09:27:53.662 [INFO] [UMS.Controllers.HomeController] [usermanagement2020@gmail.com] Index:HomeController.cs:60 | Welcome usermanagement2020@gmail.com to UMS.
2020/09/23 09:27:53.687 [TRACE] [UMS.Controllers.HomeController] [usermanagement2020@gmail.com] Index:HomeController.cs:65 | Find first value from user.
2020/09/23 09:27:53.692 [TRACE] [UMS.Controllers.HomeController] [usermanagement2020@gmail.com] Index:HomeController.cs:68 | End Index.
2020/09/23 09:27:55.447 [TRACE] [UMS.Data.AuthDbContext]  AuthDbContext.cs:28 | Start Auth Database Context.
2020/09/23 09:27:55.447 [DEBUG] [UMS.Areas.Identity.Pages.Account.LogoutModel] [usermanagement2020@gmail.com] Logout.cshtml.cs:30 | Starting Log out model.
2020/09/23 09:27:55.462 [TRACE] [UMS.Areas.Identity.Pages.Account.LogoutModel] [usermanagement2020@gmail.com] Logout.cshtml.cs:47 | Start Log out model On Post.
2020/09/23 09:27:55.462 [TRACE] [UMS.Areas.Identity.Pages.Account.LogoutModel] [usermanagement2020@gmail.com] Logout.cshtml.cs:48 | Signing out.
2020/09/23 09:27:55.462 [INFO] [UMS.Areas.Identity.Pages.Account.LogoutModel] [usermanagement2020@gmail.com] Logout.cshtml.cs:50 | User logged out.
2020/09/23 09:27:55.482 [TRACE] [UMS.Areas.Identity.Pages.Account.LogoutModel] [usermanagement2020@gmail.com] Logout.cshtml.cs:53 | End Log out model On Post.
2020/09/23 09:27:55.506 [TRACE] [UMS.Data.AuthDbContext]  AuthDbContext.cs:28 | Start Auth Database Context.
2020/09/23 09:27:55.506 [DEBUG] [UMS.Models.EditAccountContext]  EditAccountContext.cs:24 | Start Edit Account Context.
2020/09/23 09:27:55.506 [DEBUG] [UMS.Models.AccountContext]  AccountContext.cs:24 | Start Account Context.
2020/09/23 09:27:55.523 [TRACE] [UMS.Controllers.ManageUserController]  ManageUserController.cs:44 | NLog injected into EditProfileController.
2020/09/23 09:27:55.523 [TRACE] [UMS.Controllers.ManageUserController]  ManageUserController.cs:46 | Account Context injected into EditProfileController.
2020/09/23 09:27:55.523 [TRACE] [UMS.Controllers.ManageUserController]  ManageUserController.cs:48 | Edit Profile Context injected into EditProfileController.
2020/09/23 09:27:55.538 [TRACE] [UMS.Controllers.ManageUserController]  ManageUserController.cs:50 | Sign In Manager injected into EditProfileController.
2020/09/23 09:27:55.538 [TRACE] [UMS.Controllers.ManageUserController]  ManageUserController.cs:51 | Start EditProfileController Constructor.
2020/09/23 09:27:55.538 [DEBUG] [UMS.Areas.Identity.Pages.Account.LoginModel]  Login.cshtml.cs:46 | Starting Login model.
2020/09/23 09:27:55.553 [TRACE] [UMS.Areas.Identity.Pages.Account.LoginModel]  Login.cshtml.cs:97 | Start login on get.
2020/09/23 09:27:55.553 [TRACE] [UMS.Areas.Identity.Pages.Account.LoginModel]  Login.cshtml.cs:109 | Signing out.
2020/09/23 09:27:55.553 [DEBUG] [UMS.Areas.Identity.Pages.Account.LoginModel]  Login.cshtml.cs:111 | Getting external authentication scheme.
2020/09/23 09:27:55.569 [TRACE] [UMS.Areas.Identity.Pages.Account.LoginModel]  Login.cshtml.cs:114 | End login on get.
2020/09/23 09:28:10.210 [TRACE] [UMS.Data.AuthDbContext]  AuthDbContext.cs:28 | Start Auth Database Context.
2020/09/23 09:28:10.210 [DEBUG] [UMS.Models.EditAccountContext]  EditAccountContext.cs:24 | Start Edit Account Context.
2020/09/23 09:28:10.210 [DEBUG] [UMS.Models.AccountContext]  AccountContext.cs:24 | Start Account Context.
2020/09/23 09:28:10.228 [TRACE] [UMS.Controllers.ManageUserController]  ManageUserController.cs:44 | NLog injected into EditProfileController.
2020/09/23 09:28:10.228 [TRACE] [UMS.Controllers.ManageUserController]  ManageUserController.cs:46 | Account Context injected into EditProfileController.
2020/09/23 09:28:10.240 [TRACE] [UMS.Controllers.ManageUserController]  ManageUserController.cs:48 | Edit Profile Context injected into EditProfileController.
2020/09/23 09:28:10.240 [TRACE] [UMS.Controllers.ManageUserController]  ManageUserController.cs:50 | Sign In Manager injected into EditProfileController.
2020/09/23 09:28:10.240 [TRACE] [UMS.Controllers.ManageUserController]  ManageUserController.cs:51 | Start EditProfileController Constructor.
2020/09/23 09:28:10.240 [DEBUG] [UMS.Areas.Identity.Pages.Account.LoginModel]  Login.cshtml.cs:46 | Starting Login model.
2020/09/23 09:28:10.261 [TRACE] [UMS.Areas.Identity.Pages.Account.LoginModel]  Login.cshtml.cs:134 | Start login on post.
2020/09/23 09:28:10.261 [TRACE] [UMS.Areas.Identity.Pages.Account.LoginModel]  Login.cshtml.cs:138 | Signing in with password.
2020/09/23 09:28:10.304 [INFO] [UMS.Areas.Identity.Pages.Account.LoginModel]  Login.cshtml.cs:142 | User logged in.
2020/09/23 09:28:10.304 [TRACE] [UMS.Areas.Identity.Pages.Account.LoginModel]  Login.cshtml.cs:149 | End login on post.
2020/09/23 09:28:10.331 [TRACE] [UMS.Data.AuthDbContext]  Index:AuthDbContext.cs:28 | Start Auth Database Context.
2020/09/23 09:28:10.335 [TRACE] [UMS.Controllers.HomeController] [usermanagement2020@gmail.com] Index:HomeController.cs:37 | NLog injected into HomeController.
2020/09/23 09:28:10.335 [TRACE] [UMS.Controllers.HomeController] [usermanagement2020@gmail.com] Index:HomeController.cs:39 | User manager injected into HomeController.
2020/09/23 09:28:10.335 [TRACE] [UMS.Controllers.HomeController] [usermanagement2020@gmail.com] Index:HomeController.cs:40 | Start HomeController Constructor.
2020/09/23 09:28:10.351 [TRACE] [UMS.Controllers.HomeController] [usermanagement2020@gmail.com] Index:HomeController.cs:59 | Start Index.
2020/09/23 09:28:10.351 [INFO] [UMS.Controllers.HomeController] [usermanagement2020@gmail.com] Index:HomeController.cs:60 | Welcome usermanagement2020@gmail.com to UMS.
2020/09/23 09:28:10.351 [TRACE] [UMS.Controllers.HomeController] [usermanagement2020@gmail.com] Index:HomeController.cs:65 | Find first value from user.
2020/09/23 09:28:10.368 [TRACE] [UMS.Controllers.HomeController] [usermanagement2020@gmail.com] Index:HomeController.cs:68 | End Index.
2020/09/23 09:28:51.943 [TRACE] [UMS.Program]  Program.cs:27 | Starting Program.
2020/09/23 09:28:53.843 [INFO] [Microsoft.Hosting.Lifetime]   | Now listening on: https://localhost:44346
2020/09/23 09:28:54.131 [INFO] [Microsoft.Hosting.Lifetime]   | Application started. Press Ctrl+C to shut down.
2020/09/23 09:28:54.131 [INFO] [Microsoft.Hosting.Lifetime]   | Hosting environment: Development
2020/09/23 09:28:54.150 [INFO] [Microsoft.Hosting.Lifetime]   | Content root path: C:\Users\Namchok\Desktop\สหกิจ\ums\UMS
2020/09/23 09:28:55.113 [TRACE] [UMS.Data.AuthDbContext]  Index:AuthDbContext.cs:28 | Start Auth Database Context.
2020/09/23 09:28:55.191 [TRACE] [UMS.Controllers.HomeController] [usermanagement2020@gmail.com] Index:HomeController.cs:37 | NLog injected into HomeController.
2020/09/23 09:28:55.197 [TRACE] [UMS.Controllers.HomeController] [usermanagement2020@gmail.com] Index:HomeController.cs:39 | User manager injected into HomeController.
2020/09/23 09:28:55.197 [TRACE] [UMS.Controllers.HomeController] [usermanagement2020@gmail.com] Index:HomeController.cs:40 | Start HomeController Constructor.
2020/09/23 09:28:55.197 [TRACE] [UMS.Controllers.HomeController] [usermanagement2020@gmail.com] Index:HomeController.cs:59 | Start Index.
2020/09/23 09:28:55.210 [INFO] [UMS.Controllers.HomeController] [usermanagement2020@gmail.com] Index:HomeController.cs:60 | Welcome usermanagement2020@gmail.com to UMS.
2020/09/23 09:28:55.210 [TRACE] [UMS.Controllers.HomeController] [usermanagement2020@gmail.com] Index:HomeController.cs:65 | Find first value from user.
2020/09/23 09:28:55.225 [TRACE] [UMS.Controllers.HomeController] [usermanagement2020@gmail.com] Index:HomeController.cs:68 | End Index.
2020/09/23 09:29:04.905 [TRACE] [UMS.Data.AuthDbContext]  AuthDbContext.cs:28 | Start Auth Database Context.
2020/09/23 09:29:04.955 [DEBUG] [UMS.Areas.Identity.Pages.Account.LogoutModel] [usermanagement2020@gmail.com] Logout.cshtml.cs:30 | Starting Log out model.
2020/09/23 09:29:04.993 [TRACE] [UMS.Areas.Identity.Pages.Account.LogoutModel] [usermanagement2020@gmail.com] Logout.cshtml.cs:47 | Start Log out model On Post.
2020/09/23 09:29:04.993 [TRACE] [UMS.Areas.Identity.Pages.Account.LogoutModel] [usermanagement2020@gmail.com] Logout.cshtml.cs:48 | Signing out.
2020/09/23 09:29:05.012 [INFO] [UMS.Areas.Identity.Pages.Account.LogoutModel] [usermanagement2020@gmail.com] Logout.cshtml.cs:50 | User logged out.
2020/09/23 09:29:05.012 [TRACE] [UMS.Areas.Identity.Pages.Account.LogoutModel] [usermanagement2020@gmail.com] Logout.cshtml.cs:53 | End Log out model On Post.
2020/09/23 09:29:05.127 [TRACE] [UMS.Data.AuthDbContext]  AuthDbContext.cs:28 | Start Auth Database Context.
2020/09/23 09:29:05.152 [DEBUG] [UMS.Models.EditAccountContext]  EditAccountContext.cs:24 | Start Edit Account Context.
2020/09/23 09:29:05.165 [DEBUG] [UMS.Models.AccountContext]  AccountContext.cs:24 | Start Account Context.
2020/09/23 09:29:05.165 [TRACE] [UMS.Controllers.ManageUserController]  ManageUserController.cs:44 | NLog injected into EditProfileController.
2020/09/23 09:29:05.178 [TRACE] [UMS.Controllers.ManageUserController]  ManageUserController.cs:46 | Account Context injected into EditProfileController.
2020/09/23 09:29:05.178 [TRACE] [UMS.Controllers.ManageUserController]  ManageUserController.cs:48 | Edit Profile Context injected into EditProfileController.
2020/09/23 09:29:05.178 [TRACE] [UMS.Controllers.ManageUserController]  ManageUserController.cs:50 | Sign In Manager injected into EditProfileController.
2020/09/23 09:29:05.178 [TRACE] [UMS.Controllers.ManageUserController]  ManageUserController.cs:51 | Start EditProfileController Constructor.
2020/09/23 09:29:05.193 [DEBUG] [UMS.Areas.Identity.Pages.Account.LoginModel]  Login.cshtml.cs:46 | Starting Login model.
2020/09/23 09:29:05.210 [TRACE] [UMS.Areas.Identity.Pages.Account.LoginModel]  Login.cshtml.cs:97 | Start login on get.
2020/09/23 09:29:05.210 [TRACE] [UMS.Areas.Identity.Pages.Account.LoginModel]  Login.cshtml.cs:109 | Signing out.
2020/09/23 09:29:05.210 [DEBUG] [UMS.Areas.Identity.Pages.Account.LoginModel]  Login.cshtml.cs:111 | Getting external authentication scheme.
2020/09/23 09:29:05.234 [TRACE] [UMS.Areas.Identity.Pages.Account.LoginModel]  Login.cshtml.cs:114 | End login on get.
2020/09/23 09:29:58.107 [TRACE] [UMS.Data.AuthDbContext]  AuthDbContext.cs:28 | Start Auth Database Context.
2020/09/23 09:29:58.121 [DEBUG] [UMS.Models.EditAccountContext]  EditAccountContext.cs:24 | Start Edit Account Context.
2020/09/23 09:29:58.130 [DEBUG] [UMS.Models.AccountContext]  AccountContext.cs:24 | Start Account Context.
2020/09/23 09:29:58.130 [TRACE] [UMS.Controllers.ManageUserController]  ManageUserController.cs:44 | NLog injected into EditProfileController.
2020/09/23 09:29:58.130 [TRACE] [UMS.Controllers.ManageUserController]  ManageUserController.cs:46 | Account Context injected into EditProfileController.
2020/09/23 09:29:58.130 [TRACE] [UMS.Controllers.ManageUserController]  ManageUserController.cs:48 | Edit Profile Context injected into EditProfileController.
2020/09/23 09:29:58.130 [TRACE] [UMS.Controllers.ManageUserController]  ManageUserController.cs:50 | Sign In Manager injected into EditProfileController.
2020/09/23 09:29:58.146 [TRACE] [UMS.Controllers.ManageUserController]  ManageUserController.cs:51 | Start EditProfileController Constructor.
2020/09/23 09:29:58.146 [DEBUG] [UMS.Areas.Identity.Pages.Account.LoginModel]  Login.cshtml.cs:46 | Starting Login model.
2020/09/23 09:29:58.146 [TRACE] [UMS.Areas.Identity.Pages.Account.LoginModel]  Login.cshtml.cs:97 | Start login on get.
2020/09/23 09:29:58.146 [TRACE] [UMS.Areas.Identity.Pages.Account.LoginModel]  Login.cshtml.cs:109 | Signing out.
2020/09/23 09:29:58.146 [DEBUG] [UMS.Areas.Identity.Pages.Account.LoginModel]  Login.cshtml.cs:111 | Getting external authentication scheme.
2020/09/23 09:29:58.166 [TRACE] [UMS.Areas.Identity.Pages.Account.LoginModel]  Login.cshtml.cs:114 | End login on get.
2020/09/23 09:36:06.325 [INFO] [Microsoft.Hosting.Lifetime]   | Application is shutting down...
2020/09/23 09:36:21.659 [TRACE] [UMS.Program]  Program.cs:27 | Starting Program.
2020/09/23 09:36:22.758 [INFO] [Microsoft.Hosting.Lifetime]   | Application started. Press Ctrl+C to shut down.
2020/09/23 09:36:23.048 [INFO] [Microsoft.Hosting.Lifetime]   | Hosting environment: Development
2020/09/23 09:36:23.054 [INFO] [Microsoft.Hosting.Lifetime]   | Content root path: C:\Users\Namchok\Desktop\สหกิจ\ums\UMS
2020/09/23 09:36:23.112 [TRACE] [UMS.Data.AuthDbContext]  AuthDbContext.cs:28 | Start Auth Database Context.
2020/09/23 09:36:23.125 [DEBUG] [UMS.Models.EditAccountContext]  EditAccountContext.cs:24 | Start Edit Account Context.
2020/09/23 09:36:23.131 [DEBUG] [UMS.Models.AccountContext]  AccountContext.cs:24 | Start Account Context.
2020/09/23 09:36:23.131 [TRACE] [UMS.Controllers.ManageUserController]  ManageUserController.cs:44 | NLog injected into EditProfileController.
2020/09/23 09:36:23.131 [TRACE] [UMS.Controllers.ManageUserController]  ManageUserController.cs:46 | Account Context injected into EditProfileController.
2020/09/23 09:36:23.131 [TRACE] [UMS.Controllers.ManageUserController]  ManageUserController.cs:48 | Edit Profile Context injected into EditProfileController.
2020/09/23 09:36:23.131 [TRACE] [UMS.Controllers.ManageUserController]  ManageUserController.cs:50 | Sign In Manager injected into EditProfileController.
2020/09/23 09:36:23.131 [TRACE] [UMS.Controllers.ManageUserController]  ManageUserController.cs:51 | Start EditProfileController Constructor.
2020/09/23 09:36:23.131 [DEBUG] [UMS.Areas.Identity.Pages.Account.LoginModel]  Login.cshtml.cs:46 | Starting Login model.
2020/09/23 09:36:23.162 [TRACE] [UMS.Areas.Identity.Pages.Account.LoginModel]  Login.cshtml.cs:97 | Start login on get.
2020/09/23 09:36:23.162 [TRACE] [UMS.Areas.Identity.Pages.Account.LoginModel]  Login.cshtml.cs:109 | Signing out.
2020/09/23 09:36:23.162 [DEBUG] [UMS.Areas.Identity.Pages.Account.LoginModel]  Login.cshtml.cs:111 | Getting external authentication scheme.
2020/09/23 09:36:23.162 [TRACE] [UMS.Areas.Identity.Pages.Account.LoginModel]  Login.cshtml.cs:114 | End login on get.
2020/09/23 09:36:32.549 [TRACE] [UMS.Program]  Program.cs:27 | Starting Program.
2020/09/23 09:36:33.580 [INFO] [Microsoft.Hosting.Lifetime]   | Application started. Press Ctrl+C to shut down.
2020/09/23 09:36:33.841 [INFO] [Microsoft.Hosting.Lifetime]   | Hosting environment: Development
2020/09/23 09:36:33.852 [INFO] [Microsoft.Hosting.Lifetime]   | Content root path: C:\Users\Namchok\Desktop\สหกิจ\ums\UMS
2020/09/23 09:36:33.944 [TRACE] [UMS.Data.AuthDbContext]  AuthDbContext.cs:28 | Start Auth Database Context.
2020/09/23 09:36:33.944 [DEBUG] [UMS.Models.EditAccountContext]  EditAccountContext.cs:24 | Start Edit Account Context.
2020/09/23 09:36:33.963 [DEBUG] [UMS.Models.AccountContext]  AccountContext.cs:24 | Start Account Context.
2020/09/23 09:36:33.963 [TRACE] [UMS.Controllers.ManageUserController]  ManageUserController.cs:44 | NLog injected into EditProfileController.
2020/09/23 09:36:33.963 [TRACE] [UMS.Controllers.ManageUserController]  ManageUserController.cs:46 | Account Context injected into EditProfileController.
2020/09/23 09:36:33.963 [TRACE] [UMS.Controllers.ManageUserController]  ManageUserController.cs:48 | Edit Profile Context injected into EditProfileController.
2020/09/23 09:36:33.974 [TRACE] [UMS.Controllers.ManageUserController]  ManageUserController.cs:50 | Sign In Manager injected into EditProfileController.
2020/09/23 09:36:33.974 [TRACE] [UMS.Controllers.ManageUserController]  ManageUserController.cs:51 | Start EditProfileController Constructor.
2020/09/23 09:36:33.974 [DEBUG] [UMS.Areas.Identity.Pages.Account.LoginModel]  Login.cshtml.cs:46 | Starting Login model.
2020/09/23 09:36:33.998 [TRACE] [UMS.Areas.Identity.Pages.Account.LoginModel]  Login.cshtml.cs:97 | Start login on get.
2020/09/23 09:36:33.998 [TRACE] [UMS.Areas.Identity.Pages.Account.LoginModel]  Login.cshtml.cs:109 | Signing out.
2020/09/23 09:36:34.014 [DEBUG] [UMS.Areas.Identity.Pages.Account.LoginModel]  Login.cshtml.cs:111 | Getting external authentication scheme.
2020/09/23 09:36:34.022 [TRACE] [UMS.Areas.Identity.Pages.Account.LoginModel]  Login.cshtml.cs:114 | End login on get.
2020/09/23 09:36:34.205 [TRACE] [UMS.Data.AuthDbContext]  AuthDbContext.cs:28 | Start Auth Database Context.
2020/09/23 09:36:34.205 [DEBUG] [UMS.Models.EditAccountContext]  EditAccountContext.cs:24 | Start Edit Account Context.
2020/09/23 09:36:34.214 [DEBUG] [UMS.Models.AccountContext]  AccountContext.cs:24 | Start Account Context.
2020/09/23 09:36:34.214 [TRACE] [UMS.Controllers.ManageUserController]  ManageUserController.cs:44 | NLog injected into EditProfileController.
2020/09/23 09:36:34.214 [TRACE] [UMS.Controllers.ManageUserController]  ManageUserController.cs:46 | Account Context injected into EditProfileController.
2020/09/23 09:36:34.225 [TRACE] [UMS.Controllers.ManageUserController]  ManageUserController.cs:48 | Edit Profile Context injected into EditProfileController.
2020/09/23 09:36:34.225 [TRACE] [UMS.Controllers.ManageUserController]  ManageUserController.cs:50 | Sign In Manager injected into EditProfileController.
2020/09/23 09:36:34.225 [TRACE] [UMS.Controllers.ManageUserController]  ManageUserController.cs:51 | Start EditProfileController Constructor.
2020/09/23 09:36:34.225 [DEBUG] [UMS.Areas.Identity.Pages.Account.LoginModel]  Login.cshtml.cs:46 | Starting Login model.
2020/09/23 09:36:34.241 [TRACE] [UMS.Areas.Identity.Pages.Account.LoginModel]  Login.cshtml.cs:97 | Start login on get.
2020/09/23 09:36:34.241 [TRACE] [UMS.Areas.Identity.Pages.Account.LoginModel]  Login.cshtml.cs:109 | Signing out.
2020/09/23 09:36:34.241 [DEBUG] [UMS.Areas.Identity.Pages.Account.LoginModel]  Login.cshtml.cs:111 | Getting external authentication scheme.
2020/09/23 09:36:34.241 [TRACE] [UMS.Areas.Identity.Pages.Account.LoginModel]  Login.cshtml.cs:114 | End login on get.
2020/09/23 09:46:48.238 [TRACE] [UMS.Data.AuthDbContext]  AuthDbContext.cs:28 | Start Auth Database Context.
2020/09/23 09:46:48.248 [DEBUG] [UMS.Models.EditAccountContext]  EditAccountContext.cs:24 | Start Edit Account Context.
2020/09/23 09:46:48.258 [DEBUG] [UMS.Models.AccountContext]  AccountContext.cs:24 | Start Account Context.
2020/09/23 09:46:48.258 [TRACE] [UMS.Controllers.ManageUserController]  ManageUserController.cs:44 | NLog injected into EditProfileController.
2020/09/23 09:46:48.258 [TRACE] [UMS.Controllers.ManageUserController]  ManageUserController.cs:46 | Account Context injected into EditProfileController.
2020/09/23 09:46:48.258 [TRACE] [UMS.Controllers.ManageUserController]  ManageUserController.cs:48 | Edit Profile Context injected into EditProfileController.
2020/09/23 09:46:48.258 [TRACE] [UMS.Controllers.ManageUserController]  ManageUserController.cs:50 | Sign In Manager injected into EditProfileController.
2020/09/23 09:46:48.258 [TRACE] [UMS.Controllers.ManageUserController]  ManageUserController.cs:51 | Start EditProfileController Constructor.
2020/09/23 09:46:48.258 [DEBUG] [UMS.Areas.Identity.Pages.Account.LoginModel]  Login.cshtml.cs:46 | Starting Login model.
2020/09/23 09:46:48.287 [TRACE] [UMS.Areas.Identity.Pages.Account.LoginModel]  Login.cshtml.cs:134 | Start login on post.
2020/09/23 09:46:48.287 [TRACE] [UMS.Areas.Identity.Pages.Account.LoginModel]  Login.cshtml.cs:138 | Signing in with password.
2020/09/23 09:46:48.616 [TRACE] [UMS.Data.AuthDbContext]  AuthDbContext.cs:76 | Creating applications user models.
2020/09/23 09:46:48.616 [TRACE] [UMS.Data.AuthDbContext]  AuthDbContext.cs:84 | Creating Identity models.
2020/09/23 09:46:48.616 [TRACE] [UMS.Data.AuthDbContext]  AuthDbContext.cs:108 | Creating log models.
2020/09/23 09:46:48.631 [TRACE] [UMS.Data.AuthDbContext]  AuthDbContext.cs:110 | End creating on model.
2020/09/23 09:46:49.400 [INFO] [UMS.Areas.Identity.Pages.Account.LoginModel]  Login.cshtml.cs:142 | User logged in.
2020/09/23 09:46:49.418 [TRACE] [UMS.Areas.Identity.Pages.Account.LoginModel]  Login.cshtml.cs:149 | End login on post.
2020/09/23 09:46:49.435 [TRACE] [UMS.Data.AuthDbContext]  Index:AuthDbContext.cs:28 | Start Auth Database Context.
2020/09/23 09:46:49.445 [TRACE] [UMS.Controllers.HomeController] [usermanagement2020@gmail.com] Index:HomeController.cs:37 | NLog injected into HomeController.
2020/09/23 09:46:49.445 [TRACE] [UMS.Controllers.HomeController] [usermanagement2020@gmail.com] Index:HomeController.cs:39 | User manager injected into HomeController.
2020/09/23 09:46:49.445 [TRACE] [UMS.Controllers.HomeController] [usermanagement2020@gmail.com] Index:HomeController.cs:40 | Start HomeController Constructor.
2020/09/23 09:46:49.445 [TRACE] [UMS.Controllers.HomeController] [usermanagement2020@gmail.com] Index:HomeController.cs:59 | Start Index.
2020/09/23 09:46:49.445 [INFO] [UMS.Controllers.HomeController] [usermanagement2020@gmail.com] Index:HomeController.cs:60 | Welcome usermanagement2020@gmail.com to UMS.
2020/09/23 09:46:49.445 [TRACE] [UMS.Controllers.HomeController] [usermanagement2020@gmail.com] Index:HomeController.cs:65 | Find first value from user.
2020/09/23 09:46:49.459 [TRACE] [UMS.Controllers.HomeController] [usermanagement2020@gmail.com] Index:HomeController.cs:68 | End Index.
