######################################## User Management System log All Trace #########################################
2020/10/06 14:57:45.171 [TRACE] [UMS.Program]  Program.cs:27 | Starting Program.
2020/10/06 14:57:57.405 [INFO] [Microsoft.Hosting.Lifetime]   | Now listening on: https://localhost:44346
2020/10/06 14:58:00.314 [INFO] [Microsoft.Hosting.Lifetime]   | Application started. Press Ctrl+C to shut down.
2020/10/06 14:58:00.334 [INFO] [Microsoft.Hosting.Lifetime]   | Hosting environment: Development
2020/10/06 14:58:00.334 [INFO] [Microsoft.Hosting.Lifetime]   | Content root path: C:\Users\Namchok\Desktop\สหกิจ\ums\UMS
2020/10/06 14:58:01.016 [TRACE] [UMS.Data.AuthDbContext]  Index:AuthDbContext.cs:28 | Start Auth Database Context.
2020/10/06 14:58:02.028 [TRACE] [UMS.Data.AuthDbContext]  Index:AuthDbContext.cs:76 | Creating applications user models.
2020/10/06 14:58:02.110 [TRACE] [UMS.Data.AuthDbContext]  Index:AuthDbContext.cs:84 | Creating Identity models.
2020/10/06 14:58:02.110 [TRACE] [UMS.Data.AuthDbContext]  Index:AuthDbContext.cs:108 | Creating log models.
2020/10/06 14:58:02.110 [TRACE] [UMS.Data.AuthDbContext]  Index:AuthDbContext.cs:110 | End creating on model.
2020/10/06 14:58:04.200 [TRACE] [UMS.Controllers.HomeController] [usermanagement2020@gmail.com] Index:HomeController.cs:38 | Start HomeController Constructor.
2020/10/06 14:58:04.232 [TRACE] [UMS.Controllers.HomeController] [usermanagement2020@gmail.com] Index:HomeController.cs:57 | Start Index.
2020/10/06 14:58:04.243 [INFO] [UMS.Controllers.HomeController] [usermanagement2020@gmail.com] Index:HomeController.cs:58 | Welcome usermanagement2020@gmail.com to UMS.
2020/10/06 14:58:04.303 [TRACE] [UMS.Controllers.HomeController] [usermanagement2020@gmail.com] Index:HomeController.cs:63 | Find first value from user.
2020/10/06 14:58:04.335 [TRACE] [UMS.Controllers.HomeController] [usermanagement2020@gmail.com] Index:HomeController.cs:66 | End Index.
2020/10/06 14:58:08.164 [TRACE] [UMS.Data.AuthDbContext]  Index:AuthDbContext.cs:28 | Start Auth Database Context.
2020/10/06 14:58:08.205 [TRACE] [UMS.Models.LogsContext] [usermanagement2020@gmail.com] Index:LogsContext.cs:24 | Start Edit Profile Context.
2020/10/06 14:58:08.205 [TRACE] [UMS.Controllers.LogsController] [usermanagement2020@gmail.com] Index:LogsController.cs:40 | Start LogsController Constructor.
2020/10/06 14:58:08.205 [TRACE] [UMS.Controllers.LogsController] [usermanagement2020@gmail.com] Index:LogsController.cs:58 | Start Index.
2020/10/06 14:58:08.205 [TRACE] [UMS.Controllers.LogsController] [usermanagement2020@gmail.com] Index:LogsController.cs:60 | Find ID from first value.
2020/10/06 14:58:48.109 [ERROR] [UMS.Controllers.LogsController] [usermanagement2020@gmail.com] Index:LogsController.cs:62 | Object reference not set to an instance of an object.
2020/10/06 14:58:48.147 [TRACE] [UMS.Controllers.LogsController] [usermanagement2020@gmail.com] Index:LogsController.cs:62 | End Index.
2020/10/06 14:59:02.573 [TRACE] [UMS.Data.AuthDbContext]  Index:AuthDbContext.cs:28 | Start Auth Database Context.
2020/10/06 14:59:02.614 [TRACE] [UMS.Models.LogsContext] [usermanagement2020@gmail.com] Index:LogsContext.cs:24 | Start Edit Profile Context.
2020/10/06 14:59:02.629 [TRACE] [UMS.Controllers.LogsController] [usermanagement2020@gmail.com] Index:LogsController.cs:40 | Start LogsController Constructor.
2020/10/06 14:59:02.629 [TRACE] [UMS.Controllers.LogsController] [usermanagement2020@gmail.com] Index:LogsController.cs:58 | Start Index.
2020/10/06 14:59:02.648 [TRACE] [UMS.Controllers.LogsController] [usermanagement2020@gmail.com] Index:LogsController.cs:60 | Find ID from first value.
2020/10/06 14:59:18.437 [ERROR] [UMS.Controllers.LogsController] [usermanagement2020@gmail.com] Index:LogsController.cs:62 | Object reference not set to an instance of an object.
2020/10/06 14:59:20.805 [TRACE] [UMS.Controllers.LogsController] [usermanagement2020@gmail.com] Index:LogsController.cs:62 | End Index.
2020/10/06 14:59:23.947 [TRACE] [UMS.Data.AuthDbContext]  Index:AuthDbContext.cs:28 | Start Auth Database Context.
2020/10/06 14:59:23.957 [TRACE] [UMS.Controllers.HomeController] [usermanagement2020@gmail.com] Index:HomeController.cs:38 | Start HomeController Constructor.
2020/10/06 14:59:23.957 [TRACE] [UMS.Controllers.HomeController] [usermanagement2020@gmail.com] Index:HomeController.cs:57 | Start Index.
2020/10/06 14:59:23.977 [INFO] [UMS.Controllers.HomeController] [usermanagement2020@gmail.com] Index:HomeController.cs:58 | Welcome usermanagement2020@gmail.com to UMS.
2020/10/06 14:59:24.081 [TRACE] [UMS.Controllers.HomeController] [usermanagement2020@gmail.com] Index:HomeController.cs:63 | Find first value from user.
2020/10/06 14:59:24.081 [TRACE] [UMS.Controllers.HomeController] [usermanagement2020@gmail.com] Index:HomeController.cs:66 | End Index.
2020/10/06 14:59:25.611 [TRACE] [UMS.Data.AuthDbContext]  Index:AuthDbContext.cs:28 | Start Auth Database Context.
2020/10/06 14:59:25.611 [TRACE] [UMS.Models.LogsContext] [usermanagement2020@gmail.com] Index:LogsContext.cs:24 | Start Edit Profile Context.
2020/10/06 14:59:25.611 [TRACE] [UMS.Controllers.LogsController] [usermanagement2020@gmail.com] Index:LogsController.cs:40 | Start LogsController Constructor.
2020/10/06 14:59:25.611 [TRACE] [UMS.Controllers.LogsController] [usermanagement2020@gmail.com] Index:LogsController.cs:58 | Start Index.
2020/10/06 14:59:25.611 [TRACE] [UMS.Controllers.LogsController] [usermanagement2020@gmail.com] Index:LogsController.cs:60 | Find ID from first value.
2020/10/06 14:59:27.932 [ERROR] [UMS.Controllers.LogsController] [usermanagement2020@gmail.com] Index:LogsController.cs:62 | Object reference not set to an instance of an object.
2020/10/06 14:59:27.948 [TRACE] [UMS.Controllers.LogsController] [usermanagement2020@gmail.com] Index:LogsController.cs:62 | End Index.
2020/10/06 14:59:36.875 [INFO] [Microsoft.Hosting.Lifetime]   | Application is shutting down...
2020/10/06 15:16:51.473 [TRACE] [UMS.Program]  Program.cs:27 | Starting Program.
2020/10/06 15:16:53.609 [INFO] [Microsoft.Hosting.Lifetime]   | Now listening on: https://localhost:44346
2020/10/06 15:16:54.751 [INFO] [Microsoft.Hosting.Lifetime]   | Application started. Press Ctrl+C to shut down.
2020/10/06 15:16:54.775 [INFO] [Microsoft.Hosting.Lifetime]   | Hosting environment: Development
2020/10/06 15:16:54.793 [INFO] [Microsoft.Hosting.Lifetime]   | Content root path: C:\Users\Namchok\Desktop\สหกิจ\ums\UMS
2020/10/06 15:16:55.329 [TRACE] [UMS.Data.AuthDbContext]  Index:AuthDbContext.cs:28 | Start Auth Database Context.
2020/10/06 15:16:55.394 [TRACE] [UMS.Controllers.HomeController] [usermanagement2020@gmail.com] Index:HomeController.cs:38 | Start HomeController Constructor.
2020/10/06 15:16:55.394 [TRACE] [UMS.Controllers.HomeController] [usermanagement2020@gmail.com] Index:HomeController.cs:57 | Start Index.
2020/10/06 15:16:55.409 [INFO] [UMS.Controllers.HomeController] [usermanagement2020@gmail.com] Index:HomeController.cs:58 | Welcome usermanagement2020@gmail.com to UMS.
2020/10/06 15:16:55.455 [TRACE] [UMS.Controllers.HomeController] [usermanagement2020@gmail.com] Index:HomeController.cs:63 | Find first value from user.
2020/10/06 15:16:55.455 [TRACE] [UMS.Controllers.HomeController] [usermanagement2020@gmail.com] Index:HomeController.cs:66 | End Index.
2020/10/06 15:16:59.206 [TRACE] [UMS.Data.AuthDbContext]  Index:AuthDbContext.cs:28 | Start Auth Database Context.
2020/10/06 15:16:59.228 [TRACE] [UMS.Models.LogsContext] [usermanagement2020@gmail.com] Index:LogsContext.cs:24 | Start Edit Profile Context.
2020/10/06 15:16:59.241 [TRACE] [UMS.Controllers.LogsController] [usermanagement2020@gmail.com] Index:LogsController.cs:40 | Start LogsController Constructor.
2020/10/06 15:16:59.251 [TRACE] [UMS.Controllers.LogsController] [usermanagement2020@gmail.com] Index:LogsController.cs:58 | Start Index.
2020/10/06 15:16:59.251 [TRACE] [UMS.Controllers.LogsController] [usermanagement2020@gmail.com] Index:LogsController.cs:60 | Find ID from first value.
2020/10/06 15:17:32.666 [ERROR] [UMS.Controllers.LogsController] [usermanagement2020@gmail.com] Index:LogsController.cs:62 | Value cannot be null. (Parameter 'logger')
2020/10/06 15:17:32.761 [TRACE] [UMS.Controllers.LogsController] [usermanagement2020@gmail.com] Index:LogsController.cs:62 | End Index.
2020/10/06 15:17:46.560 [TRACE] [UMS.Data.AuthDbContext]  Index:AuthDbContext.cs:28 | Start Auth Database Context.
2020/10/06 15:17:46.584 [TRACE] [UMS.Models.LogsContext] [usermanagement2020@gmail.com] Index:LogsContext.cs:24 | Start Edit Profile Context.
2020/10/06 15:17:46.603 [TRACE] [UMS.Controllers.LogsController] [usermanagement2020@gmail.com] Index:LogsController.cs:40 | Start LogsController Constructor.
2020/10/06 15:17:46.603 [TRACE] [UMS.Controllers.LogsController] [usermanagement2020@gmail.com] Index:LogsController.cs:58 | Start Index.
2020/10/06 15:17:46.610 [TRACE] [UMS.Controllers.LogsController] [usermanagement2020@gmail.com] Index:LogsController.cs:60 | Find ID from first value.
2020/10/06 15:17:51.472 [ERROR] [UMS.Controllers.LogsController] [usermanagement2020@gmail.com] Index:LogsController.cs:62 | Value cannot be null. (Parameter 'logger')
2020/10/06 15:17:51.472 [TRACE] [UMS.Controllers.LogsController] [usermanagement2020@gmail.com] Index:LogsController.cs:62 | End Index.
2020/10/06 15:18:13.751 [INFO] [Microsoft.Hosting.Lifetime]   | Application is shutting down...
2020/10/06 15:19:15.694 [TRACE] [UMS.Program]  Program.cs:27 | Starting Program.
2020/10/06 15:19:22.011 [INFO] [Microsoft.Hosting.Lifetime]   | Now listening on: https://localhost:44346
2020/10/06 15:19:24.953 [TRACE] [UMS.Data.AuthDbContext]  Index:AuthDbContext.cs:28 | Start Auth Database Context.
2020/10/06 15:19:25.213 [TRACE] [UMS.Controllers.HomeController] [usermanagement2020@gmail.com] Index:HomeController.cs:38 | Start HomeController Constructor.
2020/10/06 15:19:25.320 [TRACE] [UMS.Controllers.HomeController] [usermanagement2020@gmail.com] Index:HomeController.cs:57 | Start Index.
2020/10/06 15:19:25.357 [INFO] [UMS.Controllers.HomeController] [usermanagement2020@gmail.com] Index:HomeController.cs:58 | Welcome usermanagement2020@gmail.com to UMS.
2020/10/06 15:19:26.042 [INFO] [Microsoft.Hosting.Lifetime]   | Application started. Press Ctrl+C to shut down.
2020/10/06 15:19:26.116 [TRACE] [UMS.Controllers.HomeController] [usermanagement2020@gmail.com] Index:HomeController.cs:63 | Find first value from user.
2020/10/06 15:19:26.141 [INFO] [Microsoft.Hosting.Lifetime]   | Hosting environment: Development
2020/10/06 15:19:26.160 [TRACE] [UMS.Controllers.HomeController] [usermanagement2020@gmail.com] Index:HomeController.cs:66 | End Index.
2020/10/06 15:19:26.323 [INFO] [Microsoft.Hosting.Lifetime]   | Content root path: C:\Users\Namchok\Desktop\สหกิจ\ums\UMS
2020/10/06 15:19:30.341 [TRACE] [UMS.Data.AuthDbContext]  Index:AuthDbContext.cs:28 | Start Auth Database Context.
2020/10/06 15:19:30.451 [TRACE] [UMS.Models.LogsContext] [usermanagement2020@gmail.com] Index:LogsContext.cs:24 | Start Edit Profile Context.
2020/10/06 15:19:30.545 [TRACE] [UMS.Controllers.LogsController] [usermanagement2020@gmail.com] Index:LogsController.cs:40 | Start LogsController Constructor.
2020/10/06 15:19:30.575 [TRACE] [UMS.Controllers.LogsController] [usermanagement2020@gmail.com] Index:LogsController.cs:58 | Start Index.
2020/10/06 15:19:30.575 [TRACE] [UMS.Controllers.LogsController] [usermanagement2020@gmail.com] Index:LogsController.cs:60 | Find ID from first value.
2020/10/06 15:19:32.747 [ERROR] [UMS.Controllers.LogsController] [usermanagement2020@gmail.com] Index:LogsController.cs:62 | Value cannot be null. (Parameter 'logger')
2020/10/06 15:19:32.765 [TRACE] [UMS.Controllers.LogsController] [usermanagement2020@gmail.com] Index:LogsController.cs:62 | End Index.
2020/10/06 15:25:59.163 [TRACE] [UMS.Program]  Program.cs:27 | Starting Program.
2020/10/06 15:26:02.122 [INFO] [Microsoft.Hosting.Lifetime]   | Now listening on: https://localhost:44346
2020/10/06 15:26:03.589 [INFO] [Microsoft.Hosting.Lifetime]   | Application started. Press Ctrl+C to shut down.
2020/10/06 15:26:03.661 [INFO] [Microsoft.Hosting.Lifetime]   | Hosting environment: Development
2020/10/06 15:26:03.680 [TRACE] [UMS.Data.AuthDbContext]  Index:AuthDbContext.cs:28 | Start Auth Database Context.
2020/10/06 15:26:03.790 [INFO] [Microsoft.Hosting.Lifetime]   | Content root path: C:\Users\Namchok\Desktop\สหกิจ\ums\UMS
2020/10/06 15:26:03.829 [TRACE] [UMS.Controllers.HomeController] [usermanagement2020@gmail.com] Index:HomeController.cs:38 | Start HomeController Constructor.
2020/10/06 15:26:03.829 [TRACE] [UMS.Controllers.HomeController] [usermanagement2020@gmail.com] Index:HomeController.cs:57 | Start Index.
2020/10/06 15:26:03.848 [INFO] [UMS.Controllers.HomeController] [usermanagement2020@gmail.com] Index:HomeController.cs:58 | Welcome usermanagement2020@gmail.com to UMS.
2020/10/06 15:26:03.861 [TRACE] [UMS.Controllers.HomeController] [usermanagement2020@gmail.com] Index:HomeController.cs:63 | Find first value from user.
2020/10/06 15:26:03.861 [TRACE] [UMS.Controllers.HomeController] [usermanagement2020@gmail.com] Index:HomeController.cs:66 | End Index.
2020/10/06 15:26:09.243 [TRACE] [UMS.Data.AuthDbContext]  Index:AuthDbContext.cs:28 | Start Auth Database Context.
2020/10/06 15:26:09.261 [TRACE] [UMS.Models.LogsContext] [usermanagement2020@gmail.com] Index:LogsContext.cs:24 | Start Edit Profile Context.
2020/10/06 15:26:09.279 [TRACE] [UMS.Controllers.LogsController] [usermanagement2020@gmail.com] Index:LogsController.cs:40 | Start LogsController Constructor.
2020/10/06 15:26:09.297 [TRACE] [UMS.Controllers.LogsController] [usermanagement2020@gmail.com] Index:LogsController.cs:58 | Start Index.
2020/10/06 15:26:09.318 [TRACE] [UMS.Controllers.LogsController] [usermanagement2020@gmail.com] Index:LogsController.cs:60 | Find ID from first value.
2020/10/06 15:26:09.318 [DEBUG] [UMS.Controllers.LogsController] [usermanagement2020@gmail.com] Index:LogsController.cs:62 | Getting top 100 from all logs.
2020/10/06 15:26:26.400 [ERROR] [UMS.Controllers.LogsController] [usermanagement2020@gmail.com] Index:LogsController.cs:63 | Object reference not set to an instance of an object.
2020/10/06 15:26:26.425 [TRACE] [UMS.Controllers.LogsController] [usermanagement2020@gmail.com] Index:LogsController.cs:63 | End Index.
2020/10/06 15:28:31.403 [TRACE] [UMS.Program]  Program.cs:27 | Starting Program.
2020/10/06 15:28:33.681 [INFO] [Microsoft.Hosting.Lifetime]   | Now listening on: https://localhost:44346
2020/10/06 15:28:35.293 [TRACE] [UMS.Data.AuthDbContext]  Index:AuthDbContext.cs:28 | Start Auth Database Context.
2020/10/06 15:28:35.613 [INFO] [Microsoft.Hosting.Lifetime]   | Application started. Press Ctrl+C to shut down.
2020/10/06 15:28:35.613 [INFO] [Microsoft.Hosting.Lifetime]   | Hosting environment: Development
2020/10/06 15:28:35.635 [INFO] [Microsoft.Hosting.Lifetime]   | Content root path: C:\Users\Namchok\Desktop\สหกิจ\ums\UMS
2020/10/06 15:28:36.225 [TRACE] [UMS.Data.AuthDbContext]  Index:AuthDbContext.cs:76 | Creating applications user models.
2020/10/06 15:28:36.265 [TRACE] [UMS.Data.AuthDbContext]  Index:AuthDbContext.cs:84 | Creating Identity models.
2020/10/06 15:28:36.280 [TRACE] [UMS.Data.AuthDbContext]  Index:AuthDbContext.cs:108 | Creating log models.
2020/10/06 15:28:36.291 [TRACE] [UMS.Data.AuthDbContext]  Index:AuthDbContext.cs:110 | End creating on model.
2020/10/06 15:28:38.797 [TRACE] [UMS.Controllers.HomeController] [usermanagement2020@gmail.com] Index:HomeController.cs:38 | Start HomeController Constructor.
2020/10/06 15:28:38.862 [TRACE] [UMS.Controllers.HomeController] [usermanagement2020@gmail.com] Index:HomeController.cs:57 | Start Index.
2020/10/06 15:28:38.862 [INFO] [UMS.Controllers.HomeController] [usermanagement2020@gmail.com] Index:HomeController.cs:58 | Welcome usermanagement2020@gmail.com to UMS.
2020/10/06 15:28:38.890 [TRACE] [UMS.Controllers.HomeController] [usermanagement2020@gmail.com] Index:HomeController.cs:63 | Find first value from user.
2020/10/06 15:28:38.901 [TRACE] [UMS.Controllers.HomeController] [usermanagement2020@gmail.com] Index:HomeController.cs:66 | End Index.
2020/10/06 15:28:41.651 [TRACE] [UMS.Data.AuthDbContext]  Index:AuthDbContext.cs:28 | Start Auth Database Context.
2020/10/06 15:28:41.683 [TRACE] [UMS.Models.LogsContext] [usermanagement2020@gmail.com] Index:LogsContext.cs:24 | Start Edit Profile Context.
2020/10/06 15:28:41.700 [TRACE] [UMS.Controllers.LogsController] [usermanagement2020@gmail.com] Index:LogsController.cs:40 | Start LogsController Constructor.
2020/10/06 15:28:41.707 [TRACE] [UMS.Controllers.LogsController] [usermanagement2020@gmail.com] Index:LogsController.cs:58 | Start Index.
2020/10/06 15:28:41.707 [TRACE] [UMS.Controllers.LogsController] [usermanagement2020@gmail.com] Index:LogsController.cs:60 | Find ID from first value.
2020/10/06 15:28:41.707 [DEBUG] [UMS.Controllers.LogsController] [usermanagement2020@gmail.com] Index:LogsController.cs:62 | Getting top 100 from all logs.
2020/10/06 15:28:41.992 [TRACE] [UMS.Controllers.LogsController] [usermanagement2020@gmail.com] Index:LogsController.cs:67 | End Index.
2020/10/06 15:29:22.156 [TRACE] [UMS.Program]  Program.cs:27 | Starting Program.
2020/10/06 15:29:23.781 [INFO] [Microsoft.Hosting.Lifetime]   | Now listening on: https://localhost:44346
2020/10/06 15:29:24.710 [INFO] [Microsoft.Hosting.Lifetime]   | Application started. Press Ctrl+C to shut down.
2020/10/06 15:29:24.945 [INFO] [Microsoft.Hosting.Lifetime]   | Hosting environment: Development
2020/10/06 15:29:25.091 [INFO] [Microsoft.Hosting.Lifetime]   | Content root path: C:\Users\Namchok\Desktop\สหกิจ\ums\UMS
2020/10/06 15:29:25.806 [TRACE] [UMS.Data.AuthDbContext]  Index:AuthDbContext.cs:28 | Start Auth Database Context.
2020/10/06 15:29:25.903 [TRACE] [UMS.Controllers.HomeController] [usermanagement2020@gmail.com] Index:HomeController.cs:38 | Start HomeController Constructor.
2020/10/06 15:29:25.917 [TRACE] [UMS.Controllers.HomeController] [usermanagement2020@gmail.com] Index:HomeController.cs:57 | Start Index.
2020/10/06 15:29:25.923 [INFO] [UMS.Controllers.HomeController] [usermanagement2020@gmail.com] Index:HomeController.cs:58 | Welcome usermanagement2020@gmail.com to UMS.
2020/10/06 15:29:25.923 [TRACE] [UMS.Controllers.HomeController] [usermanagement2020@gmail.com] Index:HomeController.cs:63 | Find first value from user.
2020/10/06 15:29:25.940 [TRACE] [UMS.Controllers.HomeController] [usermanagement2020@gmail.com] Index:HomeController.cs:66 | End Index.
2020/10/06 15:29:35.460 [TRACE] [UMS.Data.AuthDbContext]  Index:AuthDbContext.cs:28 | Start Auth Database Context.
2020/10/06 15:29:35.477 [TRACE] [UMS.Models.LogsContext] [usermanagement2020@gmail.com] Index:LogsContext.cs:24 | Start Edit Profile Context.
2020/10/06 15:29:35.497 [TRACE] [UMS.Controllers.LogsController] [usermanagement2020@gmail.com] Index:LogsController.cs:40 | Start LogsController Constructor.
2020/10/06 15:29:35.513 [TRACE] [UMS.Controllers.LogsController] [usermanagement2020@gmail.com] Index:LogsController.cs:58 | Start Index.
2020/10/06 15:29:35.531 [TRACE] [UMS.Controllers.LogsController] [usermanagement2020@gmail.com] Index:LogsController.cs:60 | Find ID from first value.
2020/10/06 15:29:35.537 [DEBUG] [UMS.Controllers.LogsController] [usermanagement2020@gmail.com] Index:LogsController.cs:62 | Getting top 100 from all logs.
2020/10/06 15:29:36.226 [TRACE] [UMS.Data.AuthDbContext] [usermanagement2020@gmail.com] Index:AuthDbContext.cs:76 | Creating applications user models.
2020/10/06 15:29:36.226 [TRACE] [UMS.Data.AuthDbContext] [usermanagement2020@gmail.com] Index:AuthDbContext.cs:84 | Creating Identity models.
2020/10/06 15:29:36.251 [TRACE] [UMS.Data.AuthDbContext] [usermanagement2020@gmail.com] Index:AuthDbContext.cs:108 | Creating log models.
2020/10/06 15:29:36.251 [TRACE] [UMS.Data.AuthDbContext] [usermanagement2020@gmail.com] Index:AuthDbContext.cs:110 | End creating on model.
2020/10/06 15:29:48.116 [ERROR] [UMS.Controllers.LogsController] [usermanagement2020@gmail.com] Index:LogsController.cs:66 | List of logs
2020/10/06 15:29:48.146 [TRACE] [UMS.Controllers.LogsController] [usermanagement2020@gmail.com] Index:LogsController.cs:66 | End Index.
2020/10/06 16:10:24.245 [TRACE] [UMS.Program]  Program.cs:27 | Starting Program.
2020/10/06 16:10:30.523 [INFO] [Microsoft.Hosting.Lifetime]   | Now listening on: https://localhost:44346
2020/10/06 16:10:33.383 [INFO] [Microsoft.Hosting.Lifetime]   | Application started. Press Ctrl+C to shut down.
2020/10/06 16:10:33.411 [INFO] [Microsoft.Hosting.Lifetime]   | Hosting environment: Development
2020/10/06 16:10:33.434 [INFO] [Microsoft.Hosting.Lifetime]   | Content root path: C:\Users\Namchok\Desktop\สหกิจ\ums\UMS
2020/10/06 16:10:56.000 [TRACE] [UMS.Data.AuthDbContext]  Index:AuthDbContext.cs:28 | Start Auth Database Context.
2020/10/06 16:11:13.883 [TRACE] [UMS.Data.AuthDbContext]  Index:AuthDbContext.cs:28 | Start Auth Database Context.
2020/10/06 16:11:18.812 [TRACE] [UMS.Data.AuthDbContext]  Index:AuthDbContext.cs:76 | Creating applications user models.
2020/10/06 16:11:18.843 [TRACE] [UMS.Data.AuthDbContext]  Index:AuthDbContext.cs:84 | Creating Identity models.
2020/10/06 16:11:18.867 [TRACE] [UMS.Data.AuthDbContext]  Index:AuthDbContext.cs:108 | Creating log models.
2020/10/06 16:11:18.898 [TRACE] [UMS.Data.AuthDbContext]  Index:AuthDbContext.cs:110 | End creating on model.
2020/10/06 16:11:20.326 [INFO] [Microsoft.Hosting.Lifetime]   | Application is shutting down...
2020/10/06 16:11:21.127 [TRACE] [UMS.Controllers.HomeController] [usermanagement2020@gmail.com] Index:HomeController.cs:38 | Start HomeController Constructor.
2020/10/06 16:11:21.127 [DEBUG] [UMS.Models.AccountContext] [usermanagement2020@gmail.com] Index:AccountContext.cs:24 | Start Account Context.
2020/10/06 16:11:21.173 [TRACE] [UMS.Controllers.HomeController] [usermanagement2020@gmail.com] Index:HomeController.cs:57 | Start Index.
2020/10/06 16:11:21.235 [INFO] [UMS.Controllers.HomeController] [usermanagement2020@gmail.com] Index:HomeController.cs:58 | Welcome usermanagement2020@gmail.com to UMS.
2020/10/06 16:11:21.235 [DEBUG] [UMS.Models.EditAccountContext] [usermanagement2020@gmail.com] Index:EditAccountContext.cs:24 | Start Edit Account Context.
2020/10/06 16:11:21.270 [TRACE] [UMS.Controllers.HomeController] [usermanagement2020@gmail.com] Index:HomeController.cs:63 | Find first value from user.
2020/10/06 16:11:21.270 [TRACE] [UMS.Controllers.ManageUserController] [usermanagement2020@gmail.com] Index:ManageUserController.cs:47 | Start ManageUserController Constructor.
2020/10/06 16:11:21.270 [TRACE] [UMS.Controllers.HomeController] [usermanagement2020@gmail.com] Index:HomeController.cs:66 | End Index.
2020/10/06 16:11:21.270 [TRACE] [UMS.Controllers.ManageUserController] [usermanagement2020@gmail.com] Index:ManageUserController.cs:66 | Start Index.
2020/10/06 16:11:21.283 [TRACE] [UMS.Controllers.ManageUserController] [usermanagement2020@gmail.com] Index:ManageUserController.cs:72 | Find first value from user.
2020/10/06 16:11:21.564 [DEBUG] [UMS.Controllers.ManageUserController] [usermanagement2020@gmail.com] Index:ManageUserController.cs:78 | Get all active user.
2020/10/06 16:11:21.586 [TRACE] [UMS.Controllers.ManageUserController] [usermanagement2020@gmail.com] Index:ManageUserController.cs:83 | End Index.
2020/10/06 16:11:40.645 [TRACE] [UMS.Program]  Program.cs:27 | Starting Program.
2020/10/06 16:11:43.137 [INFO] [Microsoft.Hosting.Lifetime]   | Now listening on: https://localhost:44346
2020/10/06 16:11:44.883 [INFO] [Microsoft.Hosting.Lifetime]   | Application started. Press Ctrl+C to shut down.
2020/10/06 16:11:44.901 [INFO] [Microsoft.Hosting.Lifetime]   | Hosting environment: Development
2020/10/06 16:11:44.998 [INFO] [Microsoft.Hosting.Lifetime]   | Content root path: C:\Users\Namchok\Desktop\สหกิจ\ums\UMS
2020/10/06 16:11:45.722 [TRACE] [UMS.Data.AuthDbContext]  Index:AuthDbContext.cs:28 | Start Auth Database Context.
2020/10/06 16:11:45.870 [TRACE] [UMS.Controllers.HomeController] [usermanagement2020@gmail.com] Index:HomeController.cs:38 | Start HomeController Constructor.
2020/10/06 16:11:45.917 [TRACE] [UMS.Controllers.HomeController] [usermanagement2020@gmail.com] Index:HomeController.cs:57 | Start Index.
2020/10/06 16:11:45.938 [INFO] [UMS.Controllers.HomeController] [usermanagement2020@gmail.com] Index:HomeController.cs:58 | Welcome usermanagement2020@gmail.com to UMS.
2020/10/06 16:11:45.938 [TRACE] [UMS.Controllers.HomeController] [usermanagement2020@gmail.com] Index:HomeController.cs:63 | Find first value from user.
2020/10/06 16:11:45.955 [TRACE] [UMS.Controllers.HomeController] [usermanagement2020@gmail.com] Index:HomeController.cs:66 | End Index.
2020/10/06 16:12:14.781 [TRACE] [UMS.Data.AuthDbContext]  Index:AuthDbContext.cs:28 | Start Auth Database Context.
2020/10/06 16:12:14.790 [TRACE] [UMS.Controllers.HomeController] [usermanagement2020@gmail.com] Index:HomeController.cs:38 | Start HomeController Constructor.
2020/10/06 16:12:14.816 [TRACE] [UMS.Controllers.HomeController] [usermanagement2020@gmail.com] Index:HomeController.cs:57 | Start Index.
2020/10/06 16:12:14.836 [INFO] [UMS.Controllers.HomeController] [usermanagement2020@gmail.com] Index:HomeController.cs:58 | Welcome usermanagement2020@gmail.com to UMS.
2020/10/06 16:12:14.930 [TRACE] [UMS.Controllers.HomeController] [usermanagement2020@gmail.com] Index:HomeController.cs:63 | Find first value from user.
2020/10/06 16:12:14.930 [TRACE] [UMS.Controllers.HomeController] [usermanagement2020@gmail.com] Index:HomeController.cs:66 | End Index.
2020/10/06 16:12:17.068 [TRACE] [UMS.Data.AuthDbContext]  Index:AuthDbContext.cs:28 | Start Auth Database Context.
2020/10/06 16:12:17.099 [TRACE] [UMS.Models.LogsContext] [usermanagement2020@gmail.com] Index:LogsContext.cs:24 | Start Edit Profile Context.
2020/10/06 16:12:17.111 [TRACE] [UMS.Controllers.LogsController] [usermanagement2020@gmail.com] Index:LogsController.cs:40 | Start LogsController Constructor.
2020/10/06 16:12:17.128 [TRACE] [UMS.Controllers.LogsController] [usermanagement2020@gmail.com] Index:LogsController.cs:58 | Start Index.
2020/10/06 16:12:17.149 [TRACE] [UMS.Controllers.LogsController] [usermanagement2020@gmail.com] Index:LogsController.cs:59 | Find ID from first value.
2020/10/06 16:12:17.149 [DEBUG] [UMS.Controllers.LogsController] [usermanagement2020@gmail.com] Index:LogsController.cs:61 | Getting top 100 from all logs.
2020/10/06 16:12:17.906 [TRACE] [UMS.Data.AuthDbContext] [usermanagement2020@gmail.com] Index:AuthDbContext.cs:76 | Creating applications user models.
2020/10/06 16:12:17.906 [TRACE] [UMS.Data.AuthDbContext] [usermanagement2020@gmail.com] Index:AuthDbContext.cs:84 | Creating Identity models.
2020/10/06 16:12:17.934 [TRACE] [UMS.Data.AuthDbContext] [usermanagement2020@gmail.com] Index:AuthDbContext.cs:108 | Creating log models.
2020/10/06 16:12:17.945 [TRACE] [UMS.Data.AuthDbContext] [usermanagement2020@gmail.com] Index:AuthDbContext.cs:110 | End creating on model.
2020/10/06 16:12:19.313 [ERROR] [UMS.Controllers.LogsController] [usermanagement2020@gmail.com] Index:LogsController.cs:65 | Calling a method on a null object reference.
2020/10/06 16:12:19.328 [TRACE] [UMS.Controllers.LogsController] [usermanagement2020@gmail.com] Index:LogsController.cs:65 | End Index.
2020/10/06 16:12:27.765 [TRACE] [UMS.Data.AuthDbContext]  Index:AuthDbContext.cs:28 | Start Auth Database Context.
2020/10/06 16:12:27.770 [TRACE] [UMS.Models.LogsContext] [usermanagement2020@gmail.com] Index:LogsContext.cs:24 | Start Edit Profile Context.
2020/10/06 16:12:27.770 [TRACE] [UMS.Controllers.LogsController] [usermanagement2020@gmail.com] Index:LogsController.cs:40 | Start LogsController Constructor.
2020/10/06 16:12:27.786 [TRACE] [UMS.Controllers.LogsController] [usermanagement2020@gmail.com] Index:LogsController.cs:58 | Start Index.
2020/10/06 16:12:27.786 [TRACE] [UMS.Controllers.LogsController] [usermanagement2020@gmail.com] Index:LogsController.cs:59 | Find ID from first value.
2020/10/06 16:12:27.798 [DEBUG] [UMS.Controllers.LogsController] [usermanagement2020@gmail.com] Index:LogsController.cs:61 | Getting top 100 from all logs.
2020/10/06 16:12:27.915 [ERROR] [UMS.Controllers.LogsController] [usermanagement2020@gmail.com] Index:LogsController.cs:65 | Calling a method on a null object reference.
2020/10/06 16:12:27.922 [TRACE] [UMS.Controllers.LogsController] [usermanagement2020@gmail.com] Index:LogsController.cs:65 | End Index.
2020/10/06 16:30:33.582 [TRACE] [UMS.Program]  Program.cs:27 | Starting Program.
2020/10/06 16:30:37.671 [INFO] [Microsoft.Hosting.Lifetime]   | Now listening on: https://localhost:44346
2020/10/06 16:30:40.286 [INFO] [Microsoft.Hosting.Lifetime]   | Application started. Press Ctrl+C to shut down.
2020/10/06 16:30:40.286 [INFO] [Microsoft.Hosting.Lifetime]   | Hosting environment: Development
2020/10/06 16:30:40.321 [INFO] [Microsoft.Hosting.Lifetime]   | Content root path: C:\Users\Namchok\Desktop\สหกิจ\ums\UMS
2020/10/06 16:30:40.481 [TRACE] [UMS.Data.AuthDbContext]  Index:AuthDbContext.cs:28 | Start Auth Database Context.
2020/10/06 16:30:40.595 [TRACE] [UMS.Controllers.HomeController] [usermanagement2020@gmail.com] Index:HomeController.cs:38 | Start HomeController Constructor.
2020/10/06 16:30:40.595 [TRACE] [UMS.Controllers.HomeController] [usermanagement2020@gmail.com] Index:HomeController.cs:57 | Start Index.
2020/10/06 16:30:40.615 [INFO] [UMS.Controllers.HomeController] [usermanagement2020@gmail.com] Index:HomeController.cs:58 | Welcome usermanagement2020@gmail.com to UMS.
2020/10/06 16:30:40.629 [TRACE] [UMS.Controllers.HomeController] [usermanagement2020@gmail.com] Index:HomeController.cs:63 | Find first value from user.
2020/10/06 16:30:40.629 [TRACE] [UMS.Controllers.HomeController] [usermanagement2020@gmail.com] Index:HomeController.cs:66 | End Index.
2020/10/06 16:30:50.816 [TRACE] [UMS.Data.AuthDbContext]  Index:AuthDbContext.cs:28 | Start Auth Database Context.
2020/10/06 16:30:50.835 [TRACE] [UMS.Models.LogsContext] [usermanagement2020@gmail.com] Index:LogsContext.cs:24 | Start Edit Profile Context.
2020/10/06 16:30:50.846 [TRACE] [UMS.Controllers.LogsController] [usermanagement2020@gmail.com] Index:LogsController.cs:40 | Start LogsController Constructor.
2020/10/06 16:30:50.846 [TRACE] [UMS.Controllers.LogsController] [usermanagement2020@gmail.com] Index:LogsController.cs:58 | Start Index.
2020/10/06 16:30:50.863 [TRACE] [UMS.Controllers.LogsController] [usermanagement2020@gmail.com] Index:LogsController.cs:59 | Find ID from first value.
2020/10/06 16:30:50.863 [DEBUG] [UMS.Controllers.LogsController] [usermanagement2020@gmail.com] Index:LogsController.cs:61 | Getting top 100 from all logs.
2020/10/06 16:30:51.493 [TRACE] [UMS.Data.AuthDbContext] [usermanagement2020@gmail.com] Index:AuthDbContext.cs:76 | Creating applications user models.
2020/10/06 16:30:51.501 [TRACE] [UMS.Data.AuthDbContext] [usermanagement2020@gmail.com] Index:AuthDbContext.cs:84 | Creating Identity models.
2020/10/06 16:30:51.501 [TRACE] [UMS.Data.AuthDbContext] [usermanagement2020@gmail.com] Index:AuthDbContext.cs:108 | Creating log models.
2020/10/06 16:30:51.520 [TRACE] [UMS.Data.AuthDbContext] [usermanagement2020@gmail.com] Index:AuthDbContext.cs:110 | End creating on model.
2020/10/06 16:30:52.562 [TRACE] [UMS.Controllers.LogsController] [usermanagement2020@gmail.com] Index:LogsController.cs:65 | End Index.
2020/10/06 16:31:01.887 [TRACE] [UMS.Data.AuthDbContext]  Search:AuthDbContext.cs:28 | Start Auth Database Context.
2020/10/06 16:31:02.056 [TRACE] [UMS.Models.LogsContext] [usermanagement2020@gmail.com] Search:LogsContext.cs:24 | Start Edit Profile Context.
2020/10/06 16:31:02.073 [TRACE] [UMS.Controllers.LogsController] [usermanagement2020@gmail.com] Search:LogsController.cs:40 | Start LogsController Constructor.
2020/10/06 16:31:02.170 [TRACE] [UMS.Controllers.LogsController] [usermanagement2020@gmail.com] Search:LogsController.cs:86 | Start searching logs.
2020/10/06 16:31:02.175 [DEBUG] [UMS.Controllers.LogsController] [usermanagement2020@gmail.com] Search:LogsController.cs:89 | Input Date Input: 10/06/2020 12:00 AM - 10/06/2020 11:59 PM
2020/10/06 16:31:02.175 [DEBUG] [UMS.Controllers.LogsController] [usermanagement2020@gmail.com] Search:LogsController.cs:90 | Input Message: -
2020/10/06 16:31:02.201 [DEBUG] [UMS.Controllers.LogsController] [usermanagement2020@gmail.com] Search:LogsController.cs:91 | Getting log by 10/06/2020 12:00 AM - 10/06/2020 11:59 PM.
2020/10/06 16:31:02.230 [TRACE] [UMS.Controllers.LogsController] [usermanagement2020@gmail.com] Search:LogsController.cs:92 | End searching logs.
2020/10/06 16:32:19.960 [TRACE] [UMS.Program]  Program.cs:27 | Starting Program.
2020/10/06 16:32:22.381 [INFO] [Microsoft.Hosting.Lifetime]   | Now listening on: https://localhost:44346
2020/10/06 16:32:22.808 [INFO] [Microsoft.Hosting.Lifetime]   | Application started. Press Ctrl+C to shut down.
2020/10/06 16:32:22.821 [INFO] [Microsoft.Hosting.Lifetime]   | Hosting environment: Development
2020/10/06 16:32:22.841 [INFO] [Microsoft.Hosting.Lifetime]   | Content root path: C:\Users\Namchok\Desktop\สหกิจ\ums\UMS
2020/10/06 16:32:24.148 [TRACE] [UMS.Data.AuthDbContext]  Index:AuthDbContext.cs:28 | Start Auth Database Context.
2020/10/06 16:32:24.220 [TRACE] [UMS.Controllers.HomeController] [usermanagement2020@gmail.com] Index:HomeController.cs:38 | Start HomeController Constructor.
2020/10/06 16:32:24.236 [TRACE] [UMS.Controllers.HomeController] [usermanagement2020@gmail.com] Index:HomeController.cs:57 | Start Index.
2020/10/06 16:32:24.236 [INFO] [UMS.Controllers.HomeController] [usermanagement2020@gmail.com] Index:HomeController.cs:58 | Welcome usermanagement2020@gmail.com to UMS.
2020/10/06 16:32:24.261 [TRACE] [UMS.Controllers.HomeController] [usermanagement2020@gmail.com] Index:HomeController.cs:63 | Find first value from user.
2020/10/06 16:32:24.261 [TRACE] [UMS.Controllers.HomeController] [usermanagement2020@gmail.com] Index:HomeController.cs:66 | End Index.
2020/10/06 16:32:30.548 [TRACE] [UMS.Data.AuthDbContext]  Index:AuthDbContext.cs:28 | Start Auth Database Context.
2020/10/06 16:32:30.588 [TRACE] [UMS.Models.LogsContext] [usermanagement2020@gmail.com] Index:LogsContext.cs:24 | Start Edit Profile Context.
2020/10/06 16:32:30.601 [TRACE] [UMS.Controllers.LogsController] [usermanagement2020@gmail.com] Index:LogsController.cs:40 | Start LogsController Constructor.
2020/10/06 16:32:30.612 [TRACE] [UMS.Controllers.LogsController] [usermanagement2020@gmail.com] Index:LogsController.cs:58 | Start Index.
2020/10/06 16:32:30.612 [TRACE] [UMS.Controllers.LogsController] [usermanagement2020@gmail.com] Index:LogsController.cs:59 | Find ID from first value.
2020/10/06 16:32:30.627 [DEBUG] [UMS.Controllers.LogsController] [usermanagement2020@gmail.com] Index:LogsController.cs:61 | Getting top 100 from all logs.
2020/10/06 16:32:31.409 [TRACE] [UMS.Data.AuthDbContext] [usermanagement2020@gmail.com] Index:AuthDbContext.cs:76 | Creating applications user models.
2020/10/06 16:32:31.409 [TRACE] [UMS.Data.AuthDbContext] [usermanagement2020@gmail.com] Index:AuthDbContext.cs:84 | Creating Identity models.
2020/10/06 16:32:31.433 [TRACE] [UMS.Data.AuthDbContext] [usermanagement2020@gmail.com] Index:AuthDbContext.cs:108 | Creating log models.
2020/10/06 16:32:31.444 [TRACE] [UMS.Data.AuthDbContext] [usermanagement2020@gmail.com] Index:AuthDbContext.cs:110 | End creating on model.
2020/10/06 16:32:32.565 [TRACE] [UMS.Controllers.LogsController] [usermanagement2020@gmail.com] Index:LogsController.cs:65 | End Index.
2020/10/06 16:32:35.094 [TRACE] [UMS.Data.AuthDbContext]  Search:AuthDbContext.cs:28 | Start Auth Database Context.
2020/10/06 16:32:35.150 [TRACE] [UMS.Models.LogsContext] [usermanagement2020@gmail.com] Search:LogsContext.cs:24 | Start Edit Profile Context.
2020/10/06 16:32:35.167 [TRACE] [UMS.Controllers.LogsController] [usermanagement2020@gmail.com] Search:LogsController.cs:40 | Start LogsController Constructor.
2020/10/06 16:32:35.210 [TRACE] [UMS.Controllers.LogsController] [usermanagement2020@gmail.com] Search:LogsController.cs:86 | Start searching logs.
2020/10/06 16:32:35.210 [DEBUG] [UMS.Controllers.LogsController] [usermanagement2020@gmail.com] Search:LogsController.cs:89 | Input Date Input: 10/06/2020 12:00 AM - 10/06/2020 11:59 PM
2020/10/06 16:32:35.210 [DEBUG] [UMS.Controllers.LogsController] [usermanagement2020@gmail.com] Search:LogsController.cs:90 | Input Message: -
2020/10/06 16:32:35.229 [DEBUG] [UMS.Controllers.LogsController] [usermanagement2020@gmail.com] Search:LogsController.cs:91 | Getting log by 10/06/2020 12:00 AM - 10/06/2020 11:59 PM.
2020/10/06 16:32:35.256 [TRACE] [UMS.Controllers.LogsController] [usermanagement2020@gmail.com] Search:LogsController.cs:92 | End searching logs.
2020/10/06 16:32:35.480 [ERROR] [UMS.Controllers.LogsController] [usermanagement2020@gmail.com] Search:LogsController.cs:93 | Error: Calling a method on a null object reference.
2020/10/06 16:32:35.496 [TRACE] [UMS.Controllers.LogsController] [usermanagement2020@gmail.com] Search:LogsController.cs:93 | End search logs.
2020/10/06 16:32:40.502 [INFO] [Microsoft.Hosting.Lifetime]   | Application is shutting down...
2020/10/06 17:27:05.776 [TRACE] [UMS.Program]  Program.cs:27 | Starting Program.
2020/10/06 17:27:07.859 [INFO] [Microsoft.Hosting.Lifetime]   | Now listening on: https://localhost:44346
2020/10/06 17:27:08.476 [INFO] [Microsoft.Hosting.Lifetime]   | Application started. Press Ctrl+C to shut down.
2020/10/06 17:27:08.492 [INFO] [Microsoft.Hosting.Lifetime]   | Hosting environment: Development
2020/10/06 17:27:08.504 [INFO] [Microsoft.Hosting.Lifetime]   | Content root path: C:\Users\Namchok\Desktop\สหกิจ\ums\UMS
2020/10/06 17:27:09.587 [TRACE] [UMS.Data.AuthDbContext]  Index:AuthDbContext.cs:28 | Start Auth Database Context.
2020/10/06 17:27:10.187 [TRACE] [UMS.Data.AuthDbContext]  Index:AuthDbContext.cs:76 | Creating applications user models.
2020/10/06 17:27:10.193 [TRACE] [UMS.Data.AuthDbContext]  Index:AuthDbContext.cs:84 | Creating Identity models.
2020/10/06 17:27:10.193 [TRACE] [UMS.Data.AuthDbContext]  Index:AuthDbContext.cs:108 | Creating log models.
2020/10/06 17:27:10.208 [TRACE] [UMS.Data.AuthDbContext]  Index:AuthDbContext.cs:110 | End creating on model.
2020/10/06 17:27:12.233 [TRACE] [UMS.Controllers.HomeController] [usermanagement2020@gmail.com] Index:HomeController.cs:38 | Start HomeController Constructor.
2020/10/06 17:27:12.263 [TRACE] [UMS.Controllers.HomeController] [usermanagement2020@gmail.com] Index:HomeController.cs:57 | Start Index.
2020/10/06 17:27:12.273 [INFO] [UMS.Controllers.HomeController] [usermanagement2020@gmail.com] Index:HomeController.cs:58 | Welcome usermanagement2020@gmail.com to UMS.
2020/10/06 17:27:12.291 [TRACE] [UMS.Controllers.HomeController] [usermanagement2020@gmail.com] Index:HomeController.cs:63 | Find first value from user.
2020/10/06 17:27:12.291 [TRACE] [UMS.Controllers.HomeController] [usermanagement2020@gmail.com] Index:HomeController.cs:66 | End Index.
2020/10/06 17:27:15.505 [TRACE] [UMS.Data.AuthDbContext]  Index:AuthDbContext.cs:28 | Start Auth Database Context.
2020/10/06 17:27:15.532 [TRACE] [UMS.Models.LogsContext] [usermanagement2020@gmail.com] Index:LogsContext.cs:24 | Start Edit Profile Context.
2020/10/06 17:27:15.532 [TRACE] [UMS.Controllers.LogsController] [usermanagement2020@gmail.com] Index:LogsController.cs:40 | Start LogsController Constructor.
2020/10/06 17:27:15.554 [TRACE] [UMS.Controllers.LogsController] [usermanagement2020@gmail.com] Index:LogsController.cs:58 | Start Index.
2020/10/06 17:27:15.554 [TRACE] [UMS.Controllers.LogsController] [usermanagement2020@gmail.com] Index:LogsController.cs:59 | Find ID from first value.
2020/10/06 17:27:15.565 [DEBUG] [UMS.Controllers.LogsController] [usermanagement2020@gmail.com] Index:LogsController.cs:61 | Getting top 100 from all logs.
2020/10/06 17:27:15.747 [TRACE] [UMS.Controllers.LogsController] [usermanagement2020@gmail.com] Index:LogsController.cs:65 | End Index.
2020/10/06 17:27:23.893 [TRACE] [UMS.Data.AuthDbContext]  Index:AuthDbContext.cs:28 | Start Auth Database Context.
2020/10/06 17:27:23.918 [TRACE] [UMS.Controllers.HomeController] [usermanagement2020@gmail.com] Index:HomeController.cs:38 | Start HomeController Constructor.
2020/10/06 17:27:23.918 [TRACE] [UMS.Controllers.HomeController] [usermanagement2020@gmail.com] Index:HomeController.cs:57 | Start Index.
2020/10/06 17:27:23.925 [INFO] [UMS.Controllers.HomeController] [usermanagement2020@gmail.com] Index:HomeController.cs:58 | Welcome usermanagement2020@gmail.com to UMS.
2020/10/06 17:27:23.925 [TRACE] [UMS.Controllers.HomeController] [usermanagement2020@gmail.com] Index:HomeController.cs:63 | Find first value from user.
2020/10/06 17:27:23.925 [TRACE] [UMS.Controllers.HomeController] [usermanagement2020@gmail.com] Index:HomeController.cs:66 | End Index.
2020/10/06 17:28:42.024 [TRACE] [UMS.Program]  Program.cs:27 | Starting Program.
2020/10/06 17:28:44.299 [INFO] [Microsoft.Hosting.Lifetime]   | Now listening on: https://localhost:44346
2020/10/06 17:28:45.664 [INFO] [Microsoft.Hosting.Lifetime]   | Application started. Press Ctrl+C to shut down.
2020/10/06 17:28:45.703 [INFO] [Microsoft.Hosting.Lifetime]   | Hosting environment: Development
2020/10/06 17:28:45.803 [INFO] [Microsoft.Hosting.Lifetime]   | Content root path: C:\Users\Namchok\Desktop\สหกิจ\ums\UMS
2020/10/06 17:28:46.126 [TRACE] [UMS.Data.AuthDbContext]  Index:AuthDbContext.cs:28 | Start Application Database Context.
2020/10/06 17:28:46.212 [TRACE] [UMS.Controllers.HomeController] [usermanagement2020@gmail.com] Index:HomeController.cs:38 | Start HomeController Constructor.
2020/10/06 17:28:46.234 [TRACE] [UMS.Controllers.HomeController] [usermanagement2020@gmail.com] Index:HomeController.cs:57 | Start Index.
2020/10/06 17:28:46.254 [INFO] [UMS.Controllers.HomeController] [usermanagement2020@gmail.com] Index:HomeController.cs:58 | Welcome usermanagement2020@gmail.com to UMS.
2020/10/06 17:28:46.254 [TRACE] [UMS.Controllers.HomeController] [usermanagement2020@gmail.com] Index:HomeController.cs:63 | Find first value from user.
2020/10/06 17:28:46.254 [TRACE] [UMS.Controllers.HomeController] [usermanagement2020@gmail.com] Index:HomeController.cs:66 | End Index.
2020/10/06 17:29:01.650 [TRACE] [UMS.Data.AuthDbContext]  Index:AuthDbContext.cs:28 | Start Application Database Context.
2020/10/06 17:29:01.664 [TRACE] [UMS.Controllers.LogsController] [usermanagement2020@gmail.com] Index:LogsController.cs:33 | Start Logs Controller.
2020/10/06 17:29:01.689 [TRACE] [UMS.Controllers.LogsController] [usermanagement2020@gmail.com] Index:LogsController.cs:62 | Start Logs Index.
2020/10/06 17:29:01.705 [TRACE] [UMS.Controllers.LogsController] [usermanagement2020@gmail.com] Index:LogsController.cs:63 | Finding user ID.
2020/10/06 17:29:01.705 [DEBUG] [UMS.Controllers.LogsController] [usermanagement2020@gmail.com] Index:LogsController.cs:65 | Getting top 100 from all logs.
2020/10/06 17:29:02.262 [TRACE] [UMS.Data.AuthDbContext] [usermanagement2020@gmail.com] Index:AuthDbContext.cs:76 | Creating applications user models.
2020/10/06 17:29:02.267 [TRACE] [UMS.Data.AuthDbContext] [usermanagement2020@gmail.com] Index:AuthDbContext.cs:84 | Creating Identity models.
2020/10/06 17:29:02.288 [TRACE] [UMS.Data.AuthDbContext] [usermanagement2020@gmail.com] Index:AuthDbContext.cs:108 | Creating log models.
2020/10/06 17:29:02.302 [TRACE] [UMS.Data.AuthDbContext] [usermanagement2020@gmail.com] Index:AuthDbContext.cs:110 | End creating on model.
2020/10/06 17:29:03.338 [TRACE] [UMS.Controllers.LogsController] [usermanagement2020@gmail.com] Index:LogsController.cs:68 | End Logs Index.
2020/10/06 17:30:25.252 [TRACE] [UMS.Data.AuthDbContext]  Index:AuthDbContext.cs:28 | Start Application Database Context.
2020/10/06 17:30:25.296 [TRACE] [UMS.Controllers.HomeController] [usermanagement2020@gmail.com] Index:HomeController.cs:38 | Start HomeController Constructor.
2020/10/06 17:30:25.318 [TRACE] [UMS.Controllers.HomeController] [usermanagement2020@gmail.com] Index:HomeController.cs:57 | Start Index.
2020/10/06 17:30:25.335 [INFO] [UMS.Controllers.HomeController] [usermanagement2020@gmail.com] Index:HomeController.cs:58 | Welcome usermanagement2020@gmail.com to UMS.
2020/10/06 17:30:25.365 [TRACE] [UMS.Controllers.HomeController] [usermanagement2020@gmail.com] Index:HomeController.cs:63 | Find first value from user.
2020/10/06 17:30:25.365 [TRACE] [UMS.Controllers.HomeController] [usermanagement2020@gmail.com] Index:HomeController.cs:66 | End Index.
2020/10/06 17:30:35.100 [INFO] [Microsoft.Hosting.Lifetime]   | Application is shutting down...
