######################################## User Management System log All Trace #########################################
2020/10/16 10:00:58.937 [TRACE] [UMS.Program]  Program.cs:27 | Starting Program.
2020/10/16 10:01:00.351 [INFO] [Microsoft.Hosting.Lifetime]   | Now listening on: https://localhost:44346
2020/10/16 10:01:00.632 [INFO] [Microsoft.Hosting.Lifetime]   | Application started. Press Ctrl+C to shut down.
2020/10/16 10:01:00.648 [INFO] [Microsoft.Hosting.Lifetime]   | Hosting environment: Development
2020/10/16 10:01:00.661 [INFO] [Microsoft.Hosting.Lifetime]   | Content root path: D:\My programming\UMS\User Management System
2020/10/16 10:01:07.513 [INFO] [UMS.Controllers.ManageUserController]  CheckUserExist:ManageUserController.cs:208 | Detected 0 users.
2020/10/16 10:01:11.814 [INFO] [UMS.Controllers.ManageUserController]  CheckUserExist:ManageUserController.cs:208 | Detected 0 users.
2020/10/16 10:01:14.749 [INFO] [UMS.Areas.Identity.Pages.Account.RegisterModel]  Register.cshtml.cs:143 | User created successfully with password..
2020/10/16 10:01:14.889 [ERROR] [UMS.Areas.Identity.Pages.Account.RegisterModel]  Register.cshtml.cs:172 | Optimistic concurrency failure, object has been modified. (ConcurrencyFailure).
2020/10/16 10:22:36.243 [TRACE] [UMS.Program]  Program.cs:27 | Starting Program.
2020/10/16 10:22:38.237 [INFO] [Microsoft.Hosting.Lifetime]   | Now listening on: https://localhost:44346
2020/10/16 10:22:38.519 [INFO] [Microsoft.Hosting.Lifetime]   | Application started. Press Ctrl+C to shut down.
2020/10/16 10:22:38.532 [INFO] [Microsoft.Hosting.Lifetime]   | Hosting environment: Development
2020/10/16 10:22:38.532 [INFO] [Microsoft.Hosting.Lifetime]   | Content root path: D:\My programming\UMS\User Management System
2020/10/16 10:22:48.458 [INFO] [UMS.Controllers.ManageUserController]  CheckUserExist:ManageUserController.cs:208 | Detected 0 users.
2020/10/16 10:22:55.937 [INFO] [UMS.Controllers.ManageUserController]  CheckUserExist:ManageUserController.cs:208 | Detected 0 users.
2020/10/16 10:22:59.623 [INFO] [UMS.Areas.Identity.Pages.Account.RegisterModel]  Register.cshtml.cs:143 | User created successfully with password..
2020/10/16 10:22:59.734 [ERROR] [UMS.Areas.Identity.Pages.Account.RegisterModel]  Register.cshtml.cs:172 | Optimistic concurrency failure, object has been modified. (ConcurrencyFailure).
2020/10/16 10:24:51.242 [TRACE] [UMS.Program]  Program.cs:27 | Starting Program.
2020/10/16 10:24:53.123 [INFO] [Microsoft.Hosting.Lifetime]   | Now listening on: https://localhost:44346
2020/10/16 10:24:53.416 [INFO] [Microsoft.Hosting.Lifetime]   | Application started. Press Ctrl+C to shut down.
2020/10/16 10:24:53.429 [INFO] [Microsoft.Hosting.Lifetime]   | Hosting environment: Development
2020/10/16 10:24:53.440 [INFO] [Microsoft.Hosting.Lifetime]   | Content root path: D:\My programming\UMS\User Management System
2020/10/16 10:24:58.044 [ERROR] [UMS.Areas.Identity.Pages.Account.LoginModel]  Login.cshtml.cs:134 | Cannot use table 'Account' for entity type 'Account' since it is being used for entity type 'ApplicationUser' and there is no relationship between their primary keys.
2020/10/16 10:25:27.735 [TRACE] [UMS.Program]  Program.cs:27 | Starting Program.
2020/10/16 10:25:29.119 [INFO] [Microsoft.Hosting.Lifetime]   | Now listening on: https://localhost:44346
2020/10/16 10:25:29.521 [INFO] [Microsoft.Hosting.Lifetime]   | Application started. Press Ctrl+C to shut down.
2020/10/16 10:25:29.534 [INFO] [Microsoft.Hosting.Lifetime]   | Hosting environment: Development
2020/10/16 10:25:29.546 [INFO] [Microsoft.Hosting.Lifetime]   | Content root path: D:\My programming\UMS\User Management System
2020/10/16 10:25:33.278 [INFO] [UMS.Areas.Identity.Pages.Account.LoginModel]  Login.cshtml.cs:143 | User logged in successfully.
2020/10/16 10:25:33.296 [INFO] [UMS.Areas.Identity.Pages.Account.LoginModel]  Login.cshtml.cs:158 | Adding cookie into the browser.
2020/10/16 10:25:33.332 [INFO] [UMS.Controllers.HomeController] [usermanagement2020@gmail.com] Index:HomeController.cs:42 | Welcome, usermanagement2020@gmail.com.
2020/10/16 10:25:37.027 [INFO] [UMS.Controllers.EditProfileController] [usermanagement2020@gmail.com] EditProfile:EditProfileController.cs:143 | Update successfully.
2020/10/16 10:25:46.600 [INFO] [UMS.Controllers.EditProfileController] [usermanagement2020@gmail.com] EditProfile:EditProfileController.cs:203 | Update successfully.
2020/10/16 10:26:11.646 [INFO] [UMS.Controllers.ManageUserController] [usermanagement2020@gmail.com] GetUser:ManageUserController.cs:77 | Getting user.
2020/10/16 10:26:24.818 [INFO] [UMS.Areas.Identity.Pages.Account.LogoutModel] [usermanagement2020@gmail.com] Logout.cshtml.cs:70 | User logged out.
2020/10/16 10:26:24.847 [INFO] [UMS.Areas.Identity.Pages.Account.LogoutModel]  Logout.cshtml.cs:46 | User logged out.
2020/10/16 10:26:28.153 [INFO] [UMS.Controllers.ManageUserController]  CheckUserExist:ManageUserController.cs:208 | Detected 0 users.
2020/10/16 10:26:33.280 [INFO] [UMS.Areas.Identity.Pages.Account.RegisterModel]  Register.cshtml.cs:143 | User created successfully with password..
2020/10/16 10:26:33.364 [INFO] [UMS.Areas.Identity.Pages.Account.RegisterModel]  Register.cshtml.cs:149 | User successfully added.
2020/10/16 10:26:33.434 [INFO] [UMS.Areas.Identity.Pages.Account.RegisterModel]  Register.cshtml.cs:156 | User role successfully added.
2020/10/16 10:26:33.463 [INFO] [UMS.Areas.Identity.Pages.Account.RegisterModel]  Register.cshtml.cs:160 | User signed in successfully.
2020/10/16 10:26:33.481 [INFO] [UMS.Controllers.HomeController] [Test@gmail.com] Index:HomeController.cs:42 | Welcome, Test@gmail.com.
2020/10/16 10:26:36.913 [INFO] [UMS.Areas.Identity.Pages.Account.LogoutModel] [Test@gmail.com] Logout.cshtml.cs:70 | User logged out.
2020/10/16 10:26:36.937 [INFO] [UMS.Areas.Identity.Pages.Account.LogoutModel]  Logout.cshtml.cs:46 | User logged out.
2020/10/16 10:28:12.031 [TRACE] [UMS.Program]  Program.cs:27 | Starting Program.
2020/10/16 10:28:13.307 [INFO] [Microsoft.Hosting.Lifetime]   | Now listening on: https://localhost:44346
2020/10/16 10:28:13.548 [INFO] [Microsoft.Hosting.Lifetime]   | Application started. Press Ctrl+C to shut down.
2020/10/16 10:28:13.548 [INFO] [Microsoft.Hosting.Lifetime]   | Hosting environment: Development
2020/10/16 10:28:13.570 [INFO] [Microsoft.Hosting.Lifetime]   | Content root path: D:\My programming\UMS\User Management System
2020/10/16 10:28:17.824 [INFO] [UMS.Controllers.ManageUserController]  CheckUserExist:ManageUserController.cs:208 | Detected 1 users.
2020/10/16 10:28:24.217 [INFO] [UMS.Controllers.ManageUserController]  CheckUserExist:ManageUserController.cs:208 | Detected 0 users.
2020/10/16 10:28:25.829 [INFO] [UMS.Areas.Identity.Pages.Account.RegisterModel]  Register.cshtml.cs:143 | User created successfully with password..
2020/10/16 10:28:25.905 [INFO] [UMS.Areas.Identity.Pages.Account.RegisterModel]  Register.cshtml.cs:149 | User successfully added.
2020/10/16 10:28:25.990 [INFO] [UMS.Areas.Identity.Pages.Account.RegisterModel]  Register.cshtml.cs:156 | User role successfully added.
2020/10/16 10:28:26.090 [INFO] [UMS.Areas.Identity.Pages.Account.RegisterModel]  Register.cshtml.cs:160 | User signed in successfully.
2020/10/16 10:28:26.117 [INFO] [UMS.Controllers.HomeController] [Test11115@gmail.com] Index:HomeController.cs:42 | Welcome, Test11115@gmail.com.
2020/10/16 10:28:42.083 [INFO] [Microsoft.Hosting.Lifetime]   | Application is shutting down...
2020/10/16 10:41:30.261 [TRACE] [UMS.Program]  Program.cs:27 | Starting Program.
2020/10/16 10:41:31.603 [INFO] [Microsoft.Hosting.Lifetime]   | Now listening on: https://localhost:44346
2020/10/16 10:41:31.839 [INFO] [Microsoft.Hosting.Lifetime]   | Application started. Press Ctrl+C to shut down.
2020/10/16 10:41:31.855 [INFO] [Microsoft.Hosting.Lifetime]   | Hosting environment: Development
2020/10/16 10:41:31.866 [INFO] [Microsoft.Hosting.Lifetime]   | Content root path: D:\My programming\UMS\User Management System
2020/10/16 10:41:32.580 [INFO] [UMS.Controllers.HomeController] [Test11115@gmail.com] Index:HomeController.cs:42 | Welcome, Test11115@gmail.com.
2020/10/16 10:42:25.213 [INFO] [UMS.Areas.Identity.Pages.Account.LogoutModel] [Test11115@gmail.com] Logout.cshtml.cs:70 | User logged out.
2020/10/16 10:42:25.243 [INFO] [UMS.Areas.Identity.Pages.Account.LogoutModel]  Logout.cshtml.cs:46 | User logged out.
2020/10/16 10:42:32.355 [INFO] [UMS.Controllers.ManageUserController]  CheckUserExist:ManageUserController.cs:208 | Detected 1 users.
2020/10/16 10:42:40.383 [INFO] [UMS.Controllers.ManageUserController]  CheckUserExist:ManageUserController.cs:208 | Detected 0 users.
2020/10/16 10:42:43.260 [INFO] [UMS.Areas.Identity.Pages.Account.RegisterModel]  Register.cshtml.cs:143 | User created successfully with password..
2020/10/16 10:42:43.332 [INFO] [UMS.Areas.Identity.Pages.Account.RegisterModel]  Register.cshtml.cs:149 | User successfully added.
2020/10/16 10:42:43.414 [INFO] [UMS.Areas.Identity.Pages.Account.RegisterModel]  Register.cshtml.cs:156 | User role successfully added.
2020/10/16 10:42:43.508 [INFO] [UMS.Areas.Identity.Pages.Account.RegisterModel]  Register.cshtml.cs:160 | User signed in successfully.
2020/10/16 10:42:43.530 [INFO] [UMS.Controllers.HomeController] [Test1116@gmail.com] Index:HomeController.cs:42 | Welcome, Test1116@gmail.com.
2020/10/16 10:42:46.150 [INFO] [UMS.Areas.Identity.Pages.Account.LogoutModel] [Test1116@gmail.com] Logout.cshtml.cs:70 | User logged out.
2020/10/16 10:42:46.170 [INFO] [UMS.Areas.Identity.Pages.Account.LogoutModel]  Logout.cshtml.cs:46 | User logged out.
2020/10/16 10:43:04.748 [INFO] [Microsoft.Hosting.Lifetime]   | Application is shutting down...
2020/10/16 10:44:08.840 [TRACE] [UMS.Program]  Program.cs:27 | Starting Program.
2020/10/16 10:44:10.753 [INFO] [Microsoft.Hosting.Lifetime]   | Now listening on: https://localhost:44346
2020/10/16 10:44:11.032 [INFO] [Microsoft.Hosting.Lifetime]   | Application started. Press Ctrl+C to shut down.
2020/10/16 10:44:11.049 [INFO] [Microsoft.Hosting.Lifetime]   | Hosting environment: Development
2020/10/16 10:44:11.062 [INFO] [Microsoft.Hosting.Lifetime]   | Content root path: D:\My programming\UMS\User Management System
2020/10/16 10:44:16.384 [INFO] [UMS.Areas.Identity.Pages.Account.LoginModel]  Login.cshtml.cs:143 | User logged in successfully.
2020/10/16 10:44:16.403 [INFO] [UMS.Areas.Identity.Pages.Account.LoginModel]  Login.cshtml.cs:158 | Adding cookie into the browser.
2020/10/16 10:44:16.439 [INFO] [UMS.Controllers.HomeController] [usermanagement2020@gmail.com] Index:HomeController.cs:42 | Welcome, usermanagement2020@gmail.com.
2020/10/16 10:44:18.870 [INFO] [UMS.Areas.Identity.Pages.Account.LogoutModel] [usermanagement2020@gmail.com] Logout.cshtml.cs:70 | User logged out.
2020/10/16 10:44:18.900 [INFO] [UMS.Areas.Identity.Pages.Account.LogoutModel]  Logout.cshtml.cs:46 | User logged out.
2020/10/16 11:00:14.469 [TRACE] [UMS.Program]  Program.cs:27 | Starting Program.
2020/10/16 11:00:15.718 [INFO] [Microsoft.Hosting.Lifetime]   | Now listening on: https://localhost:44346
2020/10/16 11:00:15.950 [INFO] [Microsoft.Hosting.Lifetime]   | Application started. Press Ctrl+C to shut down.
2020/10/16 11:00:15.963 [INFO] [Microsoft.Hosting.Lifetime]   | Hosting environment: Development
2020/10/16 11:00:15.975 [INFO] [Microsoft.Hosting.Lifetime]   | Content root path: D:\My programming\UMS\User Management System
2020/10/16 11:00:21.384 [INFO] [UMS.Areas.Identity.Pages.Account.LoginModel]  Login.cshtml.cs:143 | User logged in successfully.
2020/10/16 11:00:21.402 [INFO] [UMS.Areas.Identity.Pages.Account.LoginModel]  Login.cshtml.cs:158 | Adding cookie into the browser.
2020/10/16 11:00:21.438 [INFO] [UMS.Controllers.HomeController] [usermanagement2020@gmail.com] Index:HomeController.cs:42 | Welcome, usermanagement2020@gmail.com.
2020/10/16 11:00:49.834 [INFO] [Microsoft.Hosting.Lifetime]   | Application is shutting down...
2020/10/16 11:00:55.610 [TRACE] [UMS.Program]  Program.cs:27 | Starting Program.
2020/10/16 11:00:56.858 [INFO] [Microsoft.Hosting.Lifetime]   | Now listening on: https://localhost:44346
2020/10/16 11:00:57.096 [INFO] [Microsoft.Hosting.Lifetime]   | Application started. Press Ctrl+C to shut down.
2020/10/16 11:00:57.109 [INFO] [Microsoft.Hosting.Lifetime]   | Hosting environment: Development
2020/10/16 11:00:57.109 [INFO] [Microsoft.Hosting.Lifetime]   | Content root path: D:\My programming\UMS\User Management System
2020/10/16 11:00:57.950 [INFO] [UMS.Controllers.HomeController] [usermanagement2020@gmail.com] Index:HomeController.cs:42 | Welcome, usermanagement2020@gmail.com.
2020/10/16 11:01:00.531 [INFO] [UMS.Areas.Identity.Pages.Account.LogoutModel] [usermanagement2020@gmail.com] Logout.cshtml.cs:70 | User logged out.
2020/10/16 11:01:00.569 [INFO] [UMS.Areas.Identity.Pages.Account.LogoutModel]  Logout.cshtml.cs:46 | User logged out.
2020/10/16 11:01:04.330 [INFO] [UMS.Controllers.ManageUserController]  CheckUserExist:ManageUserController.cs:208 | Detected 0 users.
2020/10/16 11:01:10.338 [INFO] [UMS.Controllers.ManageUserController]  CheckUserExist:ManageUserController.cs:208 | Detected 0 users.
2020/10/16 11:01:11.843 [INFO] [UMS.Areas.Identity.Pages.Account.RegisterModel]  Register.cshtml.cs:143 | User created successfully with password..
2020/10/16 11:01:11.921 [INFO] [UMS.Areas.Identity.Pages.Account.RegisterModel]  Register.cshtml.cs:149 | User successfully added.
2020/10/16 11:01:11.995 [INFO] [UMS.Areas.Identity.Pages.Account.RegisterModel]  Register.cshtml.cs:156 | User role successfully added.
2020/10/16 11:01:12.092 [INFO] [UMS.Areas.Identity.Pages.Account.RegisterModel]  Register.cshtml.cs:160 | User signed in successfully.
2020/10/16 11:01:12.116 [INFO] [UMS.Controllers.HomeController] [Test1111@gmail.com] Index:HomeController.cs:42 | Welcome, Test1111@gmail.com.
2020/10/16 11:01:15.449 [INFO] [UMS.Controllers.EditProfileController] [Test1111@gmail.com] EditProfile:EditProfileController.cs:143 | Update successfully.
2020/10/16 11:01:18.130 [INFO] [UMS.Areas.Identity.Pages.Account.LogoutModel] [Test1111@gmail.com] Logout.cshtml.cs:70 | User logged out.
2020/10/16 11:01:18.153 [INFO] [UMS.Areas.Identity.Pages.Account.LogoutModel]  Logout.cshtml.cs:46 | User logged out.
2020/10/16 11:07:26.148 [TRACE] [UMS.Program]  Program.cs:27 | Starting Program.
2020/10/16 11:07:28.086 [INFO] [Microsoft.Hosting.Lifetime]   | Now listening on: https://localhost:44346
2020/10/16 11:07:28.357 [INFO] [Microsoft.Hosting.Lifetime]   | Application started. Press Ctrl+C to shut down.
2020/10/16 11:07:28.371 [INFO] [Microsoft.Hosting.Lifetime]   | Hosting environment: Development
2020/10/16 11:07:28.385 [INFO] [Microsoft.Hosting.Lifetime]   | Content root path: D:\My programming\UMS\User Management System
2020/10/16 11:07:28.891 [TRACE] [UMS.Data.AuthDbContext]  AuthDbContext.cs:27 | Start application context.
2020/10/16 11:07:28.914 [TRACE] [UMS.Controllers.ManageUserController]  ManageUserController.cs:34 | Start manage user controller.
2020/10/16 11:07:28.920 [DEBUG] [UMS.Areas.Identity.Pages.Account.LoginModel]  Login.cshtml.cs:49 | Start login model.
2020/10/16 11:07:28.949 [TRACE] [UMS.Areas.Identity.Pages.Account.LoginModel]  Login.cshtml.cs:91 | Start login on get.
2020/10/16 11:07:28.958 [TRACE] [UMS.Areas.Identity.Pages.Account.LoginModel]  Login.cshtml.cs:104 | Signing out.
2020/10/16 11:07:28.968 [DEBUG] [UMS.Areas.Identity.Pages.Account.LoginModel]  Login.cshtml.cs:106 | Getting external authentication scheme.
2020/10/16 11:07:28.968 [TRACE] [UMS.Areas.Identity.Pages.Account.LoginModel]  Login.cshtml.cs:109 | End login on get.
2020/10/16 11:07:31.995 [TRACE] [UMS.Data.AuthDbContext]  AuthDbContext.cs:27 | Start application context.
2020/10/16 11:07:32.002 [TRACE] [UMS.Controllers.ManageUserController]  ManageUserController.cs:34 | Start manage user controller.
2020/10/16 11:07:32.002 [DEBUG] [UMS.Areas.Identity.Pages.Account.LoginModel]  Login.cshtml.cs:49 | Start login model.
2020/10/16 11:07:32.046 [TRACE] [UMS.Areas.Identity.Pages.Account.LoginModel]  Login.cshtml.cs:128 | Start login on post.
2020/10/16 11:07:32.046 [TRACE] [UMS.Areas.Identity.Pages.Account.LoginModel]  Login.cshtml.cs:133 | Signing in with password.
2020/10/16 11:07:33.358 [INFO] [UMS.Areas.Identity.Pages.Account.LoginModel]  Login.cshtml.cs:143 | User logged in successfully.
2020/10/16 11:07:33.375 [INFO] [UMS.Areas.Identity.Pages.Account.LoginModel]  Login.cshtml.cs:158 | Adding cookie into the browser.
2020/10/16 11:07:33.375 [TRACE] [UMS.Areas.Identity.Pages.Account.LoginModel]  Login.cshtml.cs:161 | End login on post.
2020/10/16 11:07:33.406 [TRACE] [UMS.Data.AuthDbContext]  Index:AuthDbContext.cs:27 | Start application context.
2020/10/16 11:07:33.420 [TRACE] [UMS.Controllers.HomeController] [usermanagement2020@gmail.com] Index:HomeController.cs:29 | Start home controller.
2020/10/16 11:07:33.420 [TRACE] [UMS.Controllers.HomeController] [usermanagement2020@gmail.com] Index:HomeController.cs:41 | Start home index.
2020/10/16 11:07:33.420 [INFO] [UMS.Controllers.HomeController] [usermanagement2020@gmail.com] Index:HomeController.cs:42 | Welcome, usermanagement2020@gmail.com.
2020/10/16 11:07:33.446 [TRACE] [UMS.Controllers.HomeController] [usermanagement2020@gmail.com] Index:HomeController.cs:43 | Finding a user ID.
2020/10/16 11:07:33.452 [TRACE] [UMS.Controllers.HomeController] [usermanagement2020@gmail.com] Index:HomeController.cs:45 | End home index.
2020/10/16 11:07:36.389 [TRACE] [UMS.Data.AuthDbContext]  Index:AuthDbContext.cs:27 | Start application context.
2020/10/16 11:07:36.405 [TRACE] [UMS.Controllers.ManageUserController] [usermanagement2020@gmail.com] Index:ManageUserController.cs:34 | Start manage user controller.
2020/10/16 11:07:36.405 [TRACE] [UMS.Controllers.ManageUserController] [usermanagement2020@gmail.com] Index:ManageUserController.cs:46 | Start manage user index.
2020/10/16 11:07:36.421 [TRACE] [UMS.Controllers.ManageUserController] [usermanagement2020@gmail.com] Index:ManageUserController.cs:47 | Finding user ID.
2020/10/16 11:07:36.421 [DEBUG] [UMS.Controllers.ManageUserController] [usermanagement2020@gmail.com] Index:ManageUserController.cs:49 | Getting all active users.
2020/10/16 11:07:36.489 [TRACE] [UMS.Controllers.ManageUserController] [usermanagement2020@gmail.com] Index:ManageUserController.cs:52 | End manage user index.
2020/10/16 11:07:38.210 [TRACE] [UMS.Data.AuthDbContext]  AuthDbContext.cs:27 | Start application context.
2020/10/16 11:07:38.227 [DEBUG] [UMS.Areas.Identity.Pages.Account.LogoutModel] [usermanagement2020@gmail.com] Logout.cshtml.cs:31 | Start logout.
2020/10/16 11:07:38.240 [TRACE] [UMS.Areas.Identity.Pages.Account.LogoutModel] [usermanagement2020@gmail.com] Logout.cshtml.cs:66 | Start Logout on post.
2020/10/16 11:07:38.248 [INFO] [UMS.Areas.Identity.Pages.Account.LogoutModel] [usermanagement2020@gmail.com] Logout.cshtml.cs:70 | User logged out.
2020/10/16 11:07:38.248 [TRACE] [UMS.Areas.Identity.Pages.Account.LogoutModel] [usermanagement2020@gmail.com] Logout.cshtml.cs:72 | The destruction of cookies AspNetCore Identity Application.
2020/10/16 11:07:38.267 [TRACE] [UMS.Areas.Identity.Pages.Account.LogoutModel] [usermanagement2020@gmail.com] Logout.cshtml.cs:74 | End Log out model On Post.
2020/10/16 11:07:38.279 [TRACE] [UMS.Data.AuthDbContext]  AuthDbContext.cs:27 | Start application context.
2020/10/16 11:07:38.279 [DEBUG] [UMS.Areas.Identity.Pages.Account.LogoutModel]  Logout.cshtml.cs:31 | Start logout.
2020/10/16 11:07:38.299 [TRACE] [UMS.Areas.Identity.Pages.Account.LogoutModel]  Logout.cshtml.cs:42 | Start logout on get.
2020/10/16 11:07:38.299 [INFO] [UMS.Areas.Identity.Pages.Account.LogoutModel]  Logout.cshtml.cs:46 | User logged out.
2020/10/16 11:07:38.319 [TRACE] [UMS.Areas.Identity.Pages.Account.LogoutModel]  Logout.cshtml.cs:48 | The destruction of cookies AspNetCore Identity Application.
2020/10/16 11:07:38.319 [TRACE] [UMS.Areas.Identity.Pages.Account.LogoutModel]  Logout.cshtml.cs:50 | End logout model on get.
2020/10/16 11:07:39.015 [TRACE] [UMS.Data.AuthDbContext]  AuthDbContext.cs:27 | Start application context.
2020/10/16 11:07:39.015 [TRACE] [UMS.Controllers.ManageUserController]  ManageUserController.cs:34 | Start manage user controller.
2020/10/16 11:07:39.015 [DEBUG] [UMS.Areas.Identity.Pages.Account.LoginModel]  Login.cshtml.cs:49 | Start login model.
2020/10/16 11:07:39.043 [TRACE] [UMS.Areas.Identity.Pages.Account.LoginModel]  Login.cshtml.cs:91 | Start login on get.
2020/10/16 11:07:39.050 [TRACE] [UMS.Areas.Identity.Pages.Account.LoginModel]  Login.cshtml.cs:104 | Signing out.
2020/10/16 11:07:39.050 [DEBUG] [UMS.Areas.Identity.Pages.Account.LoginModel]  Login.cshtml.cs:106 | Getting external authentication scheme.
2020/10/16 11:07:39.068 [TRACE] [UMS.Areas.Identity.Pages.Account.LoginModel]  Login.cshtml.cs:109 | End login on get.
2020/10/16 11:26:50.630 [TRACE] [UMS.Program]  Program.cs:27 | Starting Program.
2020/10/16 11:26:52.618 [INFO] [Microsoft.Hosting.Lifetime]   | Application started. Press Ctrl+C to shut down.
2020/10/16 11:26:52.959 [INFO] [Microsoft.Hosting.Lifetime]   | Hosting environment: Development
2020/10/16 11:26:52.959 [INFO] [Microsoft.Hosting.Lifetime]   | Content root path: C:\Users\Namchok\Desktop\สหกิจ\ums\UMS
2020/10/16 11:26:53.017 [TRACE] [UMS.Data.AuthDbContext]  AuthDbContext.cs:27 | Start application context.
2020/10/16 11:26:53.039 [TRACE] [UMS.Controllers.ManageUserController]  ManageUserController.cs:34 | Start manage user controller.
2020/10/16 11:26:53.039 [DEBUG] [UMS.Areas.Identity.Pages.Account.LoginModel]  Login.cshtml.cs:49 | Start login model.
2020/10/16 11:26:53.064 [TRACE] [UMS.Areas.Identity.Pages.Account.LoginModel]  Login.cshtml.cs:91 | Start login on get.
2020/10/16 11:26:53.064 [TRACE] [UMS.Areas.Identity.Pages.Account.LoginModel]  Login.cshtml.cs:104 | Signing out.
2020/10/16 11:26:53.064 [DEBUG] [UMS.Areas.Identity.Pages.Account.LoginModel]  Login.cshtml.cs:106 | Getting external authentication scheme.
2020/10/16 11:26:53.082 [TRACE] [UMS.Areas.Identity.Pages.Account.LoginModel]  Login.cshtml.cs:109 | End login on get.
2020/10/16 11:47:15.827 [TRACE] [UMS.Program]  Program.cs:27 | Starting Program.
2020/10/16 11:47:17.868 [INFO] [Microsoft.Hosting.Lifetime]   | Now listening on: https://localhost:44346
2020/10/16 11:47:18.117 [INFO] [Microsoft.Hosting.Lifetime]   | Application started. Press Ctrl+C to shut down.
2020/10/16 11:47:18.117 [INFO] [Microsoft.Hosting.Lifetime]   | Hosting environment: Development
2020/10/16 11:47:18.125 [INFO] [Microsoft.Hosting.Lifetime]   | Content root path: C:\Users\Namchok\Desktop\สหกิจ\ums\UMS
2020/10/16 11:48:20.474 [INFO] [Microsoft.Hosting.Lifetime]   | Application is shutting down...
2020/10/16 11:48:49.601 [TRACE] [UMS.Program]  Program.cs:27 | Starting Program.
2020/10/16 11:48:51.479 [INFO] [Microsoft.Hosting.Lifetime]   | Now listening on: https://localhost:44346
2020/10/16 11:48:51.742 [INFO] [Microsoft.Hosting.Lifetime]   | Application started. Press Ctrl+C to shut down.
2020/10/16 11:48:51.752 [INFO] [Microsoft.Hosting.Lifetime]   | Hosting environment: Development
2020/10/16 11:48:51.752 [INFO] [Microsoft.Hosting.Lifetime]   | Content root path: C:\Users\Namchok\Desktop\สหกิจ\ums\UMS
2020/10/16 11:48:52.333 [TRACE] [UMS.Data.AuthDbContext]  AuthDbContext.cs:27 | Start application context.
2020/10/16 11:48:52.352 [TRACE] [UMS.Controllers.ManageUserController]  ManageUserController.cs:34 | Start manage user controller.
2020/10/16 11:48:52.352 [DEBUG] [UMS.Areas.Identity.Pages.Account.LoginModel]  Login.cshtml.cs:49 | Start login model.
2020/10/16 11:48:52.374 [TRACE] [UMS.Areas.Identity.Pages.Account.LoginModel]  Login.cshtml.cs:91 | Start login on get.
2020/10/16 11:48:52.374 [TRACE] [UMS.Areas.Identity.Pages.Account.LoginModel]  Login.cshtml.cs:104 | Signing out.
2020/10/16 11:48:52.374 [DEBUG] [UMS.Areas.Identity.Pages.Account.LoginModel]  Login.cshtml.cs:106 | Getting external authentication scheme.
2020/10/16 11:48:52.390 [TRACE] [UMS.Areas.Identity.Pages.Account.LoginModel]  Login.cshtml.cs:109 | End login on get.
2020/10/16 11:48:56.303 [TRACE] [UMS.Data.AuthDbContext]  AuthDbContext.cs:27 | Start application context.
2020/10/16 11:48:56.303 [TRACE] [UMS.Controllers.ManageUserController]  ManageUserController.cs:34 | Start manage user controller.
2020/10/16 11:48:56.303 [DEBUG] [UMS.Areas.Identity.Pages.Account.LoginModel]  Login.cshtml.cs:49 | Start login model.
2020/10/16 11:48:56.334 [TRACE] [UMS.Areas.Identity.Pages.Account.LoginModel]  Login.cshtml.cs:128 | Start login on post.
2020/10/16 11:48:56.334 [TRACE] [UMS.Areas.Identity.Pages.Account.LoginModel]  Login.cshtml.cs:133 | Signing in with password.
2020/10/16 11:48:57.609 [INFO] [UMS.Areas.Identity.Pages.Account.LoginModel]  Login.cshtml.cs:143 | User logged in successfully.
2020/10/16 11:48:57.609 [INFO] [UMS.Areas.Identity.Pages.Account.LoginModel]  Login.cshtml.cs:158 | Adding cookie into the browser.
2020/10/16 11:48:57.609 [TRACE] [UMS.Areas.Identity.Pages.Account.LoginModel]  Login.cshtml.cs:161 | End login on post.
2020/10/16 11:48:57.636 [TRACE] [UMS.Data.AuthDbContext]  Index:AuthDbContext.cs:27 | Start application context.
2020/10/16 11:48:57.646 [TRACE] [UMS.Controllers.HomeController] [usermanagement2020@gmail.com] Index:HomeController.cs:29 | Start home controller.
2020/10/16 11:48:57.646 [TRACE] [UMS.Controllers.HomeController] [usermanagement2020@gmail.com] Index:HomeController.cs:41 | Start home index.
2020/10/16 11:48:57.646 [INFO] [UMS.Controllers.HomeController] [usermanagement2020@gmail.com] Index:HomeController.cs:42 | Welcome, usermanagement2020@gmail.com.
2020/10/16 11:48:57.656 [TRACE] [UMS.Controllers.HomeController] [usermanagement2020@gmail.com] Index:HomeController.cs:43 | Finding a user ID.
2020/10/16 11:48:57.656 [TRACE] [UMS.Controllers.HomeController] [usermanagement2020@gmail.com] Index:HomeController.cs:45 | End home index.
2020/10/16 11:48:58.973 [TRACE] [UMS.Data.AuthDbContext]  Index:AuthDbContext.cs:27 | Start application context.
2020/10/16 11:48:58.986 [TRACE] [UMS.Controllers.ManageUserController] [usermanagement2020@gmail.com] Index:ManageUserController.cs:34 | Start manage user controller.
2020/10/16 11:48:58.986 [TRACE] [UMS.Controllers.ManageUserController] [usermanagement2020@gmail.com] Index:ManageUserController.cs:46 | Start manage user index.
2020/10/16 11:48:58.986 [TRACE] [UMS.Controllers.ManageUserController] [usermanagement2020@gmail.com] Index:ManageUserController.cs:47 | Finding user ID.
2020/10/16 11:48:58.986 [DEBUG] [UMS.Controllers.ManageUserController] [usermanagement2020@gmail.com] Index:ManageUserController.cs:49 | Getting all active users.
2020/10/16 11:48:59.050 [TRACE] [UMS.Controllers.ManageUserController] [usermanagement2020@gmail.com] Index:ManageUserController.cs:52 | End manage user index.
2020/10/16 11:49:01.809 [TRACE] [UMS.Data.AuthDbContext]  AuthDbContext.cs:27 | Start application context.
2020/10/16 11:49:01.823 [DEBUG] [UMS.Areas.Identity.Pages.Account.LogoutModel] [usermanagement2020@gmail.com] Logout.cshtml.cs:31 | Start logout.
2020/10/16 11:49:01.829 [TRACE] [UMS.Areas.Identity.Pages.Account.LogoutModel] [usermanagement2020@gmail.com] Logout.cshtml.cs:66 | Start Logout on post.
2020/10/16 11:49:01.829 [INFO] [UMS.Areas.Identity.Pages.Account.LogoutModel] [usermanagement2020@gmail.com] Logout.cshtml.cs:70 | User logged out.
2020/10/16 11:49:01.829 [TRACE] [UMS.Areas.Identity.Pages.Account.LogoutModel] [usermanagement2020@gmail.com] Logout.cshtml.cs:72 | The destruction of cookies AspNetCore Identity Application.
2020/10/16 11:49:01.829 [TRACE] [UMS.Areas.Identity.Pages.Account.LogoutModel] [usermanagement2020@gmail.com] Logout.cshtml.cs:74 | End Log out model On Post.
2020/10/16 11:49:01.849 [TRACE] [UMS.Data.AuthDbContext]  AuthDbContext.cs:27 | Start application context.
2020/10/16 11:49:01.849 [DEBUG] [UMS.Areas.Identity.Pages.Account.LogoutModel]  Logout.cshtml.cs:31 | Start logout.
2020/10/16 11:49:01.849 [TRACE] [UMS.Areas.Identity.Pages.Account.LogoutModel]  Logout.cshtml.cs:42 | Start logout on get.
2020/10/16 11:49:01.859 [INFO] [UMS.Areas.Identity.Pages.Account.LogoutModel]  Logout.cshtml.cs:46 | User logged out.
2020/10/16 11:49:01.859 [TRACE] [UMS.Areas.Identity.Pages.Account.LogoutModel]  Logout.cshtml.cs:48 | The destruction of cookies AspNetCore Identity Application.
2020/10/16 11:49:01.859 [TRACE] [UMS.Areas.Identity.Pages.Account.LogoutModel]  Logout.cshtml.cs:50 | End logout model on get.
2020/10/16 11:49:02.814 [TRACE] [UMS.Data.AuthDbContext]  AuthDbContext.cs:27 | Start application context.
2020/10/16 11:49:02.814 [TRACE] [UMS.Controllers.ManageUserController]  ManageUserController.cs:34 | Start manage user controller.
2020/10/16 11:49:02.814 [DEBUG] [UMS.Areas.Identity.Pages.Account.LoginModel]  Login.cshtml.cs:49 | Start login model.
2020/10/16 11:49:02.829 [TRACE] [UMS.Areas.Identity.Pages.Account.LoginModel]  Login.cshtml.cs:91 | Start login on get.
2020/10/16 11:49:02.829 [TRACE] [UMS.Areas.Identity.Pages.Account.LoginModel]  Login.cshtml.cs:104 | Signing out.
2020/10/16 11:49:02.829 [DEBUG] [UMS.Areas.Identity.Pages.Account.LoginModel]  Login.cshtml.cs:106 | Getting external authentication scheme.
2020/10/16 11:49:02.842 [TRACE] [UMS.Areas.Identity.Pages.Account.LoginModel]  Login.cshtml.cs:109 | End login on get.
2020/10/16 11:49:03.778 [TRACE] [UMS.Data.AuthDbContext]  AuthDbContext.cs:27 | Start application context.
2020/10/16 11:49:03.781 [DEBUG] [UMS.Areas.Identity.Pages.Account.RegisterModel]  Register.cshtml.cs:48 | Start register model.
2020/10/16 11:49:03.781 [TRACE] [UMS.Areas.Identity.Pages.Account.RegisterModel]  Register.cshtml.cs:102 | Getting external login.
2020/10/16 11:49:03.781 [TRACE] [UMS.Areas.Identity.Pages.Account.RegisterModel]  Register.cshtml.cs:104 | Register on get.
2020/10/16 11:49:04.475 [TRACE] [UMS.Data.AuthDbContext]  CheckUserExist:AuthDbContext.cs:27 | Start application context.
2020/10/16 11:49:04.483 [TRACE] [UMS.Controllers.ManageUserController]  CheckUserExist:ManageUserController.cs:34 | Start manage user controller.
2020/10/16 11:49:04.483 [TRACE] [UMS.Controllers.ManageUserController]  CheckUserExist:ManageUserController.cs:204 | Start checking user.
2020/10/16 11:49:04.541 [DEBUG] [UMS.Controllers.ManageUserController]  CheckUserExist:ManageUserController.cs:207 | Checking user.
2020/10/16 11:49:04.546 [INFO] [UMS.Controllers.ManageUserController]  CheckUserExist:ManageUserController.cs:208 | Detected 0 users.
2020/10/16 11:49:04.546 [TRACE] [UMS.Controllers.ManageUserController]  CheckUserExist:ManageUserController.cs:209 | End check user is exist.
2020/10/16 11:49:19.788 [TRACE] [UMS.Data.AuthDbContext]  CheckUserExist:AuthDbContext.cs:27 | Start application context.
2020/10/16 11:49:19.797 [TRACE] [UMS.Controllers.ManageUserController]  CheckUserExist:ManageUserController.cs:34 | Start manage user controller.
2020/10/16 11:49:19.797 [TRACE] [UMS.Controllers.ManageUserController]  CheckUserExist:ManageUserController.cs:204 | Start checking user.
2020/10/16 11:49:19.819 [DEBUG] [UMS.Controllers.ManageUserController]  CheckUserExist:ManageUserController.cs:207 | Checking user.
2020/10/16 11:49:19.819 [INFO] [UMS.Controllers.ManageUserController]  CheckUserExist:ManageUserController.cs:208 | Detected 0 users.
2020/10/16 11:49:19.835 [TRACE] [UMS.Controllers.ManageUserController]  CheckUserExist:ManageUserController.cs:209 | End check user is exist.
2020/10/16 11:49:25.106 [TRACE] [UMS.Data.AuthDbContext]  GetStatusUser:AuthDbContext.cs:27 | Start application context.
2020/10/16 11:49:25.110 [TRACE] [UMS.Controllers.ManageUserController]  GetStatusUser:ManageUserController.cs:34 | Start manage user controller.
2020/10/16 11:49:25.110 [TRACE] [UMS.Controllers.ManageUserController]  GetStatusUser:ManageUserController.cs:231 | Start getting status user.
2020/10/16 11:49:25.139 [TRACE] [UMS.Controllers.ManageUserController]  GetStatusUser:ManageUserController.cs:238 | End getting status user.
2020/10/16 11:49:25.179 [TRACE] [UMS.Data.AuthDbContext]  AuthDbContext.cs:27 | Start application context.
2020/10/16 11:49:25.179 [DEBUG] [UMS.Areas.Identity.Pages.Account.RegisterModel]  Register.cshtml.cs:48 | Start register model.
2020/10/16 11:49:25.192 [TRACE] [UMS.Areas.Identity.Pages.Account.RegisterModel]  Register.cshtml.cs:123 | Start register on post.
2020/10/16 11:49:25.192 [TRACE] [UMS.Areas.Identity.Pages.Account.RegisterModel]  Register.cshtml.cs:128 | Creating a application user.
2020/10/16 11:49:25.204 [TRACE] [UMS.Areas.Identity.Pages.Account.RegisterModel]  Register.cshtml.cs:139 | Creating new user.
2020/10/16 11:49:25.370 [INFO] [UMS.Areas.Identity.Pages.Account.RegisterModel]  Register.cshtml.cs:143 | User created successfully with password..
2020/10/16 11:49:25.382 [DEBUG] [UMS.Areas.Identity.Pages.Account.RegisterModel]  Register.cshtml.cs:145 | Creating a provider key.
2020/10/16 11:49:25.439 [INFO] [UMS.Areas.Identity.Pages.Account.RegisterModel]  Register.cshtml.cs:149 | User successfully added.
2020/10/16 11:49:25.439 [DEBUG] [UMS.Areas.Identity.Pages.Account.RegisterModel]  Register.cshtml.cs:152 | Adding a default role for users.
2020/10/16 11:49:25.484 [INFO] [UMS.Areas.Identity.Pages.Account.RegisterModel]  Register.cshtml.cs:156 | User role successfully added.
2020/10/16 11:49:25.484 [DEBUG] [UMS.Areas.Identity.Pages.Account.RegisterModel]  Register.cshtml.cs:158 | Signing in.
2020/10/16 11:49:25.502 [INFO] [UMS.Areas.Identity.Pages.Account.RegisterModel]  Register.cshtml.cs:160 | User signed in successfully.
2020/10/16 11:49:25.502 [TRACE] [UMS.Areas.Identity.Pages.Account.RegisterModel]  Register.cshtml.cs:161 | End register on post.
2020/10/16 11:49:25.518 [TRACE] [UMS.Data.AuthDbContext]  Index:AuthDbContext.cs:27 | Start application context.
2020/10/16 11:49:25.518 [TRACE] [UMS.Controllers.HomeController] [Test1112@gmail.com] Index:HomeController.cs:29 | Start home controller.
2020/10/16 11:49:25.518 [TRACE] [UMS.Controllers.HomeController] [Test1112@gmail.com] Index:HomeController.cs:41 | Start home index.
2020/10/16 11:49:25.531 [INFO] [UMS.Controllers.HomeController] [Test1112@gmail.com] Index:HomeController.cs:42 | Welcome, Test1112@gmail.com.
2020/10/16 11:49:25.531 [TRACE] [UMS.Controllers.HomeController] [Test1112@gmail.com] Index:HomeController.cs:43 | Finding a user ID.
2020/10/16 11:49:25.531 [TRACE] [UMS.Controllers.HomeController] [Test1112@gmail.com] Index:HomeController.cs:45 | End home index.
2020/10/16 11:49:27.370 [TRACE] [UMS.Data.AuthDbContext]  Index:AuthDbContext.cs:27 | Start application context.
2020/10/16 11:49:27.380 [TRACE] [UMS.Controllers.EditProfileController] [Test1112@gmail.com] Index:EditProfileController.cs:36 | Start editProfile controller.
2020/10/16 11:49:27.380 [TRACE] [UMS.Controllers.EditProfileController] [Test1112@gmail.com] Index:EditProfileController.cs:48 | Start edit profile index.
2020/10/16 11:49:27.389 [DEBUG] [UMS.Controllers.EditProfileController] [Test1112@gmail.com] Index:EditProfileController.cs:51 | Getting a user by ID.
2020/10/16 11:49:27.407 [TRACE] [UMS.Controllers.EditProfileController] [Test1112@gmail.com] Index:EditProfileController.cs:54 | End edit profile controller index.
2020/10/16 11:49:37.705 [TRACE] [UMS.Data.AuthDbContext]  EditProfile:AuthDbContext.cs:27 | Start application context.
2020/10/16 11:49:37.705 [TRACE] [UMS.Controllers.EditProfileController] [Test1112@gmail.com] EditProfile:EditProfileController.cs:36 | Start editProfile controller.
2020/10/16 11:49:37.723 [TRACE] [UMS.Controllers.EditProfileController] [Test1112@gmail.com] EditProfile:EditProfileController.cs:75 | Start edit profile.
2020/10/16 11:49:37.723 [DEBUG] [UMS.Controllers.EditProfileController] [Test1112@gmail.com] EditProfile:EditProfileController.cs:76 | Getting value from httpcontext request.
2020/10/16 11:49:37.723 [DEBUG] [UMS.Controllers.EditProfileController] [Test1112@gmail.com] EditProfile:EditProfileController.cs:88 | Checking regular expression.
2020/10/16 11:49:37.737 [DEBUG] [UMS.Controllers.EditProfileController] [Test1112@gmail.com] EditProfile:EditProfileController.cs:134 | Updating name user.
2020/10/16 11:49:37.750 [INFO] [UMS.Controllers.EditProfileController] [Test1112@gmail.com] EditProfile:EditProfileController.cs:143 | Update successfully.
2020/10/16 11:49:37.750 [TRACE] [UMS.Controllers.EditProfileController] [Test1112@gmail.com] EditProfile:EditProfileController.cs:153 | End edit profile.
2020/10/16 11:49:37.772 [TRACE] [UMS.Data.AuthDbContext]  Index:AuthDbContext.cs:27 | Start application context.
2020/10/16 11:49:37.772 [TRACE] [UMS.Controllers.EditProfileController] [Test1112@gmail.com] Index:EditProfileController.cs:36 | Start editProfile controller.
2020/10/16 11:49:37.785 [TRACE] [UMS.Controllers.EditProfileController] [Test1112@gmail.com] Index:EditProfileController.cs:48 | Start edit profile index.
2020/10/16 11:49:37.785 [DEBUG] [UMS.Controllers.EditProfileController] [Test1112@gmail.com] Index:EditProfileController.cs:51 | Getting a user by ID.
2020/10/16 11:49:37.798 [TRACE] [UMS.Controllers.EditProfileController] [Test1112@gmail.com] Index:EditProfileController.cs:54 | End edit profile controller index.
2020/10/16 11:49:41.379 [TRACE] [UMS.Data.AuthDbContext]  AuthDbContext.cs:27 | Start application context.
2020/10/16 11:49:41.379 [DEBUG] [UMS.Areas.Identity.Pages.Account.LogoutModel] [Test1112@gmail.com] Logout.cshtml.cs:31 | Start logout.
2020/10/16 11:49:41.390 [TRACE] [UMS.Areas.Identity.Pages.Account.LogoutModel] [Test1112@gmail.com] Logout.cshtml.cs:66 | Start Logout on post.
2020/10/16 11:49:41.390 [INFO] [UMS.Areas.Identity.Pages.Account.LogoutModel] [Test1112@gmail.com] Logout.cshtml.cs:70 | User logged out.
2020/10/16 11:49:41.408 [TRACE] [UMS.Areas.Identity.Pages.Account.LogoutModel] [Test1112@gmail.com] Logout.cshtml.cs:72 | The destruction of cookies AspNetCore Identity Application.
2020/10/16 11:49:41.408 [TRACE] [UMS.Areas.Identity.Pages.Account.LogoutModel] [Test1112@gmail.com] Logout.cshtml.cs:74 | End Log out model On Post.
2020/10/16 11:49:41.423 [TRACE] [UMS.Data.AuthDbContext]  AuthDbContext.cs:27 | Start application context.
2020/10/16 11:49:41.423 [DEBUG] [UMS.Areas.Identity.Pages.Account.LogoutModel]  Logout.cshtml.cs:31 | Start logout.
2020/10/16 11:49:41.423 [TRACE] [UMS.Areas.Identity.Pages.Account.LogoutModel]  Logout.cshtml.cs:42 | Start logout on get.
2020/10/16 11:49:41.436 [INFO] [UMS.Areas.Identity.Pages.Account.LogoutModel]  Logout.cshtml.cs:46 | User logged out.
2020/10/16 11:49:41.436 [TRACE] [UMS.Areas.Identity.Pages.Account.LogoutModel]  Logout.cshtml.cs:48 | The destruction of cookies AspNetCore Identity Application.
2020/10/16 11:49:41.436 [TRACE] [UMS.Areas.Identity.Pages.Account.LogoutModel]  Logout.cshtml.cs:50 | End logout model on get.
2020/10/16 11:49:42.633 [TRACE] [UMS.Data.AuthDbContext]  AuthDbContext.cs:27 | Start application context.
2020/10/16 11:49:42.633 [TRACE] [UMS.Controllers.ManageUserController]  ManageUserController.cs:34 | Start manage user controller.
2020/10/16 11:49:42.643 [DEBUG] [UMS.Areas.Identity.Pages.Account.LoginModel]  Login.cshtml.cs:49 | Start login model.
2020/10/16 11:49:42.643 [TRACE] [UMS.Areas.Identity.Pages.Account.LoginModel]  Login.cshtml.cs:91 | Start login on get.
2020/10/16 11:49:42.643 [TRACE] [UMS.Areas.Identity.Pages.Account.LoginModel]  Login.cshtml.cs:104 | Signing out.
2020/10/16 11:49:42.654 [DEBUG] [UMS.Areas.Identity.Pages.Account.LoginModel]  Login.cshtml.cs:106 | Getting external authentication scheme.
2020/10/16 11:49:42.654 [TRACE] [UMS.Areas.Identity.Pages.Account.LoginModel]  Login.cshtml.cs:109 | End login on get.
2020/10/16 11:49:43.495 [TRACE] [UMS.Data.AuthDbContext]  AuthDbContext.cs:27 | Start application context.
2020/10/16 11:49:43.500 [TRACE] [UMS.Controllers.ManageUserController]  ManageUserController.cs:34 | Start manage user controller.
2020/10/16 11:49:43.500 [DEBUG] [UMS.Areas.Identity.Pages.Account.LoginModel]  Login.cshtml.cs:49 | Start login model.
2020/10/16 11:49:43.500 [TRACE] [UMS.Areas.Identity.Pages.Account.LoginModel]  Login.cshtml.cs:128 | Start login on post.
2020/10/16 11:49:43.514 [TRACE] [UMS.Areas.Identity.Pages.Account.LoginModel]  Login.cshtml.cs:133 | Signing in with password.
2020/10/16 11:49:43.541 [INFO] [UMS.Areas.Identity.Pages.Account.LoginModel]  Login.cshtml.cs:143 | User logged in successfully.
2020/10/16 11:49:43.559 [INFO] [UMS.Areas.Identity.Pages.Account.LoginModel]  Login.cshtml.cs:158 | Adding cookie into the browser.
2020/10/16 11:49:43.564 [TRACE] [UMS.Areas.Identity.Pages.Account.LoginModel]  Login.cshtml.cs:161 | End login on post.
2020/10/16 11:49:43.564 [TRACE] [UMS.Data.AuthDbContext]  Index:AuthDbContext.cs:27 | Start application context.
2020/10/16 11:49:43.564 [TRACE] [UMS.Controllers.HomeController] [usermanagement2020@gmail.com] Index:HomeController.cs:29 | Start home controller.
2020/10/16 11:49:43.580 [TRACE] [UMS.Controllers.HomeController] [usermanagement2020@gmail.com] Index:HomeController.cs:41 | Start home index.
2020/10/16 11:49:43.580 [INFO] [UMS.Controllers.HomeController] [usermanagement2020@gmail.com] Index:HomeController.cs:42 | Welcome, usermanagement2020@gmail.com.
2020/10/16 11:49:43.580 [TRACE] [UMS.Controllers.HomeController] [usermanagement2020@gmail.com] Index:HomeController.cs:43 | Finding a user ID.
2020/10/16 11:49:43.580 [TRACE] [UMS.Controllers.HomeController] [usermanagement2020@gmail.com] Index:HomeController.cs:45 | End home index.
2020/10/16 11:49:44.745 [TRACE] [UMS.Data.AuthDbContext]  Index:AuthDbContext.cs:27 | Start application context.
2020/10/16 11:49:44.749 [TRACE] [UMS.Controllers.ManageUserController] [usermanagement2020@gmail.com] Index:ManageUserController.cs:34 | Start manage user controller.
2020/10/16 11:49:44.749 [TRACE] [UMS.Controllers.ManageUserController] [usermanagement2020@gmail.com] Index:ManageUserController.cs:46 | Start manage user index.
2020/10/16 11:49:44.749 [TRACE] [UMS.Controllers.ManageUserController] [usermanagement2020@gmail.com] Index:ManageUserController.cs:47 | Finding user ID.
2020/10/16 11:49:44.749 [DEBUG] [UMS.Controllers.ManageUserController] [usermanagement2020@gmail.com] Index:ManageUserController.cs:49 | Getting all active users.
2020/10/16 11:49:44.773 [TRACE] [UMS.Controllers.ManageUserController] [usermanagement2020@gmail.com] Index:ManageUserController.cs:52 | End manage user index.
2020/10/16 11:49:51.589 [TRACE] [UMS.Data.AuthDbContext]  GetUser:AuthDbContext.cs:27 | Start application context.
2020/10/16 11:49:51.597 [TRACE] [UMS.Controllers.ManageUserController] [usermanagement2020@gmail.com] GetUser:ManageUserController.cs:34 | Start manage user controller.
2020/10/16 11:49:51.597 [TRACE] [UMS.Controllers.ManageUserController] [usermanagement2020@gmail.com] GetUser:ManageUserController.cs:75 | Start get user.
2020/10/16 11:49:51.597 [INFO] [UMS.Controllers.ManageUserController] [usermanagement2020@gmail.com] GetUser:ManageUserController.cs:77 | Getting user.
2020/10/16 11:49:51.610 [TRACE] [UMS.Controllers.ManageUserController] [usermanagement2020@gmail.com] GetUser:ManageUserController.cs:78 | End get user.
2020/10/16 11:49:57.361 [TRACE] [UMS.Data.AuthDbContext]  EditUser:AuthDbContext.cs:27 | Start application context.
2020/10/16 11:49:57.361 [TRACE] [UMS.Controllers.ManageUserController] [usermanagement2020@gmail.com] EditUser:ManageUserController.cs:34 | Start manage user controller.
2020/10/16 11:49:57.381 [TRACE] [UMS.Controllers.ManageUserController] [usermanagement2020@gmail.com] EditUser:ManageUserController.cs:109 | Start user editing.
2020/10/16 11:49:57.381 [DEBUG] [UMS.Controllers.ManageUserController] [usermanagement2020@gmail.com] EditUser:ManageUserController.cs:114 | Setting role ID.
2020/10/16 11:49:57.405 [DEBUG] [UMS.Controllers.ManageUserController] [usermanagement2020@gmail.com] EditUser:ManageUserController.cs:129 | Save changes: User successfully updated.
2020/10/16 11:49:57.405 [TRACE] [UMS.Controllers.ManageUserController] [usermanagement2020@gmail.com] EditUser:ManageUserController.cs:143 | End user editing.
2020/10/16 11:49:57.429 [TRACE] [UMS.Data.AuthDbContext]  Index:AuthDbContext.cs:27 | Start application context.
2020/10/16 11:49:57.429 [TRACE] [UMS.Controllers.ManageUserController] [usermanagement2020@gmail.com] Index:ManageUserController.cs:34 | Start manage user controller.
2020/10/16 11:49:57.437 [TRACE] [UMS.Controllers.ManageUserController] [usermanagement2020@gmail.com] Index:ManageUserController.cs:46 | Start manage user index.
2020/10/16 11:49:57.437 [TRACE] [UMS.Controllers.ManageUserController] [usermanagement2020@gmail.com] Index:ManageUserController.cs:47 | Finding user ID.
2020/10/16 11:49:57.437 [DEBUG] [UMS.Controllers.ManageUserController] [usermanagement2020@gmail.com] Index:ManageUserController.cs:49 | Getting all active users.
2020/10/16 11:49:57.437 [TRACE] [UMS.Controllers.ManageUserController] [usermanagement2020@gmail.com] Index:ManageUserController.cs:52 | End manage user index.
2020/10/16 11:50:25.942 [TRACE] [UMS.Data.AuthDbContext]  AuthDbContext.cs:27 | Start application context.
2020/10/16 11:50:25.942 [DEBUG] [UMS.Areas.Identity.Pages.Account.LogoutModel] [usermanagement2020@gmail.com] Logout.cshtml.cs:31 | Start logout.
2020/10/16 11:50:25.954 [TRACE] [UMS.Areas.Identity.Pages.Account.LogoutModel] [usermanagement2020@gmail.com] Logout.cshtml.cs:66 | Start Logout on post.
2020/10/16 11:50:25.954 [INFO] [UMS.Areas.Identity.Pages.Account.LogoutModel] [usermanagement2020@gmail.com] Logout.cshtml.cs:70 | User logged out.
2020/10/16 11:50:25.968 [TRACE] [UMS.Areas.Identity.Pages.Account.LogoutModel] [usermanagement2020@gmail.com] Logout.cshtml.cs:72 | The destruction of cookies AspNetCore Identity Application.
2020/10/16 11:50:25.968 [TRACE] [UMS.Areas.Identity.Pages.Account.LogoutModel] [usermanagement2020@gmail.com] Logout.cshtml.cs:74 | End Log out model On Post.
2020/10/16 11:50:25.968 [TRACE] [UMS.Data.AuthDbContext]  AuthDbContext.cs:27 | Start application context.
2020/10/16 11:50:25.985 [DEBUG] [UMS.Areas.Identity.Pages.Account.LogoutModel]  Logout.cshtml.cs:31 | Start logout.
2020/10/16 11:50:25.985 [TRACE] [UMS.Areas.Identity.Pages.Account.LogoutModel]  Logout.cshtml.cs:42 | Start logout on get.
2020/10/16 11:50:25.985 [INFO] [UMS.Areas.Identity.Pages.Account.LogoutModel]  Logout.cshtml.cs:46 | User logged out.
2020/10/16 11:50:26.001 [TRACE] [UMS.Areas.Identity.Pages.Account.LogoutModel]  Logout.cshtml.cs:48 | The destruction of cookies AspNetCore Identity Application.
2020/10/16 11:50:26.001 [TRACE] [UMS.Areas.Identity.Pages.Account.LogoutModel]  Logout.cshtml.cs:50 | End logout model on get.
2020/10/16 11:50:26.914 [TRACE] [UMS.Data.AuthDbContext]  AuthDbContext.cs:27 | Start application context.
2020/10/16 11:50:26.926 [TRACE] [UMS.Controllers.ManageUserController]  ManageUserController.cs:34 | Start manage user controller.
2020/10/16 11:50:26.926 [DEBUG] [UMS.Areas.Identity.Pages.Account.LoginModel]  Login.cshtml.cs:49 | Start login model.
2020/10/16 11:50:26.938 [TRACE] [UMS.Areas.Identity.Pages.Account.LoginModel]  Login.cshtml.cs:91 | Start login on get.
2020/10/16 11:50:26.938 [TRACE] [UMS.Areas.Identity.Pages.Account.LoginModel]  Login.cshtml.cs:104 | Signing out.
2020/10/16 11:50:26.954 [DEBUG] [UMS.Areas.Identity.Pages.Account.LoginModel]  Login.cshtml.cs:106 | Getting external authentication scheme.
2020/10/16 11:50:26.954 [TRACE] [UMS.Areas.Identity.Pages.Account.LoginModel]  Login.cshtml.cs:109 | End login on get.
