############################################## User Management System log ##############################################
2020/09/19 22:35:27.561 [TRACE] [UMS.Data.AuthDbContext]  AuthDbContext.cs:28 | Start Auth Database Context.
2020/09/19 22:35:27.951 [TRACE] [UMS.Data.AuthDbContext]  AuthDbContext.cs:76 | Creating applications user models.
2020/09/19 22:35:27.956 [TRACE] [UMS.Data.AuthDbContext]  AuthDbContext.cs:84 | Creating Identity models.
2020/09/19 22:35:27.956 [TRACE] [UMS.Data.AuthDbContext]  AuthDbContext.cs:108 | Creating log models.
2020/09/19 22:35:27.956 [TRACE] [UMS.Data.AuthDbContext]  AuthDbContext.cs:110 | End creating on model.
2020/09/19 22:36:21.790 [TRACE] [UMS.Data.AuthDbContext]  AuthDbContext.cs:28 | Start Auth Database Context.
2020/09/19 22:36:22.143 [TRACE] [UMS.Data.AuthDbContext]  AuthDbContext.cs:76 | Creating applications user models.
2020/09/19 22:36:22.143 [TRACE] [UMS.Data.AuthDbContext]  AuthDbContext.cs:84 | Creating Identity models.
2020/09/19 22:36:22.143 [TRACE] [UMS.Data.AuthDbContext]  AuthDbContext.cs:108 | Creating log models.
2020/09/19 22:36:22.143 [TRACE] [UMS.Data.AuthDbContext]  AuthDbContext.cs:110 | End creating on model.
2020/09/19 22:40:20.720 [TRACE] [UMS.Program]  Program.cs:27 | Starting Program.
2020/09/19 22:40:21.878 [INFO] [Microsoft.Hosting.Lifetime]   | Now listening on: https://localhost:44346
2020/09/19 22:40:22.109 [INFO] [Microsoft.Hosting.Lifetime]   | Application started. Press Ctrl+C to shut down.
2020/09/19 22:40:22.114 [INFO] [Microsoft.Hosting.Lifetime]   | Hosting environment: Development
2020/09/19 22:40:22.114 [INFO] [Microsoft.Hosting.Lifetime]   | Content root path: C:\Users\Namchok\Desktop\สหกิจ\ums\UMS
2020/09/19 22:40:22.798 [TRACE] [UMS.Data.AuthDbContext]  AuthDbContext.cs:28 | Start Auth Database Context.
2020/09/19 22:40:22.814 [DEBUG] [UMS.Models.EditAccountContext]  EditAccountContext.cs:24 | Start Edit Account Context.
2020/09/19 22:40:22.814 [DEBUG] [UMS.Models.AccountContext]  AccountContext.cs:24 | Start Account Context.
2020/09/19 22:40:22.814 [TRACE] [UMS.Controllers.ManageUserController]  ManageUserController.cs:44 | NLog injected into EditProfileController.
2020/09/19 22:40:22.814 [TRACE] [UMS.Controllers.ManageUserController]  ManageUserController.cs:46 | Account Context injected into EditProfileController.
2020/09/19 22:40:22.814 [TRACE] [UMS.Controllers.ManageUserController]  ManageUserController.cs:48 | Edit Profile Context injected into EditProfileController.
2020/09/19 22:40:22.814 [TRACE] [UMS.Controllers.ManageUserController]  ManageUserController.cs:50 | Sign In Manager injected into EditProfileController.
2020/09/19 22:40:22.814 [TRACE] [UMS.Controllers.ManageUserController]  ManageUserController.cs:51 | Start EditProfileController Constructor.
2020/09/19 22:40:22.814 [DEBUG] [UMS.Areas.Identity.Pages.Account.LoginModel]  Login.cshtml.cs:46 | Starting Login model.
2020/09/19 22:40:22.847 [TRACE] [UMS.Areas.Identity.Pages.Account.LoginModel]  Login.cshtml.cs:97 | Start login on get.
2020/09/19 22:40:22.847 [TRACE] [UMS.Areas.Identity.Pages.Account.LoginModel]  Login.cshtml.cs:109 | Signing out.
2020/09/19 22:40:22.847 [DEBUG] [UMS.Areas.Identity.Pages.Account.LoginModel]  Login.cshtml.cs:111 | Getting external authentication scheme.
2020/09/19 22:40:22.847 [TRACE] [UMS.Areas.Identity.Pages.Account.LoginModel]  Login.cshtml.cs:114 | End login on get.
2020/09/19 22:42:55.939 [TRACE] [UMS.Data.AuthDbContext]  AuthDbContext.cs:28 | Start Auth Database Context.
2020/09/19 22:42:55.941 [DEBUG] [UMS.Models.EditAccountContext]  EditAccountContext.cs:24 | Start Edit Account Context.
2020/09/19 22:42:55.941 [DEBUG] [UMS.Models.AccountContext]  AccountContext.cs:24 | Start Account Context.
2020/09/19 22:42:55.956 [TRACE] [UMS.Controllers.ManageUserController]  ManageUserController.cs:44 | NLog injected into EditProfileController.
2020/09/19 22:42:55.956 [TRACE] [UMS.Controllers.ManageUserController]  ManageUserController.cs:46 | Account Context injected into EditProfileController.
2020/09/19 22:42:55.956 [TRACE] [UMS.Controllers.ManageUserController]  ManageUserController.cs:48 | Edit Profile Context injected into EditProfileController.
2020/09/19 22:42:55.956 [TRACE] [UMS.Controllers.ManageUserController]  ManageUserController.cs:50 | Sign In Manager injected into EditProfileController.
2020/09/19 22:42:55.956 [TRACE] [UMS.Controllers.ManageUserController]  ManageUserController.cs:51 | Start EditProfileController Constructor.
2020/09/19 22:42:55.956 [DEBUG] [UMS.Areas.Identity.Pages.Account.LoginModel]  Login.cshtml.cs:46 | Starting Login model.
2020/09/19 22:42:55.981 [TRACE] [UMS.Areas.Identity.Pages.Account.LoginModel]  Login.cshtml.cs:134 | Start login on post.
2020/09/19 22:42:55.981 [TRACE] [UMS.Areas.Identity.Pages.Account.LoginModel]  Login.cshtml.cs:138 | Signing in with password.
2020/09/19 22:42:56.306 [TRACE] [UMS.Data.AuthDbContext]  AuthDbContext.cs:76 | Creating applications user models.
2020/09/19 22:42:56.314 [TRACE] [UMS.Data.AuthDbContext]  AuthDbContext.cs:84 | Creating Identity models.
2020/09/19 22:42:56.331 [TRACE] [UMS.Data.AuthDbContext]  AuthDbContext.cs:108 | Creating log models.
2020/09/19 22:42:56.331 [TRACE] [UMS.Data.AuthDbContext]  AuthDbContext.cs:110 | End creating on model.
2020/09/19 22:42:57.147 [INFO] [UMS.Areas.Identity.Pages.Account.LoginModel]  Login.cshtml.cs:142 | User logged in.
2020/09/19 22:42:57.165 [TRACE] [UMS.Areas.Identity.Pages.Account.LoginModel]  Login.cshtml.cs:149 | End login on post.
2020/09/19 22:42:57.179 [TRACE] [UMS.Data.AuthDbContext]  Index:AuthDbContext.cs:28 | Start Auth Database Context.
2020/09/19 22:42:57.189 [TRACE] [UMS.Controllers.HomeController] [usermanagement2020@gmail.com] Index:HomeController.cs:37 | NLog injected into HomeController.
2020/09/19 22:42:57.189 [TRACE] [UMS.Controllers.HomeController] [usermanagement2020@gmail.com] Index:HomeController.cs:39 | User manager injected into HomeController.
2020/09/19 22:42:57.189 [TRACE] [UMS.Controllers.HomeController] [usermanagement2020@gmail.com] Index:HomeController.cs:40 | Start HomeController Constructor.
2020/09/19 22:42:57.189 [TRACE] [UMS.Controllers.HomeController] [usermanagement2020@gmail.com] Index:HomeController.cs:59 | Start Index.
2020/09/19 22:42:57.189 [INFO] [UMS.Controllers.HomeController] [usermanagement2020@gmail.com] Index:HomeController.cs:60 | Welcome usermanagement2020@gmail.com to UMS.
2020/09/19 22:42:57.189 [TRACE] [UMS.Controllers.HomeController] [usermanagement2020@gmail.com] Index:HomeController.cs:65 | Find first value from user.
2020/09/19 22:42:57.189 [TRACE] [UMS.Controllers.HomeController] [usermanagement2020@gmail.com] Index:HomeController.cs:68 | End Index.
2020/09/19 22:42:58.870 [TRACE] [UMS.Data.AuthDbContext]  Index:AuthDbContext.cs:28 | Start Auth Database Context.
2020/09/19 22:42:58.879 [DEBUG] [UMS.Models.AccountContext] [usermanagement2020@gmail.com] Index:AccountContext.cs:24 | Start Account Context.
2020/09/19 22:42:58.879 [DEBUG] [UMS.Models.EditAccountContext] [usermanagement2020@gmail.com] Index:EditAccountContext.cs:24 | Start Edit Account Context.
2020/09/19 22:42:58.879 [TRACE] [UMS.Controllers.ManageUserController] [usermanagement2020@gmail.com] Index:ManageUserController.cs:44 | NLog injected into EditProfileController.
2020/09/19 22:42:58.879 [TRACE] [UMS.Controllers.ManageUserController] [usermanagement2020@gmail.com] Index:ManageUserController.cs:46 | Account Context injected into EditProfileController.
2020/09/19 22:42:58.879 [TRACE] [UMS.Controllers.ManageUserController] [usermanagement2020@gmail.com] Index:ManageUserController.cs:48 | Edit Profile Context injected into EditProfileController.
2020/09/19 22:42:58.879 [TRACE] [UMS.Controllers.ManageUserController] [usermanagement2020@gmail.com] Index:ManageUserController.cs:50 | Sign In Manager injected into EditProfileController.
2020/09/19 22:42:58.891 [TRACE] [UMS.Controllers.ManageUserController] [usermanagement2020@gmail.com] Index:ManageUserController.cs:51 | Start EditProfileController Constructor.
2020/09/19 22:42:58.891 [TRACE] [UMS.Controllers.ManageUserController] [usermanagement2020@gmail.com] Index:ManageUserController.cs:70 | Start Index.
2020/09/19 22:42:58.891 [TRACE] [UMS.Controllers.ManageUserController] [usermanagement2020@gmail.com] Index:ManageUserController.cs:76 | Find first value from user.
2020/09/19 22:42:58.946 [DEBUG] [UMS.Controllers.ManageUserController] [usermanagement2020@gmail.com] Index:ManageUserController.cs:82 | Get all active user.
2020/09/19 22:42:58.946 [TRACE] [UMS.Controllers.ManageUserController] [usermanagement2020@gmail.com] Index:ManageUserController.cs:87 | End Index.
2020/09/19 22:43:00.613 [TRACE] [UMS.Data.AuthDbContext]  Index:AuthDbContext.cs:28 | Start Auth Database Context.
2020/09/19 22:43:00.627 [TRACE] [UMS.Models.LogsContext] [usermanagement2020@gmail.com] Index:LogsContext.cs:24 | Start Edit Profile Context.
2020/09/19 22:43:00.627 [TRACE] [UMS.Controllers.LogsController] [usermanagement2020@gmail.com] Index:LogsController.cs:37 | Logs Context injected into Logs Controller.
2020/09/19 22:43:00.627 [TRACE] [UMS.Controllers.LogsController] [usermanagement2020@gmail.com] Index:LogsController.cs:38 | Start Logs Controllerl.
2020/09/19 22:43:00.627 [TRACE] [UMS.Controllers.LogsController] [usermanagement2020@gmail.com] Index:LogsController.cs:56 | Start Index.
2020/09/19 22:43:00.627 [TRACE] [UMS.Controllers.LogsController] [usermanagement2020@gmail.com] Index:LogsController.cs:58 | Find ID from first value.
2020/09/19 22:43:00.627 [DEBUG] [UMS.Controllers.LogsController] [usermanagement2020@gmail.com] Index:LogsController.cs:64 | Getting top 100 from all logs.
2020/09/19 22:43:00.673 [TRACE] [UMS.Controllers.LogsController] [usermanagement2020@gmail.com] Index:LogsController.cs:68 | End Index.
2020/09/19 22:43:01.992 [TRACE] [UMS.Data.AuthDbContext]  Index:AuthDbContext.cs:28 | Start Auth Database Context.
2020/09/19 22:43:01.992 [TRACE] [UMS.Models.EditProfileContext] [usermanagement2020@gmail.com] Index:EditProfileContext.cs:24 | Start Edit Profile Context.
2020/09/19 22:43:02.003 [TRACE] [UMS.Controllers.EditProfileController] [usermanagement2020@gmail.com] Index:EditProfileController.cs:40 | NLog injected into EditProfileController.
2020/09/19 22:43:02.003 [TRACE] [UMS.Controllers.EditProfileController] [usermanagement2020@gmail.com] Index:EditProfileController.cs:42 | Edit Profile Context injected into EditProfileController.
2020/09/19 22:43:02.003 [TRACE] [UMS.Controllers.EditProfileController] [usermanagement2020@gmail.com] Index:EditProfileController.cs:44 | Sign In Manager injected into EditProfileController.
2020/09/19 22:43:02.003 [TRACE] [UMS.Controllers.EditProfileController] [usermanagement2020@gmail.com] Index:EditProfileController.cs:45 | Start EditProfile Controller Constructor.
2020/09/19 22:43:02.003 [TRACE] [UMS.Controllers.EditProfileController] [usermanagement2020@gmail.com] Index:EditProfileController.cs:64 | Start Index
2020/09/19 22:43:02.027 [DEBUG] [UMS.Controllers.EditProfileController] [usermanagement2020@gmail.com] Index:EditProfileController.cs:70 | Get user by ID.
2020/09/19 22:43:02.027 [TRACE] [UMS.Controllers.EditProfileController] [usermanagement2020@gmail.com] Index:EditProfileController.cs:72 | End Index
2020/09/19 22:43:03.156 [TRACE] [UMS.Data.AuthDbContext]  Index:AuthDbContext.cs:28 | Start Auth Database Context.
2020/09/19 22:43:03.160 [TRACE] [UMS.Controllers.HomeController] [usermanagement2020@gmail.com] Index:HomeController.cs:37 | NLog injected into HomeController.
2020/09/19 22:43:03.160 [TRACE] [UMS.Controllers.HomeController] [usermanagement2020@gmail.com] Index:HomeController.cs:39 | User manager injected into HomeController.
2020/09/19 22:43:03.160 [TRACE] [UMS.Controllers.HomeController] [usermanagement2020@gmail.com] Index:HomeController.cs:40 | Start HomeController Constructor.
2020/09/19 22:43:03.160 [TRACE] [UMS.Controllers.HomeController] [usermanagement2020@gmail.com] Index:HomeController.cs:59 | Start Index.
2020/09/19 22:43:03.160 [INFO] [UMS.Controllers.HomeController] [usermanagement2020@gmail.com] Index:HomeController.cs:60 | Welcome usermanagement2020@gmail.com to UMS.
2020/09/19 22:43:03.176 [TRACE] [UMS.Controllers.HomeController] [usermanagement2020@gmail.com] Index:HomeController.cs:65 | Find first value from user.
2020/09/19 22:43:03.176 [TRACE] [UMS.Controllers.HomeController] [usermanagement2020@gmail.com] Index:HomeController.cs:68 | End Index.
2020/09/19 22:43:05.299 [TRACE] [UMS.Data.AuthDbContext]  AuthDbContext.cs:28 | Start Auth Database Context.
2020/09/19 22:43:05.299 [DEBUG] [UMS.Areas.Identity.Pages.Account.LogoutModel] [usermanagement2020@gmail.com] Logout.cshtml.cs:30 | Starting Log out model.
2020/09/19 22:43:05.315 [TRACE] [UMS.Areas.Identity.Pages.Account.LogoutModel] [usermanagement2020@gmail.com] Logout.cshtml.cs:47 | Start Log out model On Post.
2020/09/19 22:43:05.315 [TRACE] [UMS.Areas.Identity.Pages.Account.LogoutModel] [usermanagement2020@gmail.com] Logout.cshtml.cs:48 | Signing out.
2020/09/19 22:43:05.315 [INFO] [UMS.Areas.Identity.Pages.Account.LogoutModel] [usermanagement2020@gmail.com] Logout.cshtml.cs:50 | User logged out.
2020/09/19 22:43:05.315 [TRACE] [UMS.Areas.Identity.Pages.Account.LogoutModel] [usermanagement2020@gmail.com] Logout.cshtml.cs:53 | End Log out model On Post.
2020/09/19 22:43:05.345 [TRACE] [UMS.Data.AuthDbContext]  AuthDbContext.cs:28 | Start Auth Database Context.
2020/09/19 22:43:05.350 [DEBUG] [UMS.Models.EditAccountContext]  EditAccountContext.cs:24 | Start Edit Account Context.
2020/09/19 22:43:05.350 [DEBUG] [UMS.Models.AccountContext]  AccountContext.cs:24 | Start Account Context.
2020/09/19 22:43:05.350 [TRACE] [UMS.Controllers.ManageUserController]  ManageUserController.cs:44 | NLog injected into EditProfileController.
2020/09/19 22:43:05.364 [TRACE] [UMS.Controllers.ManageUserController]  ManageUserController.cs:46 | Account Context injected into EditProfileController.
2020/09/19 22:43:05.364 [TRACE] [UMS.Controllers.ManageUserController]  ManageUserController.cs:48 | Edit Profile Context injected into EditProfileController.
2020/09/19 22:43:05.364 [TRACE] [UMS.Controllers.ManageUserController]  ManageUserController.cs:50 | Sign In Manager injected into EditProfileController.
2020/09/19 22:43:05.364 [TRACE] [UMS.Controllers.ManageUserController]  ManageUserController.cs:51 | Start EditProfileController Constructor.
2020/09/19 22:43:05.376 [DEBUG] [UMS.Areas.Identity.Pages.Account.LoginModel]  Login.cshtml.cs:46 | Starting Login model.
2020/09/19 22:43:05.376 [TRACE] [UMS.Areas.Identity.Pages.Account.LoginModel]  Login.cshtml.cs:97 | Start login on get.
2020/09/19 22:43:05.376 [TRACE] [UMS.Areas.Identity.Pages.Account.LoginModel]  Login.cshtml.cs:109 | Signing out.
2020/09/19 22:43:05.376 [DEBUG] [UMS.Areas.Identity.Pages.Account.LoginModel]  Login.cshtml.cs:111 | Getting external authentication scheme.
2020/09/19 22:43:05.376 [TRACE] [UMS.Areas.Identity.Pages.Account.LoginModel]  Login.cshtml.cs:114 | End login on get.
2020/09/19 22:43:44.152 [INFO] [Microsoft.Hosting.Lifetime]   | Application is shutting down...
