############################################## User Management System log ##############################################
2020/09/13 01:37:46.860 [TRACE] [UMS.Data.AuthDbContext]  AuthDbContext.cs:28 | Start Auth Database Context.
2020/09/13 01:37:47.222 [TRACE] [UMS.Data.AuthDbContext]  AuthDbContext.cs:76 | Creating applications user models.
2020/09/13 01:37:47.222 [TRACE] [UMS.Data.AuthDbContext]  AuthDbContext.cs:84 | Creating Identity models.
2020/09/13 01:37:47.222 [TRACE] [UMS.Data.AuthDbContext]  AuthDbContext.cs:107 | Creating log models.
2020/09/13 01:37:47.222 [TRACE] [UMS.Data.AuthDbContext]  AuthDbContext.cs:109 | ENd creating on model.
2020/09/13 01:37:57.638 [ERROR] [Microsoft.EntityFrameworkCore.Database.Command]   | Failed executing DbCommand (13ms) [Parameters=[], CommandType='Text', CommandTimeout='60']
CREATE DATABASE [UMS];
2020/09/13 01:39:02.914 [TRACE] [UMS.Data.AuthDbContext]  AuthDbContext.cs:28 | Start Auth Database Context.
2020/09/13 01:39:03.253 [TRACE] [UMS.Data.AuthDbContext]  AuthDbContext.cs:76 | Creating applications user models.
2020/09/13 01:39:03.253 [TRACE] [UMS.Data.AuthDbContext]  AuthDbContext.cs:84 | Creating Identity models.
2020/09/13 01:39:03.253 [TRACE] [UMS.Data.AuthDbContext]  AuthDbContext.cs:107 | Creating log models.
2020/09/13 01:39:03.253 [TRACE] [UMS.Data.AuthDbContext]  AuthDbContext.cs:109 | ENd creating on model.
2020/09/13 01:40:03.064 [TRACE] [UMS.Program]  Program.cs:27 | Starting Program.
2020/09/13 01:40:05.487 [INFO] [Microsoft.Hosting.Lifetime]   | Application started. Press Ctrl+C to shut down.
2020/09/13 01:40:05.828 [INFO] [Microsoft.Hosting.Lifetime]   | Hosting environment: Development
2020/09/13 01:40:05.833 [INFO] [Microsoft.Hosting.Lifetime]   | Content root path: C:\Users\Namchok\Desktop\สหกิจ\ums\UMS
2020/09/13 01:40:05.847 [TRACE] [UMS.Data.AuthDbContext]  Index:AuthDbContext.cs:28 | Start Auth Database Context.
2020/09/13 01:40:06.178 [TRACE] [UMS.Data.AuthDbContext]  Index:AuthDbContext.cs:76 | Creating applications user models.
2020/09/13 01:40:06.178 [TRACE] [UMS.Data.AuthDbContext]  Index:AuthDbContext.cs:84 | Creating Identity models.
2020/09/13 01:40:06.189 [TRACE] [UMS.Data.AuthDbContext]  Index:AuthDbContext.cs:107 | Creating log models.
2020/09/13 01:40:06.189 [TRACE] [UMS.Data.AuthDbContext]  Index:AuthDbContext.cs:109 | ENd creating on model.
2020/09/13 01:40:07.046 [TRACE] [UMS.Data.AuthDbContext]  AuthDbContext.cs:28 | Start Auth Database Context.
2020/09/13 01:40:07.050 [DEBUG] [UMS.Areas.Identity.Pages.Account.LoginModel]  Login.cshtml.cs:36 | Log in model.
2020/09/13 01:40:07.070 [TRACE] [UMS.Areas.Identity.Pages.Account.LoginModel]  Login.cshtml.cs:81 | Start log in on get.
2020/09/13 01:40:07.070 [TRACE] [UMS.Areas.Identity.Pages.Account.LoginModel]  Login.cshtml.cs:94 | Signing out.
2020/09/13 01:40:07.070 [DEBUG] [UMS.Areas.Identity.Pages.Account.LoginModel]  Login.cshtml.cs:96 | Getting external authentication scheme.
2020/09/13 01:40:07.070 [TRACE] [UMS.Areas.Identity.Pages.Account.LoginModel]  Login.cshtml.cs:99 | End log in on get.
2020/09/13 01:40:15.743 [TRACE] [UMS.Data.AuthDbContext]  AuthDbContext.cs:28 | Start Auth Database Context.
2020/09/13 01:40:15.743 [DEBUG] [UMS.Areas.Identity.Pages.Account.LoginModel]  Login.cshtml.cs:36 | Log in model.
2020/09/13 01:40:15.767 [TRACE] [UMS.Areas.Identity.Pages.Account.LoginModel]  Login.cshtml.cs:119 | Start log in on post.
2020/09/13 01:40:15.814 [ERROR] [UMS.Areas.Identity.Pages.Account.LoginModel]  Login.cshtml.cs:142 | Your email or password is not valid.
2020/09/13 01:40:15.814 [TRACE] [UMS.Areas.Identity.Pages.Account.LoginModel]  Login.cshtml.cs:148 | End log in on post.
2020/09/13 01:40:47.011 [TRACE] [UMS.Data.AuthDbContext]  AuthDbContext.cs:28 | Start Auth Database Context.
2020/09/13 01:40:47.022 [DEBUG] [UMS.Models.AccountContext]  AccountContext.cs:24 | Start Account Context.
2020/09/13 01:40:47.022 [DEBUG] [UMS.Areas.Identity.Pages.Account.RegisterModel]  Register.cshtml.cs:57 | Register model.
2020/09/13 01:40:47.035 [TRACE] [UMS.Areas.Identity.Pages.Account.RegisterModel]  Register.cshtml.cs:110 | Register on get.
2020/09/13 01:40:47.309 [DEBUG] [UMS.Models.AccountContext]  checkUserExist:AccountContext.cs:24 | Start Account Context.
2020/09/13 01:40:47.317 [DEBUG] [UMS.Models.EditAccountContext]  checkUserExist:EditAccountContext.cs:24 | Start Edit Account Context.
2020/09/13 01:40:47.317 [TRACE] [UMS.Data.AuthDbContext]  checkUserExist:AuthDbContext.cs:28 | Start Auth Database Context.
2020/09/13 01:40:47.317 [TRACE] [UMS.Controllers.ManageUserController]  checkUserExist:ManageUserController.cs:43 | NLog injected into EditProfileController.
2020/09/13 01:40:47.317 [TRACE] [UMS.Controllers.ManageUserController]  checkUserExist:ManageUserController.cs:45 | Account Context injected into EditProfileController.
2020/09/13 01:40:47.317 [TRACE] [UMS.Controllers.ManageUserController]  checkUserExist:ManageUserController.cs:47 | Edit Profile Context injected into EditProfileController.
2020/09/13 01:40:47.317 [TRACE] [UMS.Controllers.ManageUserController]  checkUserExist:ManageUserController.cs:49 | Sign In Manager injected into EditProfileController.
2020/09/13 01:40:47.317 [TRACE] [UMS.Controllers.ManageUserController]  checkUserExist:ManageUserController.cs:50 | Start EditProfileController Constructor.
2020/09/13 01:40:47.332 [TRACE] [UMS.Controllers.ManageUserController]  checkUserExist:ManageUserController.cs:261 | Start check user is exist.
2020/09/13 01:40:47.357 [DEBUG] [UMS.Controllers.ManageUserController]  checkUserExist:ManageUserController.cs:268 | Check user is exist.
2020/09/13 01:40:47.370 [DEBUG] [UMS.Controllers.ManageUserController]  checkUserExist:ManageUserController.cs:275 | Save changes: Check user is exist.
2020/09/13 01:40:47.370 [TRACE] [UMS.Controllers.ManageUserController]  checkUserExist:ManageUserController.cs:276 | Query succeeded.
2020/09/13 01:40:47.370 [TRACE] [UMS.Controllers.ManageUserController]  checkUserExist:ManageUserController.cs:286 | End check user is exist.
2020/09/13 01:40:52.226 [TRACE] [UMS.Data.AuthDbContext]  AuthDbContext.cs:28 | Start Auth Database Context.
2020/09/13 01:40:52.226 [DEBUG] [UMS.Models.AccountContext]  AccountContext.cs:24 | Start Account Context.
2020/09/13 01:40:52.226 [DEBUG] [UMS.Areas.Identity.Pages.Account.RegisterModel]  Register.cshtml.cs:57 | Register model.
2020/09/13 01:40:52.241 [TRACE] [UMS.Areas.Identity.Pages.Account.RegisterModel]  Register.cshtml.cs:122 | Start register on post.
2020/09/13 01:40:52.241 [TRACE] [UMS.Areas.Identity.Pages.Account.RegisterModel]  Register.cshtml.cs:127 | Creating application user.
2020/09/13 01:40:52.241 [TRACE] [UMS.Areas.Identity.Pages.Account.RegisterModel]  Register.cshtml.cs:136 | Creating user.
2020/09/13 01:40:52.436 [INFO] [UMS.Areas.Identity.Pages.Account.RegisterModel]  Register.cshtml.cs:141 | User created a new account with password.
2020/09/13 01:40:52.441 [DEBUG] [UMS.Areas.Identity.Pages.Account.RegisterModel]  Register.cshtml.cs:142 | Generating provider key.
2020/09/13 01:40:52.500 [TRACE] [UMS.Areas.Identity.Pages.Account.RegisterModel]  Register.cshtml.cs:145 | Add login.
2020/09/13 01:40:52.502 [INFO] [UMS.Areas.Identity.Pages.Account.RegisterModel]  Register.cshtml.cs:148 | User created a new log in.
2020/09/13 01:40:52.571 [TRACE] [UMS.Areas.Identity.Pages.Account.RegisterModel]  Register.cshtml.cs:150 | End register on post.
2020/09/13 01:40:52.579 [TRACE] [UMS.Data.AuthDbContext]  Index:AuthDbContext.cs:28 | Start Auth Database Context.
2020/09/13 01:40:52.579 [TRACE] [UMS.Controllers.HomeController] [usermanagement2020@gmail.com] Index:HomeController.cs:41 | NLog injected into HomeController.
2020/09/13 01:40:52.579 [TRACE] [UMS.Controllers.HomeController] [usermanagement2020@gmail.com] Index:HomeController.cs:43 | User manager injected into HomeController.
2020/09/13 01:40:52.579 [TRACE] [UMS.Controllers.HomeController] [usermanagement2020@gmail.com] Index:HomeController.cs:44 | Start HomeController Constructor.
2020/09/13 01:40:52.579 [TRACE] [UMS.Controllers.HomeController] [usermanagement2020@gmail.com] Index:HomeController.cs:63 | Start Index.
2020/09/13 01:40:52.579 [INFO] [UMS.Controllers.HomeController] [usermanagement2020@gmail.com] Index:HomeController.cs:64 | Welcome usermanagement2020@gmail.com to UMS.
2020/09/13 01:40:52.579 [TRACE] [UMS.Controllers.HomeController] [usermanagement2020@gmail.com] Index:HomeController.cs:69 | Find first value from user.
2020/09/13 01:40:52.594 [TRACE] [UMS.Controllers.HomeController] [usermanagement2020@gmail.com] Index:HomeController.cs:73 | End Index.
2020/09/13 01:40:54.567 [TRACE] [UMS.Data.AuthDbContext]  AuthDbContext.cs:28 | Start Auth Database Context.
2020/09/13 01:40:54.567 [DEBUG] [UMS.Areas.Identity.Pages.Account.LogoutModel] [usermanagement2020@gmail.com] Logout.cshtml.cs:30 | Log out model.
2020/09/13 01:40:54.582 [TRACE] [UMS.Areas.Identity.Pages.Account.LogoutModel] [usermanagement2020@gmail.com] Logout.cshtml.cs:47 | Start Log out model On Post.
2020/09/13 01:40:54.582 [INFO] [UMS.Areas.Identity.Pages.Account.LogoutModel] [usermanagement2020@gmail.com] Logout.cshtml.cs:49 | User logged out.
2020/09/13 01:40:54.582 [TRACE] [UMS.Areas.Identity.Pages.Account.LogoutModel] [usermanagement2020@gmail.com] Logout.cshtml.cs:52 | End Log out model On Post.
2020/09/13 01:40:54.604 [TRACE] [UMS.Data.AuthDbContext]  AuthDbContext.cs:28 | Start Auth Database Context.
2020/09/13 01:40:54.604 [DEBUG] [UMS.Areas.Identity.Pages.Account.LoginModel]  Login.cshtml.cs:36 | Log in model.
2020/09/13 01:40:54.604 [TRACE] [UMS.Areas.Identity.Pages.Account.LoginModel]  Login.cshtml.cs:81 | Start log in on get.
2020/09/13 01:40:54.610 [TRACE] [UMS.Areas.Identity.Pages.Account.LoginModel]  Login.cshtml.cs:94 | Signing out.
2020/09/13 01:40:54.610 [DEBUG] [UMS.Areas.Identity.Pages.Account.LoginModel]  Login.cshtml.cs:96 | Getting external authentication scheme.
2020/09/13 01:40:54.610 [TRACE] [UMS.Areas.Identity.Pages.Account.LoginModel]  Login.cshtml.cs:99 | End log in on get.
2020/09/13 01:41:34.959 [TRACE] [UMS.Data.AuthDbContext]  AuthDbContext.cs:28 | Start Auth Database Context.
2020/09/13 01:41:34.959 [DEBUG] [UMS.Areas.Identity.Pages.Account.LoginModel]  Login.cshtml.cs:36 | Log in model.
2020/09/13 01:41:34.974 [TRACE] [UMS.Areas.Identity.Pages.Account.LoginModel]  Login.cshtml.cs:119 | Start log in on post.
2020/09/13 01:41:35.043 [INFO] [UMS.Areas.Identity.Pages.Account.LoginModel]  Login.cshtml.cs:129 | User logged in.
2020/09/13 01:41:35.048 [TRACE] [UMS.Areas.Identity.Pages.Account.LoginModel]  Login.cshtml.cs:130 | End log in on post.
2020/09/13 01:41:35.048 [TRACE] [UMS.Data.AuthDbContext]  Index:AuthDbContext.cs:28 | Start Auth Database Context.
2020/09/13 01:41:35.048 [TRACE] [UMS.Controllers.HomeController] [usermanagement2020@gmail.com] Index:HomeController.cs:41 | NLog injected into HomeController.
2020/09/13 01:41:35.048 [TRACE] [UMS.Controllers.HomeController] [usermanagement2020@gmail.com] Index:HomeController.cs:43 | User manager injected into HomeController.
2020/09/13 01:41:35.048 [TRACE] [UMS.Controllers.HomeController] [usermanagement2020@gmail.com] Index:HomeController.cs:44 | Start HomeController Constructor.
2020/09/13 01:41:35.064 [TRACE] [UMS.Controllers.HomeController] [usermanagement2020@gmail.com] Index:HomeController.cs:63 | Start Index.
2020/09/13 01:41:35.064 [INFO] [UMS.Controllers.HomeController] [usermanagement2020@gmail.com] Index:HomeController.cs:64 | Welcome usermanagement2020@gmail.com to UMS.
2020/09/13 01:41:35.064 [TRACE] [UMS.Controllers.HomeController] [usermanagement2020@gmail.com] Index:HomeController.cs:69 | Find first value from user.
2020/09/13 01:41:35.064 [TRACE] [UMS.Controllers.HomeController] [usermanagement2020@gmail.com] Index:HomeController.cs:73 | End Index.
2020/09/13 01:41:36.591 [TRACE] [UMS.Data.AuthDbContext]  Index:AuthDbContext.cs:28 | Start Auth Database Context.
2020/09/13 01:41:36.597 [TRACE] [UMS.Models.LogsContext] [usermanagement2020@gmail.com] Index:LogsContext.cs:24 | Start Edit Profile Context.
2020/09/13 01:41:36.597 [TRACE] [UMS.Controllers.LogsController] [usermanagement2020@gmail.com] Index:LogsController.cs:37 | Logs Context injected into LogsController.
2020/09/13 01:41:36.597 [TRACE] [UMS.Controllers.LogsController] [usermanagement2020@gmail.com] Index:LogsController.cs:38 | Start LogsControllerl.
2020/09/13 01:41:36.597 [TRACE] [UMS.Controllers.LogsController] [usermanagement2020@gmail.com] Index:LogsController.cs:56 | Start Index.
2020/09/13 01:41:36.597 [TRACE] [UMS.Controllers.LogsController] [usermanagement2020@gmail.com] Index:LogsController.cs:59 | Find id from first value.
2020/09/13 01:41:36.597 [DEBUG] [UMS.Controllers.LogsController] [usermanagement2020@gmail.com] Index:LogsController.cs:64 | Getting top 50 from all logs.
2020/09/13 01:41:36.640 [TRACE] [UMS.Controllers.LogsController] [usermanagement2020@gmail.com] Index:LogsController.cs:67 | End Index.
2020/09/13 01:49:12.425 [TRACE] [UMS.Program]  Program.cs:27 | Starting Program.
2020/09/13 01:49:13.486 [INFO] [Microsoft.Hosting.Lifetime]   | Application started. Press Ctrl+C to shut down.
2020/09/13 01:49:13.691 [INFO] [Microsoft.Hosting.Lifetime]   | Hosting environment: Development
2020/09/13 01:49:13.691 [TRACE] [UMS.Data.AuthDbContext]  Index:AuthDbContext.cs:28 | Start Auth Database Context.
2020/09/13 01:49:13.691 [INFO] [Microsoft.Hosting.Lifetime]   | Content root path: C:\Users\Namchok\Desktop\สหกิจ\ums\UMS
2020/09/13 01:49:13.736 [TRACE] [UMS.Controllers.HomeController] [usermanagement2020@gmail.com] Index:HomeController.cs:41 | NLog injected into HomeController.
2020/09/13 01:49:13.736 [TRACE] [UMS.Controllers.HomeController] [usermanagement2020@gmail.com] Index:HomeController.cs:43 | User manager injected into HomeController.
2020/09/13 01:49:13.736 [TRACE] [UMS.Controllers.HomeController] [usermanagement2020@gmail.com] Index:HomeController.cs:44 | Start HomeController Constructor.
2020/09/13 01:49:13.736 [TRACE] [UMS.Controllers.HomeController] [usermanagement2020@gmail.com] Index:HomeController.cs:63 | Start Index.
2020/09/13 01:49:13.736 [INFO] [UMS.Controllers.HomeController] [usermanagement2020@gmail.com] Index:HomeController.cs:64 | Welcome usermanagement2020@gmail.com to UMS.
2020/09/13 01:49:13.736 [TRACE] [UMS.Controllers.HomeController] [usermanagement2020@gmail.com] Index:HomeController.cs:69 | Find first value from user.
2020/09/13 01:49:13.736 [TRACE] [UMS.Controllers.HomeController] [usermanagement2020@gmail.com] Index:HomeController.cs:73 | End Index.
2020/09/13 01:49:18.272 [TRACE] [UMS.Data.AuthDbContext]  Index:AuthDbContext.cs:28 | Start Auth Database Context.
2020/09/13 01:49:18.282 [TRACE] [UMS.Models.LogsContext] [usermanagement2020@gmail.com] Index:LogsContext.cs:24 | Start Edit Profile Context.
2020/09/13 01:49:18.282 [TRACE] [UMS.Controllers.LogsController] [usermanagement2020@gmail.com] Index:LogsController.cs:37 | Logs Context injected into LogsController.
2020/09/13 01:49:18.282 [TRACE] [UMS.Controllers.LogsController] [usermanagement2020@gmail.com] Index:LogsController.cs:38 | Start LogsControllerl.
2020/09/13 01:49:18.282 [TRACE] [UMS.Controllers.LogsController] [usermanagement2020@gmail.com] Index:LogsController.cs:56 | Start Index.
2020/09/13 01:49:18.282 [TRACE] [UMS.Controllers.LogsController] [usermanagement2020@gmail.com] Index:LogsController.cs:59 | Find id from first value.
2020/09/13 01:49:18.282 [DEBUG] [UMS.Controllers.LogsController] [usermanagement2020@gmail.com] Index:LogsController.cs:64 | Getting top 50 from all logs.
2020/09/13 01:49:19.077 [TRACE] [UMS.Controllers.LogsController] [usermanagement2020@gmail.com] Index:LogsController.cs:67 | End Index.
2020/09/13 01:50:50.917 [TRACE] [UMS.Program]  Program.cs:27 | Starting Program.
2020/09/13 01:50:51.931 [INFO] [Microsoft.Hosting.Lifetime]   | Application started. Press Ctrl+C to shut down.
2020/09/13 01:50:52.137 [TRACE] [UMS.Data.AuthDbContext]  Index:AuthDbContext.cs:28 | Start Auth Database Context.
2020/09/13 01:50:52.143 [INFO] [Microsoft.Hosting.Lifetime]   | Hosting environment: Development
2020/09/13 01:50:52.143 [INFO] [Microsoft.Hosting.Lifetime]   | Content root path: C:\Users\Namchok\Desktop\สหกิจ\ums\UMS
2020/09/13 01:50:52.177 [TRACE] [UMS.Controllers.HomeController] [usermanagement2020@gmail.com] Index:HomeController.cs:41 | NLog injected into HomeController.
2020/09/13 01:50:52.177 [TRACE] [UMS.Controllers.HomeController] [usermanagement2020@gmail.com] Index:HomeController.cs:43 | User manager injected into HomeController.
2020/09/13 01:50:52.177 [TRACE] [UMS.Controllers.HomeController] [usermanagement2020@gmail.com] Index:HomeController.cs:44 | Start HomeController Constructor.
2020/09/13 01:50:52.177 [TRACE] [UMS.Controllers.HomeController] [usermanagement2020@gmail.com] Index:HomeController.cs:63 | Start Index.
2020/09/13 01:50:52.177 [INFO] [UMS.Controllers.HomeController] [usermanagement2020@gmail.com] Index:HomeController.cs:64 | Welcome usermanagement2020@gmail.com to UMS.
2020/09/13 01:50:52.190 [TRACE] [UMS.Controllers.HomeController] [usermanagement2020@gmail.com] Index:HomeController.cs:69 | Find first value from user.
2020/09/13 01:50:52.190 [TRACE] [UMS.Controllers.HomeController] [usermanagement2020@gmail.com] Index:HomeController.cs:73 | End Index.
2020/09/13 01:53:44.563 [TRACE] [UMS.Data.AuthDbContext]  Index:AuthDbContext.cs:28 | Start Auth Database Context.
2020/09/13 01:53:44.563 [TRACE] [UMS.Models.LogsContext] [usermanagement2020@gmail.com] Index:LogsContext.cs:24 | Start Edit Profile Context.
2020/09/13 01:53:44.563 [TRACE] [UMS.Controllers.LogsController] [usermanagement2020@gmail.com] Index:LogsController.cs:37 | Logs Context injected into LogsController.
2020/09/13 01:53:44.563 [TRACE] [UMS.Controllers.LogsController] [usermanagement2020@gmail.com] Index:LogsController.cs:38 | Start LogsControllerl.
2020/09/13 01:53:44.579 [TRACE] [UMS.Controllers.LogsController] [usermanagement2020@gmail.com] Index:LogsController.cs:56 | Start Index.
2020/09/13 01:53:44.579 [TRACE] [UMS.Controllers.LogsController] [usermanagement2020@gmail.com] Index:LogsController.cs:59 | Find id from first value.
2020/09/13 01:53:44.579 [DEBUG] [UMS.Controllers.LogsController] [usermanagement2020@gmail.com] Index:LogsController.cs:64 | Getting top 50 from all logs.
2020/09/13 01:53:45.309 [TRACE] [UMS.Controllers.LogsController] [usermanagement2020@gmail.com] Index:LogsController.cs:67 | End Index.
2020/09/13 01:58:09.457 [TRACE] [UMS.Program]  Program.cs:27 | Starting Program.
2020/09/13 01:58:10.560 [INFO] [Microsoft.Hosting.Lifetime]   | Application started. Press Ctrl+C to shut down.
2020/09/13 01:58:10.773 [INFO] [Microsoft.Hosting.Lifetime]   | Hosting environment: Development
2020/09/13 01:58:10.783 [INFO] [Microsoft.Hosting.Lifetime]   | Content root path: C:\Users\Namchok\Desktop\สหกิจ\ums\UMS
2020/09/13 01:58:10.773 [TRACE] [UMS.Data.AuthDbContext]  Index:AuthDbContext.cs:28 | Start Auth Database Context.
2020/09/13 01:58:10.821 [TRACE] [UMS.Controllers.HomeController] [usermanagement2020@gmail.com] Index:HomeController.cs:41 | NLog injected into HomeController.
2020/09/13 01:58:10.821 [TRACE] [UMS.Controllers.HomeController] [usermanagement2020@gmail.com] Index:HomeController.cs:43 | User manager injected into HomeController.
2020/09/13 01:58:10.821 [TRACE] [UMS.Controllers.HomeController] [usermanagement2020@gmail.com] Index:HomeController.cs:44 | Start HomeController Constructor.
2020/09/13 01:58:10.821 [TRACE] [UMS.Controllers.HomeController] [usermanagement2020@gmail.com] Index:HomeController.cs:63 | Start Index.
2020/09/13 01:58:10.830 [INFO] [UMS.Controllers.HomeController] [usermanagement2020@gmail.com] Index:HomeController.cs:64 | Welcome usermanagement2020@gmail.com to UMS.
2020/09/13 01:58:10.830 [TRACE] [UMS.Controllers.HomeController] [usermanagement2020@gmail.com] Index:HomeController.cs:69 | Find first value from user.
2020/09/13 01:58:10.830 [TRACE] [UMS.Controllers.HomeController] [usermanagement2020@gmail.com] Index:HomeController.cs:73 | End Index.
2020/09/13 01:58:31.408 [TRACE] [UMS.Data.AuthDbContext]  Index:AuthDbContext.cs:28 | Start Auth Database Context.
2020/09/13 01:58:31.408 [TRACE] [UMS.Models.LogsContext] [usermanagement2020@gmail.com] Index:LogsContext.cs:24 | Start Edit Profile Context.
2020/09/13 01:58:31.408 [TRACE] [UMS.Controllers.LogsController] [usermanagement2020@gmail.com] Index:LogsController.cs:37 | Logs Context injected into LogsController.
2020/09/13 01:58:31.423 [TRACE] [UMS.Controllers.LogsController] [usermanagement2020@gmail.com] Index:LogsController.cs:38 | Start LogsControllerl.
2020/09/13 01:58:31.423 [TRACE] [UMS.Controllers.LogsController] [usermanagement2020@gmail.com] Index:LogsController.cs:56 | Start Index.
2020/09/13 01:58:31.423 [TRACE] [UMS.Controllers.LogsController] [usermanagement2020@gmail.com] Index:LogsController.cs:59 | Find id from first value.
2020/09/13 01:58:31.423 [DEBUG] [UMS.Controllers.LogsController] [usermanagement2020@gmail.com] Index:LogsController.cs:64 | Getting top 50 from all logs.
2020/09/13 01:58:32.143 [TRACE] [UMS.Controllers.LogsController] [usermanagement2020@gmail.com] Index:LogsController.cs:67 | End Index.
2020/09/13 02:12:18.990 [TRACE] [UMS.Program]  Program.cs:27 | Starting Program.
2020/09/13 02:12:20.023 [INFO] [Microsoft.Hosting.Lifetime]   | Application started. Press Ctrl+C to shut down.
2020/09/13 02:12:20.228 [INFO] [Microsoft.Hosting.Lifetime]   | Hosting environment: Development
2020/09/13 02:12:20.228 [TRACE] [UMS.Data.AuthDbContext]  Index:AuthDbContext.cs:28 | Start Auth Database Context.
2020/09/13 02:12:20.235 [INFO] [Microsoft.Hosting.Lifetime]   | Content root path: C:\Users\Namchok\Desktop\สหกิจ\ums\UMS
2020/09/13 02:12:20.565 [TRACE] [UMS.Data.AuthDbContext]  Index:AuthDbContext.cs:76 | Creating applications user models.
2020/09/13 02:12:20.565 [TRACE] [UMS.Data.AuthDbContext]  Index:AuthDbContext.cs:84 | Creating Identity models.
2020/09/13 02:12:20.565 [TRACE] [UMS.Data.AuthDbContext]  Index:AuthDbContext.cs:107 | Creating log models.
2020/09/13 02:12:20.578 [TRACE] [UMS.Data.AuthDbContext]  Index:AuthDbContext.cs:109 | ENd creating on model.
2020/09/13 02:12:21.404 [TRACE] [UMS.Controllers.HomeController] [usermanagement2020@gmail.com] Index:HomeController.cs:41 | NLog injected into HomeController.
2020/09/13 02:12:21.407 [TRACE] [UMS.Controllers.HomeController] [usermanagement2020@gmail.com] Index:HomeController.cs:43 | User manager injected into HomeController.
2020/09/13 02:12:21.407 [TRACE] [UMS.Controllers.HomeController] [usermanagement2020@gmail.com] Index:HomeController.cs:44 | Start HomeController Constructor.
2020/09/13 02:12:21.407 [TRACE] [UMS.Controllers.HomeController] [usermanagement2020@gmail.com] Index:HomeController.cs:63 | Start Index.
2020/09/13 02:12:21.407 [INFO] [UMS.Controllers.HomeController] [usermanagement2020@gmail.com] Index:HomeController.cs:64 | Welcome usermanagement2020@gmail.com to UMS.
2020/09/13 02:12:21.407 [TRACE] [UMS.Controllers.HomeController] [usermanagement2020@gmail.com] Index:HomeController.cs:69 | Find first value from user.
2020/09/13 02:12:21.407 [TRACE] [UMS.Controllers.HomeController] [usermanagement2020@gmail.com] Index:HomeController.cs:73 | End Index.
2020/09/13 02:12:56.531 [TRACE] [UMS.Data.AuthDbContext]  Index:AuthDbContext.cs:28 | Start Auth Database Context.
2020/09/13 02:12:56.538 [TRACE] [UMS.Models.LogsContext] [usermanagement2020@gmail.com] Index:LogsContext.cs:24 | Start Edit Profile Context.
2020/09/13 02:12:56.538 [TRACE] [UMS.Controllers.LogsController] [usermanagement2020@gmail.com] Index:LogsController.cs:37 | Logs Context injected into LogsController.
2020/09/13 02:12:56.538 [TRACE] [UMS.Controllers.LogsController] [usermanagement2020@gmail.com] Index:LogsController.cs:38 | Start LogsControllerl.
2020/09/13 02:12:56.548 [TRACE] [UMS.Controllers.LogsController] [usermanagement2020@gmail.com] Index:LogsController.cs:56 | Start Index.
2020/09/13 02:12:56.548 [TRACE] [UMS.Controllers.LogsController] [usermanagement2020@gmail.com] Index:LogsController.cs:59 | Find id from first value.
2020/09/13 02:12:56.548 [DEBUG] [UMS.Controllers.LogsController] [usermanagement2020@gmail.com] Index:LogsController.cs:64 | Getting top 50 from all logs.
2020/09/13 02:12:56.613 [TRACE] [UMS.Controllers.LogsController] [usermanagement2020@gmail.com] Index:LogsController.cs:67 | End Index.
2020/09/13 02:16:59.256 [TRACE] [UMS.Program]  Program.cs:27 | Starting Program.
2020/09/13 02:17:00.344 [INFO] [Microsoft.Hosting.Lifetime]   | Application started. Press Ctrl+C to shut down.
2020/09/13 02:17:00.565 [INFO] [Microsoft.Hosting.Lifetime]   | Hosting environment: Development
2020/09/13 02:17:00.565 [INFO] [Microsoft.Hosting.Lifetime]   | Content root path: C:\Users\Namchok\Desktop\สหกิจ\ums\UMS
2020/09/13 02:17:00.565 [TRACE] [UMS.Data.AuthDbContext]  Index:AuthDbContext.cs:28 | Start Auth Database Context.
2020/09/13 02:17:00.614 [TRACE] [UMS.Controllers.HomeController] [usermanagement2020@gmail.com] Index:HomeController.cs:41 | NLog injected into HomeController.
2020/09/13 02:17:00.614 [TRACE] [UMS.Controllers.HomeController] [usermanagement2020@gmail.com] Index:HomeController.cs:43 | User manager injected into HomeController.
2020/09/13 02:17:00.614 [TRACE] [UMS.Controllers.HomeController] [usermanagement2020@gmail.com] Index:HomeController.cs:44 | Start HomeController Constructor.
2020/09/13 02:17:00.614 [TRACE] [UMS.Controllers.HomeController] [usermanagement2020@gmail.com] Index:HomeController.cs:63 | Start Index.
2020/09/13 02:17:00.614 [INFO] [UMS.Controllers.HomeController] [usermanagement2020@gmail.com] Index:HomeController.cs:64 | Welcome usermanagement2020@gmail.com to UMS.
2020/09/13 02:17:00.627 [TRACE] [UMS.Controllers.HomeController] [usermanagement2020@gmail.com] Index:HomeController.cs:69 | Find first value from user.
2020/09/13 02:17:00.627 [TRACE] [UMS.Controllers.HomeController] [usermanagement2020@gmail.com] Index:HomeController.cs:73 | End Index.
2020/09/13 02:17:11.077 [TRACE] [UMS.Data.AuthDbContext]  Index:AuthDbContext.cs:28 | Start Auth Database Context.
2020/09/13 02:17:11.084 [TRACE] [UMS.Models.LogsContext] [usermanagement2020@gmail.com] Index:LogsContext.cs:24 | Start Edit Profile Context.
2020/09/13 02:17:11.094 [TRACE] [UMS.Controllers.LogsController] [usermanagement2020@gmail.com] Index:LogsController.cs:37 | Logs Context injected into LogsController.
2020/09/13 02:17:11.094 [TRACE] [UMS.Controllers.LogsController] [usermanagement2020@gmail.com] Index:LogsController.cs:38 | Start LogsControllerl.
2020/09/13 02:17:11.094 [TRACE] [UMS.Controllers.LogsController] [usermanagement2020@gmail.com] Index:LogsController.cs:56 | Start Index.
2020/09/13 02:17:11.094 [TRACE] [UMS.Controllers.LogsController] [usermanagement2020@gmail.com] Index:LogsController.cs:59 | Find id from first value.
2020/09/13 02:17:11.094 [DEBUG] [UMS.Controllers.LogsController] [usermanagement2020@gmail.com] Index:LogsController.cs:64 | Getting top 50 from all logs.
2020/09/13 02:17:12.472 [TRACE] [UMS.Controllers.LogsController] [usermanagement2020@gmail.com] Index:LogsController.cs:67 | End Index.
2020/09/13 02:18:35.369 [TRACE] [UMS.Program]  Program.cs:27 | Starting Program.
2020/09/13 02:18:36.651 [INFO] [Microsoft.Hosting.Lifetime]   | Application started. Press Ctrl+C to shut down.
2020/09/13 02:18:36.862 [INFO] [Microsoft.Hosting.Lifetime]   | Hosting environment: Development
2020/09/13 02:18:36.862 [INFO] [Microsoft.Hosting.Lifetime]   | Content root path: C:\Users\Namchok\Desktop\สหกิจ\ums\UMS
2020/09/13 02:18:36.857 [TRACE] [UMS.Data.AuthDbContext]  Index:AuthDbContext.cs:28 | Start Auth Database Context.
2020/09/13 02:18:36.903 [TRACE] [UMS.Controllers.HomeController] [usermanagement2020@gmail.com] Index:HomeController.cs:41 | NLog injected into HomeController.
2020/09/13 02:18:36.907 [TRACE] [UMS.Controllers.HomeController] [usermanagement2020@gmail.com] Index:HomeController.cs:43 | User manager injected into HomeController.
2020/09/13 02:18:36.907 [TRACE] [UMS.Controllers.HomeController] [usermanagement2020@gmail.com] Index:HomeController.cs:44 | Start HomeController Constructor.
2020/09/13 02:18:36.907 [TRACE] [UMS.Controllers.HomeController] [usermanagement2020@gmail.com] Index:HomeController.cs:63 | Start Index.
2020/09/13 02:18:36.907 [INFO] [UMS.Controllers.HomeController] [usermanagement2020@gmail.com] Index:HomeController.cs:64 | Welcome usermanagement2020@gmail.com to UMS.
2020/09/13 02:18:36.907 [TRACE] [UMS.Controllers.HomeController] [usermanagement2020@gmail.com] Index:HomeController.cs:69 | Find first value from user.
2020/09/13 02:18:36.907 [TRACE] [UMS.Controllers.HomeController] [usermanagement2020@gmail.com] Index:HomeController.cs:73 | End Index.
2020/09/13 02:18:40.780 [TRACE] [UMS.Data.AuthDbContext]  Index:AuthDbContext.cs:28 | Start Auth Database Context.
2020/09/13 02:18:40.786 [TRACE] [UMS.Models.LogsContext] [usermanagement2020@gmail.com] Index:LogsContext.cs:24 | Start Edit Profile Context.
2020/09/13 02:18:40.786 [TRACE] [UMS.Controllers.LogsController] [usermanagement2020@gmail.com] Index:LogsController.cs:37 | Logs Context injected into LogsController.
2020/09/13 02:18:40.786 [TRACE] [UMS.Controllers.LogsController] [usermanagement2020@gmail.com] Index:LogsController.cs:38 | Start LogsControllerl.
2020/09/13 02:18:40.786 [TRACE] [UMS.Controllers.LogsController] [usermanagement2020@gmail.com] Index:LogsController.cs:56 | Start Index.
2020/09/13 02:18:40.786 [TRACE] [UMS.Controllers.LogsController] [usermanagement2020@gmail.com] Index:LogsController.cs:59 | Find id from first value.
2020/09/13 02:18:40.786 [DEBUG] [UMS.Controllers.LogsController] [usermanagement2020@gmail.com] Index:LogsController.cs:64 | Getting top 50 from all logs.
2020/09/13 02:18:41.517 [TRACE] [UMS.Controllers.LogsController] [usermanagement2020@gmail.com] Index:LogsController.cs:67 | End Index.
2020/09/13 02:20:29.329 [TRACE] [UMS.Program]  Program.cs:27 | Starting Program.
2020/09/13 02:20:30.475 [INFO] [Microsoft.Hosting.Lifetime]   | Application started. Press Ctrl+C to shut down.
2020/09/13 02:20:30.685 [INFO] [Microsoft.Hosting.Lifetime]   | Hosting environment: Development
2020/09/13 02:20:30.690 [INFO] [Microsoft.Hosting.Lifetime]   | Content root path: C:\Users\Namchok\Desktop\สหกิจ\ums\UMS
2020/09/13 02:20:30.685 [TRACE] [UMS.Data.AuthDbContext]  Index:AuthDbContext.cs:28 | Start Auth Database Context.
2020/09/13 02:20:30.727 [TRACE] [UMS.Controllers.HomeController] [usermanagement2020@gmail.com] Index:HomeController.cs:41 | NLog injected into HomeController.
2020/09/13 02:20:30.727 [TRACE] [UMS.Controllers.HomeController] [usermanagement2020@gmail.com] Index:HomeController.cs:43 | User manager injected into HomeController.
2020/09/13 02:20:30.727 [TRACE] [UMS.Controllers.HomeController] [usermanagement2020@gmail.com] Index:HomeController.cs:44 | Start HomeController Constructor.
2020/09/13 02:20:30.727 [TRACE] [UMS.Controllers.HomeController] [usermanagement2020@gmail.com] Index:HomeController.cs:63 | Start Index.
2020/09/13 02:20:30.727 [INFO] [UMS.Controllers.HomeController] [usermanagement2020@gmail.com] Index:HomeController.cs:64 | Welcome usermanagement2020@gmail.com to UMS.
2020/09/13 02:20:30.740 [TRACE] [UMS.Controllers.HomeController] [usermanagement2020@gmail.com] Index:HomeController.cs:69 | Find first value from user.
2020/09/13 02:20:30.740 [TRACE] [UMS.Controllers.HomeController] [usermanagement2020@gmail.com] Index:HomeController.cs:73 | End Index.
2020/09/13 02:20:41.949 [TRACE] [UMS.Data.AuthDbContext]  Index:AuthDbContext.cs:28 | Start Auth Database Context.
2020/09/13 02:20:41.957 [TRACE] [UMS.Models.LogsContext] [usermanagement2020@gmail.com] Index:LogsContext.cs:24 | Start Edit Profile Context.
2020/09/13 02:20:41.957 [TRACE] [UMS.Controllers.LogsController] [usermanagement2020@gmail.com] Index:LogsController.cs:37 | Logs Context injected into LogsController.
2020/09/13 02:20:41.957 [TRACE] [UMS.Controllers.LogsController] [usermanagement2020@gmail.com] Index:LogsController.cs:38 | Start LogsControllerl.
2020/09/13 02:20:41.957 [TRACE] [UMS.Controllers.LogsController] [usermanagement2020@gmail.com] Index:LogsController.cs:56 | Start Index.
2020/09/13 02:20:41.957 [TRACE] [UMS.Controllers.LogsController] [usermanagement2020@gmail.com] Index:LogsController.cs:59 | Find id from first value.
2020/09/13 02:20:41.957 [DEBUG] [UMS.Controllers.LogsController] [usermanagement2020@gmail.com] Index:LogsController.cs:64 | Getting top 50 from all logs.
2020/09/13 02:20:42.698 [TRACE] [UMS.Controllers.LogsController] [usermanagement2020@gmail.com] Index:LogsController.cs:67 | End Index.
2020/09/13 02:23:18.993 [TRACE] [UMS.Program]  Program.cs:27 | Starting Program.
2020/09/13 02:23:20.039 [INFO] [Microsoft.Hosting.Lifetime]   | Application started. Press Ctrl+C to shut down.
2020/09/13 02:23:20.255 [INFO] [Microsoft.Hosting.Lifetime]   | Hosting environment: Development
2020/09/13 02:23:20.255 [TRACE] [UMS.Data.AuthDbContext]  Index:AuthDbContext.cs:28 | Start Auth Database Context.
2020/09/13 02:23:20.255 [INFO] [Microsoft.Hosting.Lifetime]   | Content root path: C:\Users\Namchok\Desktop\สหกิจ\ums\UMS
2020/09/13 02:23:20.294 [TRACE] [UMS.Controllers.HomeController] [usermanagement2020@gmail.com] Index:HomeController.cs:41 | NLog injected into HomeController.
2020/09/13 02:23:20.294 [TRACE] [UMS.Controllers.HomeController] [usermanagement2020@gmail.com] Index:HomeController.cs:43 | User manager injected into HomeController.
2020/09/13 02:23:20.298 [TRACE] [UMS.Controllers.HomeController] [usermanagement2020@gmail.com] Index:HomeController.cs:44 | Start HomeController Constructor.
2020/09/13 02:23:20.298 [TRACE] [UMS.Controllers.HomeController] [usermanagement2020@gmail.com] Index:HomeController.cs:63 | Start Index.
2020/09/13 02:23:20.298 [INFO] [UMS.Controllers.HomeController] [usermanagement2020@gmail.com] Index:HomeController.cs:64 | Welcome usermanagement2020@gmail.com to UMS.
2020/09/13 02:23:20.298 [TRACE] [UMS.Controllers.HomeController] [usermanagement2020@gmail.com] Index:HomeController.cs:69 | Find first value from user.
2020/09/13 02:23:20.298 [TRACE] [UMS.Controllers.HomeController] [usermanagement2020@gmail.com] Index:HomeController.cs:73 | End Index.
2020/09/13 02:24:20.397 [TRACE] [UMS.Data.AuthDbContext]  Index:AuthDbContext.cs:28 | Start Auth Database Context.
2020/09/13 02:24:20.408 [TRACE] [UMS.Models.LogsContext] [usermanagement2020@gmail.com] Index:LogsContext.cs:24 | Start Edit Profile Context.
2020/09/13 02:24:20.408 [TRACE] [UMS.Controllers.LogsController] [usermanagement2020@gmail.com] Index:LogsController.cs:37 | Logs Context injected into LogsController.
2020/09/13 02:24:20.408 [TRACE] [UMS.Controllers.LogsController] [usermanagement2020@gmail.com] Index:LogsController.cs:38 | Start LogsControllerl.
2020/09/13 02:24:20.408 [TRACE] [UMS.Controllers.LogsController] [usermanagement2020@gmail.com] Index:LogsController.cs:56 | Start Index.
2020/09/13 02:24:20.408 [TRACE] [UMS.Controllers.LogsController] [usermanagement2020@gmail.com] Index:LogsController.cs:59 | Find id from first value.
2020/09/13 02:24:20.408 [DEBUG] [UMS.Controllers.LogsController] [usermanagement2020@gmail.com] Index:LogsController.cs:64 | Getting top 50 from all logs.
2020/09/13 02:24:21.129 [TRACE] [UMS.Controllers.LogsController] [usermanagement2020@gmail.com] Index:LogsController.cs:67 | End Index.
2020/09/13 02:28:53.761 [TRACE] [UMS.Program]  Program.cs:27 | Starting Program.
2020/09/13 02:28:54.789 [INFO] [Microsoft.Hosting.Lifetime]   | Application started. Press Ctrl+C to shut down.
2020/09/13 02:28:55.009 [INFO] [Microsoft.Hosting.Lifetime]   | Hosting environment: Development
2020/09/13 02:28:55.016 [INFO] [Microsoft.Hosting.Lifetime]   | Content root path: C:\Users\Namchok\Desktop\สหกิจ\ums\UMS
2020/09/13 02:28:55.009 [TRACE] [UMS.Data.AuthDbContext]  Index:AuthDbContext.cs:28 | Start Auth Database Context.
2020/09/13 02:28:55.050 [TRACE] [UMS.Controllers.HomeController] [usermanagement2020@gmail.com] Index:HomeController.cs:41 | NLog injected into HomeController.
2020/09/13 02:28:55.050 [TRACE] [UMS.Controllers.HomeController] [usermanagement2020@gmail.com] Index:HomeController.cs:43 | User manager injected into HomeController.
2020/09/13 02:28:55.050 [TRACE] [UMS.Controllers.HomeController] [usermanagement2020@gmail.com] Index:HomeController.cs:44 | Start HomeController Constructor.
2020/09/13 02:28:55.050 [TRACE] [UMS.Controllers.HomeController] [usermanagement2020@gmail.com] Index:HomeController.cs:63 | Start Index.
2020/09/13 02:28:55.050 [INFO] [UMS.Controllers.HomeController] [usermanagement2020@gmail.com] Index:HomeController.cs:64 | Welcome usermanagement2020@gmail.com to UMS.
2020/09/13 02:28:55.063 [TRACE] [UMS.Controllers.HomeController] [usermanagement2020@gmail.com] Index:HomeController.cs:69 | Find first value from user.
2020/09/13 02:28:55.063 [TRACE] [UMS.Controllers.HomeController] [usermanagement2020@gmail.com] Index:HomeController.cs:73 | End Index.
2020/09/13 02:29:17.521 [TRACE] [UMS.Data.AuthDbContext]  Index:AuthDbContext.cs:28 | Start Auth Database Context.
2020/09/13 02:29:17.539 [TRACE] [UMS.Models.LogsContext] [usermanagement2020@gmail.com] Index:LogsContext.cs:24 | Start Edit Profile Context.
2020/09/13 02:29:17.539 [TRACE] [UMS.Controllers.LogsController] [usermanagement2020@gmail.com] Index:LogsController.cs:37 | Logs Context injected into LogsController.
2020/09/13 02:29:17.539 [TRACE] [UMS.Controllers.LogsController] [usermanagement2020@gmail.com] Index:LogsController.cs:38 | Start LogsControllerl.
2020/09/13 02:29:17.547 [TRACE] [UMS.Controllers.LogsController] [usermanagement2020@gmail.com] Index:LogsController.cs:56 | Start Index.
2020/09/13 02:29:17.547 [TRACE] [UMS.Controllers.LogsController] [usermanagement2020@gmail.com] Index:LogsController.cs:59 | Find id from first value.
2020/09/13 02:29:17.547 [DEBUG] [UMS.Controllers.LogsController] [usermanagement2020@gmail.com] Index:LogsController.cs:64 | Getting top 50 from all logs.
2020/09/13 02:29:18.261 [TRACE] [UMS.Controllers.LogsController] [usermanagement2020@gmail.com] Index:LogsController.cs:67 | End Index.
2020/09/13 02:29:46.357 [TRACE] [UMS.Program]  Program.cs:27 | Starting Program.
2020/09/13 02:29:47.402 [INFO] [Microsoft.Hosting.Lifetime]   | Application started. Press Ctrl+C to shut down.
2020/09/13 02:29:47.608 [INFO] [Microsoft.Hosting.Lifetime]   | Hosting environment: Development
2020/09/13 02:29:47.613 [INFO] [Microsoft.Hosting.Lifetime]   | Content root path: C:\Users\Namchok\Desktop\สหกิจ\ums\UMS
2020/09/13 02:29:47.613 [TRACE] [UMS.Data.AuthDbContext]  Index:AuthDbContext.cs:28 | Start Auth Database Context.
2020/09/13 02:29:47.658 [TRACE] [UMS.Controllers.HomeController] [usermanagement2020@gmail.com] Index:HomeController.cs:41 | NLog injected into HomeController.
2020/09/13 02:29:47.658 [TRACE] [UMS.Controllers.HomeController] [usermanagement2020@gmail.com] Index:HomeController.cs:43 | User manager injected into HomeController.
2020/09/13 02:29:47.658 [TRACE] [UMS.Controllers.HomeController] [usermanagement2020@gmail.com] Index:HomeController.cs:44 | Start HomeController Constructor.
2020/09/13 02:29:47.658 [TRACE] [UMS.Controllers.HomeController] [usermanagement2020@gmail.com] Index:HomeController.cs:63 | Start Index.
2020/09/13 02:29:47.658 [INFO] [UMS.Controllers.HomeController] [usermanagement2020@gmail.com] Index:HomeController.cs:64 | Welcome usermanagement2020@gmail.com to UMS.
2020/09/13 02:29:47.674 [TRACE] [UMS.Controllers.HomeController] [usermanagement2020@gmail.com] Index:HomeController.cs:69 | Find first value from user.
2020/09/13 02:29:47.674 [TRACE] [UMS.Controllers.HomeController] [usermanagement2020@gmail.com] Index:HomeController.cs:73 | End Index.
2020/09/13 02:29:50.996 [TRACE] [UMS.Data.AuthDbContext]  Index:AuthDbContext.cs:28 | Start Auth Database Context.
2020/09/13 02:29:51.006 [TRACE] [UMS.Models.LogsContext] [usermanagement2020@gmail.com] Index:LogsContext.cs:24 | Start Edit Profile Context.
2020/09/13 02:29:51.006 [TRACE] [UMS.Controllers.LogsController] [usermanagement2020@gmail.com] Index:LogsController.cs:37 | Logs Context injected into LogsController.
2020/09/13 02:29:51.006 [TRACE] [UMS.Controllers.LogsController] [usermanagement2020@gmail.com] Index:LogsController.cs:38 | Start LogsControllerl.
2020/09/13 02:29:51.006 [TRACE] [UMS.Controllers.LogsController] [usermanagement2020@gmail.com] Index:LogsController.cs:56 | Start Index.
2020/09/13 02:29:51.006 [TRACE] [UMS.Controllers.LogsController] [usermanagement2020@gmail.com] Index:LogsController.cs:59 | Find id from first value.
2020/09/13 02:29:51.006 [DEBUG] [UMS.Controllers.LogsController] [usermanagement2020@gmail.com] Index:LogsController.cs:64 | Getting top 50 from all logs.
2020/09/13 02:29:51.735 [TRACE] [UMS.Controllers.LogsController] [usermanagement2020@gmail.com] Index:LogsController.cs:67 | End Index.
2020/09/13 02:30:56.095 [TRACE] [UMS.Program]  Program.cs:27 | Starting Program.
2020/09/13 02:30:57.071 [INFO] [Microsoft.Hosting.Lifetime]   | Application started. Press Ctrl+C to shut down.
2020/09/13 02:30:57.266 [TRACE] [UMS.Data.AuthDbContext]  Index:AuthDbContext.cs:28 | Start Auth Database Context.
2020/09/13 02:30:57.270 [INFO] [Microsoft.Hosting.Lifetime]   | Hosting environment: Development
2020/09/13 02:30:57.270 [INFO] [Microsoft.Hosting.Lifetime]   | Content root path: C:\Users\Namchok\Desktop\สหกิจ\ums\UMS
2020/09/13 02:30:57.308 [TRACE] [UMS.Controllers.HomeController] [usermanagement2020@gmail.com] Index:HomeController.cs:41 | NLog injected into HomeController.
2020/09/13 02:30:57.308 [TRACE] [UMS.Controllers.HomeController] [usermanagement2020@gmail.com] Index:HomeController.cs:43 | User manager injected into HomeController.
2020/09/13 02:30:57.308 [TRACE] [UMS.Controllers.HomeController] [usermanagement2020@gmail.com] Index:HomeController.cs:44 | Start HomeController Constructor.
2020/09/13 02:30:57.313 [TRACE] [UMS.Controllers.HomeController] [usermanagement2020@gmail.com] Index:HomeController.cs:63 | Start Index.
2020/09/13 02:30:57.313 [INFO] [UMS.Controllers.HomeController] [usermanagement2020@gmail.com] Index:HomeController.cs:64 | Welcome usermanagement2020@gmail.com to UMS.
2020/09/13 02:30:57.313 [TRACE] [UMS.Controllers.HomeController] [usermanagement2020@gmail.com] Index:HomeController.cs:69 | Find first value from user.
2020/09/13 02:30:57.313 [TRACE] [UMS.Controllers.HomeController] [usermanagement2020@gmail.com] Index:HomeController.cs:73 | End Index.
2020/09/13 02:30:58.929 [TRACE] [UMS.Data.AuthDbContext]  Index:AuthDbContext.cs:28 | Start Auth Database Context.
2020/09/13 02:30:58.929 [TRACE] [UMS.Models.LogsContext] [usermanagement2020@gmail.com] Index:LogsContext.cs:24 | Start Edit Profile Context.
2020/09/13 02:30:58.929 [TRACE] [UMS.Controllers.LogsController] [usermanagement2020@gmail.com] Index:LogsController.cs:37 | Logs Context injected into LogsController.
2020/09/13 02:30:58.929 [TRACE] [UMS.Controllers.LogsController] [usermanagement2020@gmail.com] Index:LogsController.cs:38 | Start LogsControllerl.
2020/09/13 02:30:58.939 [TRACE] [UMS.Controllers.LogsController] [usermanagement2020@gmail.com] Index:LogsController.cs:56 | Start Index.
2020/09/13 02:30:58.939 [TRACE] [UMS.Controllers.LogsController] [usermanagement2020@gmail.com] Index:LogsController.cs:59 | Find id from first value.
2020/09/13 02:30:58.939 [DEBUG] [UMS.Controllers.LogsController] [usermanagement2020@gmail.com] Index:LogsController.cs:64 | Getting top 50 from all logs.
2020/09/13 02:30:59.642 [TRACE] [UMS.Controllers.LogsController] [usermanagement2020@gmail.com] Index:LogsController.cs:67 | End Index.
2020/09/13 02:32:51.579 [TRACE] [UMS.Program]  Program.cs:27 | Starting Program.
2020/09/13 02:32:52.649 [INFO] [Microsoft.Hosting.Lifetime]   | Application started. Press Ctrl+C to shut down.
2020/09/13 02:32:52.847 [INFO] [Microsoft.Hosting.Lifetime]   | Hosting environment: Development
2020/09/13 02:32:52.847 [TRACE] [UMS.Data.AuthDbContext]  Index:AuthDbContext.cs:28 | Start Auth Database Context.
2020/09/13 02:32:52.847 [INFO] [Microsoft.Hosting.Lifetime]   | Content root path: C:\Users\Namchok\Desktop\สหกิจ\ums\UMS
2020/09/13 02:32:52.887 [TRACE] [UMS.Controllers.HomeController] [usermanagement2020@gmail.com] Index:HomeController.cs:41 | NLog injected into HomeController.
2020/09/13 02:32:52.887 [TRACE] [UMS.Controllers.HomeController] [usermanagement2020@gmail.com] Index:HomeController.cs:43 | User manager injected into HomeController.
2020/09/13 02:32:52.887 [TRACE] [UMS.Controllers.HomeController] [usermanagement2020@gmail.com] Index:HomeController.cs:44 | Start HomeController Constructor.
2020/09/13 02:32:52.893 [TRACE] [UMS.Controllers.HomeController] [usermanagement2020@gmail.com] Index:HomeController.cs:63 | Start Index.
2020/09/13 02:32:52.893 [INFO] [UMS.Controllers.HomeController] [usermanagement2020@gmail.com] Index:HomeController.cs:64 | Welcome usermanagement2020@gmail.com to UMS.
2020/09/13 02:32:52.893 [TRACE] [UMS.Controllers.HomeController] [usermanagement2020@gmail.com] Index:HomeController.cs:69 | Find first value from user.
2020/09/13 02:32:52.893 [TRACE] [UMS.Controllers.HomeController] [usermanagement2020@gmail.com] Index:HomeController.cs:73 | End Index.
2020/09/13 02:32:57.096 [TRACE] [UMS.Data.AuthDbContext]  Index:AuthDbContext.cs:28 | Start Auth Database Context.
2020/09/13 02:32:57.096 [TRACE] [UMS.Models.LogsContext] [usermanagement2020@gmail.com] Index:LogsContext.cs:24 | Start Edit Profile Context.
2020/09/13 02:32:57.096 [TRACE] [UMS.Controllers.LogsController] [usermanagement2020@gmail.com] Index:LogsController.cs:37 | Logs Context injected into LogsController.
2020/09/13 02:32:57.096 [TRACE] [UMS.Controllers.LogsController] [usermanagement2020@gmail.com] Index:LogsController.cs:38 | Start LogsControllerl.
2020/09/13 02:32:57.096 [TRACE] [UMS.Controllers.LogsController] [usermanagement2020@gmail.com] Index:LogsController.cs:56 | Start Index.
2020/09/13 02:32:57.111 [TRACE] [UMS.Controllers.LogsController] [usermanagement2020@gmail.com] Index:LogsController.cs:59 | Find id from first value.
2020/09/13 02:32:57.111 [DEBUG] [UMS.Controllers.LogsController] [usermanagement2020@gmail.com] Index:LogsController.cs:64 | Getting top 50 from all logs.
2020/09/13 02:32:57.852 [TRACE] [UMS.Controllers.LogsController] [usermanagement2020@gmail.com] Index:LogsController.cs:67 | End Index.
2020/09/13 02:33:30.439 [TRACE] [UMS.Program]  Program.cs:27 | Starting Program.
2020/09/13 02:33:31.470 [INFO] [Microsoft.Hosting.Lifetime]   | Application started. Press Ctrl+C to shut down.
2020/09/13 02:33:31.685 [INFO] [Microsoft.Hosting.Lifetime]   | Hosting environment: Development
2020/09/13 02:33:31.685 [TRACE] [UMS.Data.AuthDbContext]  Index:AuthDbContext.cs:28 | Start Auth Database Context.
2020/09/13 02:33:31.692 [INFO] [Microsoft.Hosting.Lifetime]   | Content root path: C:\Users\Namchok\Desktop\สหกิจ\ums\UMS
2020/09/13 02:33:31.725 [TRACE] [UMS.Controllers.HomeController] [usermanagement2020@gmail.com] Index:HomeController.cs:41 | NLog injected into HomeController.
2020/09/13 02:33:31.725 [TRACE] [UMS.Controllers.HomeController] [usermanagement2020@gmail.com] Index:HomeController.cs:43 | User manager injected into HomeController.
2020/09/13 02:33:31.725 [TRACE] [UMS.Controllers.HomeController] [usermanagement2020@gmail.com] Index:HomeController.cs:44 | Start HomeController Constructor.
2020/09/13 02:33:31.725 [TRACE] [UMS.Controllers.HomeController] [usermanagement2020@gmail.com] Index:HomeController.cs:63 | Start Index.
2020/09/13 02:33:31.735 [INFO] [UMS.Controllers.HomeController] [usermanagement2020@gmail.com] Index:HomeController.cs:64 | Welcome usermanagement2020@gmail.com to UMS.
2020/09/13 02:33:31.735 [TRACE] [UMS.Controllers.HomeController] [usermanagement2020@gmail.com] Index:HomeController.cs:69 | Find first value from user.
2020/09/13 02:33:31.735 [TRACE] [UMS.Controllers.HomeController] [usermanagement2020@gmail.com] Index:HomeController.cs:73 | End Index.
2020/09/13 02:33:57.484 [TRACE] [UMS.Data.AuthDbContext]  Index:AuthDbContext.cs:28 | Start Auth Database Context.
2020/09/13 02:33:57.490 [TRACE] [UMS.Models.LogsContext] [usermanagement2020@gmail.com] Index:LogsContext.cs:24 | Start Edit Profile Context.
2020/09/13 02:33:57.490 [TRACE] [UMS.Controllers.LogsController] [usermanagement2020@gmail.com] Index:LogsController.cs:37 | Logs Context injected into LogsController.
2020/09/13 02:33:57.490 [TRACE] [UMS.Controllers.LogsController] [usermanagement2020@gmail.com] Index:LogsController.cs:38 | Start LogsControllerl.
2020/09/13 02:33:57.501 [TRACE] [UMS.Controllers.LogsController] [usermanagement2020@gmail.com] Index:LogsController.cs:56 | Start Index.
2020/09/13 02:33:57.501 [TRACE] [UMS.Controllers.LogsController] [usermanagement2020@gmail.com] Index:LogsController.cs:59 | Find id from first value.
2020/09/13 02:33:57.501 [DEBUG] [UMS.Controllers.LogsController] [usermanagement2020@gmail.com] Index:LogsController.cs:64 | Getting top 50 from all logs.
2020/09/13 02:33:58.273 [TRACE] [UMS.Controllers.LogsController] [usermanagement2020@gmail.com] Index:LogsController.cs:67 | End Index.
2020/09/13 02:38:41.102 [TRACE] [UMS.Program]  Program.cs:27 | Starting Program.
2020/09/13 02:38:42.145 [INFO] [Microsoft.Hosting.Lifetime]   | Application started. Press Ctrl+C to shut down.
2020/09/13 02:38:42.406 [INFO] [Microsoft.Hosting.Lifetime]   | Hosting environment: Development
2020/09/13 02:38:42.407 [INFO] [Microsoft.Hosting.Lifetime]   | Content root path: C:\Users\Namchok\Desktop\สหกิจ\ums\UMS
2020/09/13 02:38:42.407 [TRACE] [UMS.Data.AuthDbContext]  Index:AuthDbContext.cs:28 | Start Auth Database Context.
2020/09/13 02:38:42.469 [TRACE] [UMS.Controllers.HomeController] [usermanagement2020@gmail.com] Index:HomeController.cs:41 | NLog injected into HomeController.
2020/09/13 02:38:42.472 [TRACE] [UMS.Controllers.HomeController] [usermanagement2020@gmail.com] Index:HomeController.cs:43 | User manager injected into HomeController.
2020/09/13 02:38:42.472 [TRACE] [UMS.Controllers.HomeController] [usermanagement2020@gmail.com] Index:HomeController.cs:44 | Start HomeController Constructor.
2020/09/13 02:38:42.472 [TRACE] [UMS.Controllers.HomeController] [usermanagement2020@gmail.com] Index:HomeController.cs:63 | Start Index.
2020/09/13 02:38:42.472 [INFO] [UMS.Controllers.HomeController] [usermanagement2020@gmail.com] Index:HomeController.cs:64 | Welcome usermanagement2020@gmail.com to UMS.
2020/09/13 02:38:42.487 [TRACE] [UMS.Controllers.HomeController] [usermanagement2020@gmail.com] Index:HomeController.cs:69 | Find first value from user.
2020/09/13 02:38:42.487 [TRACE] [UMS.Controllers.HomeController] [usermanagement2020@gmail.com] Index:HomeController.cs:73 | End Index.
2020/09/13 02:39:24.271 [TRACE] [UMS.Data.AuthDbContext]  Index:AuthDbContext.cs:28 | Start Auth Database Context.
2020/09/13 02:39:24.271 [TRACE] [UMS.Models.LogsContext] [usermanagement2020@gmail.com] Index:LogsContext.cs:24 | Start Edit Profile Context.
2020/09/13 02:39:24.284 [TRACE] [UMS.Controllers.LogsController] [usermanagement2020@gmail.com] Index:LogsController.cs:37 | Logs Context injected into LogsController.
2020/09/13 02:39:24.284 [TRACE] [UMS.Controllers.LogsController] [usermanagement2020@gmail.com] Index:LogsController.cs:38 | Start LogsControllerl.
2020/09/13 02:39:24.284 [TRACE] [UMS.Controllers.LogsController] [usermanagement2020@gmail.com] Index:LogsController.cs:56 | Start Index.
2020/09/13 02:39:24.284 [TRACE] [UMS.Controllers.LogsController] [usermanagement2020@gmail.com] Index:LogsController.cs:59 | Find id from first value.
2020/09/13 02:39:24.284 [DEBUG] [UMS.Controllers.LogsController] [usermanagement2020@gmail.com] Index:LogsController.cs:64 | Getting top 50 from all logs.
2020/09/13 02:39:25.012 [TRACE] [UMS.Controllers.LogsController] [usermanagement2020@gmail.com] Index:LogsController.cs:67 | End Index.
2020/09/13 02:40:03.704 [TRACE] [UMS.Program]  Program.cs:27 | Starting Program.
2020/09/13 02:40:04.836 [INFO] [Microsoft.Hosting.Lifetime]   | Application started. Press Ctrl+C to shut down.
2020/09/13 02:40:05.044 [TRACE] [UMS.Data.AuthDbContext]  Index:AuthDbContext.cs:28 | Start Auth Database Context.
2020/09/13 02:40:05.049 [INFO] [Microsoft.Hosting.Lifetime]   | Hosting environment: Development
2020/09/13 02:40:05.049 [INFO] [Microsoft.Hosting.Lifetime]   | Content root path: C:\Users\Namchok\Desktop\สหกิจ\ums\UMS
2020/09/13 02:40:05.087 [TRACE] [UMS.Controllers.HomeController] [usermanagement2020@gmail.com] Index:HomeController.cs:41 | NLog injected into HomeController.
2020/09/13 02:40:05.087 [TRACE] [UMS.Controllers.HomeController] [usermanagement2020@gmail.com] Index:HomeController.cs:43 | User manager injected into HomeController.
2020/09/13 02:40:05.087 [TRACE] [UMS.Controllers.HomeController] [usermanagement2020@gmail.com] Index:HomeController.cs:44 | Start HomeController Constructor.
2020/09/13 02:40:05.087 [TRACE] [UMS.Controllers.HomeController] [usermanagement2020@gmail.com] Index:HomeController.cs:63 | Start Index.
2020/09/13 02:40:05.095 [INFO] [UMS.Controllers.HomeController] [usermanagement2020@gmail.com] Index:HomeController.cs:64 | Welcome usermanagement2020@gmail.com to UMS.
2020/09/13 02:40:05.095 [TRACE] [UMS.Controllers.HomeController] [usermanagement2020@gmail.com] Index:HomeController.cs:69 | Find first value from user.
2020/09/13 02:40:05.095 [TRACE] [UMS.Controllers.HomeController] [usermanagement2020@gmail.com] Index:HomeController.cs:73 | End Index.
2020/09/13 02:40:07.889 [TRACE] [UMS.Data.AuthDbContext]  Index:AuthDbContext.cs:28 | Start Auth Database Context.
2020/09/13 02:40:07.898 [TRACE] [UMS.Models.LogsContext] [usermanagement2020@gmail.com] Index:LogsContext.cs:24 | Start Edit Profile Context.
2020/09/13 02:40:07.898 [TRACE] [UMS.Controllers.LogsController] [usermanagement2020@gmail.com] Index:LogsController.cs:37 | Logs Context injected into LogsController.
2020/09/13 02:40:07.898 [TRACE] [UMS.Controllers.LogsController] [usermanagement2020@gmail.com] Index:LogsController.cs:38 | Start LogsControllerl.
2020/09/13 02:40:07.898 [TRACE] [UMS.Controllers.LogsController] [usermanagement2020@gmail.com] Index:LogsController.cs:56 | Start Index.
2020/09/13 02:40:07.898 [TRACE] [UMS.Controllers.LogsController] [usermanagement2020@gmail.com] Index:LogsController.cs:59 | Find id from first value.
2020/09/13 02:40:07.907 [DEBUG] [UMS.Controllers.LogsController] [usermanagement2020@gmail.com] Index:LogsController.cs:64 | Getting top 50 from all logs.
2020/09/13 02:40:08.649 [TRACE] [UMS.Controllers.LogsController] [usermanagement2020@gmail.com] Index:LogsController.cs:67 | End Index.
2020/09/13 02:42:23.740 [TRACE] [UMS.Program]  Program.cs:27 | Starting Program.
2020/09/13 02:42:24.776 [INFO] [Microsoft.Hosting.Lifetime]   | Application started. Press Ctrl+C to shut down.
2020/09/13 02:42:24.986 [INFO] [Microsoft.Hosting.Lifetime]   | Hosting environment: Development
2020/09/13 02:42:24.986 [TRACE] [UMS.Data.AuthDbContext]  Index:AuthDbContext.cs:28 | Start Auth Database Context.
2020/09/13 02:42:24.986 [INFO] [Microsoft.Hosting.Lifetime]   | Content root path: C:\Users\Namchok\Desktop\สหกิจ\ums\UMS
2020/09/13 02:42:25.320 [TRACE] [UMS.Data.AuthDbContext]  Index:AuthDbContext.cs:76 | Creating applications user models.
2020/09/13 02:42:25.320 [TRACE] [UMS.Data.AuthDbContext]  Index:AuthDbContext.cs:84 | Creating Identity models.
2020/09/13 02:42:25.334 [TRACE] [UMS.Data.AuthDbContext]  Index:AuthDbContext.cs:107 | Creating log models.
2020/09/13 02:42:25.334 [TRACE] [UMS.Data.AuthDbContext]  Index:AuthDbContext.cs:109 | ENd creating on model.
2020/09/13 02:42:26.170 [TRACE] [UMS.Controllers.HomeController] [usermanagement2020@gmail.com] Index:HomeController.cs:41 | NLog injected into HomeController.
2020/09/13 02:42:26.175 [TRACE] [UMS.Controllers.HomeController] [usermanagement2020@gmail.com] Index:HomeController.cs:43 | User manager injected into HomeController.
2020/09/13 02:42:26.175 [TRACE] [UMS.Controllers.HomeController] [usermanagement2020@gmail.com] Index:HomeController.cs:44 | Start HomeController Constructor.
2020/09/13 02:42:26.175 [TRACE] [UMS.Controllers.HomeController] [usermanagement2020@gmail.com] Index:HomeController.cs:63 | Start Index.
2020/09/13 02:42:26.175 [INFO] [UMS.Controllers.HomeController] [usermanagement2020@gmail.com] Index:HomeController.cs:64 | Welcome usermanagement2020@gmail.com to UMS.
2020/09/13 02:42:26.175 [TRACE] [UMS.Controllers.HomeController] [usermanagement2020@gmail.com] Index:HomeController.cs:69 | Find first value from user.
2020/09/13 02:42:26.189 [TRACE] [UMS.Controllers.HomeController] [usermanagement2020@gmail.com] Index:HomeController.cs:73 | End Index.
2020/09/13 02:44:00.695 [TRACE] [UMS.Data.AuthDbContext]  Index:AuthDbContext.cs:28 | Start Auth Database Context.
2020/09/13 02:44:00.713 [TRACE] [UMS.Models.LogsContext] [usermanagement2020@gmail.com] Index:LogsContext.cs:24 | Start Edit Profile Context.
2020/09/13 02:44:00.713 [TRACE] [UMS.Controllers.LogsController] [usermanagement2020@gmail.com] Index:LogsController.cs:37 | Logs Context injected into LogsController.
2020/09/13 02:44:00.713 [TRACE] [UMS.Controllers.LogsController] [usermanagement2020@gmail.com] Index:LogsController.cs:38 | Start LogsControllerl.
2020/09/13 02:44:00.719 [TRACE] [UMS.Controllers.LogsController] [usermanagement2020@gmail.com] Index:LogsController.cs:56 | Start Index.
2020/09/13 02:44:00.719 [TRACE] [UMS.Controllers.LogsController] [usermanagement2020@gmail.com] Index:LogsController.cs:59 | Find id from first value.
2020/09/13 02:44:00.719 [DEBUG] [UMS.Controllers.LogsController] [usermanagement2020@gmail.com] Index:LogsController.cs:64 | Getting top 50 from all logs.
2020/09/13 02:44:00.794 [TRACE] [UMS.Controllers.LogsController] [usermanagement2020@gmail.com] Index:LogsController.cs:67 | End Index.
2020/09/13 02:46:41.928 [TRACE] [UMS.Program]  Program.cs:27 | Starting Program.
2020/09/13 02:46:43.239 [INFO] [Microsoft.Hosting.Lifetime]   | Application started. Press Ctrl+C to shut down.
2020/09/13 02:46:43.458 [INFO] [Microsoft.Hosting.Lifetime]   | Hosting environment: Development
2020/09/13 02:46:43.458 [INFO] [Microsoft.Hosting.Lifetime]   | Content root path: C:\Users\Namchok\Desktop\สหกิจ\ums\UMS
2020/09/13 02:46:43.458 [TRACE] [UMS.Data.AuthDbContext]  Index:AuthDbContext.cs:28 | Start Auth Database Context.
2020/09/13 02:46:43.499 [TRACE] [UMS.Controllers.HomeController] [usermanagement2020@gmail.com] Index:HomeController.cs:41 | NLog injected into HomeController.
2020/09/13 02:46:43.502 [TRACE] [UMS.Controllers.HomeController] [usermanagement2020@gmail.com] Index:HomeController.cs:43 | User manager injected into HomeController.
2020/09/13 02:46:43.502 [TRACE] [UMS.Controllers.HomeController] [usermanagement2020@gmail.com] Index:HomeController.cs:44 | Start HomeController Constructor.
2020/09/13 02:46:43.502 [TRACE] [UMS.Controllers.HomeController] [usermanagement2020@gmail.com] Index:HomeController.cs:63 | Start Index.
2020/09/13 02:46:43.502 [INFO] [UMS.Controllers.HomeController] [usermanagement2020@gmail.com] Index:HomeController.cs:64 | Welcome usermanagement2020@gmail.com to UMS.
2020/09/13 02:46:43.502 [TRACE] [UMS.Controllers.HomeController] [usermanagement2020@gmail.com] Index:HomeController.cs:69 | Find first value from user.
2020/09/13 02:46:43.502 [TRACE] [UMS.Controllers.HomeController] [usermanagement2020@gmail.com] Index:HomeController.cs:73 | End Index.
2020/09/13 02:47:42.060 [TRACE] [UMS.Data.AuthDbContext]  Index:AuthDbContext.cs:28 | Start Auth Database Context.
2020/09/13 02:47:42.077 [TRACE] [UMS.Models.LogsContext] [usermanagement2020@gmail.com] Index:LogsContext.cs:24 | Start Edit Profile Context.
2020/09/13 02:47:42.082 [TRACE] [UMS.Controllers.LogsController] [usermanagement2020@gmail.com] Index:LogsController.cs:37 | Logs Context injected into LogsController.
2020/09/13 02:47:42.082 [TRACE] [UMS.Controllers.LogsController] [usermanagement2020@gmail.com] Index:LogsController.cs:38 | Start LogsControllerl.
2020/09/13 02:47:42.082 [TRACE] [UMS.Controllers.LogsController] [usermanagement2020@gmail.com] Index:LogsController.cs:56 | Start Index.
2020/09/13 02:47:42.082 [TRACE] [UMS.Controllers.LogsController] [usermanagement2020@gmail.com] Index:LogsController.cs:59 | Find id from first value.
2020/09/13 02:47:42.082 [DEBUG] [UMS.Controllers.LogsController] [usermanagement2020@gmail.com] Index:LogsController.cs:64 | Getting top 50 from all logs.
2020/09/13 02:47:42.808 [TRACE] [UMS.Controllers.LogsController] [usermanagement2020@gmail.com] Index:LogsController.cs:67 | End Index.
2020/09/13 02:49:24.088 [TRACE] [UMS.Program]  Program.cs:27 | Starting Program.
2020/09/13 02:49:25.147 [INFO] [Microsoft.Hosting.Lifetime]   | Application started. Press Ctrl+C to shut down.
2020/09/13 02:49:25.351 [INFO] [Microsoft.Hosting.Lifetime]   | Hosting environment: Development
2020/09/13 02:49:25.351 [TRACE] [UMS.Data.AuthDbContext]  Index:AuthDbContext.cs:28 | Start Auth Database Context.
2020/09/13 02:49:25.351 [INFO] [Microsoft.Hosting.Lifetime]   | Content root path: C:\Users\Namchok\Desktop\สหกิจ\ums\UMS
2020/09/13 02:49:25.390 [TRACE] [UMS.Controllers.HomeController] [usermanagement2020@gmail.com] Index:HomeController.cs:41 | NLog injected into HomeController.
2020/09/13 02:49:25.393 [TRACE] [UMS.Controllers.HomeController] [usermanagement2020@gmail.com] Index:HomeController.cs:43 | User manager injected into HomeController.
2020/09/13 02:49:25.393 [TRACE] [UMS.Controllers.HomeController] [usermanagement2020@gmail.com] Index:HomeController.cs:44 | Start HomeController Constructor.
2020/09/13 02:49:25.393 [TRACE] [UMS.Controllers.HomeController] [usermanagement2020@gmail.com] Index:HomeController.cs:63 | Start Index.
2020/09/13 02:49:25.393 [INFO] [UMS.Controllers.HomeController] [usermanagement2020@gmail.com] Index:HomeController.cs:64 | Welcome usermanagement2020@gmail.com to UMS.
2020/09/13 02:49:25.393 [TRACE] [UMS.Controllers.HomeController] [usermanagement2020@gmail.com] Index:HomeController.cs:69 | Find first value from user.
2020/09/13 02:49:25.406 [TRACE] [UMS.Controllers.HomeController] [usermanagement2020@gmail.com] Index:HomeController.cs:73 | End Index.
2020/09/13 02:49:29.835 [TRACE] [UMS.Data.AuthDbContext]  Index:AuthDbContext.cs:28 | Start Auth Database Context.
2020/09/13 02:49:29.835 [TRACE] [UMS.Models.LogsContext] [usermanagement2020@gmail.com] Index:LogsContext.cs:24 | Start Edit Profile Context.
2020/09/13 02:49:29.835 [TRACE] [UMS.Controllers.LogsController] [usermanagement2020@gmail.com] Index:LogsController.cs:37 | Logs Context injected into LogsController.
2020/09/13 02:49:29.845 [TRACE] [UMS.Controllers.LogsController] [usermanagement2020@gmail.com] Index:LogsController.cs:38 | Start LogsControllerl.
2020/09/13 02:49:29.845 [TRACE] [UMS.Controllers.LogsController] [usermanagement2020@gmail.com] Index:LogsController.cs:56 | Start Index.
2020/09/13 02:49:29.845 [TRACE] [UMS.Controllers.LogsController] [usermanagement2020@gmail.com] Index:LogsController.cs:59 | Find id from first value.
2020/09/13 02:49:29.845 [DEBUG] [UMS.Controllers.LogsController] [usermanagement2020@gmail.com] Index:LogsController.cs:64 | Getting top 50 from all logs.
2020/09/13 02:49:30.570 [TRACE] [UMS.Controllers.LogsController] [usermanagement2020@gmail.com] Index:LogsController.cs:67 | End Index.
2020/09/13 02:53:21.683 [TRACE] [UMS.Program]  Program.cs:27 | Starting Program.
2020/09/13 02:53:22.746 [INFO] [Microsoft.Hosting.Lifetime]   | Application started. Press Ctrl+C to shut down.
2020/09/13 02:53:22.964 [INFO] [Microsoft.Hosting.Lifetime]   | Hosting environment: Development
2020/09/13 02:53:22.971 [INFO] [Microsoft.Hosting.Lifetime]   | Content root path: C:\Users\Namchok\Desktop\สหกิจ\ums\UMS
2020/09/13 02:53:22.964 [TRACE] [UMS.Data.AuthDbContext]  Index:AuthDbContext.cs:28 | Start Auth Database Context.
2020/09/13 02:53:23.009 [TRACE] [UMS.Controllers.HomeController] [usermanagement2020@gmail.com] Index:HomeController.cs:41 | NLog injected into HomeController.
2020/09/13 02:53:23.009 [TRACE] [UMS.Controllers.HomeController] [usermanagement2020@gmail.com] Index:HomeController.cs:43 | User manager injected into HomeController.
2020/09/13 02:53:23.009 [TRACE] [UMS.Controllers.HomeController] [usermanagement2020@gmail.com] Index:HomeController.cs:44 | Start HomeController Constructor.
2020/09/13 02:53:23.009 [TRACE] [UMS.Controllers.HomeController] [usermanagement2020@gmail.com] Index:HomeController.cs:63 | Start Index.
2020/09/13 02:53:23.017 [INFO] [UMS.Controllers.HomeController] [usermanagement2020@gmail.com] Index:HomeController.cs:64 | Welcome usermanagement2020@gmail.com to UMS.
2020/09/13 02:53:23.017 [TRACE] [UMS.Controllers.HomeController] [usermanagement2020@gmail.com] Index:HomeController.cs:69 | Find first value from user.
2020/09/13 02:53:23.017 [TRACE] [UMS.Controllers.HomeController] [usermanagement2020@gmail.com] Index:HomeController.cs:73 | End Index.
2020/09/13 02:53:29.179 [TRACE] [UMS.Data.AuthDbContext]  Index:AuthDbContext.cs:28 | Start Auth Database Context.
2020/09/13 02:53:29.192 [DEBUG] [UMS.Models.AccountContext] [usermanagement2020@gmail.com] Index:AccountContext.cs:24 | Start Account Context.
2020/09/13 02:53:29.192 [DEBUG] [UMS.Models.EditAccountContext] [usermanagement2020@gmail.com] Index:EditAccountContext.cs:24 | Start Edit Account Context.
2020/09/13 02:53:29.192 [TRACE] [UMS.Controllers.ManageUserController] [usermanagement2020@gmail.com] Index:ManageUserController.cs:43 | NLog injected into EditProfileController.
2020/09/13 02:53:29.192 [TRACE] [UMS.Controllers.ManageUserController] [usermanagement2020@gmail.com] Index:ManageUserController.cs:45 | Account Context injected into EditProfileController.
2020/09/13 02:53:29.204 [TRACE] [UMS.Controllers.ManageUserController] [usermanagement2020@gmail.com] Index:ManageUserController.cs:47 | Edit Profile Context injected into EditProfileController.
2020/09/13 02:53:29.204 [TRACE] [UMS.Controllers.ManageUserController] [usermanagement2020@gmail.com] Index:ManageUserController.cs:49 | Sign In Manager injected into EditProfileController.
2020/09/13 02:53:29.204 [TRACE] [UMS.Controllers.ManageUserController] [usermanagement2020@gmail.com] Index:ManageUserController.cs:50 | Start EditProfileController Constructor.
2020/09/13 02:53:29.204 [TRACE] [UMS.Controllers.ManageUserController] [usermanagement2020@gmail.com] Index:ManageUserController.cs:69 | Start Index.
2020/09/13 02:53:29.204 [TRACE] [UMS.Controllers.ManageUserController] [usermanagement2020@gmail.com] Index:ManageUserController.cs:75 | Find first value from user.
2020/09/13 02:53:29.742 [TRACE] [UMS.Data.AuthDbContext]  Index:AuthDbContext.cs:28 | Start Auth Database Context.
2020/09/13 02:53:29.760 [TRACE] [UMS.Models.LogsContext] [usermanagement2020@gmail.com] Index:LogsContext.cs:24 | Start Edit Profile Context.
2020/09/13 02:53:29.760 [TRACE] [UMS.Controllers.LogsController] [usermanagement2020@gmail.com] Index:LogsController.cs:37 | Logs Context injected into LogsController.
2020/09/13 02:53:29.760 [TRACE] [UMS.Controllers.LogsController] [usermanagement2020@gmail.com] Index:LogsController.cs:38 | Start LogsControllerl.
2020/09/13 02:53:29.760 [TRACE] [UMS.Controllers.LogsController] [usermanagement2020@gmail.com] Index:LogsController.cs:56 | Start Index.
2020/09/13 02:53:29.767 [TRACE] [UMS.Controllers.LogsController] [usermanagement2020@gmail.com] Index:LogsController.cs:59 | Find id from first value.
2020/09/13 02:53:29.767 [DEBUG] [UMS.Controllers.LogsController] [usermanagement2020@gmail.com] Index:LogsController.cs:64 | Getting top 50 from all logs.
2020/09/13 02:53:29.965 [TRACE] [UMS.Controllers.LogsController] [usermanagement2020@gmail.com] Index:LogsController.cs:67 | End Index.
2020/09/13 02:53:29.965 [DEBUG] [UMS.Controllers.ManageUserController] [usermanagement2020@gmail.com] Index:ManageUserController.cs:82 | Get all active user.
2020/09/13 02:53:29.969 [TRACE] [UMS.Controllers.ManageUserController] [usermanagement2020@gmail.com] Index:ManageUserController.cs:87 | End Index.
2020/09/13 02:54:09.490 [TRACE] [UMS.Program]  Program.cs:27 | Starting Program.
2020/09/13 02:54:10.606 [INFO] [Microsoft.Hosting.Lifetime]   | Application started. Press Ctrl+C to shut down.
2020/09/13 02:54:10.905 [INFO] [Microsoft.Hosting.Lifetime]   | Hosting environment: Development
2020/09/13 02:54:10.917 [INFO] [Microsoft.Hosting.Lifetime]   | Content root path: C:\Users\Namchok\Desktop\สหกิจ\ums\UMS
2020/09/13 02:54:10.922 [TRACE] [UMS.Data.AuthDbContext]  Index:AuthDbContext.cs:28 | Start Auth Database Context.
2020/09/13 02:54:10.980 [TRACE] [UMS.Controllers.HomeController] [usermanagement2020@gmail.com] Index:HomeController.cs:41 | NLog injected into HomeController.
2020/09/13 02:54:10.980 [TRACE] [UMS.Controllers.HomeController] [usermanagement2020@gmail.com] Index:HomeController.cs:43 | User manager injected into HomeController.
2020/09/13 02:54:10.980 [TRACE] [UMS.Controllers.HomeController] [usermanagement2020@gmail.com] Index:HomeController.cs:44 | Start HomeController Constructor.
2020/09/13 02:54:10.986 [TRACE] [UMS.Controllers.HomeController] [usermanagement2020@gmail.com] Index:HomeController.cs:63 | Start Index.
2020/09/13 02:54:10.986 [INFO] [UMS.Controllers.HomeController] [usermanagement2020@gmail.com] Index:HomeController.cs:64 | Welcome usermanagement2020@gmail.com to UMS.
2020/09/13 02:54:10.986 [TRACE] [UMS.Controllers.HomeController] [usermanagement2020@gmail.com] Index:HomeController.cs:69 | Find first value from user.
2020/09/13 02:54:10.986 [TRACE] [UMS.Controllers.HomeController] [usermanagement2020@gmail.com] Index:HomeController.cs:73 | End Index.
2020/09/13 02:54:22.793 [TRACE] [UMS.Data.AuthDbContext]  Index:AuthDbContext.cs:28 | Start Auth Database Context.
2020/09/13 02:54:22.809 [TRACE] [UMS.Models.LogsContext] [usermanagement2020@gmail.com] Index:LogsContext.cs:24 | Start Edit Profile Context.
2020/09/13 02:54:22.809 [TRACE] [UMS.Controllers.LogsController] [usermanagement2020@gmail.com] Index:LogsController.cs:37 | Logs Context injected into LogsController.
2020/09/13 02:54:22.814 [TRACE] [UMS.Controllers.LogsController] [usermanagement2020@gmail.com] Index:LogsController.cs:38 | Start LogsControllerl.
2020/09/13 02:54:22.814 [TRACE] [UMS.Controllers.LogsController] [usermanagement2020@gmail.com] Index:LogsController.cs:56 | Start Index.
2020/09/13 02:54:22.814 [TRACE] [UMS.Controllers.LogsController] [usermanagement2020@gmail.com] Index:LogsController.cs:59 | Find id from first value.
2020/09/13 02:54:22.814 [DEBUG] [UMS.Controllers.LogsController] [usermanagement2020@gmail.com] Index:LogsController.cs:64 | Getting top 50 from all logs.
2020/09/13 02:54:23.575 [TRACE] [UMS.Controllers.LogsController] [usermanagement2020@gmail.com] Index:LogsController.cs:67 | End Index.
2020/09/13 02:56:03.380 [TRACE] [UMS.Program]  Program.cs:27 | Starting Program.
2020/09/13 02:56:04.679 [INFO] [Microsoft.Hosting.Lifetime]   | Application started. Press Ctrl+C to shut down.
2020/09/13 02:56:04.922 [INFO] [Microsoft.Hosting.Lifetime]   | Hosting environment: Development
2020/09/13 02:56:04.927 [INFO] [Microsoft.Hosting.Lifetime]   | Content root path: C:\Users\Namchok\Desktop\สหกิจ\ums\UMS
2020/09/13 02:56:04.927 [TRACE] [UMS.Data.AuthDbContext]  Index:AuthDbContext.cs:28 | Start Auth Database Context.
2020/09/13 02:56:04.978 [TRACE] [UMS.Controllers.HomeController] [usermanagement2020@gmail.com] Index:HomeController.cs:41 | NLog injected into HomeController.
2020/09/13 02:56:04.978 [TRACE] [UMS.Controllers.HomeController] [usermanagement2020@gmail.com] Index:HomeController.cs:43 | User manager injected into HomeController.
2020/09/13 02:56:04.978 [TRACE] [UMS.Controllers.HomeController] [usermanagement2020@gmail.com] Index:HomeController.cs:44 | Start HomeController Constructor.
2020/09/13 02:56:04.987 [TRACE] [UMS.Controllers.HomeController] [usermanagement2020@gmail.com] Index:HomeController.cs:63 | Start Index.
2020/09/13 02:56:04.987 [INFO] [UMS.Controllers.HomeController] [usermanagement2020@gmail.com] Index:HomeController.cs:64 | Welcome usermanagement2020@gmail.com to UMS.
2020/09/13 02:56:04.987 [TRACE] [UMS.Controllers.HomeController] [usermanagement2020@gmail.com] Index:HomeController.cs:69 | Find first value from user.
2020/09/13 02:56:04.987 [TRACE] [UMS.Controllers.HomeController] [usermanagement2020@gmail.com] Index:HomeController.cs:73 | End Index.
2020/09/13 02:56:08.479 [TRACE] [UMS.Data.AuthDbContext]  Index:AuthDbContext.cs:28 | Start Auth Database Context.
2020/09/13 02:56:08.486 [TRACE] [UMS.Models.LogsContext] [usermanagement2020@gmail.com] Index:LogsContext.cs:24 | Start Edit Profile Context.
2020/09/13 02:56:08.486 [TRACE] [UMS.Controllers.LogsController] [usermanagement2020@gmail.com] Index:LogsController.cs:37 | Logs Context injected into LogsController.
2020/09/13 02:56:08.486 [TRACE] [UMS.Controllers.LogsController] [usermanagement2020@gmail.com] Index:LogsController.cs:38 | Start LogsControllerl.
2020/09/13 02:56:08.486 [TRACE] [UMS.Controllers.LogsController] [usermanagement2020@gmail.com] Index:LogsController.cs:56 | Start Index.
2020/09/13 02:56:08.486 [TRACE] [UMS.Controllers.LogsController] [usermanagement2020@gmail.com] Index:LogsController.cs:59 | Find id from first value.
2020/09/13 02:56:08.486 [DEBUG] [UMS.Controllers.LogsController] [usermanagement2020@gmail.com] Index:LogsController.cs:64 | Getting top 50 from all logs.
2020/09/13 02:56:09.211 [TRACE] [UMS.Controllers.LogsController] [usermanagement2020@gmail.com] Index:LogsController.cs:67 | End Index.
